[ 2016-10-16T13:42:05+08:00 ] 127.0.0.1 /user.php
INFO: [ app_init ] --START--
INFO: Run Behavior\BuildLiteBehavior [ RunTime:0.000019s ]
INFO: [ app_init ] --END-- [ RunTime:0.000573s ]
INFO: [ app_begin ] --START--
INFO: Run Behavior\ReadHtmlCacheBehavior [ RunTime:0.001167s ]
INFO: [ app_begin ] --END-- [ RunTime:0.001323s ]
INFO: [ view_parse ] --START--
INFO: [ template_filter ] --START--
INFO: Run Behavior\ContentReplaceBehavior [ RunTime:0.016255s ]
INFO: [ template_filter ] --END-- [ RunTime:0.016405s ]
INFO: Run Behavior\ParseTemplateBehavior [ RunTime:0.035288s ]
INFO: [ view_parse ] --END-- [ RunTime:0.035400s ]
INFO: [ view_filter ] --START--
INFO: Run Behavior\WriteHtmlCacheBehavior [ RunTime:0.000482s ]
INFO: [ view_filter ] --END-- [ RunTime:0.000560s ]
INFO: [ app_end ] --START--
INFO: Run Behavior\ShowPageTraceBehavior [ RunTime:0.000913s ]
INFO: [ app_end ] --END-- [ RunTime:0.001001s ]

[ 2016-10-16T13:42:17+08:00 ] 127.0.0.1 /user.php/login/checklogin.html
INFO: [ app_init ] --START--
INFO: Run Behavior\BuildLiteBehavior [ RunTime:0.000017s ]
INFO: [ app_init ] --END-- [ RunTime:0.000431s ]
INFO: [ app_begin ] --START--
INFO: Run Behavior\ReadHtmlCacheBehavior [ RunTime:0.000589s ]
INFO: [ app_begin ] --END-- [ RunTime:0.000660s ]
NOTIC: [8] Undefined index: setcookie D:\desktop\App\data.test\User\Home\Controller\LoginController.class.php 第 11 行.
SQL: SHOW COLUMNS FROM `user` [ RunTime:0.0208s ]
SQL: SELECT * FROM `user` WHERE ( username='clever' ) LIMIT 1   [ RunTime:0.0153s ]

[ 2016-10-16T13:42:17+08:00 ] 127.0.0.1 /user.php/user/user.html
INFO: [ app_init ] --START--
INFO: Run Behavior\BuildLiteBehavior [ RunTime:0.000019s ]
INFO: [ app_init ] --END-- [ RunTime:0.000530s ]
INFO: [ app_begin ] --START--
INFO: Run Behavior\ReadHtmlCacheBehavior [ RunTime:0.000547s ]
INFO: [ app_begin ] --END-- [ RunTime:0.000610s ]
INFO: [ view_parse ] --START--
INFO: [ template_filter ] --START--
INFO: Run Behavior\ContentReplaceBehavior [ RunTime:0.000079s ]
INFO: [ template_filter ] --END-- [ RunTime:0.000148s ]
INFO: Run Behavior\ParseTemplateBehavior [ RunTime:0.025397s ]
INFO: [ view_parse ] --END-- [ RunTime:0.025485s ]
INFO: [ view_filter ] --START--
INFO: Run Behavior\WriteHtmlCacheBehavior [ RunTime:0.000400s ]
INFO: [ view_filter ] --END-- [ RunTime:0.000458s ]
INFO: [ app_end ] --START--
INFO: Run Behavior\ShowPageTraceBehavior [ RunTime:0.000573s ]
INFO: [ app_end ] --END-- [ RunTime:0.000624s ]

[ 2016-10-16T13:42:18+08:00 ] 127.0.0.1 /user.php/userindex/userindex.html
INFO: [ app_init ] --START--
INFO: Run Behavior\BuildLiteBehavior [ RunTime:0.000018s ]
INFO: [ app_init ] --END-- [ RunTime:0.000443s ]
INFO: [ app_begin ] --START--
INFO: Run Behavior\ReadHtmlCacheBehavior [ RunTime:0.000747s ]
INFO: [ app_begin ] --END-- [ RunTime:0.000844s ]
SQL: SHOW COLUMNS FROM `camera` [ RunTime:0.0308s ]
SQL: SELECT * FROM `camera` WHERE ( userid='clever' )  [ RunTime:0.0410s ]
INFO: [ view_parse ] --START--
INFO: [ template_filter ] --START--
INFO: Run Behavior\ContentReplaceBehavior [ RunTime:0.000199s ]
INFO: [ template_filter ] --END-- [ RunTime:0.000299s ]
NOTIC: [8] Undefined index: cameraid1 D:\desktop\App\data.test\User\Runtime\Cache\Home\71cf6b81dd44fc4c49d214267fed8e89.php 第 98 行.
NOTIC: [8] Undefined index: cameraname1 D:\desktop\App\data.test\User\Runtime\Cache\Home\71cf6b81dd44fc4c49d214267fed8e89.php 第 98 行.
NOTIC: [8] Undefined index: cameraid2 D:\desktop\App\data.test\User\Runtime\Cache\Home\71cf6b81dd44fc4c49d214267fed8e89.php 第 103 行.
NOTIC: [8] Undefined index: cameraname2 D:\desktop\App\data.test\User\Runtime\Cache\Home\71cf6b81dd44fc4c49d214267fed8e89.php 第 103 行.
NOTIC: [8] Undefined index: cameraid3 D:\desktop\App\data.test\User\Runtime\Cache\Home\71cf6b81dd44fc4c49d214267fed8e89.php 第 108 行.
NOTIC: [8] Undefined index: cameraname3 D:\desktop\App\data.test\User\Runtime\Cache\Home\71cf6b81dd44fc4c49d214267fed8e89.php 第 108 行.
INFO: Run Behavior\ParseTemplateBehavior [ RunTime:0.300289s ]
INFO: [ view_parse ] --END-- [ RunTime:0.300382s ]
INFO: [ view_filter ] --START--
INFO: Run Behavior\WriteHtmlCacheBehavior [ RunTime:0.000613s ]
INFO: [ view_filter ] --END-- [ RunTime:0.000704s ]
INFO: [ app_end ] --START--
INFO: Run Behavior\ShowPageTraceBehavior [ RunTime:0.001466s ]
INFO: [ app_end ] --END-- [ RunTime:0.001608s ]

[ 2016-10-16T13:42:29+08:00 ] 127.0.0.1 /user.php/data/data.html
INFO: [ app_init ] --START--
INFO: Run Behavior\BuildLiteBehavior [ RunTime:0.000028s ]
INFO: [ app_init ] --END-- [ RunTime:0.000831s ]
INFO: [ app_begin ] --START--
INFO: Run Behavior\ReadHtmlCacheBehavior [ RunTime:0.000644s ]
INFO: [ app_begin ] --END-- [ RunTime:0.000747s ]
SQL: SHOW COLUMNS FROM `instrument` [ RunTime:0.0520s ]
SQL: SELECT * FROM `instrument` WHERE ( instrumentid='' ) LIMIT 1   [ RunTime:0.0161s ]
SQL: SHOW COLUMNS FROM `camera` [ RunTime:0.0144s ]
SQL: SELECT * FROM `camera` WHERE ( cameraid='' ) LIMIT 1   [ RunTime:0.0005s ]
SQL: SELECT * FROM `camera` WHERE ( userid='clever' ) LIMIT 1   [ RunTime:0.0007s ]
SQL: SELECT * FROM `instrument` WHERE ( cameraid='1' )  [ RunTime:0.0069s ]
SQL: SHOW COLUMNS FROM `data` [ RunTime:0.0240s ]
NOTIC: [8] Undefined variable: condition D:\desktop\App\data.test\User\Home\Controller\DataController.class.php 第 13 行.
SQL: SELECT `datatime`,`data` FROM `data` LIMIT 30   [ RunTime:0.0297s ]
SQL: SELECT `instrumentinfo`,`cameraid`,`instrumentid` FROM `instrument` WHERE ( instrumentid='1' ) LIMIT 1   [ RunTime:0.0028s ]
SQL: SELECT `cameraname` FROM `camera` WHERE ( cameraid='1' ) LIMIT 1   [ RunTime:0.0007s ]
INFO: [ view_parse ] --START--
INFO: [ template_filter ] --START--
INFO: Run Behavior\ContentReplaceBehavior [ RunTime:0.000147s ]
INFO: [ template_filter ] --END-- [ RunTime:0.000237s ]
INFO: Run Behavior\ParseTemplateBehavior [ RunTime:0.030845s ]
INFO: [ view_parse ] --END-- [ RunTime:0.030983s ]
INFO: [ view_filter ] --START--
INFO: Run Behavior\WriteHtmlCacheBehavior [ RunTime:0.000861s ]
INFO: [ view_filter ] --END-- [ RunTime:0.000959s ]
INFO: [ app_end ] --START--
INFO: Run Behavior\ShowPageTraceBehavior [ RunTime:0.000958s ]
INFO: [ app_end ] --END-- [ RunTime:0.001073s ]

[ 2016-10-16T13:42:42+08:00 ] 127.0.0.1 /user.php/camera/camera.html
INFO: [ app_init ] --START--
INFO: Run Behavior\BuildLiteBehavior [ RunTime:0.000028s ]
INFO: [ app_init ] --END-- [ RunTime:0.000820s ]
INFO: [ app_begin ] --START--
INFO: Run Behavior\ReadHtmlCacheBehavior [ RunTime:0.001258s ]
INFO: [ app_begin ] --END-- [ RunTime:0.001435s ]
SQL: SHOW COLUMNS FROM `camera` [ RunTime:0.0033s ]
SQL: SELECT * FROM `camera` WHERE ( cameraid='' ) LIMIT 1   [ RunTime:0.0003s ]
SQL: SELECT * FROM `camera` WHERE ( userid='clever' ) LIMIT 1   [ RunTime:0.0003s ]
SQL: SELECT * FROM `camera` WHERE ( cameraid='1' ) LIMIT 1   [ RunTime:0.0002s ]
SQL: SELECT `cameraname`,`cameraid` FROM `camera` WHERE ( userid='clever' )  [ RunTime:0.0002s ]
SQL: SHOW COLUMNS FROM `instrument` [ RunTime:0.0057s ]
SQL: SELECT `instrumentid`,`instrumentinfo` FROM `instrument` WHERE ( cameraid='1' )  [ RunTime:0.0014s ]
SQL: SHOW COLUMNS FROM `data` [ RunTime:0.0037s ]
SQL: SELECT `data`,`datatime` FROM `data` WHERE ( instrumentid='1' ) ORDER BY datatime desc LIMIT 15   [ RunTime:0.0004s ]
SQL: SELECT `data`,`datatime` FROM `data` WHERE ( instrumentid='5' ) ORDER BY datatime desc LIMIT 15   [ RunTime:0.0002s ]
SQL: SELECT `data`,`datatime` FROM `data` WHERE ( instrumentid='9' ) ORDER BY datatime desc LIMIT 15   [ RunTime:0.0003s ]
SQL: SELECT `data`,`datatime` FROM `data` WHERE ( instrumentid='13' ) ORDER BY datatime desc LIMIT 15   [ RunTime:0.0003s ]
INFO: [ view_parse ] --START--
NOTIC: [8] Undefined index: value D:\desktop\App\data.test\ThinkPHP\Library\Think\Template\TagLib\Cx.class.php 第 251 行.
INFO: [ template_filter ] --START--
INFO: Run Behavior\ContentReplaceBehavior [ RunTime:0.000262s ]
INFO: [ template_filter ] --END-- [ RunTime:0.000377s ]
NOTIC: [8] Undefined index: instrumentid0 D:\desktop\App\data.test\User\Runtime\Cache\Home\281d6139b43850b4ede9efc58c195441.php 第 155 行.
NOTIC: [8] Undefined index: instrumentinfo0 D:\desktop\App\data.test\User\Runtime\Cache\Home\281d6139b43850b4ede9efc58c195441.php 第 162 行.
NOTIC: [8] Undefined index: data0 D:\desktop\App\data.test\User\Runtime\Cache\Home\281d6139b43850b4ede9efc58c195441.php 第 176 行.
NOTIC: [8] Undefined index: instrumentinfo0 D:\desktop\App\data.test\User\Runtime\Cache\Home\281d6139b43850b4ede9efc58c195441.php 第 188 行.
NOTIC: [8] Undefined index: data0 D:\desktop\App\data.test\User\Runtime\Cache\Home\281d6139b43850b4ede9efc58c195441.php 第 193 行.
NOTIC: [8] Undefined index: instrumentid1 D:\desktop\App\data.test\User\Runtime\Cache\Home\281d6139b43850b4ede9efc58c195441.php 第 205 行.
NOTIC: [8] Undefined index: instrumentinfo1 D:\desktop\App\data.test\User\Runtime\Cache\Home\281d6139b43850b4ede9efc58c195441.php 第 212 行.
NOTIC: [8] Undefined index: data1 D:\desktop\App\data.test\User\Runtime\Cache\Home\281d6139b43850b4ede9efc58c195441.php 第 226 行.
NOTIC: [8] Undefined index: instrumentinfo1 D:\desktop\App\data.test\User\Runtime\Cache\Home\281d6139b43850b4ede9efc58c195441.php 第 237 行.
NOTIC: [8] Undefined index: data1 D:\desktop\App\data.test\User\Runtime\Cache\Home\281d6139b43850b4ede9efc58c195441.php 第 247 行.
INFO: Run Behavior\ParseTemplateBehavior [ RunTime:0.029994s ]
INFO: [ view_parse ] --END-- [ RunTime:0.030073s ]
INFO: [ view_filter ] --START--
INFO: Run Behavior\WriteHtmlCacheBehavior [ RunTime:0.000292s ]
INFO: [ view_filter ] --END-- [ RunTime:0.000339s ]
INFO: [ app_end ] --START--
INFO: Run Behavior\ShowPageTraceBehavior [ RunTime:0.000909s ]
INFO: [ app_end ] --END-- [ RunTime:0.000986s ]

[ 2016-10-16T13:42:47+08:00 ] 127.0.0.1 /user.php/camera/camera/cameraid/2.html
INFO: [ app_init ] --START--
INFO: Run Behavior\BuildLiteBehavior [ RunTime:0.000017s ]
INFO: [ app_init ] --END-- [ RunTime:0.000427s ]
INFO: [ app_begin ] --START--
INFO: Run Behavior\ReadHtmlCacheBehavior [ RunTime:0.000618s ]
INFO: [ app_begin ] --END-- [ RunTime:0.000704s ]
SQL: SHOW COLUMNS FROM `camera` [ RunTime:0.0042s ]
SQL: SELECT * FROM `camera` WHERE ( cameraid='2' ) LIMIT 1   [ RunTime:0.0007s ]
SQL: SELECT * FROM `camera` WHERE ( cameraid='2' ) LIMIT 1   [ RunTime:0.0004s ]
SQL: SELECT `cameraname`,`cameraid` FROM `camera` WHERE ( userid='clever' )  [ RunTime:0.0003s ]
SQL: SHOW COLUMNS FROM `instrument` [ RunTime:0.0058s ]
SQL: SELECT `instrumentid`,`instrumentinfo` FROM `instrument` WHERE ( cameraid='2' )  [ RunTime:0.0005s ]
SQL: SHOW COLUMNS FROM `data` [ RunTime:0.0045s ]
SQL: SELECT `data`,`datatime` FROM `data` WHERE ( instrumentid='2' ) ORDER BY datatime desc LIMIT 15   [ RunTime:0.0011s ]
SQL: SELECT `data`,`datatime` FROM `data` WHERE ( instrumentid='6' ) ORDER BY datatime desc LIMIT 15   [ RunTime:0.0006s ]
SQL: SELECT `data`,`datatime` FROM `data` WHERE ( instrumentid='10' ) ORDER BY datatime desc LIMIT 15   [ RunTime:0.0004s ]
SQL: SELECT `data`,`datatime` FROM `data` WHERE ( instrumentid='14' ) ORDER BY datatime desc LIMIT 15   [ RunTime:0.0008s ]
INFO: [ view_parse ] --START--
NOTIC: [8] Undefined index: value D:\desktop\App\data.test\ThinkPHP\Library\Think\Template\TagLib\Cx.class.php 第 251 行.
INFO: [ template_filter ] --START--
INFO: Run Behavior\ContentReplaceBehavior [ RunTime:0.000172s ]
INFO: [ template_filter ] --END-- [ RunTime:0.000269s ]
NOTIC: [8] Undefined index: instrumentid0 D:\desktop\App\data.test\User\Runtime\Cache\Home\281d6139b43850b4ede9efc58c195441.php 第 155 行.
NOTIC: [8] Undefined index: instrumentinfo0 D:\desktop\App\data.test\User\Runtime\Cache\Home\281d6139b43850b4ede9efc58c195441.php 第 162 行.
NOTIC: [8] Undefined index: data0 D:\desktop\App\data.test\User\Runtime\Cache\Home\281d6139b43850b4ede9efc58c195441.php 第 176 行.
NOTIC: [8] Undefined index: instrumentinfo0 D:\desktop\App\data.test\User\Runtime\Cache\Home\281d6139b43850b4ede9efc58c195441.php 第 188 行.
NOTIC: [8] Undefined index: data0 D:\desktop\App\data.test\User\Runtime\Cache\Home\281d6139b43850b4ede9efc58c195441.php 第 193 行.
NOTIC: [8] Undefined index: instrumentid1 D:\desktop\App\data.test\User\Runtime\Cache\Home\281d6139b43850b4ede9efc58c195441.php 第 205 行.
NOTIC: [8] Undefined index: instrumentinfo1 D:\desktop\App\data.test\User\Runtime\Cache\Home\281d6139b43850b4ede9efc58c195441.php 第 212 行.
NOTIC: [8] Undefined index: data1 D:\desktop\App\data.test\User\Runtime\Cache\Home\281d6139b43850b4ede9efc58c195441.php 第 226 行.
NOTIC: [8] Undefined index: instrumentinfo1 D:\desktop\App\data.test\User\Runtime\Cache\Home\281d6139b43850b4ede9efc58c195441.php 第 237 行.
NOTIC: [8] Undefined index: data1 D:\desktop\App\data.test\User\Runtime\Cache\Home\281d6139b43850b4ede9efc58c195441.php 第 247 行.
NOTIC: [8] Undefined index: instrumentid0 D:\desktop\App\data.test\User\Runtime\Cache\Home\281d6139b43850b4ede9efc58c195441.php 第 155 行.
NOTIC: [8] Undefined index: instrumentinfo0 D:\desktop\App\data.test\User\Runtime\Cache\Home\281d6139b43850b4ede9efc58c195441.php 第 162 行.
NOTIC: [8] Undefined index: data0 D:\desktop\App\data.test\User\Runtime\Cache\Home\281d6139b43850b4ede9efc58c195441.php 第 176 行.
NOTIC: [8] Undefined index: instrumentinfo0 D:\desktop\App\data.test\User\Runtime\Cache\Home\281d6139b43850b4ede9efc58c195441.php 第 188 行.
NOTIC: [8] Undefined index: data0 D:\desktop\App\data.test\User\Runtime\Cache\Home\281d6139b43850b4ede9efc58c195441.php 第 193 行.
NOTIC: [8] Undefined index: instrumentid1 D:\desktop\App\data.test\User\Runtime\Cache\Home\281d6139b43850b4ede9efc58c195441.php 第 205 行.
NOTIC: [8] Undefined index: instrumentinfo1 D:\desktop\App\data.test\User\Runtime\Cache\Home\281d6139b43850b4ede9efc58c195441.php 第 212 行.
NOTIC: [8] Undefined index: data1 D:\desktop\App\data.test\User\Runtime\Cache\Home\281d6139b43850b4ede9efc58c195441.php 第 226 行.
NOTIC: [8] Undefined index: instrumentinfo1 D:\desktop\App\data.test\User\Runtime\Cache\Home\281d6139b43850b4ede9efc58c195441.php 第 237 行.
NOTIC: [8] Undefined index: data1 D:\desktop\App\data.test\User\Runtime\Cache\Home\281d6139b43850b4ede9efc58c195441.php 第 247 行.
INFO: Run Behavior\ParseTemplateBehavior [ RunTime:0.027392s ]
INFO: [ view_parse ] --END-- [ RunTime:0.027650s ]
INFO: [ view_filter ] --START--
INFO: Run Behavior\WriteHtmlCacheBehavior [ RunTime:0.000940s ]
INFO: [ view_filter ] --END-- [ RunTime:0.001065s ]
INFO: [ app_end ] --START--
INFO: Run Behavior\ShowPageTraceBehavior [ RunTime:0.003005s ]
INFO: [ app_end ] --END-- [ RunTime:0.003234s ]

[ 2016-10-16T13:46:45+08:00 ] 127.0.0.1 /user.php/camera/camera.html
INFO: [ app_init ] --START--
INFO: Run Behavior\BuildLiteBehavior [ RunTime:0.000026s ]
INFO: [ app_init ] --END-- [ RunTime:0.000774s ]
INFO: [ app_begin ] --START--
INFO: Run Behavior\ReadHtmlCacheBehavior [ RunTime:0.001523s ]
INFO: [ app_begin ] --END-- [ RunTime:0.001650s ]
SQL: SHOW COLUMNS FROM `camera` [ RunTime:0.0045s ]
SQL: SELECT * FROM `camera` WHERE ( cameraid='' ) LIMIT 1   [ RunTime:0.0003s ]
SQL: SELECT * FROM `camera` WHERE ( userid='clever' ) LIMIT 1   [ RunTime:0.0003s ]
SQL: SELECT * FROM `camera` WHERE ( cameraid='1' ) LIMIT 1   [ RunTime:0.0003s ]
SQL: SELECT `cameraname`,`cameraid` FROM `camera` WHERE ( userid='clever' )  [ RunTime:0.0004s ]
SQL: SHOW COLUMNS FROM `instrument` [ RunTime:0.0049s ]
SQL: SELECT `instrumentid`,`instrumentinfo` FROM `instrument` WHERE ( cameraid='1' )  [ RunTime:0.0005s ]
SQL: SHOW COLUMNS FROM `data` [ RunTime:0.0039s ]
SQL: SELECT `data`,`datatime` FROM `data` WHERE ( instrumentid='1' ) ORDER BY datatime desc LIMIT 15   [ RunTime:0.0005s ]
SQL: SELECT `data`,`datatime` FROM `data` WHERE ( instrumentid='5' ) ORDER BY datatime desc LIMIT 15   [ RunTime:0.0003s ]
SQL: SELECT `data`,`datatime` FROM `data` WHERE ( instrumentid='9' ) ORDER BY datatime desc LIMIT 15   [ RunTime:0.0003s ]
SQL: SELECT `data`,`datatime` FROM `data` WHERE ( instrumentid='13' ) ORDER BY datatime desc LIMIT 15   [ RunTime:0.0003s ]
INFO: [ view_parse ] --START--
NOTIC: [8] Undefined index: value D:\desktop\App\data.test\ThinkPHP\Library\Think\Template\TagLib\Cx.class.php 第 251 行.
INFO: [ template_filter ] --START--
INFO: Run Behavior\ContentReplaceBehavior [ RunTime:0.000211s ]
INFO: [ template_filter ] --END-- [ RunTime:0.000316s ]
NOTIC: [8] Undefined index: instrumentid0 D:\desktop\App\data.test\User\Runtime\Cache\Home\281d6139b43850b4ede9efc58c195441.php 第 155 行.
NOTIC: [8] Undefined index: instrumentinfo0 D:\desktop\App\data.test\User\Runtime\Cache\Home\281d6139b43850b4ede9efc58c195441.php 第 162 行.
NOTIC: [8] Undefined index: data0 D:\desktop\App\data.test\User\Runtime\Cache\Home\281d6139b43850b4ede9efc58c195441.php 第 176 行.
NOTIC: [8] Undefined index: instrumentinfo0 D:\desktop\App\data.test\User\Runtime\Cache\Home\281d6139b43850b4ede9efc58c195441.php 第 188 行.
NOTIC: [8] Undefined index: data0 D:\desktop\App\data.test\User\Runtime\Cache\Home\281d6139b43850b4ede9efc58c195441.php 第 193 行.
NOTIC: [8] Undefined index: instrumentid1 D:\desktop\App\data.test\User\Runtime\Cache\Home\281d6139b43850b4ede9efc58c195441.php 第 205 行.
NOTIC: [8] Undefined index: instrumentinfo1 D:\desktop\App\data.test\User\Runtime\Cache\Home\281d6139b43850b4ede9efc58c195441.php 第 212 行.
NOTIC: [8] Undefined index: data1 D:\desktop\App\data.test\User\Runtime\Cache\Home\281d6139b43850b4ede9efc58c195441.php 第 226 行.
NOTIC: [8] Undefined index: instrumentinfo1 D:\desktop\App\data.test\User\Runtime\Cache\Home\281d6139b43850b4ede9efc58c195441.php 第 237 行.
NOTIC: [8] Undefined index: data1 D:\desktop\App\data.test\User\Runtime\Cache\Home\281d6139b43850b4ede9efc58c195441.php 第 247 行.
INFO: Run Behavior\ParseTemplateBehavior [ RunTime:0.032037s ]
INFO: [ view_parse ] --END-- [ RunTime:0.032133s ]
INFO: [ view_filter ] --START--
INFO: Run Behavior\WriteHtmlCacheBehavior [ RunTime:0.001359s ]
INFO: [ view_filter ] --END-- [ RunTime:0.001894s ]
INFO: [ app_end ] --START--
INFO: Run Behavior\ShowPageTraceBehavior [ RunTime:0.002150s ]
INFO: [ app_end ] --END-- [ RunTime:0.002290s ]

[ 2016-10-16T13:46:51+08:00 ] 127.0.0.1 /user.php/camera/camera/cameraid/2.html
INFO: [ app_init ] --START--
INFO: Run Behavior\BuildLiteBehavior [ RunTime:0.000020s ]
INFO: [ app_init ] --END-- [ RunTime:0.000621s ]
INFO: [ app_begin ] --START--
INFO: Run Behavior\ReadHtmlCacheBehavior [ RunTime:0.000814s ]
INFO: [ app_begin ] --END-- [ RunTime:0.000888s ]
SQL: SHOW COLUMNS FROM `camera` [ RunTime:0.0034s ]
SQL: SELECT * FROM `camera` WHERE ( cameraid='2' ) LIMIT 1   [ RunTime:0.0004s ]
SQL: SELECT * FROM `camera` WHERE ( cameraid='2' ) LIMIT 1   [ RunTime:0.0004s ]
SQL: SELECT `cameraname`,`cameraid` FROM `camera` WHERE ( userid='clever' )  [ RunTime:0.0004s ]
SQL: SHOW COLUMNS FROM `instrument` [ RunTime:0.0078s ]
SQL: SELECT `instrumentid`,`instrumentinfo` FROM `instrument` WHERE ( cameraid='2' )  [ RunTime:0.0004s ]
SQL: SHOW COLUMNS FROM `data` [ RunTime:0.0029s ]
SQL: SELECT `data`,`datatime` FROM `data` WHERE ( instrumentid='2' ) ORDER BY datatime desc LIMIT 15   [ RunTime:0.0003s ]
SQL: SELECT `data`,`datatime` FROM `data` WHERE ( instrumentid='6' ) ORDER BY datatime desc LIMIT 15   [ RunTime:0.0002s ]
SQL: SELECT `data`,`datatime` FROM `data` WHERE ( instrumentid='10' ) ORDER BY datatime desc LIMIT 15   [ RunTime:0.0002s ]
SQL: SELECT `data`,`datatime` FROM `data` WHERE ( instrumentid='14' ) ORDER BY datatime desc LIMIT 15   [ RunTime:0.0004s ]
INFO: [ view_parse ] --START--
NOTIC: [8] Undefined index: value D:\desktop\App\data.test\ThinkPHP\Library\Think\Template\TagLib\Cx.class.php 第 251 行.
INFO: [ template_filter ] --START--
INFO: Run Behavior\ContentReplaceBehavior [ RunTime:0.000149s ]
INFO: [ template_filter ] --END-- [ RunTime:0.000245s ]
NOTIC: [8] Undefined index: instrumentid0 D:\desktop\App\data.test\User\Runtime\Cache\Home\281d6139b43850b4ede9efc58c195441.php 第 155 行.
NOTIC: [8] Undefined index: instrumentinfo0 D:\desktop\App\data.test\User\Runtime\Cache\Home\281d6139b43850b4ede9efc58c195441.php 第 162 行.
NOTIC: [8] Undefined index: data0 D:\desktop\App\data.test\User\Runtime\Cache\Home\281d6139b43850b4ede9efc58c195441.php 第 176 行.
NOTIC: [8] Undefined index: instrumentinfo0 D:\desktop\App\data.test\User\Runtime\Cache\Home\281d6139b43850b4ede9efc58c195441.php 第 188 行.
NOTIC: [8] Undefined index: data0 D:\desktop\App\data.test\User\Runtime\Cache\Home\281d6139b43850b4ede9efc58c195441.php 第 193 行.
NOTIC: [8] Undefined index: instrumentid1 D:\desktop\App\data.test\User\Runtime\Cache\Home\281d6139b43850b4ede9efc58c195441.php 第 205 行.
NOTIC: [8] Undefined index: instrumentinfo1 D:\desktop\App\data.test\User\Runtime\Cache\Home\281d6139b43850b4ede9efc58c195441.php 第 212 行.
NOTIC: [8] Undefined index: data1 D:\desktop\App\data.test\User\Runtime\Cache\Home\281d6139b43850b4ede9efc58c195441.php 第 226 行.
NOTIC: [8] Undefined index: instrumentinfo1 D:\desktop\App\data.test\User\Runtime\Cache\Home\281d6139b43850b4ede9efc58c195441.php 第 237 行.
NOTIC: [8] Undefined index: data1 D:\desktop\App\data.test\User\Runtime\Cache\Home\281d6139b43850b4ede9efc58c195441.php 第 247 行.
NOTIC: [8] Undefined index: instrumentid0 D:\desktop\App\data.test\User\Runtime\Cache\Home\281d6139b43850b4ede9efc58c195441.php 第 155 行.
NOTIC: [8] Undefined index: instrumentinfo0 D:\desktop\App\data.test\User\Runtime\Cache\Home\281d6139b43850b4ede9efc58c195441.php 第 162 行.
NOTIC: [8] Undefined index: data0 D:\desktop\App\data.test\User\Runtime\Cache\Home\281d6139b43850b4ede9efc58c195441.php 第 176 行.
NOTIC: [8] Undefined index: instrumentinfo0 D:\desktop\App\data.test\User\Runtime\Cache\Home\281d6139b43850b4ede9efc58c195441.php 第 188 行.
NOTIC: [8] Undefined index: data0 D:\desktop\App\data.test\User\Runtime\Cache\Home\281d6139b43850b4ede9efc58c195441.php 第 193 行.
NOTIC: [8] Undefined index: instrumentid1 D:\desktop\App\data.test\User\Runtime\Cache\Home\281d6139b43850b4ede9efc58c195441.php 第 205 行.
NOTIC: [8] Undefined index: instrumentinfo1 D:\desktop\App\data.test\User\Runtime\Cache\Home\281d6139b43850b4ede9efc58c195441.php 第 212 行.
NOTIC: [8] Undefined index: data1 D:\desktop\App\data.test\User\Runtime\Cache\Home\281d6139b43850b4ede9efc58c195441.php 第 226 行.
NOTIC: [8] Undefined index: instrumentinfo1 D:\desktop\App\data.test\User\Runtime\Cache\Home\281d6139b43850b4ede9efc58c195441.php 第 237 行.
NOTIC: [8] Undefined index: data1 D:\desktop\App\data.test\User\Runtime\Cache\Home\281d6139b43850b4ede9efc58c195441.php 第 247 行.
INFO: Run Behavior\ParseTemplateBehavior [ RunTime:0.026232s ]
INFO: [ view_parse ] --END-- [ RunTime:0.026320s ]
INFO: [ view_filter ] --START--
INFO: Run Behavior\WriteHtmlCacheBehavior [ RunTime:0.000629s ]
INFO: [ view_filter ] --END-- [ RunTime:0.000684s ]
INFO: [ app_end ] --START--
INFO: Run Behavior\ShowPageTraceBehavior [ RunTime:0.001648s ]
INFO: [ app_end ] --END-- [ RunTime:0.001822s ]

[ 2016-10-16T13:48:05+08:00 ] 127.0.0.1 /user.php/camera/camera.html
INFO: [ app_init ] --START--
INFO: Run Behavior\BuildLiteBehavior [ RunTime:0.000027s ]
INFO: [ app_init ] --END-- [ RunTime:0.000655s ]
INFO: [ app_begin ] --START--
INFO: Run Behavior\ReadHtmlCacheBehavior [ RunTime:0.000812s ]
INFO: [ app_begin ] --END-- [ RunTime:0.000887s ]
SQL: SHOW COLUMNS FROM `camera` [ RunTime:0.0045s ]
SQL: SELECT * FROM `camera` WHERE ( cameraid='' ) LIMIT 1   [ RunTime:0.0003s ]
SQL: SELECT * FROM `camera` WHERE ( userid='clever' ) LIMIT 1   [ RunTime:0.0003s ]
SQL: SELECT * FROM `camera` WHERE ( cameraid='1' ) LIMIT 1   [ RunTime:0.0003s ]
SQL: SELECT `cameraname`,`cameraid` FROM `camera` WHERE ( userid='clever' )  [ RunTime:0.0004s ]
SQL: SHOW COLUMNS FROM `instrument` [ RunTime:0.0033s ]
SQL: SELECT `instrumentid`,`instrumentinfo` FROM `instrument` WHERE ( cameraid='1' )  [ RunTime:0.0004s ]
SQL: SHOW COLUMNS FROM `data` [ RunTime:0.0038s ]
SQL: SELECT `data`,`datatime` FROM `data` WHERE ( instrumentid='1' ) ORDER BY datatime desc LIMIT 15   [ RunTime:0.0009s ]
SQL: SELECT `data`,`datatime` FROM `data` WHERE ( instrumentid='5' ) ORDER BY datatime desc LIMIT 15   [ RunTime:0.0019s ]
SQL: SELECT `data`,`datatime` FROM `data` WHERE ( instrumentid='9' ) ORDER BY datatime desc LIMIT 15   [ RunTime:0.0007s ]
SQL: SELECT `data`,`datatime` FROM `data` WHERE ( instrumentid='13' ) ORDER BY datatime desc LIMIT 15   [ RunTime:0.0005s ]
INFO: [ view_parse ] --START--
NOTIC: [8] Undefined index: value D:\desktop\App\data.test\ThinkPHP\Library\Think\Template\TagLib\Cx.class.php 第 251 行.
INFO: [ template_filter ] --START--
INFO: Run Behavior\ContentReplaceBehavior [ RunTime:0.000190s ]
INFO: [ template_filter ] --END-- [ RunTime:0.000295s ]
NOTIC: [8] Undefined index: instrumentid0 D:\desktop\App\data.test\User\Runtime\Cache\Home\281d6139b43850b4ede9efc58c195441.php 第 155 行.
NOTIC: [8] Undefined index: instrumentinfo0 D:\desktop\App\data.test\User\Runtime\Cache\Home\281d6139b43850b4ede9efc58c195441.php 第 162 行.
NOTIC: [8] Undefined index: data0 D:\desktop\App\data.test\User\Runtime\Cache\Home\281d6139b43850b4ede9efc58c195441.php 第 176 行.
NOTIC: [8] Undefined index: instrumentinfo0 D:\desktop\App\data.test\User\Runtime\Cache\Home\281d6139b43850b4ede9efc58c195441.php 第 188 行.
NOTIC: [8] Undefined index: data0 D:\desktop\App\data.test\User\Runtime\Cache\Home\281d6139b43850b4ede9efc58c195441.php 第 193 行.
NOTIC: [8] Undefined index: instrumentid1 D:\desktop\App\data.test\User\Runtime\Cache\Home\281d6139b43850b4ede9efc58c195441.php 第 205 行.
NOTIC: [8] Undefined index: instrumentinfo1 D:\desktop\App\data.test\User\Runtime\Cache\Home\281d6139b43850b4ede9efc58c195441.php 第 212 行.
NOTIC: [8] Undefined index: data1 D:\desktop\App\data.test\User\Runtime\Cache\Home\281d6139b43850b4ede9efc58c195441.php 第 226 行.
NOTIC: [8] Undefined index: instrumentinfo1 D:\desktop\App\data.test\User\Runtime\Cache\Home\281d6139b43850b4ede9efc58c195441.php 第 237 行.
NOTIC: [8] Undefined index: data1 D:\desktop\App\data.test\User\Runtime\Cache\Home\281d6139b43850b4ede9efc58c195441.php 第 247 行.
INFO: Run Behavior\ParseTemplateBehavior [ RunTime:0.029978s ]
INFO: [ view_parse ] --END-- [ RunTime:0.030086s ]
INFO: [ view_filter ] --START--
INFO: Run Behavior\WriteHtmlCacheBehavior [ RunTime:0.000675s ]
INFO: [ view_filter ] --END-- [ RunTime:0.000728s ]
INFO: [ app_end ] --START--
INFO: Run Behavior\ShowPageTraceBehavior [ RunTime:0.001469s ]
INFO: [ app_end ] --END-- [ RunTime:0.001549s ]

[ 2016-10-16T13:48:26+08:00 ] 127.0.0.1 /user.php/camera/camera.html
INFO: [ app_init ] --START--
INFO: Run Behavior\BuildLiteBehavior [ RunTime:0.000032s ]
INFO: [ app_init ] --END-- [ RunTime:0.000739s ]
INFO: [ app_begin ] --START--
INFO: Run Behavior\ReadHtmlCacheBehavior [ RunTime:0.001016s ]
INFO: [ app_begin ] --END-- [ RunTime:0.001118s ]
SQL: SHOW COLUMNS FROM `camera` [ RunTime:0.0037s ]
SQL: SELECT * FROM `camera` WHERE ( cameraid='' ) LIMIT 1   [ RunTime:0.0004s ]
SQL: SELECT * FROM `camera` WHERE ( userid='clever' ) LIMIT 1   [ RunTime:0.0004s ]
SQL: SELECT * FROM `camera` WHERE ( cameraid='1' ) LIMIT 1   [ RunTime:0.0004s ]
SQL: SELECT `cameraname`,`cameraid` FROM `camera` WHERE ( userid='clever' )  [ RunTime:0.0008s ]
SQL: SHOW COLUMNS FROM `instrument` [ RunTime:0.0058s ]
SQL: SELECT `instrumentid`,`instrumentinfo` FROM `instrument` WHERE ( cameraid='1' )  [ RunTime:0.0005s ]
SQL: SHOW COLUMNS FROM `data` [ RunTime:0.0051s ]
SQL: SELECT `data`,`datatime` FROM `data` WHERE ( instrumentid='1' ) ORDER BY datatime desc LIMIT 15   [ RunTime:0.0004s ]
SQL: SELECT `data`,`datatime` FROM `data` WHERE ( instrumentid='5' ) ORDER BY datatime desc LIMIT 15   [ RunTime:0.0003s ]
SQL: SELECT `data`,`datatime` FROM `data` WHERE ( instrumentid='9' ) ORDER BY datatime desc LIMIT 15   [ RunTime:0.0003s ]
SQL: SELECT `data`,`datatime` FROM `data` WHERE ( instrumentid='13' ) ORDER BY datatime desc LIMIT 15   [ RunTime:0.0003s ]
INFO: [ view_parse ] --START--
NOTIC: [8] Undefined index: value D:\desktop\App\data.test\ThinkPHP\Library\Think\Template\TagLib\Cx.class.php 第 251 行.
INFO: [ template_filter ] --START--
INFO: Run Behavior\ContentReplaceBehavior [ RunTime:0.000182s ]
INFO: [ template_filter ] --END-- [ RunTime:0.000362s ]
NOTIC: [8] Undefined index: instrumentid0 D:\desktop\App\data.test\User\Runtime\Cache\Home\281d6139b43850b4ede9efc58c195441.php 第 155 行.
NOTIC: [8] Undefined index: instrumentinfo0 D:\desktop\App\data.test\User\Runtime\Cache\Home\281d6139b43850b4ede9efc58c195441.php 第 162 行.
NOTIC: [8] Undefined index: data0 D:\desktop\App\data.test\User\Runtime\Cache\Home\281d6139b43850b4ede9efc58c195441.php 第 176 行.
NOTIC: [8] Undefined index: instrumentinfo0 D:\desktop\App\data.test\User\Runtime\Cache\Home\281d6139b43850b4ede9efc58c195441.php 第 188 行.
NOTIC: [8] Undefined index: data0 D:\desktop\App\data.test\User\Runtime\Cache\Home\281d6139b43850b4ede9efc58c195441.php 第 193 行.
NOTIC: [8] Undefined index: instrumentid1 D:\desktop\App\data.test\User\Runtime\Cache\Home\281d6139b43850b4ede9efc58c195441.php 第 205 行.
NOTIC: [8] Undefined index: instrumentinfo1 D:\desktop\App\data.test\User\Runtime\Cache\Home\281d6139b43850b4ede9efc58c195441.php 第 212 行.
NOTIC: [8] Undefined index: data1 D:\desktop\App\data.test\User\Runtime\Cache\Home\281d6139b43850b4ede9efc58c195441.php 第 226 行.
NOTIC: [8] Undefined index: instrumentinfo1 D:\desktop\App\data.test\User\Runtime\Cache\Home\281d6139b43850b4ede9efc58c195441.php 第 237 行.
NOTIC: [8] Undefined index: data1 D:\desktop\App\data.test\User\Runtime\Cache\Home\281d6139b43850b4ede9efc58c195441.php 第 247 行.
INFO: Run Behavior\ParseTemplateBehavior [ RunTime:0.041697s ]
INFO: [ view_parse ] --END-- [ RunTime:0.041816s ]
INFO: [ view_filter ] --START--
INFO: Run Behavior\WriteHtmlCacheBehavior [ RunTime:0.001118s ]
INFO: [ view_filter ] --END-- [ RunTime:0.001206s ]
INFO: [ app_end ] --START--
INFO: Run Behavior\ShowPageTraceBehavior [ RunTime:0.001499s ]
INFO: [ app_end ] --END-- [ RunTime:0.001629s ]

[ 2016-10-16T14:10:38+08:00 ] 127.0.0.1 /user.php/camera/camera.html
INFO: [ app_init ] --START--
INFO: Run Behavior\BuildLiteBehavior [ RunTime:0.000031s ]
INFO: [ app_init ] --END-- [ RunTime:0.001035s ]
INFO: [ app_begin ] --START--
INFO: Run Behavior\ReadHtmlCacheBehavior [ RunTime:0.001429s ]
INFO: [ app_begin ] --END-- [ RunTime:0.001567s ]
SQL: SHOW COLUMNS FROM `camera` [ RunTime:0.0045s ]
SQL: SELECT * FROM `camera` WHERE ( cameraid='' ) LIMIT 1   [ RunTime:0.0015s ]
SQL: SELECT * FROM `camera` WHERE ( userid='clever' ) LIMIT 1   [ RunTime:0.0028s ]
SQL: SELECT * FROM `camera` WHERE ( cameraid='1' ) LIMIT 1   [ RunTime:0.0010s ]
SQL: SELECT `cameraname`,`cameraid` FROM `camera` WHERE ( userid='clever' )  [ RunTime:0.0006s ]
SQL: SHOW COLUMNS FROM `instrument` [ RunTime:0.0033s ]
SQL: SELECT `instrumentid`,`instrumentinfo` FROM `instrument` WHERE ( cameraid='1' )  [ RunTime:0.0004s ]
SQL: SHOW COLUMNS FROM `data` [ RunTime:0.0032s ]
SQL: SELECT `data`,`datatime` FROM `data` WHERE ( instrumentid='1' ) ORDER BY datatime desc LIMIT 15   [ RunTime:0.0005s ]
SQL: SELECT `data`,`datatime` FROM `data` WHERE ( instrumentid='5' ) ORDER BY datatime desc LIMIT 15   [ RunTime:0.0005s ]
SQL: SELECT `data`,`datatime` FROM `data` WHERE ( instrumentid='9' ) ORDER BY datatime desc LIMIT 15   [ RunTime:0.0013s ]
SQL: SELECT `data`,`datatime` FROM `data` WHERE ( instrumentid='13' ) ORDER BY datatime desc LIMIT 15   [ RunTime:0.0004s ]
INFO: [ view_parse ] --START--
NOTIC: [8] Undefined index: value D:\desktop\App\data.test\ThinkPHP\Library\Think\Template\TagLib\Cx.class.php 第 251 行.
INFO: [ template_filter ] --START--
INFO: Run Behavior\ContentReplaceBehavior [ RunTime:0.000117s ]
INFO: [ template_filter ] --END-- [ RunTime:0.000178s ]
NOTIC: [8] Undefined index: instrumentid0 D:\desktop\App\data.test\User\Runtime\Cache\Home\281d6139b43850b4ede9efc58c195441.php 第 155 行.
NOTIC: [8] Undefined index: instrumentinfo0 D:\desktop\App\data.test\User\Runtime\Cache\Home\281d6139b43850b4ede9efc58c195441.php 第 162 行.
NOTIC: [8] Undefined index: data0 D:\desktop\App\data.test\User\Runtime\Cache\Home\281d6139b43850b4ede9efc58c195441.php 第 176 行.
NOTIC: [8] Undefined index: instrumentinfo0 D:\desktop\App\data.test\User\Runtime\Cache\Home\281d6139b43850b4ede9efc58c195441.php 第 188 行.
NOTIC: [8] Undefined index: data0 D:\desktop\App\data.test\User\Runtime\Cache\Home\281d6139b43850b4ede9efc58c195441.php 第 193 行.
NOTIC: [8] Undefined index: instrumentid1 D:\desktop\App\data.test\User\Runtime\Cache\Home\281d6139b43850b4ede9efc58c195441.php 第 205 行.
NOTIC: [8] Undefined index: instrumentinfo1 D:\desktop\App\data.test\User\Runtime\Cache\Home\281d6139b43850b4ede9efc58c195441.php 第 212 行.
NOTIC: [8] Undefined index: data1 D:\desktop\App\data.test\User\Runtime\Cache\Home\281d6139b43850b4ede9efc58c195441.php 第 226 行.
NOTIC: [8] Undefined index: instrumentinfo1 D:\desktop\App\data.test\User\Runtime\Cache\Home\281d6139b43850b4ede9efc58c195441.php 第 237 行.
NOTIC: [8] Undefined index: data1 D:\desktop\App\data.test\User\Runtime\Cache\Home\281d6139b43850b4ede9efc58c195441.php 第 247 行.
INFO: Run Behavior\ParseTemplateBehavior [ RunTime:0.026314s ]
INFO: [ view_parse ] --END-- [ RunTime:0.026418s ]
INFO: [ view_filter ] --START--
INFO: Run Behavior\WriteHtmlCacheBehavior [ RunTime:0.000617s ]
INFO: [ view_filter ] --END-- [ RunTime:0.000667s ]
INFO: [ app_end ] --START--
INFO: Run Behavior\ShowPageTraceBehavior [ RunTime:0.001495s ]
INFO: [ app_end ] --END-- [ RunTime:0.001622s ]

[ 2016-10-16T14:11:20+08:00 ] 127.0.0.1 /user.php/camera/camera/cameraid/2.html
INFO: [ app_init ] --START--
INFO: Run Behavior\BuildLiteBehavior [ RunTime:0.000017s ]
INFO: [ app_init ] --END-- [ RunTime:0.000488s ]
INFO: [ app_begin ] --START--
INFO: Run Behavior\ReadHtmlCacheBehavior [ RunTime:0.000987s ]
INFO: [ app_begin ] --END-- [ RunTime:0.001075s ]
SQL: SHOW COLUMNS FROM `camera` [ RunTime:0.0045s ]
SQL: SELECT * FROM `camera` WHERE ( cameraid='2' ) LIMIT 1   [ RunTime:0.0005s ]
SQL: SELECT * FROM `camera` WHERE ( cameraid='2' ) LIMIT 1   [ RunTime:0.0003s ]
SQL: SELECT `cameraname`,`cameraid` FROM `camera` WHERE ( userid='clever' )  [ RunTime:0.0004s ]
SQL: SHOW COLUMNS FROM `instrument` [ RunTime:0.0056s ]
SQL: SELECT `instrumentid`,`instrumentinfo` FROM `instrument` WHERE ( cameraid='2' )  [ RunTime:0.0004s ]
SQL: SHOW COLUMNS FROM `data` [ RunTime:0.0034s ]
SQL: SELECT `data`,`datatime` FROM `data` WHERE ( instrumentid='2' ) ORDER BY datatime desc LIMIT 15   [ RunTime:0.0004s ]
SQL: SELECT `data`,`datatime` FROM `data` WHERE ( instrumentid='6' ) ORDER BY datatime desc LIMIT 15   [ RunTime:0.0003s ]
SQL: SELECT `data`,`datatime` FROM `data` WHERE ( instrumentid='10' ) ORDER BY datatime desc LIMIT 15   [ RunTime:0.0003s ]
SQL: SELECT `data`,`datatime` FROM `data` WHERE ( instrumentid='14' ) ORDER BY datatime desc LIMIT 15   [ RunTime:0.0008s ]
INFO: [ view_parse ] --START--
NOTIC: [8] Undefined index: value D:\desktop\App\data.test\ThinkPHP\Library\Think\Template\TagLib\Cx.class.php 第 251 行.
INFO: [ template_filter ] --START--
INFO: Run Behavior\ContentReplaceBehavior [ RunTime:0.000111s ]
INFO: [ template_filter ] --END-- [ RunTime:0.000179s ]
NOTIC: [8] Undefined index: instrumentid0 D:\desktop\App\data.test\User\Runtime\Cache\Home\281d6139b43850b4ede9efc58c195441.php 第 155 行.
NOTIC: [8] Undefined index: instrumentinfo0 D:\desktop\App\data.test\User\Runtime\Cache\Home\281d6139b43850b4ede9efc58c195441.php 第 162 行.
NOTIC: [8] Undefined index: data0 D:\desktop\App\data.test\User\Runtime\Cache\Home\281d6139b43850b4ede9efc58c195441.php 第 176 行.
NOTIC: [8] Undefined index: instrumentinfo0 D:\desktop\App\data.test\User\Runtime\Cache\Home\281d6139b43850b4ede9efc58c195441.php 第 188 行.
NOTIC: [8] Undefined index: data0 D:\desktop\App\data.test\User\Runtime\Cache\Home\281d6139b43850b4ede9efc58c195441.php 第 193 行.
NOTIC: [8] Undefined index: instrumentid1 D:\desktop\App\data.test\User\Runtime\Cache\Home\281d6139b43850b4ede9efc58c195441.php 第 205 行.
NOTIC: [8] Undefined index: instrumentinfo1 D:\desktop\App\data.test\User\Runtime\Cache\Home\281d6139b43850b4ede9efc58c195441.php 第 212 行.
NOTIC: [8] Undefined index: data1 D:\desktop\App\data.test\User\Runtime\Cache\Home\281d6139b43850b4ede9efc58c195441.php 第 226 行.
NOTIC: [8] Undefined index: instrumentinfo1 D:\desktop\App\data.test\User\Runtime\Cache\Home\281d6139b43850b4ede9efc58c195441.php 第 237 行.
NOTIC: [8] Undefined index: data1 D:\desktop\App\data.test\User\Runtime\Cache\Home\281d6139b43850b4ede9efc58c195441.php 第 247 行.
NOTIC: [8] Undefined index: instrumentid0 D:\desktop\App\data.test\User\Runtime\Cache\Home\281d6139b43850b4ede9efc58c195441.php 第 155 行.
NOTIC: [8] Undefined index: instrumentinfo0 D:\desktop\App\data.test\User\Runtime\Cache\Home\281d6139b43850b4ede9efc58c195441.php 第 162 行.
NOTIC: [8] Undefined index: data0 D:\desktop\App\data.test\User\Runtime\Cache\Home\281d6139b43850b4ede9efc58c195441.php 第 176 行.
NOTIC: [8] Undefined index: instrumentinfo0 D:\desktop\App\data.test\User\Runtime\Cache\Home\281d6139b43850b4ede9efc58c195441.php 第 188 行.
NOTIC: [8] Undefined index: data0 D:\desktop\App\data.test\User\Runtime\Cache\Home\281d6139b43850b4ede9efc58c195441.php 第 193 行.
NOTIC: [8] Undefined index: instrumentid1 D:\desktop\App\data.test\User\Runtime\Cache\Home\281d6139b43850b4ede9efc58c195441.php 第 205 行.
NOTIC: [8] Undefined index: instrumentinfo1 D:\desktop\App\data.test\User\Runtime\Cache\Home\281d6139b43850b4ede9efc58c195441.php 第 212 行.
NOTIC: [8] Undefined index: data1 D:\desktop\App\data.test\User\Runtime\Cache\Home\281d6139b43850b4ede9efc58c195441.php 第 226 行.
NOTIC: [8] Undefined index: instrumentinfo1 D:\desktop\App\data.test\User\Runtime\Cache\Home\281d6139b43850b4ede9efc58c195441.php 第 237 行.
NOTIC: [8] Undefined index: data1 D:\desktop\App\data.test\User\Runtime\Cache\Home\281d6139b43850b4ede9efc58c195441.php 第 247 行.
INFO: Run Behavior\ParseTemplateBehavior [ RunTime:0.028744s ]
INFO: [ view_parse ] --END-- [ RunTime:0.028862s ]
INFO: [ view_filter ] --START--
INFO: Run Behavior\WriteHtmlCacheBehavior [ RunTime:0.000736s ]
INFO: [ view_filter ] --END-- [ RunTime:0.000812s ]
INFO: [ app_end ] --START--
INFO: Run Behavior\ShowPageTraceBehavior [ RunTime:0.001796s ]
INFO: [ app_end ] --END-- [ RunTime:0.001932s ]

[ 2016-10-16T14:13:11+08:00 ] 127.0.0.1 /user.php/camera/camera/cameraid/1.html
INFO: [ app_init ] --START--
INFO: Run Behavior\BuildLiteBehavior [ RunTime:0.000033s ]
INFO: [ app_init ] --END-- [ RunTime:0.000827s ]
INFO: [ app_begin ] --START--
INFO: Run Behavior\ReadHtmlCacheBehavior [ RunTime:0.001332s ]
INFO: [ app_begin ] --END-- [ RunTime:0.001514s ]
SQL: SHOW COLUMNS FROM `camera` [ RunTime:0.0032s ]
SQL: SELECT * FROM `camera` WHERE ( cameraid='1' ) LIMIT 1   [ RunTime:0.0004s ]
SQL: SELECT * FROM `camera` WHERE ( cameraid='1' ) LIMIT 1   [ RunTime:0.0003s ]
SQL: SELECT `cameraname`,`cameraid` FROM `camera` WHERE ( userid='clever' )  [ RunTime:0.0004s ]
SQL: SHOW COLUMNS FROM `instrument` [ RunTime:0.0055s ]
SQL: SELECT `instrumentid`,`instrumentinfo` FROM `instrument` WHERE ( cameraid='1' )  [ RunTime:0.0005s ]
SQL: SHOW COLUMNS FROM `data` [ RunTime:0.0040s ]
SQL: SELECT `data`,`datatime` FROM `data` WHERE ( instrumentid='1' ) ORDER BY datatime desc LIMIT 15   [ RunTime:0.0005s ]
SQL: SELECT `data`,`datatime` FROM `data` WHERE ( instrumentid='5' ) ORDER BY datatime desc LIMIT 15   [ RunTime:0.0004s ]
SQL: SELECT `data`,`datatime` FROM `data` WHERE ( instrumentid='9' ) ORDER BY datatime desc LIMIT 15   [ RunTime:0.0004s ]
SQL: SELECT `data`,`datatime` FROM `data` WHERE ( instrumentid='13' ) ORDER BY datatime desc LIMIT 15   [ RunTime:0.0004s ]
INFO: [ view_parse ] --START--
NOTIC: [8] Undefined index: value D:\desktop\App\data.test\ThinkPHP\Library\Think\Template\TagLib\Cx.class.php 第 251 行.
INFO: [ template_filter ] --START--
INFO: Run Behavior\ContentReplaceBehavior [ RunTime:0.000113s ]
INFO: [ template_filter ] --END-- [ RunTime:0.000179s ]
NOTIC: [8] Undefined index: instrumentid0 D:\desktop\App\data.test\User\Runtime\Cache\Home\281d6139b43850b4ede9efc58c195441.php 第 155 行.
NOTIC: [8] Undefined index: instrumentinfo0 D:\desktop\App\data.test\User\Runtime\Cache\Home\281d6139b43850b4ede9efc58c195441.php 第 162 行.
NOTIC: [8] Undefined index: data0 D:\desktop\App\data.test\User\Runtime\Cache\Home\281d6139b43850b4ede9efc58c195441.php 第 176 行.
NOTIC: [8] Undefined index: instrumentinfo0 D:\desktop\App\data.test\User\Runtime\Cache\Home\281d6139b43850b4ede9efc58c195441.php 第 188 行.
NOTIC: [8] Undefined index: data0 D:\desktop\App\data.test\User\Runtime\Cache\Home\281d6139b43850b4ede9efc58c195441.php 第 193 行.
NOTIC: [8] Undefined index: instrumentid1 D:\desktop\App\data.test\User\Runtime\Cache\Home\281d6139b43850b4ede9efc58c195441.php 第 205 行.
NOTIC: [8] Undefined index: instrumentinfo1 D:\desktop\App\data.test\User\Runtime\Cache\Home\281d6139b43850b4ede9efc58c195441.php 第 212 行.
NOTIC: [8] Undefined index: data1 D:\desktop\App\data.test\User\Runtime\Cache\Home\281d6139b43850b4ede9efc58c195441.php 第 226 行.
NOTIC: [8] Undefined index: instrumentinfo1 D:\desktop\App\data.test\User\Runtime\Cache\Home\281d6139b43850b4ede9efc58c195441.php 第 237 行.
NOTIC: [8] Undefined index: data1 D:\desktop\App\data.test\User\Runtime\Cache\Home\281d6139b43850b4ede9efc58c195441.php 第 247 行.
NOTIC: [8] Undefined index: instrumentid0 D:\desktop\App\data.test\User\Runtime\Cache\Home\281d6139b43850b4ede9efc58c195441.php 第 155 行.
NOTIC: [8] Undefined index: instrumentinfo0 D:\desktop\App\data.test\User\Runtime\Cache\Home\281d6139b43850b4ede9efc58c195441.php 第 162 行.
NOTIC: [8] Undefined index: data0 D:\desktop\App\data.test\User\Runtime\Cache\Home\281d6139b43850b4ede9efc58c195441.php 第 176 行.
NOTIC: [8] Undefined index: instrumentinfo0 D:\desktop\App\data.test\User\Runtime\Cache\Home\281d6139b43850b4ede9efc58c195441.php 第 188 行.
NOTIC: [8] Undefined index: data0 D:\desktop\App\data.test\User\Runtime\Cache\Home\281d6139b43850b4ede9efc58c195441.php 第 193 行.
NOTIC: [8] Undefined index: instrumentid1 D:\desktop\App\data.test\User\Runtime\Cache\Home\281d6139b43850b4ede9efc58c195441.php 第 205 行.
NOTIC: [8] Undefined index: instrumentinfo1 D:\desktop\App\data.test\User\Runtime\Cache\Home\281d6139b43850b4ede9efc58c195441.php 第 212 行.
NOTIC: [8] Undefined index: data1 D:\desktop\App\data.test\User\Runtime\Cache\Home\281d6139b43850b4ede9efc58c195441.php 第 226 行.
NOTIC: [8] Undefined index: instrumentinfo1 D:\desktop\App\data.test\User\Runtime\Cache\Home\281d6139b43850b4ede9efc58c195441.php 第 237 行.
NOTIC: [8] Undefined index: data1 D:\desktop\App\data.test\User\Runtime\Cache\Home\281d6139b43850b4ede9efc58c195441.php 第 247 行.
INFO: Run Behavior\ParseTemplateBehavior [ RunTime:0.031999s ]
INFO: [ view_parse ] --END-- [ RunTime:0.032084s ]
INFO: [ view_filter ] --START--
INFO: Run Behavior\WriteHtmlCacheBehavior [ RunTime:0.001137s ]
INFO: [ view_filter ] --END-- [ RunTime:0.001216s ]
INFO: [ app_end ] --START--
INFO: Run Behavior\ShowPageTraceBehavior [ RunTime:0.001402s ]
INFO: [ app_end ] --END-- [ RunTime:0.001524s ]

[ 2016-10-16T14:13:17+08:00 ] 127.0.0.1 /user.php/camera/camera/cameraid/2.html
INFO: [ app_init ] --START--
INFO: Run Behavior\BuildLiteBehavior [ RunTime:0.000096s ]
INFO: [ app_init ] --END-- [ RunTime:0.001801s ]
INFO: [ app_begin ] --START--
INFO: Run Behavior\ReadHtmlCacheBehavior [ RunTime:0.001303s ]
INFO: [ app_begin ] --END-- [ RunTime:0.001454s ]
SQL: SHOW COLUMNS FROM `camera` [ RunTime:0.0060s ]
SQL: SELECT * FROM `camera` WHERE ( cameraid='2' ) LIMIT 1   [ RunTime:0.0004s ]
SQL: SELECT * FROM `camera` WHERE ( cameraid='2' ) LIMIT 1   [ RunTime:0.0003s ]
SQL: SELECT `cameraname`,`cameraid` FROM `camera` WHERE ( userid='clever' )  [ RunTime:0.0004s ]
SQL: SHOW COLUMNS FROM `instrument` [ RunTime:0.0072s ]
SQL: SELECT `instrumentid`,`instrumentinfo` FROM `instrument` WHERE ( cameraid='2' )  [ RunTime:0.0009s ]
SQL: SHOW COLUMNS FROM `data` [ RunTime:0.0054s ]
SQL: SELECT `data`,`datatime` FROM `data` WHERE ( instrumentid='2' ) ORDER BY datatime desc LIMIT 15   [ RunTime:0.0005s ]
SQL: SELECT `data`,`datatime` FROM `data` WHERE ( instrumentid='6' ) ORDER BY datatime desc LIMIT 15   [ RunTime:0.0003s ]
SQL: SELECT `data`,`datatime` FROM `data` WHERE ( instrumentid='10' ) ORDER BY datatime desc LIMIT 15   [ RunTime:0.0003s ]
SQL: SELECT `data`,`datatime` FROM `data` WHERE ( instrumentid='14' ) ORDER BY datatime desc LIMIT 15   [ RunTime:0.0004s ]
INFO: [ view_parse ] --START--
NOTIC: [8] Undefined index: value D:\desktop\App\data.test\ThinkPHP\Library\Think\Template\TagLib\Cx.class.php 第 251 行.
INFO: [ template_filter ] --START--
INFO: Run Behavior\ContentReplaceBehavior [ RunTime:0.000321s ]
INFO: [ template_filter ] --END-- [ RunTime:0.000513s ]
NOTIC: [8] Undefined index: instrumentid0 D:\desktop\App\data.test\User\Runtime\Cache\Home\281d6139b43850b4ede9efc58c195441.php 第 155 行.
NOTIC: [8] Undefined index: instrumentinfo0 D:\desktop\App\data.test\User\Runtime\Cache\Home\281d6139b43850b4ede9efc58c195441.php 第 162 行.
NOTIC: [8] Undefined index: data0 D:\desktop\App\data.test\User\Runtime\Cache\Home\281d6139b43850b4ede9efc58c195441.php 第 176 行.
NOTIC: [8] Undefined index: instrumentinfo0 D:\desktop\App\data.test\User\Runtime\Cache\Home\281d6139b43850b4ede9efc58c195441.php 第 188 行.
NOTIC: [8] Undefined index: data0 D:\desktop\App\data.test\User\Runtime\Cache\Home\281d6139b43850b4ede9efc58c195441.php 第 193 行.
NOTIC: [8] Undefined index: instrumentid1 D:\desktop\App\data.test\User\Runtime\Cache\Home\281d6139b43850b4ede9efc58c195441.php 第 205 行.
NOTIC: [8] Undefined index: instrumentinfo1 D:\desktop\App\data.test\User\Runtime\Cache\Home\281d6139b43850b4ede9efc58c195441.php 第 212 行.
NOTIC: [8] Undefined index: data1 D:\desktop\App\data.test\User\Runtime\Cache\Home\281d6139b43850b4ede9efc58c195441.php 第 226 行.
NOTIC: [8] Undefined index: instrumentinfo1 D:\desktop\App\data.test\User\Runtime\Cache\Home\281d6139b43850b4ede9efc58c195441.php 第 237 行.
NOTIC: [8] Undefined index: data1 D:\desktop\App\data.test\User\Runtime\Cache\Home\281d6139b43850b4ede9efc58c195441.php 第 247 行.
NOTIC: [8] Undefined index: instrumentid0 D:\desktop\App\data.test\User\Runtime\Cache\Home\281d6139b43850b4ede9efc58c195441.php 第 155 行.
NOTIC: [8] Undefined index: instrumentinfo0 D:\desktop\App\data.test\User\Runtime\Cache\Home\281d6139b43850b4ede9efc58c195441.php 第 162 行.
NOTIC: [8] Undefined index: data0 D:\desktop\App\data.test\User\Runtime\Cache\Home\281d6139b43850b4ede9efc58c195441.php 第 176 行.
NOTIC: [8] Undefined index: instrumentinfo0 D:\desktop\App\data.test\User\Runtime\Cache\Home\281d6139b43850b4ede9efc58c195441.php 第 188 行.
NOTIC: [8] Undefined index: data0 D:\desktop\App\data.test\User\Runtime\Cache\Home\281d6139b43850b4ede9efc58c195441.php 第 193 行.
NOTIC: [8] Undefined index: instrumentid1 D:\desktop\App\data.test\User\Runtime\Cache\Home\281d6139b43850b4ede9efc58c195441.php 第 205 行.
NOTIC: [8] Undefined index: instrumentinfo1 D:\desktop\App\data.test\User\Runtime\Cache\Home\281d6139b43850b4ede9efc58c195441.php 第 212 行.
NOTIC: [8] Undefined index: data1 D:\desktop\App\data.test\User\Runtime\Cache\Home\281d6139b43850b4ede9efc58c195441.php 第 226 行.
NOTIC: [8] Undefined index: instrumentinfo1 D:\desktop\App\data.test\User\Runtime\Cache\Home\281d6139b43850b4ede9efc58c195441.php 第 237 行.
NOTIC: [8] Undefined index: data1 D:\desktop\App\data.test\User\Runtime\Cache\Home\281d6139b43850b4ede9efc58c195441.php 第 247 行.
INFO: Run Behavior\ParseTemplateBehavior [ RunTime:0.028019s ]
INFO: [ view_parse ] --END-- [ RunTime:0.028110s ]
INFO: [ view_filter ] --START--
INFO: Run Behavior\WriteHtmlCacheBehavior [ RunTime:0.000615s ]
INFO: [ view_filter ] --END-- [ RunTime:0.000670s ]
INFO: [ app_end ] --START--
INFO: Run Behavior\ShowPageTraceBehavior [ RunTime:0.001197s ]
INFO: [ app_end ] --END-- [ RunTime:0.001494s ]

[ 2016-10-16T14:13:22+08:00 ] 127.0.0.1 /user.php/camera/camera/cameraid/3.html
INFO: [ app_init ] --START--
INFO: Run Behavior\BuildLiteBehavior [ RunTime:0.000016s ]
INFO: [ app_init ] --END-- [ RunTime:0.000510s ]
INFO: [ app_begin ] --START--
INFO: Run Behavior\ReadHtmlCacheBehavior [ RunTime:0.000807s ]
INFO: [ app_begin ] --END-- [ RunTime:0.000873s ]
SQL: SHOW COLUMNS FROM `camera` [ RunTime:0.0031s ]
SQL: SELECT * FROM `camera` WHERE ( cameraid='3' ) LIMIT 1   [ RunTime:0.0003s ]
SQL: SELECT * FROM `camera` WHERE ( cameraid='3' ) LIMIT 1   [ RunTime:0.0004s ]
SQL: SELECT `cameraname`,`cameraid` FROM `camera` WHERE ( userid='clever' )  [ RunTime:0.0009s ]
SQL: SHOW COLUMNS FROM `instrument` [ RunTime:0.0062s ]
SQL: SELECT `instrumentid`,`instrumentinfo` FROM `instrument` WHERE ( cameraid='3' )  [ RunTime:0.0006s ]
SQL: SHOW COLUMNS FROM `data` [ RunTime:0.0034s ]
SQL: SELECT `data`,`datatime` FROM `data` WHERE ( instrumentid='3' ) ORDER BY datatime desc LIMIT 15   [ RunTime:0.0003s ]
SQL: SELECT `data`,`datatime` FROM `data` WHERE ( instrumentid='7' ) ORDER BY datatime desc LIMIT 15   [ RunTime:0.0003s ]
SQL: SELECT `data`,`datatime` FROM `data` WHERE ( instrumentid='11' ) ORDER BY datatime desc LIMIT 15   [ RunTime:0.0002s ]
SQL: SELECT `data`,`datatime` FROM `data` WHERE ( instrumentid='15' ) ORDER BY datatime desc LIMIT 15   [ RunTime:0.0002s ]
INFO: [ view_parse ] --START--
NOTIC: [8] Undefined index: value D:\desktop\App\data.test\ThinkPHP\Library\Think\Template\TagLib\Cx.class.php 第 251 行.
INFO: [ template_filter ] --START--
INFO: Run Behavior\ContentReplaceBehavior [ RunTime:0.000168s ]
INFO: [ template_filter ] --END-- [ RunTime:0.000290s ]
NOTIC: [8] Undefined index: instrumentid0 D:\desktop\App\data.test\User\Runtime\Cache\Home\281d6139b43850b4ede9efc58c195441.php 第 155 行.
NOTIC: [8] Undefined index: instrumentinfo0 D:\desktop\App\data.test\User\Runtime\Cache\Home\281d6139b43850b4ede9efc58c195441.php 第 162 行.
NOTIC: [8] Undefined index: data0 D:\desktop\App\data.test\User\Runtime\Cache\Home\281d6139b43850b4ede9efc58c195441.php 第 176 行.
NOTIC: [8] Undefined index: instrumentinfo0 D:\desktop\App\data.test\User\Runtime\Cache\Home\281d6139b43850b4ede9efc58c195441.php 第 188 行.
NOTIC: [8] Undefined index: data0 D:\desktop\App\data.test\User\Runtime\Cache\Home\281d6139b43850b4ede9efc58c195441.php 第 193 行.
NOTIC: [8] Undefined index: instrumentid1 D:\desktop\App\data.test\User\Runtime\Cache\Home\281d6139b43850b4ede9efc58c195441.php 第 205 行.
NOTIC: [8] Undefined index: instrumentinfo1 D:\desktop\App\data.test\User\Runtime\Cache\Home\281d6139b43850b4ede9efc58c195441.php 第 212 行.
NOTIC: [8] Undefined index: data1 D:\desktop\App\data.test\User\Runtime\Cache\Home\281d6139b43850b4ede9efc58c195441.php 第 226 行.
NOTIC: [8] Undefined index: instrumentinfo1 D:\desktop\App\data.test\User\Runtime\Cache\Home\281d6139b43850b4ede9efc58c195441.php 第 237 行.
NOTIC: [8] Undefined index: data1 D:\desktop\App\data.test\User\Runtime\Cache\Home\281d6139b43850b4ede9efc58c195441.php 第 247 行.
NOTIC: [8] Undefined index: instrumentid0 D:\desktop\App\data.test\User\Runtime\Cache\Home\281d6139b43850b4ede9efc58c195441.php 第 155 行.
NOTIC: [8] Undefined index: instrumentinfo0 D:\desktop\App\data.test\User\Runtime\Cache\Home\281d6139b43850b4ede9efc58c195441.php 第 162 行.
NOTIC: [8] Undefined index: data0 D:\desktop\App\data.test\User\Runtime\Cache\Home\281d6139b43850b4ede9efc58c195441.php 第 176 行.
NOTIC: [8] Undefined index: instrumentinfo0 D:\desktop\App\data.test\User\Runtime\Cache\Home\281d6139b43850b4ede9efc58c195441.php 第 188 行.
NOTIC: [8] Undefined index: data0 D:\desktop\App\data.test\User\Runtime\Cache\Home\281d6139b43850b4ede9efc58c195441.php 第 193 行.
NOTIC: [8] Undefined index: instrumentid1 D:\desktop\App\data.test\User\Runtime\Cache\Home\281d6139b43850b4ede9efc58c195441.php 第 205 行.
NOTIC: [8] Undefined index: instrumentinfo1 D:\desktop\App\data.test\User\Runtime\Cache\Home\281d6139b43850b4ede9efc58c195441.php 第 212 行.
NOTIC: [8] Undefined index: data1 D:\desktop\App\data.test\User\Runtime\Cache\Home\281d6139b43850b4ede9efc58c195441.php 第 226 行.
NOTIC: [8] Undefined index: instrumentinfo1 D:\desktop\App\data.test\User\Runtime\Cache\Home\281d6139b43850b4ede9efc58c195441.php 第 237 行.
NOTIC: [8] Undefined index: data1 D:\desktop\App\data.test\User\Runtime\Cache\Home\281d6139b43850b4ede9efc58c195441.php 第 247 行.
INFO: Run Behavior\ParseTemplateBehavior [ RunTime:0.025757s ]
INFO: [ view_parse ] --END-- [ RunTime:0.025879s ]
INFO: [ view_filter ] --START--
INFO: Run Behavior\WriteHtmlCacheBehavior [ RunTime:0.000656s ]
INFO: [ view_filter ] --END-- [ RunTime:0.000711s ]
INFO: [ app_end ] --START--
INFO: Run Behavior\ShowPageTraceBehavior [ RunTime:0.002006s ]
INFO: [ app_end ] --END-- [ RunTime:0.002135s ]

[ 2016-10-16T14:13:28+08:00 ] 127.0.0.1 /user.php/camera/camera/cameraid/4.html
INFO: [ app_init ] --START--
INFO: Run Behavior\BuildLiteBehavior [ RunTime:0.000016s ]
INFO: [ app_init ] --END-- [ RunTime:0.000493s ]
INFO: [ app_begin ] --START--
INFO: Run Behavior\ReadHtmlCacheBehavior [ RunTime:0.000819s ]
INFO: [ app_begin ] --END-- [ RunTime:0.000887s ]
SQL: SHOW COLUMNS FROM `camera` [ RunTime:0.0033s ]
SQL: SELECT * FROM `camera` WHERE ( cameraid='4' ) LIMIT 1   [ RunTime:0.0006s ]
SQL: SELECT * FROM `camera` WHERE ( cameraid='4' ) LIMIT 1   [ RunTime:0.0007s ]
SQL: SELECT `cameraname`,`cameraid` FROM `camera` WHERE ( userid='clever' )  [ RunTime:0.0004s ]
SQL: SHOW COLUMNS FROM `instrument` [ RunTime:0.0047s ]
SQL: SELECT `instrumentid`,`instrumentinfo` FROM `instrument` WHERE ( cameraid='4' )  [ RunTime:0.0004s ]
SQL: SHOW COLUMNS FROM `data` [ RunTime:0.0028s ]
SQL: SELECT `data`,`datatime` FROM `data` WHERE ( instrumentid='4' ) ORDER BY datatime desc LIMIT 15   [ RunTime:0.0004s ]
SQL: SELECT `data`,`datatime` FROM `data` WHERE ( instrumentid='8' ) ORDER BY datatime desc LIMIT 15   [ RunTime:0.0003s ]
SQL: SELECT `data`,`datatime` FROM `data` WHERE ( instrumentid='12' ) ORDER BY datatime desc LIMIT 15   [ RunTime:0.0003s ]
INFO: [ view_parse ] --START--
NOTIC: [8] Undefined index: value D:\desktop\App\data.test\ThinkPHP\Library\Think\Template\TagLib\Cx.class.php 第 251 行.
INFO: [ template_filter ] --START--
INFO: Run Behavior\ContentReplaceBehavior [ RunTime:0.000115s ]
INFO: [ template_filter ] --END-- [ RunTime:0.000182s ]
NOTIC: [8] Undefined index: instrumentid1 D:\desktop\App\data.test\User\Runtime\Cache\Home\281d6139b43850b4ede9efc58c195441.php 第 126 行.
NOTIC: [8] Undefined index: instrumentinfo1 D:\desktop\App\data.test\User\Runtime\Cache\Home\281d6139b43850b4ede9efc58c195441.php 第 126 行.
NOTIC: [8] Undefined index: instrumentid1 D:\desktop\App\data.test\User\Runtime\Cache\Home\281d6139b43850b4ede9efc58c195441.php 第 127 行.
NOTIC: [8] Undefined index: instrumentid0 D:\desktop\App\data.test\User\Runtime\Cache\Home\281d6139b43850b4ede9efc58c195441.php 第 155 行.
NOTIC: [8] Undefined index: instrumentinfo0 D:\desktop\App\data.test\User\Runtime\Cache\Home\281d6139b43850b4ede9efc58c195441.php 第 162 行.
NOTIC: [8] Undefined index: data0 D:\desktop\App\data.test\User\Runtime\Cache\Home\281d6139b43850b4ede9efc58c195441.php 第 176 行.
NOTIC: [8] Undefined index: instrumentinfo0 D:\desktop\App\data.test\User\Runtime\Cache\Home\281d6139b43850b4ede9efc58c195441.php 第 188 行.
NOTIC: [8] Undefined index: data0 D:\desktop\App\data.test\User\Runtime\Cache\Home\281d6139b43850b4ede9efc58c195441.php 第 193 行.
NOTIC: [8] Undefined index: instrumentid1 D:\desktop\App\data.test\User\Runtime\Cache\Home\281d6139b43850b4ede9efc58c195441.php 第 205 行.
NOTIC: [8] Undefined index: instrumentinfo1 D:\desktop\App\data.test\User\Runtime\Cache\Home\281d6139b43850b4ede9efc58c195441.php 第 212 行.
NOTIC: [8] Undefined index: data1 D:\desktop\App\data.test\User\Runtime\Cache\Home\281d6139b43850b4ede9efc58c195441.php 第 226 行.
NOTIC: [8] Undefined index: instrumentinfo1 D:\desktop\App\data.test\User\Runtime\Cache\Home\281d6139b43850b4ede9efc58c195441.php 第 237 行.
NOTIC: [8] Undefined index: data1 D:\desktop\App\data.test\User\Runtime\Cache\Home\281d6139b43850b4ede9efc58c195441.php 第 247 行.
NOTIC: [8] Undefined index: instrumentid1 D:\desktop\App\data.test\User\Runtime\Cache\Home\281d6139b43850b4ede9efc58c195441.php 第 205 行.
NOTIC: [8] Undefined index: instrumentinfo1 D:\desktop\App\data.test\User\Runtime\Cache\Home\281d6139b43850b4ede9efc58c195441.php 第 212 行.
NOTIC: [8] Undefined index: data1 D:\desktop\App\data.test\User\Runtime\Cache\Home\281d6139b43850b4ede9efc58c195441.php 第 226 行.
NOTIC: [8] Undefined index: instrumentinfo1 D:\desktop\App\data.test\User\Runtime\Cache\Home\281d6139b43850b4ede9efc58c195441.php 第 237 行.
NOTIC: [8] Undefined index: data1 D:\desktop\App\data.test\User\Runtime\Cache\Home\281d6139b43850b4ede9efc58c195441.php 第 247 行.
INFO: Run Behavior\ParseTemplateBehavior [ RunTime:0.026797s ]
INFO: [ view_parse ] --END-- [ RunTime:0.027034s ]
INFO: [ view_filter ] --START--
INFO: Run Behavior\WriteHtmlCacheBehavior [ RunTime:0.001214s ]
INFO: [ view_filter ] --END-- [ RunTime:0.001290s ]
INFO: [ app_end ] --START--
INFO: Run Behavior\ShowPageTraceBehavior [ RunTime:0.001146s ]
INFO: [ app_end ] --END-- [ RunTime:0.001326s ]

[ 2016-10-16T14:13:33+08:00 ] 127.0.0.1 /user.php/camera/camera/cameraid/5.html
INFO: [ app_init ] --START--
INFO: Run Behavior\BuildLiteBehavior [ RunTime:0.000032s ]
INFO: [ app_init ] --END-- [ RunTime:0.001801s ]
INFO: [ app_begin ] --START--
INFO: Run Behavior\ReadHtmlCacheBehavior [ RunTime:0.001499s ]
INFO: [ app_begin ] --END-- [ RunTime:0.001712s ]
SQL: SHOW COLUMNS FROM `camera` [ RunTime:0.0038s ]
SQL: SELECT * FROM `camera` WHERE ( cameraid='5' ) LIMIT 1   [ RunTime:0.0003s ]
SQL: SELECT * FROM `camera` WHERE ( cameraid='5' ) LIMIT 1   [ RunTime:0.0002s ]
SQL: SELECT `cameraname`,`cameraid` FROM `camera` WHERE ( userid='clever' )  [ RunTime:0.0002s ]
SQL: SHOW COLUMNS FROM `instrument` [ RunTime:0.0030s ]
SQL: SELECT `instrumentid`,`instrumentinfo` FROM `instrument` WHERE ( cameraid='5' )  [ RunTime:0.0003s ]
INFO: [ view_parse ] --START--
NOTIC: [8] Undefined index: value D:\desktop\App\data.test\ThinkPHP\Library\Think\Template\TagLib\Cx.class.php 第 251 行.
INFO: [ template_filter ] --START--
INFO: Run Behavior\ContentReplaceBehavior [ RunTime:0.000172s ]
INFO: [ template_filter ] --END-- [ RunTime:0.000283s ]
INFO: Run Behavior\ParseTemplateBehavior [ RunTime:0.031083s ]
INFO: [ view_parse ] --END-- [ RunTime:0.031315s ]
INFO: [ view_filter ] --START--
INFO: Run Behavior\WriteHtmlCacheBehavior [ RunTime:0.000871s ]
INFO: [ view_filter ] --END-- [ RunTime:0.000931s ]
INFO: [ app_end ] --START--
INFO: Run Behavior\ShowPageTraceBehavior [ RunTime:0.002557s ]
INFO: [ app_end ] --END-- [ RunTime:0.002866s ]

[ 2016-10-16T14:13:37+08:00 ] 127.0.0.1 /user.php/camera/camera/cameraid/4.html
INFO: [ app_init ] --START--
INFO: Run Behavior\BuildLiteBehavior [ RunTime:0.000027s ]
INFO: [ app_init ] --END-- [ RunTime:0.000838s ]
INFO: [ app_begin ] --START--
INFO: Run Behavior\ReadHtmlCacheBehavior [ RunTime:0.001177s ]
INFO: [ app_begin ] --END-- [ RunTime:0.001273s ]
SQL: SHOW COLUMNS FROM `camera` [ RunTime:0.0035s ]
SQL: SELECT * FROM `camera` WHERE ( cameraid='4' ) LIMIT 1   [ RunTime:0.0004s ]
SQL: SELECT * FROM `camera` WHERE ( cameraid='4' ) LIMIT 1   [ RunTime:0.0004s ]
SQL: SELECT `cameraname`,`cameraid` FROM `camera` WHERE ( userid='clever' )  [ RunTime:0.0005s ]
SQL: SHOW COLUMNS FROM `instrument` [ RunTime:0.0058s ]
SQL: SELECT `instrumentid`,`instrumentinfo` FROM `instrument` WHERE ( cameraid='4' )  [ RunTime:0.0006s ]
SQL: SHOW COLUMNS FROM `data` [ RunTime:0.0043s ]
SQL: SELECT `data`,`datatime` FROM `data` WHERE ( instrumentid='4' ) ORDER BY datatime desc LIMIT 15   [ RunTime:0.0004s ]
SQL: SELECT `data`,`datatime` FROM `data` WHERE ( instrumentid='8' ) ORDER BY datatime desc LIMIT 15   [ RunTime:0.0003s ]
SQL: SELECT `data`,`datatime` FROM `data` WHERE ( instrumentid='12' ) ORDER BY datatime desc LIMIT 15   [ RunTime:0.0003s ]
INFO: [ view_parse ] --START--
NOTIC: [8] Undefined index: value D:\desktop\App\data.test\ThinkPHP\Library\Think\Template\TagLib\Cx.class.php 第 251 行.
INFO: [ template_filter ] --START--
INFO: Run Behavior\ContentReplaceBehavior [ RunTime:0.000197s ]
INFO: [ template_filter ] --END-- [ RunTime:0.000321s ]
NOTIC: [8] Undefined index: instrumentid1 D:\desktop\App\data.test\User\Runtime\Cache\Home\281d6139b43850b4ede9efc58c195441.php 第 126 行.
NOTIC: [8] Undefined index: instrumentinfo1 D:\desktop\App\data.test\User\Runtime\Cache\Home\281d6139b43850b4ede9efc58c195441.php 第 126 行.
NOTIC: [8] Undefined index: instrumentid1 D:\desktop\App\data.test\User\Runtime\Cache\Home\281d6139b43850b4ede9efc58c195441.php 第 127 行.
NOTIC: [8] Undefined index: instrumentid0 D:\desktop\App\data.test\User\Runtime\Cache\Home\281d6139b43850b4ede9efc58c195441.php 第 155 行.
NOTIC: [8] Undefined index: instrumentinfo0 D:\desktop\App\data.test\User\Runtime\Cache\Home\281d6139b43850b4ede9efc58c195441.php 第 162 行.
NOTIC: [8] Undefined index: data0 D:\desktop\App\data.test\User\Runtime\Cache\Home\281d6139b43850b4ede9efc58c195441.php 第 176 行.
NOTIC: [8] Undefined index: instrumentinfo0 D:\desktop\App\data.test\User\Runtime\Cache\Home\281d6139b43850b4ede9efc58c195441.php 第 188 行.
NOTIC: [8] Undefined index: data0 D:\desktop\App\data.test\User\Runtime\Cache\Home\281d6139b43850b4ede9efc58c195441.php 第 193 行.
NOTIC: [8] Undefined index: instrumentid1 D:\desktop\App\data.test\User\Runtime\Cache\Home\281d6139b43850b4ede9efc58c195441.php 第 205 行.
NOTIC: [8] Undefined index: instrumentinfo1 D:\desktop\App\data.test\User\Runtime\Cache\Home\281d6139b43850b4ede9efc58c195441.php 第 212 行.
NOTIC: [8] Undefined index: data1 D:\desktop\App\data.test\User\Runtime\Cache\Home\281d6139b43850b4ede9efc58c195441.php 第 226 行.
NOTIC: [8] Undefined index: instrumentinfo1 D:\desktop\App\data.test\User\Runtime\Cache\Home\281d6139b43850b4ede9efc58c195441.php 第 237 行.
NOTIC: [8] Undefined index: data1 D:\desktop\App\data.test\User\Runtime\Cache\Home\281d6139b43850b4ede9efc58c195441.php 第 247 行.
NOTIC: [8] Undefined index: instrumentid1 D:\desktop\App\data.test\User\Runtime\Cache\Home\281d6139b43850b4ede9efc58c195441.php 第 205 行.
NOTIC: [8] Undefined index: instrumentinfo1 D:\desktop\App\data.test\User\Runtime\Cache\Home\281d6139b43850b4ede9efc58c195441.php 第 212 行.
NOTIC: [8] Undefined index: data1 D:\desktop\App\data.test\User\Runtime\Cache\Home\281d6139b43850b4ede9efc58c195441.php 第 226 行.
NOTIC: [8] Undefined index: instrumentinfo1 D:\desktop\App\data.test\User\Runtime\Cache\Home\281d6139b43850b4ede9efc58c195441.php 第 237 行.
NOTIC: [8] Undefined index: data1 D:\desktop\App\data.test\User\Runtime\Cache\Home\281d6139b43850b4ede9efc58c195441.php 第 247 行.
INFO: Run Behavior\ParseTemplateBehavior [ RunTime:0.026192s ]
INFO: [ view_parse ] --END-- [ RunTime:0.026271s ]
INFO: [ view_filter ] --START--
INFO: Run Behavior\WriteHtmlCacheBehavior [ RunTime:0.000613s ]
INFO: [ view_filter ] --END-- [ RunTime:0.000664s ]
INFO: [ app_end ] --START--
INFO: Run Behavior\ShowPageTraceBehavior [ RunTime:0.001500s ]
INFO: [ app_end ] --END-- [ RunTime:0.001622s ]

[ 2016-10-16T14:14:07+08:00 ] 127.0.0.1 /user.php/camera/camera/cameraid/5.html
INFO: [ app_init ] --START--
INFO: Run Behavior\BuildLiteBehavior [ RunTime:0.000018s ]
INFO: [ app_init ] --END-- [ RunTime:0.000690s ]
INFO: [ app_begin ] --START--
INFO: Run Behavior\ReadHtmlCacheBehavior [ RunTime:0.000793s ]
INFO: [ app_begin ] --END-- [ RunTime:0.000867s ]
SQL: SHOW COLUMNS FROM `camera` [ RunTime:0.0051s ]
SQL: SELECT * FROM `camera` WHERE ( cameraid='5' ) LIMIT 1   [ RunTime:0.0004s ]
SQL: SELECT * FROM `camera` WHERE ( cameraid='5' ) LIMIT 1   [ RunTime:0.0003s ]
SQL: SELECT `cameraname`,`cameraid` FROM `camera` WHERE ( userid='clever' )  [ RunTime:0.0003s ]
SQL: SHOW COLUMNS FROM `instrument` [ RunTime:0.0033s ]
SQL: SELECT `instrumentid`,`instrumentinfo` FROM `instrument` WHERE ( cameraid='5' )  [ RunTime:0.0003s ]
INFO: [ view_parse ] --START--
NOTIC: [8] Undefined index: value D:\desktop\App\data.test\ThinkPHP\Library\Think\Template\TagLib\Cx.class.php 第 251 行.
INFO: [ template_filter ] --START--
INFO: Run Behavior\ContentReplaceBehavior [ RunTime:0.000108s ]
INFO: [ template_filter ] --END-- [ RunTime:0.000163s ]
INFO: Run Behavior\ParseTemplateBehavior [ RunTime:0.026292s ]
INFO: [ view_parse ] --END-- [ RunTime:0.026591s ]
INFO: [ view_filter ] --START--
INFO: Run Behavior\WriteHtmlCacheBehavior [ RunTime:0.002020s ]
INFO: [ view_filter ] --END-- [ RunTime:0.002182s ]
INFO: [ app_end ] --START--
INFO: Run Behavior\ShowPageTraceBehavior [ RunTime:0.001498s ]
INFO: [ app_end ] --END-- [ RunTime:0.001587s ]

[ 2016-10-16T14:14:11+08:00 ] 127.0.0.1 /user.php/camera/camera/cameraid/4.html
INFO: [ app_init ] --START--
INFO: Run Behavior\BuildLiteBehavior [ RunTime:0.000025s ]
INFO: [ app_init ] --END-- [ RunTime:0.000743s ]
INFO: [ app_begin ] --START--
INFO: Run Behavior\ReadHtmlCacheBehavior [ RunTime:0.001266s ]
INFO: [ app_begin ] --END-- [ RunTime:0.001471s ]
SQL: SHOW COLUMNS FROM `camera` [ RunTime:0.0041s ]
SQL: SELECT * FROM `camera` WHERE ( cameraid='4' ) LIMIT 1   [ RunTime:0.0005s ]
SQL: SELECT * FROM `camera` WHERE ( cameraid='4' ) LIMIT 1   [ RunTime:0.0012s ]
SQL: SELECT `cameraname`,`cameraid` FROM `camera` WHERE ( userid='clever' )  [ RunTime:0.0004s ]
SQL: SHOW COLUMNS FROM `instrument` [ RunTime:0.0043s ]
SQL: SELECT `instrumentid`,`instrumentinfo` FROM `instrument` WHERE ( cameraid='4' )  [ RunTime:0.0004s ]
SQL: SHOW COLUMNS FROM `data` [ RunTime:0.0042s ]
SQL: SELECT `data`,`datatime` FROM `data` WHERE ( instrumentid='4' ) ORDER BY datatime desc LIMIT 15   [ RunTime:0.0004s ]
SQL: SELECT `data`,`datatime` FROM `data` WHERE ( instrumentid='8' ) ORDER BY datatime desc LIMIT 15   [ RunTime:0.0003s ]
SQL: SELECT `data`,`datatime` FROM `data` WHERE ( instrumentid='12' ) ORDER BY datatime desc LIMIT 15   [ RunTime:0.0003s ]
INFO: [ view_parse ] --START--
NOTIC: [8] Undefined index: value D:\desktop\App\data.test\ThinkPHP\Library\Think\Template\TagLib\Cx.class.php 第 251 行.
INFO: [ template_filter ] --START--
INFO: Run Behavior\ContentReplaceBehavior [ RunTime:0.000129s ]
INFO: [ template_filter ] --END-- [ RunTime:0.000213s ]
NOTIC: [8] Undefined index: instrumentid1 D:\desktop\App\data.test\User\Runtime\Cache\Home\281d6139b43850b4ede9efc58c195441.php 第 126 行.
NOTIC: [8] Undefined index: instrumentinfo1 D:\desktop\App\data.test\User\Runtime\Cache\Home\281d6139b43850b4ede9efc58c195441.php 第 126 行.
NOTIC: [8] Undefined index: instrumentid1 D:\desktop\App\data.test\User\Runtime\Cache\Home\281d6139b43850b4ede9efc58c195441.php 第 127 行.
NOTIC: [8] Undefined index: instrumentid0 D:\desktop\App\data.test\User\Runtime\Cache\Home\281d6139b43850b4ede9efc58c195441.php 第 155 行.
NOTIC: [8] Undefined index: instrumentinfo0 D:\desktop\App\data.test\User\Runtime\Cache\Home\281d6139b43850b4ede9efc58c195441.php 第 162 行.
NOTIC: [8] Undefined index: data0 D:\desktop\App\data.test\User\Runtime\Cache\Home\281d6139b43850b4ede9efc58c195441.php 第 176 行.
NOTIC: [8] Undefined index: instrumentinfo0 D:\desktop\App\data.test\User\Runtime\Cache\Home\281d6139b43850b4ede9efc58c195441.php 第 188 行.
NOTIC: [8] Undefined index: data0 D:\desktop\App\data.test\User\Runtime\Cache\Home\281d6139b43850b4ede9efc58c195441.php 第 193 行.
NOTIC: [8] Undefined index: instrumentid1 D:\desktop\App\data.test\User\Runtime\Cache\Home\281d6139b43850b4ede9efc58c195441.php 第 205 行.
NOTIC: [8] Undefined index: instrumentinfo1 D:\desktop\App\data.test\User\Runtime\Cache\Home\281d6139b43850b4ede9efc58c195441.php 第 212 行.
NOTIC: [8] Undefined index: data1 D:\desktop\App\data.test\User\Runtime\Cache\Home\281d6139b43850b4ede9efc58c195441.php 第 226 行.
NOTIC: [8] Undefined index: instrumentinfo1 D:\desktop\App\data.test\User\Runtime\Cache\Home\281d6139b43850b4ede9efc58c195441.php 第 237 行.
NOTIC: [8] Undefined index: data1 D:\desktop\App\data.test\User\Runtime\Cache\Home\281d6139b43850b4ede9efc58c195441.php 第 247 行.
NOTIC: [8] Undefined index: instrumentid1 D:\desktop\App\data.test\User\Runtime\Cache\Home\281d6139b43850b4ede9efc58c195441.php 第 205 行.
NOTIC: [8] Undefined index: instrumentinfo1 D:\desktop\App\data.test\User\Runtime\Cache\Home\281d6139b43850b4ede9efc58c195441.php 第 212 行.
NOTIC: [8] Undefined index: data1 D:\desktop\App\data.test\User\Runtime\Cache\Home\281d6139b43850b4ede9efc58c195441.php 第 226 行.
NOTIC: [8] Undefined index: instrumentinfo1 D:\desktop\App\data.test\User\Runtime\Cache\Home\281d6139b43850b4ede9efc58c195441.php 第 237 行.
NOTIC: [8] Undefined index: data1 D:\desktop\App\data.test\User\Runtime\Cache\Home\281d6139b43850b4ede9efc58c195441.php 第 247 行.
INFO: Run Behavior\ParseTemplateBehavior [ RunTime:0.026884s ]
INFO: [ view_parse ] --END-- [ RunTime:0.026965s ]
INFO: [ view_filter ] --START--
INFO: Run Behavior\WriteHtmlCacheBehavior [ RunTime:0.000682s ]
INFO: [ view_filter ] --END-- [ RunTime:0.000738s ]
INFO: [ app_end ] --START--
INFO: Run Behavior\ShowPageTraceBehavior [ RunTime:0.000945s ]
INFO: [ app_end ] --END-- [ RunTime:0.001033s ]

[ 2016-10-16T14:14:16+08:00 ] 127.0.0.1 /user.php/camera/camera/cameraid/1.html
INFO: [ app_init ] --START--
INFO: Run Behavior\BuildLiteBehavior [ RunTime:0.000027s ]
INFO: [ app_init ] --END-- [ RunTime:0.000857s ]
INFO: [ app_begin ] --START--
INFO: Run Behavior\ReadHtmlCacheBehavior [ RunTime:0.001600s ]
INFO: [ app_begin ] --END-- [ RunTime:0.001823s ]
SQL: SHOW COLUMNS FROM `camera` [ RunTime:0.0089s ]
SQL: SELECT * FROM `camera` WHERE ( cameraid='1' ) LIMIT 1   [ RunTime:0.0005s ]
SQL: SELECT * FROM `camera` WHERE ( cameraid='1' ) LIMIT 1   [ RunTime:0.0004s ]
SQL: SELECT `cameraname`,`cameraid` FROM `camera` WHERE ( userid='clever' )  [ RunTime:0.0004s ]
SQL: SHOW COLUMNS FROM `instrument` [ RunTime:0.0059s ]
SQL: SELECT `instrumentid`,`instrumentinfo` FROM `instrument` WHERE ( cameraid='1' )  [ RunTime:0.0005s ]
SQL: SHOW COLUMNS FROM `data` [ RunTime:0.0054s ]
SQL: SELECT `data`,`datatime` FROM `data` WHERE ( instrumentid='1' ) ORDER BY datatime desc LIMIT 15   [ RunTime:0.0006s ]
SQL: SELECT `data`,`datatime` FROM `data` WHERE ( instrumentid='5' ) ORDER BY datatime desc LIMIT 15   [ RunTime:0.0006s ]
SQL: SELECT `data`,`datatime` FROM `data` WHERE ( instrumentid='9' ) ORDER BY datatime desc LIMIT 15   [ RunTime:0.0006s ]
SQL: SELECT `data`,`datatime` FROM `data` WHERE ( instrumentid='13' ) ORDER BY datatime desc LIMIT 15   [ RunTime:0.0005s ]
INFO: [ view_parse ] --START--
NOTIC: [8] Undefined index: value D:\desktop\App\data.test\ThinkPHP\Library\Think\Template\TagLib\Cx.class.php 第 251 行.
INFO: [ template_filter ] --START--
INFO: Run Behavior\ContentReplaceBehavior [ RunTime:0.000505s ]
INFO: [ template_filter ] --END-- [ RunTime:0.000948s ]
NOTIC: [8] Undefined index: instrumentid0 D:\desktop\App\data.test\User\Runtime\Cache\Home\281d6139b43850b4ede9efc58c195441.php 第 155 行.
NOTIC: [8] Undefined index: instrumentinfo0 D:\desktop\App\data.test\User\Runtime\Cache\Home\281d6139b43850b4ede9efc58c195441.php 第 162 行.
NOTIC: [8] Undefined index: data0 D:\desktop\App\data.test\User\Runtime\Cache\Home\281d6139b43850b4ede9efc58c195441.php 第 176 行.
NOTIC: [8] Undefined index: instrumentinfo0 D:\desktop\App\data.test\User\Runtime\Cache\Home\281d6139b43850b4ede9efc58c195441.php 第 188 行.
NOTIC: [8] Undefined index: data0 D:\desktop\App\data.test\User\Runtime\Cache\Home\281d6139b43850b4ede9efc58c195441.php 第 193 行.
NOTIC: [8] Undefined index: instrumentid1 D:\desktop\App\data.test\User\Runtime\Cache\Home\281d6139b43850b4ede9efc58c195441.php 第 205 行.
NOTIC: [8] Undefined index: instrumentinfo1 D:\desktop\App\data.test\User\Runtime\Cache\Home\281d6139b43850b4ede9efc58c195441.php 第 212 行.
NOTIC: [8] Undefined index: data1 D:\desktop\App\data.test\User\Runtime\Cache\Home\281d6139b43850b4ede9efc58c195441.php 第 226 行.
NOTIC: [8] Undefined index: instrumentinfo1 D:\desktop\App\data.test\User\Runtime\Cache\Home\281d6139b43850b4ede9efc58c195441.php 第 237 行.
NOTIC: [8] Undefined index: data1 D:\desktop\App\data.test\User\Runtime\Cache\Home\281d6139b43850b4ede9efc58c195441.php 第 247 行.
NOTIC: [8] Undefined index: instrumentid0 D:\desktop\App\data.test\User\Runtime\Cache\Home\281d6139b43850b4ede9efc58c195441.php 第 155 行.
NOTIC: [8] Undefined index: instrumentinfo0 D:\desktop\App\data.test\User\Runtime\Cache\Home\281d6139b43850b4ede9efc58c195441.php 第 162 行.
NOTIC: [8] Undefined index: data0 D:\desktop\App\data.test\User\Runtime\Cache\Home\281d6139b43850b4ede9efc58c195441.php 第 176 行.
NOTIC: [8] Undefined index: instrumentinfo0 D:\desktop\App\data.test\User\Runtime\Cache\Home\281d6139b43850b4ede9efc58c195441.php 第 188 行.
NOTIC: [8] Undefined index: data0 D:\desktop\App\data.test\User\Runtime\Cache\Home\281d6139b43850b4ede9efc58c195441.php 第 193 行.
NOTIC: [8] Undefined index: instrumentid1 D:\desktop\App\data.test\User\Runtime\Cache\Home\281d6139b43850b4ede9efc58c195441.php 第 205 行.
NOTIC: [8] Undefined index: instrumentinfo1 D:\desktop\App\data.test\User\Runtime\Cache\Home\281d6139b43850b4ede9efc58c195441.php 第 212 行.
NOTIC: [8] Undefined index: data1 D:\desktop\App\data.test\User\Runtime\Cache\Home\281d6139b43850b4ede9efc58c195441.php 第 226 行.
NOTIC: [8] Undefined index: instrumentinfo1 D:\desktop\App\data.test\User\Runtime\Cache\Home\281d6139b43850b4ede9efc58c195441.php 第 237 行.
NOTIC: [8] Undefined index: data1 D:\desktop\App\data.test\User\Runtime\Cache\Home\281d6139b43850b4ede9efc58c195441.php 第 247 行.
INFO: Run Behavior\ParseTemplateBehavior [ RunTime:0.044339s ]
INFO: [ view_parse ] --END-- [ RunTime:0.044475s ]
INFO: [ view_filter ] --START--
INFO: Run Behavior\WriteHtmlCacheBehavior [ RunTime:0.001170s ]
INFO: [ view_filter ] --END-- [ RunTime:0.001266s ]
INFO: [ app_end ] --START--
INFO: Run Behavior\ShowPageTraceBehavior [ RunTime:0.007088s ]
INFO: [ app_end ] --END-- [ RunTime:0.007267s ]

