[ 2016-10-11T11:15:40+08:00 ] 127.0.0.1 /user.php/camera/camera/cameraid/2.html
INFO: [ app_init ] --START--
INFO: Run Behavior\BuildLiteBehavior [ RunTime:0.000000s ]
INFO: [ app_init ] --END-- [ RunTime:0.064004s ]
INFO: [ app_begin ] --START--
INFO: Run Behavior\ReadHtmlCacheBehavior [ RunTime:0.001000s ]
INFO: [ app_begin ] --END-- [ RunTime:0.001000s ]

[ 2016-10-11T11:15:40+08:00 ] 127.0.0.1 /user.php/login/login.html
INFO: [ app_init ] --START--
INFO: Run Behavior\BuildLiteBehavior [ RunTime:0.000000s ]
INFO: [ app_init ] --END-- [ RunTime:0.000000s ]
INFO: [ app_begin ] --START--
INFO: Run Behavior\ReadHtmlCacheBehavior [ RunTime:0.000000s ]
INFO: [ app_begin ] --END-- [ RunTime:0.000000s ]
INFO: [ view_parse ] --START--
INFO: [ template_filter ] --START--
INFO: Run Behavior\ContentReplaceBehavior [ RunTime:0.015001s ]
INFO: [ template_filter ] --END-- [ RunTime:0.015001s ]
INFO: Run Behavior\ParseTemplateBehavior [ RunTime:0.041002s ]
INFO: [ view_parse ] --END-- [ RunTime:0.041002s ]
INFO: [ view_filter ] --START--
INFO: Run Behavior\WriteHtmlCacheBehavior [ RunTime:0.000000s ]
INFO: [ view_filter ] --END-- [ RunTime:0.000000s ]
INFO: [ app_end ] --START--
INFO: Run Behavior\ShowPageTraceBehavior [ RunTime:0.011001s ]
INFO: [ app_end ] --END-- [ RunTime:0.011001s ]

[ 2016-10-11T11:15:47+08:00 ] 127.0.0.1 /user.php/login/checklogin.html
INFO: [ app_init ] --START--
INFO: Run Behavior\BuildLiteBehavior [ RunTime:0.000000s ]
INFO: [ app_init ] --END-- [ RunTime:0.000000s ]
INFO: [ app_begin ] --START--
INFO: Run Behavior\ReadHtmlCacheBehavior [ RunTime:0.001000s ]
INFO: [ app_begin ] --END-- [ RunTime:0.001000s ]
NOTIC: [8] Undefined index: setcookie D:\App\back-end\User\Home\Controller\LoginController.class.php 第 11 行.
SQL: SHOW COLUMNS FROM `user` [ RunTime:0.0160s ]
SQL: SELECT * FROM `user` WHERE ( username='clever' ) LIMIT 1   [ RunTime:0.0140s ]

[ 2016-10-11T11:15:47+08:00 ] 127.0.0.1 /user.php/user/user.html
INFO: [ app_init ] --START--
INFO: Run Behavior\BuildLiteBehavior [ RunTime:0.000000s ]
INFO: [ app_init ] --END-- [ RunTime:0.001000s ]
INFO: [ app_begin ] --START--
INFO: Run Behavior\ReadHtmlCacheBehavior [ RunTime:0.000000s ]
INFO: [ app_begin ] --END-- [ RunTime:0.000000s ]
INFO: [ view_parse ] --START--
INFO: [ template_filter ] --START--
INFO: Run Behavior\ContentReplaceBehavior [ RunTime:0.000000s ]
INFO: [ template_filter ] --END-- [ RunTime:0.000000s ]
INFO: Run Behavior\ParseTemplateBehavior [ RunTime:0.019001s ]
INFO: [ view_parse ] --END-- [ RunTime:0.019001s ]
INFO: [ view_filter ] --START--
INFO: Run Behavior\WriteHtmlCacheBehavior [ RunTime:0.000000s ]
INFO: [ view_filter ] --END-- [ RunTime:0.000000s ]
INFO: [ app_end ] --START--
INFO: Run Behavior\ShowPageTraceBehavior [ RunTime:0.000000s ]
INFO: [ app_end ] --END-- [ RunTime:0.000000s ]

[ 2016-10-11T11:15:48+08:00 ] 127.0.0.1 /user.php/userindex/userindex.html
INFO: [ app_init ] --START--
INFO: Run Behavior\BuildLiteBehavior [ RunTime:0.000000s ]
INFO: [ app_init ] --END-- [ RunTime:0.000000s ]
INFO: [ app_begin ] --START--
INFO: Run Behavior\ReadHtmlCacheBehavior [ RunTime:0.001000s ]
INFO: [ app_begin ] --END-- [ RunTime:0.001000s ]
SQL: SHOW COLUMNS FROM `camera` [ RunTime:0.0290s ]
SQL: SELECT * FROM `camera` WHERE ( userid='clever' )  [ RunTime:0.0450s ]
INFO: [ view_parse ] --START--
INFO: [ template_filter ] --START--
INFO: Run Behavior\ContentReplaceBehavior [ RunTime:0.000000s ]
INFO: [ template_filter ] --END-- [ RunTime:0.000000s ]
NOTIC: [8] Undefined index: cameraid1 D:\App\back-end\User\Runtime\Cache\Home\71cf6b81dd44fc4c49d214267fed8e89.php 第 98 行.
NOTIC: [8] Undefined index: cameraname1 D:\App\back-end\User\Runtime\Cache\Home\71cf6b81dd44fc4c49d214267fed8e89.php 第 98 行.
NOTIC: [8] Undefined index: cameraid2 D:\App\back-end\User\Runtime\Cache\Home\71cf6b81dd44fc4c49d214267fed8e89.php 第 103 行.
NOTIC: [8] Undefined index: cameraname2 D:\App\back-end\User\Runtime\Cache\Home\71cf6b81dd44fc4c49d214267fed8e89.php 第 103 行.
NOTIC: [8] Undefined index: cameraid3 D:\App\back-end\User\Runtime\Cache\Home\71cf6b81dd44fc4c49d214267fed8e89.php 第 108 行.
NOTIC: [8] Undefined index: cameraname3 D:\App\back-end\User\Runtime\Cache\Home\71cf6b81dd44fc4c49d214267fed8e89.php 第 108 行.
INFO: Run Behavior\ParseTemplateBehavior [ RunTime:0.075004s ]
INFO: [ view_parse ] --END-- [ RunTime:0.075004s ]
INFO: [ view_filter ] --START--
INFO: Run Behavior\WriteHtmlCacheBehavior [ RunTime:0.000000s ]
INFO: [ view_filter ] --END-- [ RunTime:0.000000s ]
INFO: [ app_end ] --START--
INFO: Run Behavior\ShowPageTraceBehavior [ RunTime:0.000000s ]
INFO: [ app_end ] --END-- [ RunTime:0.000000s ]

[ 2016-10-11T11:15:52+08:00 ] 127.0.0.1 /user.php/camera/camera/cameraid/2.html
INFO: [ app_init ] --START--
INFO: Run Behavior\BuildLiteBehavior [ RunTime:0.000000s ]
INFO: [ app_init ] --END-- [ RunTime:0.000000s ]
INFO: [ app_begin ] --START--
INFO: Run Behavior\ReadHtmlCacheBehavior [ RunTime:0.000000s ]
INFO: [ app_begin ] --END-- [ RunTime:0.001000s ]
SQL: SHOW COLUMNS FROM `camera` [ RunTime:0.0010s ]
SQL: SELECT * FROM `camera` WHERE ( cameraid='2' ) LIMIT 1   [ RunTime:0.0000s ]
SQL: SELECT * FROM `camera` WHERE ( cameraid='2' ) LIMIT 1   [ RunTime:0.0000s ]
SQL: SELECT `cameraname`,`cameraid` FROM `camera` WHERE ( userid='clever' )  [ RunTime:0.0000s ]
SQL: SHOW COLUMNS FROM `instrument` [ RunTime:0.0170s ]
SQL: SELECT `instrumentid`,`instrumentinfo` FROM `instrument` WHERE ( cameraid='2' )  [ RunTime:0.0230s ]
SQL: SHOW COLUMNS FROM `data` [ RunTime:0.0530s ]
SQL: SELECT `data`,`datatime` FROM `data` WHERE ( instrumentid='2' ) ORDER BY datatime desc LIMIT 15   [ RunTime:0.0390s ]
SQL: SELECT `data`,`datatime` FROM `data` WHERE ( instrumentid='6' ) ORDER BY datatime desc LIMIT 15   [ RunTime:0.0000s ]
SQL: SELECT `data`,`datatime` FROM `data` WHERE ( instrumentid='10' ) ORDER BY datatime desc LIMIT 15   [ RunTime:0.0010s ]
SQL: SELECT `data`,`datatime` FROM `data` WHERE ( instrumentid='14' ) ORDER BY datatime desc LIMIT 15   [ RunTime:0.0000s ]
INFO: [ view_parse ] --START--
NOTIC: [8] Undefined index: value D:\App\back-end\ThinkPHP\Library\Think\Template\TagLib\Cx.class.php 第 251 行.
INFO: [ template_filter ] --START--
INFO: Run Behavior\ContentReplaceBehavior [ RunTime:0.000000s ]
INFO: [ template_filter ] --END-- [ RunTime:0.000000s ]
NOTIC: [8] Undefined index: instrumentid0 D:\App\back-end\User\Runtime\Cache\Home\281d6139b43850b4ede9efc58c195441.php 第 155 行.
NOTIC: [8] Undefined index: instrumentinfo0 D:\App\back-end\User\Runtime\Cache\Home\281d6139b43850b4ede9efc58c195441.php 第 162 行.
NOTIC: [8] Undefined index: data0 D:\App\back-end\User\Runtime\Cache\Home\281d6139b43850b4ede9efc58c195441.php 第 176 行.
NOTIC: [8] Undefined index: instrumentinfo0 D:\App\back-end\User\Runtime\Cache\Home\281d6139b43850b4ede9efc58c195441.php 第 188 行.
NOTIC: [8] Undefined index: data0 D:\App\back-end\User\Runtime\Cache\Home\281d6139b43850b4ede9efc58c195441.php 第 193 行.
NOTIC: [8] Undefined index: instrumentid1 D:\App\back-end\User\Runtime\Cache\Home\281d6139b43850b4ede9efc58c195441.php 第 205 行.
NOTIC: [8] Undefined index: instrumentinfo1 D:\App\back-end\User\Runtime\Cache\Home\281d6139b43850b4ede9efc58c195441.php 第 212 行.
NOTIC: [8] Undefined index: data1 D:\App\back-end\User\Runtime\Cache\Home\281d6139b43850b4ede9efc58c195441.php 第 226 行.
NOTIC: [8] Undefined index: instrumentinfo1 D:\App\back-end\User\Runtime\Cache\Home\281d6139b43850b4ede9efc58c195441.php 第 237 行.
NOTIC: [8] Undefined index: data1 D:\App\back-end\User\Runtime\Cache\Home\281d6139b43850b4ede9efc58c195441.php 第 247 行.
NOTIC: [8] Undefined index: instrumentid0 D:\App\back-end\User\Runtime\Cache\Home\281d6139b43850b4ede9efc58c195441.php 第 155 行.
NOTIC: [8] Undefined index: instrumentinfo0 D:\App\back-end\User\Runtime\Cache\Home\281d6139b43850b4ede9efc58c195441.php 第 162 行.
NOTIC: [8] Undefined index: data0 D:\App\back-end\User\Runtime\Cache\Home\281d6139b43850b4ede9efc58c195441.php 第 176 行.
NOTIC: [8] Undefined index: instrumentinfo0 D:\App\back-end\User\Runtime\Cache\Home\281d6139b43850b4ede9efc58c195441.php 第 188 行.
NOTIC: [8] Undefined index: data0 D:\App\back-end\User\Runtime\Cache\Home\281d6139b43850b4ede9efc58c195441.php 第 193 行.
NOTIC: [8] Undefined index: instrumentid1 D:\App\back-end\User\Runtime\Cache\Home\281d6139b43850b4ede9efc58c195441.php 第 205 行.
NOTIC: [8] Undefined index: instrumentinfo1 D:\App\back-end\User\Runtime\Cache\Home\281d6139b43850b4ede9efc58c195441.php 第 212 行.
NOTIC: [8] Undefined index: data1 D:\App\back-end\User\Runtime\Cache\Home\281d6139b43850b4ede9efc58c195441.php 第 226 行.
NOTIC: [8] Undefined index: instrumentinfo1 D:\App\back-end\User\Runtime\Cache\Home\281d6139b43850b4ede9efc58c195441.php 第 237 行.
NOTIC: [8] Undefined index: data1 D:\App\back-end\User\Runtime\Cache\Home\281d6139b43850b4ede9efc58c195441.php 第 247 行.
INFO: Run Behavior\ParseTemplateBehavior [ RunTime:0.063003s ]
INFO: [ view_parse ] --END-- [ RunTime:0.063003s ]
INFO: [ view_filter ] --START--
INFO: Run Behavior\WriteHtmlCacheBehavior [ RunTime:0.000000s ]
INFO: [ view_filter ] --END-- [ RunTime:0.000000s ]
INFO: [ app_end ] --START--
INFO: Run Behavior\ShowPageTraceBehavior [ RunTime:0.000000s ]
INFO: [ app_end ] --END-- [ RunTime:0.000000s ]

[ 2016-10-11T11:15:56+08:00 ] 127.0.0.1 /user.php/data/data/instrumentid/2.html
INFO: [ app_init ] --START--
INFO: Run Behavior\BuildLiteBehavior [ RunTime:0.000000s ]
INFO: [ app_init ] --END-- [ RunTime:0.000000s ]
INFO: [ app_begin ] --START--
INFO: Run Behavior\ReadHtmlCacheBehavior [ RunTime:0.001001s ]
INFO: [ app_begin ] --END-- [ RunTime:0.001001s ]
SQL: SHOW COLUMNS FROM `instrument` [ RunTime:0.0010s ]
SQL: SELECT * FROM `instrument` WHERE ( instrumentid='2' ) LIMIT 1   [ RunTime:0.0010s ]
SQL: SHOW COLUMNS FROM `camera` [ RunTime:0.0090s ]
SQL: SELECT * FROM `camera` WHERE ( cameraid='2' ) LIMIT 1   [ RunTime:0.0000s ]
SQL: SHOW COLUMNS FROM `data` [ RunTime:0.0010s ]
SQL: SELECT * FROM `data` WHERE `instrumentid` = 2  [ RunTime:0.0000s ]
INFO: [ view_parse ] --START--
INFO: [ template_filter ] --START--
INFO: Run Behavior\ContentReplaceBehavior [ RunTime:0.000000s ]
INFO: [ template_filter ] --END-- [ RunTime:0.000000s ]
INFO: Run Behavior\ParseTemplateBehavior [ RunTime:0.020002s ]
INFO: [ view_parse ] --END-- [ RunTime:0.020002s ]
INFO: [ view_filter ] --START--
INFO: Run Behavior\WriteHtmlCacheBehavior [ RunTime:0.000000s ]
INFO: [ view_filter ] --END-- [ RunTime:0.000000s ]
INFO: [ app_end ] --START--
INFO: Run Behavior\ShowPageTraceBehavior [ RunTime:0.000000s ]
INFO: [ app_end ] --END-- [ RunTime:0.000000s ]

[ 2016-10-11T11:16:04+08:00 ] 127.0.0.1 /user.php/camera/camera/cameraid/1.html
INFO: [ app_init ] --START--
INFO: Run Behavior\BuildLiteBehavior [ RunTime:0.000000s ]
INFO: [ app_init ] --END-- [ RunTime:0.000000s ]
INFO: [ app_begin ] --START--
INFO: Run Behavior\ReadHtmlCacheBehavior [ RunTime:0.000000s ]
INFO: [ app_begin ] --END-- [ RunTime:0.000000s ]
SQL: SHOW COLUMNS FROM `camera` [ RunTime:0.0010s ]
SQL: SELECT * FROM `camera` WHERE ( cameraid='1' ) LIMIT 1   [ RunTime:0.0000s ]
SQL: SELECT * FROM `camera` WHERE ( cameraid='1' ) LIMIT 1   [ RunTime:0.0000s ]
SQL: SELECT `cameraname`,`cameraid` FROM `camera` WHERE ( userid='clever' )  [ RunTime:0.0000s ]
SQL: SHOW COLUMNS FROM `instrument` [ RunTime:0.0020s ]
SQL: SELECT `instrumentid`,`instrumentinfo` FROM `instrument` WHERE ( cameraid='1' )  [ RunTime:0.0000s ]
SQL: SHOW COLUMNS FROM `data` [ RunTime:0.0010s ]
SQL: SELECT `data`,`datatime` FROM `data` WHERE ( instrumentid='1' ) ORDER BY datatime desc LIMIT 15   [ RunTime:0.0000s ]
SQL: SELECT `data`,`datatime` FROM `data` WHERE ( instrumentid='5' ) ORDER BY datatime desc LIMIT 15   [ RunTime:0.0000s ]
SQL: SELECT `data`,`datatime` FROM `data` WHERE ( instrumentid='9' ) ORDER BY datatime desc LIMIT 15   [ RunTime:0.0000s ]
SQL: SELECT `data`,`datatime` FROM `data` WHERE ( instrumentid='13' ) ORDER BY datatime desc LIMIT 15   [ RunTime:0.0000s ]
INFO: [ view_parse ] --START--
NOTIC: [8] Undefined index: value D:\App\back-end\ThinkPHP\Library\Think\Template\TagLib\Cx.class.php 第 251 行.
INFO: [ template_filter ] --START--
INFO: Run Behavior\ContentReplaceBehavior [ RunTime:0.000000s ]
INFO: [ template_filter ] --END-- [ RunTime:0.000000s ]
NOTIC: [8] Undefined index: instrumentid0 D:\App\back-end\User\Runtime\Cache\Home\281d6139b43850b4ede9efc58c195441.php 第 155 行.
NOTIC: [8] Undefined index: instrumentinfo0 D:\App\back-end\User\Runtime\Cache\Home\281d6139b43850b4ede9efc58c195441.php 第 162 行.
NOTIC: [8] Undefined index: data0 D:\App\back-end\User\Runtime\Cache\Home\281d6139b43850b4ede9efc58c195441.php 第 176 行.
NOTIC: [8] Undefined index: instrumentinfo0 D:\App\back-end\User\Runtime\Cache\Home\281d6139b43850b4ede9efc58c195441.php 第 188 行.
NOTIC: [8] Undefined index: data0 D:\App\back-end\User\Runtime\Cache\Home\281d6139b43850b4ede9efc58c195441.php 第 193 行.
NOTIC: [8] Undefined index: instrumentid1 D:\App\back-end\User\Runtime\Cache\Home\281d6139b43850b4ede9efc58c195441.php 第 205 行.
NOTIC: [8] Undefined index: instrumentinfo1 D:\App\back-end\User\Runtime\Cache\Home\281d6139b43850b4ede9efc58c195441.php 第 212 行.
NOTIC: [8] Undefined index: data1 D:\App\back-end\User\Runtime\Cache\Home\281d6139b43850b4ede9efc58c195441.php 第 226 行.
NOTIC: [8] Undefined index: instrumentinfo1 D:\App\back-end\User\Runtime\Cache\Home\281d6139b43850b4ede9efc58c195441.php 第 237 行.
NOTIC: [8] Undefined index: data1 D:\App\back-end\User\Runtime\Cache\Home\281d6139b43850b4ede9efc58c195441.php 第 247 行.
INFO: Run Behavior\ParseTemplateBehavior [ RunTime:0.009000s ]
INFO: [ view_parse ] --END-- [ RunTime:0.009000s ]
INFO: [ view_filter ] --START--
INFO: Run Behavior\WriteHtmlCacheBehavior [ RunTime:0.000000s ]
INFO: [ view_filter ] --END-- [ RunTime:0.000000s ]
INFO: [ app_end ] --START--
INFO: Run Behavior\ShowPageTraceBehavior [ RunTime:0.001000s ]
INFO: [ app_end ] --END-- [ RunTime:0.001000s ]

[ 2016-10-11T11:16:07+08:00 ] 127.0.0.1 /user.php/data/data/instrumentid/1.html
INFO: [ app_init ] --START--
INFO: Run Behavior\BuildLiteBehavior [ RunTime:0.000000s ]
INFO: [ app_init ] --END-- [ RunTime:0.000000s ]
INFO: [ app_begin ] --START--
INFO: Run Behavior\ReadHtmlCacheBehavior [ RunTime:0.001000s ]
INFO: [ app_begin ] --END-- [ RunTime:0.001000s ]
SQL: SHOW COLUMNS FROM `instrument` [ RunTime:0.0010s ]
SQL: SELECT * FROM `instrument` WHERE ( instrumentid='1' ) LIMIT 1   [ RunTime:0.0000s ]
SQL: SHOW COLUMNS FROM `camera` [ RunTime:0.0010s ]
SQL: SELECT * FROM `camera` WHERE ( cameraid='1' ) LIMIT 1   [ RunTime:0.0000s ]
SQL: SHOW COLUMNS FROM `data` [ RunTime:0.0010s ]
SQL: SELECT * FROM `data` WHERE `instrumentid` = 1  [ RunTime:0.0010s ]
INFO: [ view_parse ] --START--
INFO: [ template_filter ] --START--
INFO: Run Behavior\ContentReplaceBehavior [ RunTime:0.000000s ]
INFO: [ template_filter ] --END-- [ RunTime:0.000000s ]
INFO: Run Behavior\ParseTemplateBehavior [ RunTime:0.005001s ]
INFO: [ view_parse ] --END-- [ RunTime:0.005001s ]
INFO: [ view_filter ] --START--
INFO: Run Behavior\WriteHtmlCacheBehavior [ RunTime:0.000000s ]
INFO: [ view_filter ] --END-- [ RunTime:0.000000s ]
INFO: [ app_end ] --START--
INFO: Run Behavior\ShowPageTraceBehavior [ RunTime:0.000000s ]
INFO: [ app_end ] --END-- [ RunTime:0.000000s ]

[ 2016-10-11T11:18:34+08:00 ] 127.0.0.1 /user.php/data/data.html
INFO: [ app_init ] --START--
INFO: Run Behavior\BuildLiteBehavior [ RunTime:0.000000s ]
INFO: [ app_init ] --END-- [ RunTime:0.000000s ]
INFO: [ app_begin ] --START--
INFO: Run Behavior\ReadHtmlCacheBehavior [ RunTime:0.000000s ]
INFO: [ app_begin ] --END-- [ RunTime:0.000000s ]
SQL: SHOW COLUMNS FROM `instrument` [ RunTime:0.0860s ]
SQL: SELECT * FROM `instrument` WHERE ( instrumentid='' ) LIMIT 1   [ RunTime:0.0000s ]
SQL: SHOW COLUMNS FROM `camera` [ RunTime:0.0010s ]
SQL: SELECT * FROM `camera` WHERE ( cameraid='' ) LIMIT 1   [ RunTime:0.0000s ]
SQL: SELECT * FROM `camera` WHERE ( userid='clever' ) LIMIT 1   [ RunTime:0.0000s ]
SQL: SELECT * FROM `instrument` WHERE ( cameraid='1' )  [ RunTime:0.0000s ]
NOTIC: [8] Undefined index: date1 D:\App\back-end\User\Home\Controller\DataController.class.php 第 22 行.
SQL: SHOW COLUMNS FROM `data` [ RunTime:0.0020s ]
SQL: SELECT * FROM `data` WHERE `instrumentid` = 1  [ RunTime:0.0000s ]
INFO: [ view_parse ] --START--
INFO: [ template_filter ] --START--
INFO: Run Behavior\ContentReplaceBehavior [ RunTime:0.000000s ]
INFO: [ template_filter ] --END-- [ RunTime:0.000000s ]
INFO: Run Behavior\ParseTemplateBehavior [ RunTime:0.005000s ]
INFO: [ view_parse ] --END-- [ RunTime:0.005000s ]
INFO: [ view_filter ] --START--
INFO: Run Behavior\WriteHtmlCacheBehavior [ RunTime:0.000000s ]
INFO: [ view_filter ] --END-- [ RunTime:0.000000s ]
INFO: [ app_end ] --START--
INFO: Run Behavior\ShowPageTraceBehavior [ RunTime:0.001000s ]
INFO: [ app_end ] --END-- [ RunTime:0.001000s ]

[ 2016-10-11T11:21:18+08:00 ] 127.0.0.1 /user.php/data/data.html
INFO: [ app_init ] --START--
INFO: Run Behavior\BuildLiteBehavior [ RunTime:0.000000s ]
INFO: [ app_init ] --END-- [ RunTime:0.000000s ]
INFO: [ app_begin ] --START--
INFO: Run Behavior\ReadHtmlCacheBehavior [ RunTime:0.000000s ]
INFO: [ app_begin ] --END-- [ RunTime:0.000000s ]
SQL: SHOW COLUMNS FROM `instrument` [ RunTime:0.0020s ]
SQL: SELECT * FROM `instrument` WHERE ( instrumentid='' ) LIMIT 1   [ RunTime:0.0000s ]
SQL: SHOW COLUMNS FROM `camera` [ RunTime:0.0020s ]
SQL: SELECT * FROM `camera` WHERE ( cameraid='' ) LIMIT 1   [ RunTime:0.0000s ]
SQL: SELECT * FROM `camera` WHERE ( userid='clever' ) LIMIT 1   [ RunTime:0.0000s ]
SQL: SELECT * FROM `instrument` WHERE ( cameraid='1' )  [ RunTime:0.0000s ]
NOTIC: [8] Undefined index: date1 D:\App\back-end\User\Home\Controller\DataController.class.php 第 22 行.
NOTIC: [8] Undefined index: date1 D:\App\back-end\User\Home\Controller\DataController.class.php 第 23 行.
SQL: SHOW COLUMNS FROM `data` [ RunTime:0.0010s ]
SQL: SELECT * FROM `data` WHERE `instrumentid` = 1  [ RunTime:0.0000s ]
INFO: [ view_parse ] --START--
INFO: [ template_filter ] --START--
INFO: Run Behavior\ContentReplaceBehavior [ RunTime:0.000000s ]
INFO: [ template_filter ] --END-- [ RunTime:0.000000s ]
INFO: Run Behavior\ParseTemplateBehavior [ RunTime:0.005000s ]
INFO: [ view_parse ] --END-- [ RunTime:0.005000s ]
INFO: [ view_filter ] --START--
INFO: Run Behavior\WriteHtmlCacheBehavior [ RunTime:0.000000s ]
INFO: [ view_filter ] --END-- [ RunTime:0.000000s ]
INFO: [ app_end ] --START--
INFO: Run Behavior\ShowPageTraceBehavior [ RunTime:0.000000s ]
INFO: [ app_end ] --END-- [ RunTime:0.000000s ]

[ 2016-10-11T11:21:51+08:00 ] 127.0.0.1 /user.php/data/data.html
INFO: [ app_init ] --START--
INFO: Run Behavior\BuildLiteBehavior [ RunTime:0.000000s ]
INFO: [ app_init ] --END-- [ RunTime:0.000000s ]
INFO: [ app_begin ] --START--
INFO: Run Behavior\ReadHtmlCacheBehavior [ RunTime:0.000000s ]
INFO: [ app_begin ] --END-- [ RunTime:0.000000s ]
SQL: SHOW COLUMNS FROM `instrument` [ RunTime:0.0020s ]
SQL: SELECT * FROM `instrument` WHERE ( instrumentid='' ) LIMIT 1   [ RunTime:0.0000s ]
SQL: SHOW COLUMNS FROM `camera` [ RunTime:0.0020s ]
SQL: SELECT * FROM `camera` WHERE ( cameraid='' ) LIMIT 1   [ RunTime:0.0000s ]
SQL: SELECT * FROM `camera` WHERE ( userid='clever' ) LIMIT 1   [ RunTime:0.0000s ]
SQL: SELECT * FROM `instrument` WHERE ( cameraid='1' )  [ RunTime:0.0000s ]
NOTIC: [8] Undefined index: date1 D:\App\back-end\User\Home\Controller\DataController.class.php 第 22 行.
NOTIC: [8] Undefined index: date1 D:\App\back-end\User\Home\Controller\DataController.class.php 第 23 行.
SQL: SHOW COLUMNS FROM `data` [ RunTime:0.0010s ]
SQL: SELECT * FROM `data` WHERE `instrumentid` = 1  [ RunTime:0.0000s ]
INFO: [ view_parse ] --START--
INFO: [ template_filter ] --START--
INFO: Run Behavior\ContentReplaceBehavior [ RunTime:0.000000s ]
INFO: [ template_filter ] --END-- [ RunTime:0.000000s ]
INFO: Run Behavior\ParseTemplateBehavior [ RunTime:0.005001s ]
INFO: [ view_parse ] --END-- [ RunTime:0.005001s ]
INFO: [ view_filter ] --START--
INFO: Run Behavior\WriteHtmlCacheBehavior [ RunTime:0.000000s ]
INFO: [ view_filter ] --END-- [ RunTime:0.000000s ]
INFO: [ app_end ] --START--
INFO: Run Behavior\ShowPageTraceBehavior [ RunTime:0.001000s ]
INFO: [ app_end ] --END-- [ RunTime:0.001000s ]

[ 2016-10-11T11:54:45+08:00 ] 127.0.0.1 /user.php/data/data.html
INFO: [ app_init ] --START--
INFO: Run Behavior\BuildLiteBehavior [ RunTime:0.000000s ]
INFO: [ app_init ] --END-- [ RunTime:0.000000s ]
INFO: [ app_begin ] --START--
INFO: Run Behavior\ReadHtmlCacheBehavior [ RunTime:0.000000s ]
INFO: [ app_begin ] --END-- [ RunTime:0.000000s ]
SQL: SHOW COLUMNS FROM `instrument` [ RunTime:0.0010s ]
SQL: SELECT * FROM `instrument` WHERE ( instrumentid='' ) LIMIT 1   [ RunTime:0.0000s ]
SQL: SHOW COLUMNS FROM `camera` [ RunTime:0.0010s ]
SQL: SELECT * FROM `camera` WHERE ( cameraid='' ) LIMIT 1   [ RunTime:0.0000s ]
SQL: SELECT * FROM `camera` WHERE ( userid='clever' ) LIMIT 1   [ RunTime:0.0000s ]
SQL: SELECT * FROM `instrument` WHERE ( cameraid='1' )  [ RunTime:0.0010s ]
SQL: SHOW COLUMNS FROM `data` [ RunTime:0.0010s ]
SQL: SELECT * FROM `data` WHERE `instrumentid` = 1  [ RunTime:0.0000s ]
INFO: [ view_parse ] --START--
INFO: [ template_filter ] --START--
INFO: Run Behavior\ContentReplaceBehavior [ RunTime:0.000000s ]
INFO: [ template_filter ] --END-- [ RunTime:0.000000s ]
INFO: Run Behavior\ParseTemplateBehavior [ RunTime:0.006001s ]
INFO: [ view_parse ] --END-- [ RunTime:0.007001s ]
INFO: [ view_filter ] --START--
INFO: Run Behavior\WriteHtmlCacheBehavior [ RunTime:0.000000s ]
INFO: [ view_filter ] --END-- [ RunTime:0.000000s ]
INFO: [ app_end ] --START--
INFO: Run Behavior\ShowPageTraceBehavior [ RunTime:0.000000s ]
INFO: [ app_end ] --END-- [ RunTime:0.000000s ]

[ 2016-10-11T11:55:12+08:00 ] 127.0.0.1 /user.php/data/data.html
INFO: [ app_init ] --START--
INFO: Run Behavior\BuildLiteBehavior [ RunTime:0.000000s ]
INFO: [ app_init ] --END-- [ RunTime:0.000000s ]
INFO: [ app_begin ] --START--
INFO: Run Behavior\ReadHtmlCacheBehavior [ RunTime:0.001000s ]
INFO: [ app_begin ] --END-- [ RunTime:0.001000s ]
SQL: SHOW COLUMNS FROM `instrument` [ RunTime:0.0010s ]
SQL: SELECT * FROM `instrument` WHERE ( instrumentid='' ) LIMIT 1   [ RunTime:0.0000s ]
SQL: SHOW COLUMNS FROM `camera` [ RunTime:0.0010s ]
SQL: SELECT * FROM `camera` WHERE ( cameraid='' ) LIMIT 1   [ RunTime:0.0000s ]
SQL: SELECT * FROM `camera` WHERE ( userid='clever' ) LIMIT 1   [ RunTime:0.0010s ]
SQL: SELECT * FROM `instrument` WHERE ( cameraid='1' )  [ RunTime:0.0000s ]
SQL: SHOW COLUMNS FROM `data` [ RunTime:0.0010s ]
SQL: SELECT * FROM `data` WHERE `instrumentid` = 1  [ RunTime:0.0010s ]
INFO: [ view_parse ] --START--
INFO: [ template_filter ] --START--
INFO: Run Behavior\ContentReplaceBehavior [ RunTime:0.000000s ]
INFO: [ template_filter ] --END-- [ RunTime:0.000000s ]
INFO: Run Behavior\ParseTemplateBehavior [ RunTime:0.005000s ]
INFO: [ view_parse ] --END-- [ RunTime:0.005000s ]
INFO: [ view_filter ] --START--
INFO: Run Behavior\WriteHtmlCacheBehavior [ RunTime:0.000000s ]
INFO: [ view_filter ] --END-- [ RunTime:0.000000s ]
INFO: [ app_end ] --START--
INFO: Run Behavior\ShowPageTraceBehavior [ RunTime:0.001000s ]
INFO: [ app_end ] --END-- [ RunTime:0.001000s ]

[ 2016-10-11T11:55:48+08:00 ] 127.0.0.1 /user.php/data/data.html
INFO: [ app_init ] --START--
INFO: Run Behavior\BuildLiteBehavior [ RunTime:0.000000s ]
INFO: [ app_init ] --END-- [ RunTime:0.000000s ]
INFO: [ app_begin ] --START--
INFO: Run Behavior\ReadHtmlCacheBehavior [ RunTime:0.000000s ]
INFO: [ app_begin ] --END-- [ RunTime:0.000000s ]
SQL: SHOW COLUMNS FROM `instrument` [ RunTime:0.0010s ]
SQL: SELECT * FROM `instrument` WHERE ( instrumentid='' ) LIMIT 1   [ RunTime:0.0010s ]
SQL: SHOW COLUMNS FROM `camera` [ RunTime:0.0010s ]
SQL: SELECT * FROM `camera` WHERE ( cameraid='' ) LIMIT 1   [ RunTime:0.0010s ]
SQL: SELECT * FROM `camera` WHERE ( userid='clever' ) LIMIT 1   [ RunTime:0.0000s ]
SQL: SELECT * FROM `instrument` WHERE ( cameraid='1' )  [ RunTime:0.0010s ]
SQL: SHOW COLUMNS FROM `data` [ RunTime:0.0010s ]
SQL: SELECT * FROM `data` WHERE `instrumentid` = 1  [ RunTime:0.0000s ]
INFO: [ view_parse ] --START--
INFO: [ template_filter ] --START--
INFO: Run Behavior\ContentReplaceBehavior [ RunTime:0.000000s ]
INFO: [ template_filter ] --END-- [ RunTime:0.000000s ]
INFO: Run Behavior\ParseTemplateBehavior [ RunTime:0.006001s ]
INFO: [ view_parse ] --END-- [ RunTime:0.006001s ]
INFO: [ view_filter ] --START--
INFO: Run Behavior\WriteHtmlCacheBehavior [ RunTime:0.000000s ]
INFO: [ view_filter ] --END-- [ RunTime:0.000000s ]
INFO: [ app_end ] --START--
INFO: Run Behavior\ShowPageTraceBehavior [ RunTime:0.000000s ]
INFO: [ app_end ] --END-- [ RunTime:0.000000s ]

[ 2016-10-11T11:56:22+08:00 ] 127.0.0.1 /user.php/data/data.html
INFO: [ app_init ] --START--
INFO: Run Behavior\BuildLiteBehavior [ RunTime:0.000000s ]
INFO: [ app_init ] --END-- [ RunTime:0.000000s ]
INFO: [ app_begin ] --START--
INFO: Run Behavior\ReadHtmlCacheBehavior [ RunTime:0.000000s ]
INFO: [ app_begin ] --END-- [ RunTime:0.000000s ]
SQL: SHOW COLUMNS FROM `instrument` [ RunTime:0.0010s ]
SQL: SELECT * FROM `instrument` WHERE ( instrumentid='' ) LIMIT 1   [ RunTime:0.0010s ]
SQL: SHOW COLUMNS FROM `camera` [ RunTime:0.0010s ]
SQL: SELECT * FROM `camera` WHERE ( cameraid='' ) LIMIT 1   [ RunTime:0.0000s ]
SQL: SELECT * FROM `camera` WHERE ( userid='clever' ) LIMIT 1   [ RunTime:0.0000s ]
SQL: SELECT * FROM `instrument` WHERE ( cameraid='1' )  [ RunTime:0.0010s ]
SQL: SHOW COLUMNS FROM `data` [ RunTime:0.0010s ]
SQL: SELECT * FROM `data` WHERE `instrumentid` = 1 AND `datatime` LIKE '2016-9-4'  [ RunTime:0.0000s ]
INFO: [ view_parse ] --START--
INFO: [ template_filter ] --START--
INFO: Run Behavior\ContentReplaceBehavior [ RunTime:0.000000s ]
INFO: [ template_filter ] --END-- [ RunTime:0.000000s ]
INFO: Run Behavior\ParseTemplateBehavior [ RunTime:0.006001s ]
INFO: [ view_parse ] --END-- [ RunTime:0.006001s ]
INFO: [ view_filter ] --START--
INFO: Run Behavior\WriteHtmlCacheBehavior [ RunTime:0.000000s ]
INFO: [ view_filter ] --END-- [ RunTime:0.000000s ]
INFO: [ app_end ] --START--
INFO: Run Behavior\ShowPageTraceBehavior [ RunTime:0.000000s ]
INFO: [ app_end ] --END-- [ RunTime:0.000000s ]

[ 2016-10-11T12:29:53+08:00 ] 127.0.0.1 /user.php/data/data.html
INFO: [ app_init ] --START--
INFO: Run Behavior\BuildLiteBehavior [ RunTime:0.000000s ]
INFO: [ app_init ] --END-- [ RunTime:0.001000s ]
INFO: [ app_begin ] --START--
INFO: Run Behavior\ReadHtmlCacheBehavior [ RunTime:0.001001s ]
INFO: [ app_begin ] --END-- [ RunTime:0.001001s ]
SQL: SHOW COLUMNS FROM `instrument` [ RunTime:0.0010s ]
SQL: SELECT * FROM `instrument` WHERE ( instrumentid='' ) LIMIT 1   [ RunTime:0.0010s ]
SQL: SHOW COLUMNS FROM `camera` [ RunTime:0.0010s ]
SQL: SELECT * FROM `camera` WHERE ( cameraid='' ) LIMIT 1   [ RunTime:0.0000s ]
SQL: SELECT * FROM `camera` WHERE ( userid='clever' ) LIMIT 1   [ RunTime:0.0000s ]
SQL: SELECT * FROM `instrument` WHERE ( cameraid='1' )  [ RunTime:0.0010s ]
NOTIC: [8192] Function split() is deprecated D:\App\back-end\User\Home\Controller\DataController.class.php 第 20 行.
SQL: SHOW COLUMNS FROM `data` [ RunTime:0.0010s ]
SQL: SELECT * FROM `data` WHERE `instrumentid` = 1 AND `datatime` LIKE '201694'  [ RunTime:0.0000s ]
INFO: [ view_parse ] --START--
INFO: [ template_filter ] --START--
INFO: Run Behavior\ContentReplaceBehavior [ RunTime:0.000000s ]
INFO: [ template_filter ] --END-- [ RunTime:0.000000s ]
INFO: Run Behavior\ParseTemplateBehavior [ RunTime:0.006000s ]
INFO: [ view_parse ] --END-- [ RunTime:0.006000s ]
INFO: [ view_filter ] --START--
INFO: Run Behavior\WriteHtmlCacheBehavior [ RunTime:0.000000s ]
INFO: [ view_filter ] --END-- [ RunTime:0.000000s ]
INFO: [ app_end ] --START--
INFO: Run Behavior\ShowPageTraceBehavior [ RunTime:0.000000s ]
INFO: [ app_end ] --END-- [ RunTime:0.000000s ]

[ 2016-10-11T12:30:14+08:00 ] 127.0.0.1 /user.php/data/data.html
INFO: [ app_init ] --START--
INFO: Run Behavior\BuildLiteBehavior [ RunTime:0.000000s ]
INFO: [ app_init ] --END-- [ RunTime:0.000000s ]
INFO: [ app_begin ] --START--
INFO: Run Behavior\ReadHtmlCacheBehavior [ RunTime:0.001001s ]
INFO: [ app_begin ] --END-- [ RunTime:0.001001s ]
SQL: SHOW COLUMNS FROM `instrument` [ RunTime:0.0020s ]
SQL: SELECT * FROM `instrument` WHERE ( instrumentid='' ) LIMIT 1   [ RunTime:0.0000s ]
SQL: SHOW COLUMNS FROM `camera` [ RunTime:0.0010s ]
SQL: SELECT * FROM `camera` WHERE ( cameraid='' ) LIMIT 1   [ RunTime:0.0010s ]
SQL: SELECT * FROM `camera` WHERE ( userid='clever' ) LIMIT 1   [ RunTime:0.0000s ]
SQL: SELECT * FROM `instrument` WHERE ( cameraid='1' )  [ RunTime:0.0000s ]
NOTIC: [8192] Function split() is deprecated D:\App\back-end\User\Home\Controller\DataController.class.php 第 20 行.
SQL: SHOW COLUMNS FROM `data` [ RunTime:0.0010s ]
SQL: SELECT * FROM `data` WHERE `instrumentid` = 1 AND `datatime` LIKE '2016-9-4'  [ RunTime:0.0000s ]
INFO: [ view_parse ] --START--
INFO: [ template_filter ] --START--
INFO: Run Behavior\ContentReplaceBehavior [ RunTime:0.000000s ]
INFO: [ template_filter ] --END-- [ RunTime:0.000000s ]
INFO: Run Behavior\ParseTemplateBehavior [ RunTime:0.005000s ]
INFO: [ view_parse ] --END-- [ RunTime:0.005000s ]
INFO: [ view_filter ] --START--
INFO: Run Behavior\WriteHtmlCacheBehavior [ RunTime:0.000000s ]
INFO: [ view_filter ] --END-- [ RunTime:0.000000s ]
INFO: [ app_end ] --START--
INFO: Run Behavior\ShowPageTraceBehavior [ RunTime:0.000000s ]
INFO: [ app_end ] --END-- [ RunTime:0.000000s ]

[ 2016-10-11T12:30:23+08:00 ] 127.0.0.1 /user.php/data/data.html
INFO: [ app_init ] --START--
INFO: Run Behavior\BuildLiteBehavior [ RunTime:0.000000s ]
INFO: [ app_init ] --END-- [ RunTime:0.000000s ]
INFO: [ app_begin ] --START--
INFO: Run Behavior\ReadHtmlCacheBehavior [ RunTime:0.000000s ]
INFO: [ app_begin ] --END-- [ RunTime:0.000000s ]
SQL: SHOW COLUMNS FROM `instrument` [ RunTime:0.0010s ]
SQL: SELECT * FROM `instrument` WHERE ( instrumentid='' ) LIMIT 1   [ RunTime:0.0000s ]
SQL: SHOW COLUMNS FROM `camera` [ RunTime:0.0010s ]
SQL: SELECT * FROM `camera` WHERE ( cameraid='' ) LIMIT 1   [ RunTime:0.0000s ]
SQL: SELECT * FROM `camera` WHERE ( userid='clever' ) LIMIT 1   [ RunTime:0.0110s ]
SQL: SELECT * FROM `instrument` WHERE ( cameraid='1' )  [ RunTime:0.0000s ]
NOTIC: [8192] Function split() is deprecated D:\App\back-end\User\Home\Controller\DataController.class.php 第 20 行.
SQL: SHOW COLUMNS FROM `data` [ RunTime:0.0020s ]
SQL: SELECT * FROM `data` WHERE `instrumentid` = 1 AND `datatime` LIKE '2016-%9-%4'  [ RunTime:0.0000s ]
INFO: [ view_parse ] --START--
INFO: [ template_filter ] --START--
INFO: Run Behavior\ContentReplaceBehavior [ RunTime:0.000000s ]
INFO: [ template_filter ] --END-- [ RunTime:0.000000s ]
INFO: Run Behavior\ParseTemplateBehavior [ RunTime:0.006001s ]
INFO: [ view_parse ] --END-- [ RunTime:0.006001s ]
INFO: [ view_filter ] --START--
INFO: Run Behavior\WriteHtmlCacheBehavior [ RunTime:0.000000s ]
INFO: [ view_filter ] --END-- [ RunTime:0.000000s ]
INFO: [ app_end ] --START--
INFO: Run Behavior\ShowPageTraceBehavior [ RunTime:0.001000s ]
INFO: [ app_end ] --END-- [ RunTime:0.001000s ]

[ 2016-10-11T12:34:18+08:00 ] 127.0.0.1 /user.php/data/data.html
INFO: [ app_init ] --START--
INFO: Run Behavior\BuildLiteBehavior [ RunTime:0.000000s ]
INFO: [ app_init ] --END-- [ RunTime:0.000000s ]
INFO: [ app_begin ] --START--
INFO: Run Behavior\ReadHtmlCacheBehavior [ RunTime:0.001000s ]
INFO: [ app_begin ] --END-- [ RunTime:0.001000s ]
SQL: SHOW COLUMNS FROM `instrument` [ RunTime:0.0010s ]
SQL: SELECT * FROM `instrument` WHERE ( instrumentid='' ) LIMIT 1   [ RunTime:0.0000s ]
SQL: SHOW COLUMNS FROM `camera` [ RunTime:0.0010s ]
SQL: SELECT * FROM `camera` WHERE ( cameraid='' ) LIMIT 1   [ RunTime:0.0010s ]
SQL: SELECT * FROM `camera` WHERE ( userid='clever' ) LIMIT 1   [ RunTime:0.0000s ]
SQL: SELECT * FROM `instrument` WHERE ( cameraid='1' )  [ RunTime:0.0000s ]
SQL: SHOW COLUMNS FROM `data` [ RunTime:0.0020s ]
SQL: SELECT * FROM `data` WHERE `instrumentid` = 1  [ RunTime:0.0000s ]
INFO: [ view_parse ] --START--
INFO: [ template_filter ] --START--
INFO: Run Behavior\ContentReplaceBehavior [ RunTime:0.000000s ]
INFO: [ template_filter ] --END-- [ RunTime:0.000000s ]
INFO: Run Behavior\ParseTemplateBehavior [ RunTime:0.007001s ]
INFO: [ view_parse ] --END-- [ RunTime:0.007001s ]
INFO: [ view_filter ] --START--
INFO: Run Behavior\WriteHtmlCacheBehavior [ RunTime:0.000000s ]
INFO: [ view_filter ] --END-- [ RunTime:0.000000s ]
INFO: [ app_end ] --START--
INFO: Run Behavior\ShowPageTraceBehavior [ RunTime:0.000000s ]
INFO: [ app_end ] --END-- [ RunTime:0.000000s ]

[ 2016-10-11T12:34:46+08:00 ] 127.0.0.1 /user.php/data/data.html
INFO: [ app_init ] --START--
INFO: Run Behavior\BuildLiteBehavior [ RunTime:0.000000s ]
INFO: [ app_init ] --END-- [ RunTime:0.000000s ]
INFO: [ app_begin ] --START--
INFO: Run Behavior\ReadHtmlCacheBehavior [ RunTime:0.000000s ]
INFO: [ app_begin ] --END-- [ RunTime:0.000000s ]
SQL: SHOW COLUMNS FROM `instrument` [ RunTime:0.0020s ]
SQL: SELECT * FROM `instrument` WHERE ( instrumentid='' ) LIMIT 1   [ RunTime:0.0010s ]
SQL: SHOW COLUMNS FROM `camera` [ RunTime:0.0010s ]
SQL: SELECT * FROM `camera` WHERE ( cameraid='' ) LIMIT 1   [ RunTime:0.0000s ]
SQL: SELECT * FROM `camera` WHERE ( userid='clever' ) LIMIT 1   [ RunTime:0.0000s ]
SQL: SELECT * FROM `instrument` WHERE ( cameraid='1' )  [ RunTime:0.0000s ]
SQL: SHOW COLUMNS FROM `data` [ RunTime:0.0010s ]
SQL: SELECT * FROM `data` WHERE `instrumentid` = 1  [ RunTime:0.0010s ]
INFO: [ view_parse ] --START--
INFO: [ template_filter ] --START--
INFO: Run Behavior\ContentReplaceBehavior [ RunTime:0.000000s ]
INFO: [ template_filter ] --END-- [ RunTime:0.000000s ]
INFO: Run Behavior\ParseTemplateBehavior [ RunTime:0.005000s ]
INFO: [ view_parse ] --END-- [ RunTime:0.005000s ]
INFO: [ view_filter ] --START--
INFO: Run Behavior\WriteHtmlCacheBehavior [ RunTime:0.000000s ]
INFO: [ view_filter ] --END-- [ RunTime:0.000000s ]
INFO: [ app_end ] --START--
INFO: Run Behavior\ShowPageTraceBehavior [ RunTime:0.000000s ]
INFO: [ app_end ] --END-- [ RunTime:0.000000s ]

[ 2016-10-11T12:34:53+08:00 ] 127.0.0.1 /user.php/data/data.html
INFO: [ app_init ] --START--
INFO: Run Behavior\BuildLiteBehavior [ RunTime:0.000000s ]
INFO: [ app_init ] --END-- [ RunTime:0.000000s ]
INFO: [ app_begin ] --START--
INFO: Run Behavior\ReadHtmlCacheBehavior [ RunTime:0.001000s ]
INFO: [ app_begin ] --END-- [ RunTime:0.001000s ]
SQL: SHOW COLUMNS FROM `instrument` [ RunTime:0.0020s ]
SQL: SELECT * FROM `instrument` WHERE ( instrumentid='' ) LIMIT 1   [ RunTime:0.0000s ]
SQL: SHOW COLUMNS FROM `camera` [ RunTime:0.0010s ]
SQL: SELECT * FROM `camera` WHERE ( cameraid='' ) LIMIT 1   [ RunTime:0.0000s ]
SQL: SELECT * FROM `camera` WHERE ( userid='clever' ) LIMIT 1   [ RunTime:0.0000s ]
SQL: SELECT * FROM `instrument` WHERE ( cameraid='1' )  [ RunTime:0.0000s ]
SQL: SHOW COLUMNS FROM `data` [ RunTime:0.0010s ]
SQL: SELECT * FROM `data` WHERE `instrumentid` = 1  [ RunTime:0.0000s ]
INFO: [ view_parse ] --START--
INFO: [ template_filter ] --START--
INFO: Run Behavior\ContentReplaceBehavior [ RunTime:0.000000s ]
INFO: [ template_filter ] --END-- [ RunTime:0.000000s ]
INFO: Run Behavior\ParseTemplateBehavior [ RunTime:0.006000s ]
INFO: [ view_parse ] --END-- [ RunTime:0.006000s ]
INFO: [ view_filter ] --START--
INFO: Run Behavior\WriteHtmlCacheBehavior [ RunTime:0.001000s ]
INFO: [ view_filter ] --END-- [ RunTime:0.001000s ]
INFO: [ app_end ] --START--
INFO: Run Behavior\ShowPageTraceBehavior [ RunTime:0.000000s ]
INFO: [ app_end ] --END-- [ RunTime:0.000000s ]

[ 2016-10-11T12:35:05+08:00 ] 127.0.0.1 /user.php/data/data.html
INFO: [ app_init ] --START--
INFO: Run Behavior\BuildLiteBehavior [ RunTime:0.000000s ]
INFO: [ app_init ] --END-- [ RunTime:0.001000s ]
INFO: [ app_begin ] --START--
INFO: Run Behavior\ReadHtmlCacheBehavior [ RunTime:0.001000s ]
INFO: [ app_begin ] --END-- [ RunTime:0.001000s ]
SQL: SHOW COLUMNS FROM `instrument` [ RunTime:0.0020s ]
SQL: SELECT * FROM `instrument` WHERE ( instrumentid='' ) LIMIT 1   [ RunTime:0.0000s ]
SQL: SHOW COLUMNS FROM `camera` [ RunTime:0.0010s ]
SQL: SELECT * FROM `camera` WHERE ( cameraid='' ) LIMIT 1   [ RunTime:0.0000s ]
SQL: SELECT * FROM `camera` WHERE ( userid='clever' ) LIMIT 1   [ RunTime:0.0000s ]
SQL: SELECT * FROM `instrument` WHERE ( cameraid='1' )  [ RunTime:0.0000s ]
SQL: SHOW COLUMNS FROM `data` [ RunTime:0.0010s ]
SQL: SELECT * FROM `data` WHERE `instrumentid` = 1  [ RunTime:0.0010s ]
INFO: [ view_parse ] --START--
INFO: [ template_filter ] --START--
INFO: Run Behavior\ContentReplaceBehavior [ RunTime:0.000000s ]
INFO: [ template_filter ] --END-- [ RunTime:0.000000s ]
INFO: Run Behavior\ParseTemplateBehavior [ RunTime:0.005001s ]
INFO: [ view_parse ] --END-- [ RunTime:0.005001s ]
INFO: [ view_filter ] --START--
INFO: Run Behavior\WriteHtmlCacheBehavior [ RunTime:0.000000s ]
INFO: [ view_filter ] --END-- [ RunTime:0.000000s ]
INFO: [ app_end ] --START--
INFO: Run Behavior\ShowPageTraceBehavior [ RunTime:0.000000s ]
INFO: [ app_end ] --END-- [ RunTime:0.000000s ]

[ 2016-10-11T12:35:07+08:00 ] 127.0.0.1 /user.php/data/data.html
INFO: [ app_init ] --START--
INFO: Run Behavior\BuildLiteBehavior [ RunTime:0.000000s ]
INFO: [ app_init ] --END-- [ RunTime:0.000000s ]
INFO: [ app_begin ] --START--
INFO: Run Behavior\ReadHtmlCacheBehavior [ RunTime:0.000000s ]
INFO: [ app_begin ] --END-- [ RunTime:0.000000s ]
SQL: SHOW COLUMNS FROM `instrument` [ RunTime:0.0020s ]
SQL: SELECT * FROM `instrument` WHERE ( instrumentid='' ) LIMIT 1   [ RunTime:0.0000s ]
SQL: SHOW COLUMNS FROM `camera` [ RunTime:0.0010s ]
SQL: SELECT * FROM `camera` WHERE ( cameraid='' ) LIMIT 1   [ RunTime:0.0000s ]
SQL: SELECT * FROM `camera` WHERE ( userid='clever' ) LIMIT 1   [ RunTime:0.0000s ]
SQL: SELECT * FROM `instrument` WHERE ( cameraid='1' )  [ RunTime:0.0000s ]
SQL: SHOW COLUMNS FROM `data` [ RunTime:0.0010s ]
SQL: SELECT * FROM `data` WHERE `instrumentid` = 1  [ RunTime:0.0000s ]
INFO: [ view_parse ] --START--
INFO: [ template_filter ] --START--
INFO: Run Behavior\ContentReplaceBehavior [ RunTime:0.000000s ]
INFO: [ template_filter ] --END-- [ RunTime:0.000000s ]
INFO: Run Behavior\ParseTemplateBehavior [ RunTime:0.006001s ]
INFO: [ view_parse ] --END-- [ RunTime:0.006001s ]
INFO: [ view_filter ] --START--
INFO: Run Behavior\WriteHtmlCacheBehavior [ RunTime:0.000000s ]
INFO: [ view_filter ] --END-- [ RunTime:0.000000s ]
INFO: [ app_end ] --START--
INFO: Run Behavior\ShowPageTraceBehavior [ RunTime:0.000000s ]
INFO: [ app_end ] --END-- [ RunTime:0.000000s ]

[ 2016-10-11T12:35:09+08:00 ] 127.0.0.1 /user.php/data/data.html
INFO: [ app_init ] --START--
INFO: Run Behavior\BuildLiteBehavior [ RunTime:0.000000s ]
INFO: [ app_init ] --END-- [ RunTime:0.000000s ]
INFO: [ app_begin ] --START--
INFO: Run Behavior\ReadHtmlCacheBehavior [ RunTime:0.000000s ]
INFO: [ app_begin ] --END-- [ RunTime:0.000000s ]
SQL: SHOW COLUMNS FROM `instrument` [ RunTime:0.0010s ]
SQL: SELECT * FROM `instrument` WHERE ( instrumentid='' ) LIMIT 1   [ RunTime:0.0000s ]
SQL: SHOW COLUMNS FROM `camera` [ RunTime:0.0170s ]
SQL: SELECT * FROM `camera` WHERE ( cameraid='' ) LIMIT 1   [ RunTime:0.0000s ]
SQL: SELECT * FROM `camera` WHERE ( userid='clever' ) LIMIT 1   [ RunTime:0.0000s ]
SQL: SELECT * FROM `instrument` WHERE ( cameraid='1' )  [ RunTime:0.0010s ]
SQL: SHOW COLUMNS FROM `data` [ RunTime:0.0010s ]
SQL: SELECT * FROM `data` WHERE `instrumentid` = 1  [ RunTime:0.0000s ]
INFO: [ view_parse ] --START--
INFO: [ template_filter ] --START--
INFO: Run Behavior\ContentReplaceBehavior [ RunTime:0.000000s ]
INFO: [ template_filter ] --END-- [ RunTime:0.000000s ]
INFO: Run Behavior\ParseTemplateBehavior [ RunTime:0.005000s ]
INFO: [ view_parse ] --END-- [ RunTime:0.005000s ]
INFO: [ view_filter ] --START--
INFO: Run Behavior\WriteHtmlCacheBehavior [ RunTime:0.000000s ]
INFO: [ view_filter ] --END-- [ RunTime:0.000000s ]
INFO: [ app_end ] --START--
INFO: Run Behavior\ShowPageTraceBehavior [ RunTime:0.000000s ]
INFO: [ app_end ] --END-- [ RunTime:0.000000s ]

[ 2016-10-11T12:35:32+08:00 ] 127.0.0.1 /user.php/data/data.html
INFO: [ app_init ] --START--
INFO: Run Behavior\BuildLiteBehavior [ RunTime:0.000000s ]
INFO: [ app_init ] --END-- [ RunTime:0.000000s ]
INFO: [ app_begin ] --START--
INFO: Run Behavior\ReadHtmlCacheBehavior [ RunTime:0.000000s ]
INFO: [ app_begin ] --END-- [ RunTime:0.000000s ]
SQL: SHOW COLUMNS FROM `instrument` [ RunTime:0.0020s ]
SQL: SELECT * FROM `instrument` WHERE ( instrumentid='' ) LIMIT 1   [ RunTime:0.0000s ]
SQL: SHOW COLUMNS FROM `camera` [ RunTime:0.0020s ]
SQL: SELECT * FROM `camera` WHERE ( cameraid='' ) LIMIT 1   [ RunTime:0.0000s ]
SQL: SELECT * FROM `camera` WHERE ( userid='clever' ) LIMIT 1   [ RunTime:0.0000s ]
SQL: SELECT * FROM `instrument` WHERE ( cameraid='1' )  [ RunTime:0.0010s ]
SQL: SHOW COLUMNS FROM `data` [ RunTime:0.0010s ]
SQL: SELECT * FROM `data` WHERE `instrumentid` = 1  [ RunTime:0.0010s ]
INFO: [ view_parse ] --START--
INFO: [ template_filter ] --START--
INFO: Run Behavior\ContentReplaceBehavior [ RunTime:0.000000s ]
INFO: [ template_filter ] --END-- [ RunTime:0.000000s ]
INFO: Run Behavior\ParseTemplateBehavior [ RunTime:0.005000s ]
INFO: [ view_parse ] --END-- [ RunTime:0.005000s ]
INFO: [ view_filter ] --START--
INFO: Run Behavior\WriteHtmlCacheBehavior [ RunTime:0.000000s ]
INFO: [ view_filter ] --END-- [ RunTime:0.000000s ]
INFO: [ app_end ] --START--
INFO: Run Behavior\ShowPageTraceBehavior [ RunTime:0.000000s ]
INFO: [ app_end ] --END-- [ RunTime:0.000000s ]

[ 2016-10-11T12:35:34+08:00 ] 127.0.0.1 /user.php/data/data.html
INFO: [ app_init ] --START--
INFO: Run Behavior\BuildLiteBehavior [ RunTime:0.000000s ]
INFO: [ app_init ] --END-- [ RunTime:0.001000s ]
INFO: [ app_begin ] --START--
INFO: Run Behavior\ReadHtmlCacheBehavior [ RunTime:0.000000s ]
INFO: [ app_begin ] --END-- [ RunTime:0.000000s ]
SQL: SHOW COLUMNS FROM `instrument` [ RunTime:0.0020s ]
SQL: SELECT * FROM `instrument` WHERE ( instrumentid='' ) LIMIT 1   [ RunTime:0.0000s ]
SQL: SHOW COLUMNS FROM `camera` [ RunTime:0.0020s ]
SQL: SELECT * FROM `camera` WHERE ( cameraid='' ) LIMIT 1   [ RunTime:0.0000s ]
SQL: SELECT * FROM `camera` WHERE ( userid='clever' ) LIMIT 1   [ RunTime:0.0010s ]
SQL: SELECT * FROM `instrument` WHERE ( cameraid='1' )  [ RunTime:0.0000s ]
SQL: SHOW COLUMNS FROM `data` [ RunTime:0.0030s ]
SQL: SELECT * FROM `data` WHERE `instrumentid` = 1  [ RunTime:0.0000s ]
INFO: [ view_parse ] --START--
INFO: [ template_filter ] --START--
INFO: Run Behavior\ContentReplaceBehavior [ RunTime:0.000000s ]
INFO: [ template_filter ] --END-- [ RunTime:0.000000s ]
INFO: Run Behavior\ParseTemplateBehavior [ RunTime:0.006001s ]
INFO: [ view_parse ] --END-- [ RunTime:0.006001s ]
INFO: [ view_filter ] --START--
INFO: Run Behavior\WriteHtmlCacheBehavior [ RunTime:0.000000s ]
INFO: [ view_filter ] --END-- [ RunTime:0.000000s ]
INFO: [ app_end ] --START--
INFO: Run Behavior\ShowPageTraceBehavior [ RunTime:0.000000s ]
INFO: [ app_end ] --END-- [ RunTime:0.000000s ]

[ 2016-10-11T12:35:46+08:00 ] 127.0.0.1 /user.php/data/data.html
INFO: [ app_init ] --START--
INFO: Run Behavior\BuildLiteBehavior [ RunTime:0.000000s ]
INFO: [ app_init ] --END-- [ RunTime:0.000000s ]
INFO: [ app_begin ] --START--
INFO: Run Behavior\ReadHtmlCacheBehavior [ RunTime:0.000000s ]
INFO: [ app_begin ] --END-- [ RunTime:0.000000s ]
SQL: SHOW COLUMNS FROM `instrument` [ RunTime:0.0020s ]
SQL: SELECT * FROM `instrument` WHERE ( instrumentid='' ) LIMIT 1   [ RunTime:0.0000s ]
SQL: SHOW COLUMNS FROM `camera` [ RunTime:0.0010s ]
SQL: SELECT * FROM `camera` WHERE ( cameraid='' ) LIMIT 1   [ RunTime:0.0000s ]
SQL: SELECT * FROM `camera` WHERE ( userid='clever' ) LIMIT 1   [ RunTime:0.0000s ]
SQL: SELECT * FROM `instrument` WHERE ( cameraid='1' )  [ RunTime:0.0000s ]
SQL: SHOW COLUMNS FROM `data` [ RunTime:0.0010s ]
SQL: SELECT * FROM `data` WHERE `instrumentid` = 1  [ RunTime:0.0010s ]
INFO: [ view_parse ] --START--
INFO: [ template_filter ] --START--
INFO: Run Behavior\ContentReplaceBehavior [ RunTime:0.000000s ]
INFO: [ template_filter ] --END-- [ RunTime:0.000000s ]
INFO: Run Behavior\ParseTemplateBehavior [ RunTime:0.006000s ]
INFO: [ view_parse ] --END-- [ RunTime:0.006000s ]
INFO: [ view_filter ] --START--
INFO: Run Behavior\WriteHtmlCacheBehavior [ RunTime:0.000000s ]
INFO: [ view_filter ] --END-- [ RunTime:0.000000s ]
INFO: [ app_end ] --START--
INFO: Run Behavior\ShowPageTraceBehavior [ RunTime:0.000000s ]
INFO: [ app_end ] --END-- [ RunTime:0.000000s ]

[ 2016-10-11T12:36:02+08:00 ] 127.0.0.1 /user.php/data/data.html
INFO: [ app_init ] --START--
INFO: Run Behavior\BuildLiteBehavior [ RunTime:0.000000s ]
INFO: [ app_init ] --END-- [ RunTime:0.001001s ]
INFO: [ app_begin ] --START--
INFO: Run Behavior\ReadHtmlCacheBehavior [ RunTime:0.001000s ]
INFO: [ app_begin ] --END-- [ RunTime:0.001000s ]
SQL: SHOW COLUMNS FROM `instrument` [ RunTime:0.0010s ]
SQL: SELECT * FROM `instrument` WHERE ( instrumentid='' ) LIMIT 1   [ RunTime:0.0010s ]
SQL: SHOW COLUMNS FROM `camera` [ RunTime:0.0010s ]
SQL: SELECT * FROM `camera` WHERE ( cameraid='' ) LIMIT 1   [ RunTime:0.0000s ]
SQL: SELECT * FROM `camera` WHERE ( userid='clever' ) LIMIT 1   [ RunTime:0.0000s ]
SQL: SELECT * FROM `instrument` WHERE ( cameraid='1' )  [ RunTime:0.0000s ]
SQL: SHOW COLUMNS FROM `data` [ RunTime:0.0010s ]
SQL: SELECT * FROM `data` WHERE `instrumentid` = 1  [ RunTime:0.0000s ]
INFO: [ view_parse ] --START--
INFO: [ template_filter ] --START--
INFO: Run Behavior\ContentReplaceBehavior [ RunTime:0.000000s ]
INFO: [ template_filter ] --END-- [ RunTime:0.000000s ]
INFO: Run Behavior\ParseTemplateBehavior [ RunTime:0.006001s ]
INFO: [ view_parse ] --END-- [ RunTime:0.006001s ]
INFO: [ view_filter ] --START--
INFO: Run Behavior\WriteHtmlCacheBehavior [ RunTime:0.000000s ]
INFO: [ view_filter ] --END-- [ RunTime:0.000000s ]
INFO: [ app_end ] --START--
INFO: Run Behavior\ShowPageTraceBehavior [ RunTime:0.000000s ]
INFO: [ app_end ] --END-- [ RunTime:0.000000s ]

[ 2016-10-11T12:36:15+08:00 ] 127.0.0.1 /user.php/data/data.html
INFO: [ app_init ] --START--
INFO: Run Behavior\BuildLiteBehavior [ RunTime:0.000000s ]
INFO: [ app_init ] --END-- [ RunTime:0.000000s ]
INFO: [ app_begin ] --START--
INFO: Run Behavior\ReadHtmlCacheBehavior [ RunTime:0.000000s ]
INFO: [ app_begin ] --END-- [ RunTime:0.000000s ]
SQL: SHOW COLUMNS FROM `instrument` [ RunTime:0.0020s ]
SQL: SELECT * FROM `instrument` WHERE ( instrumentid='' ) LIMIT 1   [ RunTime:0.0000s ]
SQL: SHOW COLUMNS FROM `camera` [ RunTime:0.0020s ]
SQL: SELECT * FROM `camera` WHERE ( cameraid='' ) LIMIT 1   [ RunTime:0.0000s ]
SQL: SELECT * FROM `camera` WHERE ( userid='clever' ) LIMIT 1   [ RunTime:0.0000s ]
SQL: SELECT * FROM `instrument` WHERE ( cameraid='1' )  [ RunTime:0.0000s ]
SQL: SHOW COLUMNS FROM `data` [ RunTime:0.0020s ]
SQL: SELECT * FROM `data` WHERE `instrumentid` = 1  [ RunTime:0.0000s ]
INFO: [ view_parse ] --START--
INFO: [ template_filter ] --START--
INFO: Run Behavior\ContentReplaceBehavior [ RunTime:0.000000s ]
INFO: [ template_filter ] --END-- [ RunTime:0.001000s ]
INFO: Run Behavior\ParseTemplateBehavior [ RunTime:0.006000s ]
INFO: [ view_parse ] --END-- [ RunTime:0.006000s ]
INFO: [ view_filter ] --START--
INFO: Run Behavior\WriteHtmlCacheBehavior [ RunTime:0.000000s ]
INFO: [ view_filter ] --END-- [ RunTime:0.000000s ]
INFO: [ app_end ] --START--
INFO: Run Behavior\ShowPageTraceBehavior [ RunTime:0.001000s ]
INFO: [ app_end ] --END-- [ RunTime:0.001000s ]

[ 2016-10-11T12:36:39+08:00 ] 127.0.0.1 /user.php/data/data.html
INFO: [ app_init ] --START--
INFO: Run Behavior\BuildLiteBehavior [ RunTime:0.000000s ]
INFO: [ app_init ] --END-- [ RunTime:0.000000s ]
INFO: [ app_begin ] --START--
INFO: Run Behavior\ReadHtmlCacheBehavior [ RunTime:0.000000s ]
INFO: [ app_begin ] --END-- [ RunTime:0.000000s ]
SQL: SHOW COLUMNS FROM `instrument` [ RunTime:0.0010s ]
SQL: SELECT * FROM `instrument` WHERE ( instrumentid='' ) LIMIT 1   [ RunTime:0.0000s ]
SQL: SHOW COLUMNS FROM `camera` [ RunTime:0.0010s ]
SQL: SELECT * FROM `camera` WHERE ( cameraid='' ) LIMIT 1   [ RunTime:0.0010s ]
SQL: SELECT * FROM `camera` WHERE ( userid='clever' ) LIMIT 1   [ RunTime:0.0000s ]
SQL: SELECT * FROM `instrument` WHERE ( cameraid='1' )  [ RunTime:0.0000s ]
SQL: SHOW COLUMNS FROM `data` [ RunTime:0.0010s ]
SQL: SELECT * FROM `data` WHERE `instrumentid` = 1  [ RunTime:0.0010s ]
INFO: [ view_parse ] --START--
INFO: [ template_filter ] --START--
INFO: Run Behavior\ContentReplaceBehavior [ RunTime:0.000000s ]
INFO: [ template_filter ] --END-- [ RunTime:0.000000s ]
INFO: Run Behavior\ParseTemplateBehavior [ RunTime:0.007001s ]
INFO: [ view_parse ] --END-- [ RunTime:0.007001s ]
INFO: [ view_filter ] --START--
INFO: Run Behavior\WriteHtmlCacheBehavior [ RunTime:0.000000s ]
INFO: [ view_filter ] --END-- [ RunTime:0.000000s ]
INFO: [ app_end ] --START--
INFO: Run Behavior\ShowPageTraceBehavior [ RunTime:0.001000s ]
INFO: [ app_end ] --END-- [ RunTime:0.001000s ]

[ 2016-10-11T12:36:54+08:00 ] 127.0.0.1 /user.php/data/data.html
INFO: [ app_init ] --START--
INFO: Run Behavior\BuildLiteBehavior [ RunTime:0.000000s ]
INFO: [ app_init ] --END-- [ RunTime:0.000000s ]
INFO: [ app_begin ] --START--
INFO: Run Behavior\ReadHtmlCacheBehavior [ RunTime:0.001000s ]
INFO: [ app_begin ] --END-- [ RunTime:0.001000s ]
SQL: SHOW COLUMNS FROM `instrument` [ RunTime:0.0020s ]
SQL: SELECT * FROM `instrument` WHERE ( instrumentid='' ) LIMIT 1   [ RunTime:0.0000s ]
SQL: SHOW COLUMNS FROM `camera` [ RunTime:0.0020s ]
SQL: SELECT * FROM `camera` WHERE ( cameraid='' ) LIMIT 1   [ RunTime:0.0000s ]
SQL: SELECT * FROM `camera` WHERE ( userid='clever' ) LIMIT 1   [ RunTime:0.0000s ]
SQL: SELECT * FROM `instrument` WHERE ( cameraid='1' )  [ RunTime:0.0010s ]
SQL: SHOW COLUMNS FROM `data` [ RunTime:0.0010s ]
SQL: SELECT * FROM `data` WHERE `instrumentid` = 1  [ RunTime:0.0010s ]
INFO: [ view_parse ] --START--
INFO: [ template_filter ] --START--
INFO: Run Behavior\ContentReplaceBehavior [ RunTime:0.000000s ]
INFO: [ template_filter ] --END-- [ RunTime:0.000000s ]
INFO: Run Behavior\ParseTemplateBehavior [ RunTime:0.005000s ]
INFO: [ view_parse ] --END-- [ RunTime:0.005000s ]
INFO: [ view_filter ] --START--
INFO: Run Behavior\WriteHtmlCacheBehavior [ RunTime:0.000000s ]
INFO: [ view_filter ] --END-- [ RunTime:0.000000s ]
INFO: [ app_end ] --START--
INFO: Run Behavior\ShowPageTraceBehavior [ RunTime:0.000000s ]
INFO: [ app_end ] --END-- [ RunTime:0.000000s ]

[ 2016-10-11T12:37:03+08:00 ] 127.0.0.1 /user.php/data/data.html
INFO: [ app_init ] --START--
INFO: Run Behavior\BuildLiteBehavior [ RunTime:0.000000s ]
INFO: [ app_init ] --END-- [ RunTime:0.001000s ]
INFO: [ app_begin ] --START--
INFO: Run Behavior\ReadHtmlCacheBehavior [ RunTime:0.001000s ]
INFO: [ app_begin ] --END-- [ RunTime:0.001000s ]
SQL: SHOW COLUMNS FROM `instrument` [ RunTime:0.0030s ]
SQL: SELECT * FROM `instrument` WHERE ( instrumentid='' ) LIMIT 1   [ RunTime:0.0000s ]
SQL: SHOW COLUMNS FROM `camera` [ RunTime:0.0020s ]
SQL: SELECT * FROM `camera` WHERE ( cameraid='' ) LIMIT 1   [ RunTime:0.0000s ]
SQL: SELECT * FROM `camera` WHERE ( userid='clever' ) LIMIT 1   [ RunTime:0.0000s ]
SQL: SELECT * FROM `instrument` WHERE ( cameraid='1' )  [ RunTime:0.0000s ]
SQL: SHOW COLUMNS FROM `data` [ RunTime:0.0020s ]
SQL: SELECT * FROM `data` WHERE `instrumentid` = 1  [ RunTime:0.0000s ]
INFO: [ view_parse ] --START--
INFO: [ template_filter ] --START--
INFO: Run Behavior\ContentReplaceBehavior [ RunTime:0.000000s ]
INFO: [ template_filter ] --END-- [ RunTime:0.000000s ]
INFO: Run Behavior\ParseTemplateBehavior [ RunTime:0.005000s ]
INFO: [ view_parse ] --END-- [ RunTime:0.005000s ]
INFO: [ view_filter ] --START--
INFO: Run Behavior\WriteHtmlCacheBehavior [ RunTime:0.001000s ]
INFO: [ view_filter ] --END-- [ RunTime:0.001000s ]
INFO: [ app_end ] --START--
INFO: Run Behavior\ShowPageTraceBehavior [ RunTime:0.000000s ]
INFO: [ app_end ] --END-- [ RunTime:0.000000s ]

[ 2016-10-11T12:37:19+08:00 ] 127.0.0.1 /user.php/data/data.html
INFO: [ app_init ] --START--
INFO: Run Behavior\BuildLiteBehavior [ RunTime:0.000000s ]
INFO: [ app_init ] --END-- [ RunTime:0.000000s ]
INFO: [ app_begin ] --START--
INFO: Run Behavior\ReadHtmlCacheBehavior [ RunTime:0.000000s ]
INFO: [ app_begin ] --END-- [ RunTime:0.000000s ]
SQL: SHOW COLUMNS FROM `instrument` [ RunTime:0.0020s ]
SQL: SELECT * FROM `instrument` WHERE ( instrumentid='' ) LIMIT 1   [ RunTime:0.0000s ]
SQL: SHOW COLUMNS FROM `camera` [ RunTime:0.0010s ]
SQL: SELECT * FROM `camera` WHERE ( cameraid='' ) LIMIT 1   [ RunTime:0.0010s ]
SQL: SELECT * FROM `camera` WHERE ( userid='clever' ) LIMIT 1   [ RunTime:0.0000s ]
SQL: SELECT * FROM `instrument` WHERE ( cameraid='1' )  [ RunTime:0.0000s ]
SQL: SHOW COLUMNS FROM `data` [ RunTime:0.0010s ]
SQL: SELECT * FROM `data` WHERE `instrumentid` = 1  [ RunTime:0.0010s ]
INFO: [ view_parse ] --START--
INFO: [ template_filter ] --START--
INFO: Run Behavior\ContentReplaceBehavior [ RunTime:0.000000s ]
INFO: [ template_filter ] --END-- [ RunTime:0.000000s ]
INFO: Run Behavior\ParseTemplateBehavior [ RunTime:0.005000s ]
INFO: [ view_parse ] --END-- [ RunTime:0.005000s ]
INFO: [ view_filter ] --START--
INFO: Run Behavior\WriteHtmlCacheBehavior [ RunTime:0.000000s ]
INFO: [ view_filter ] --END-- [ RunTime:0.000000s ]
INFO: [ app_end ] --START--
INFO: Run Behavior\ShowPageTraceBehavior [ RunTime:0.001000s ]
INFO: [ app_end ] --END-- [ RunTime:0.001000s ]

[ 2016-10-11T12:37:36+08:00 ] 127.0.0.1 /user.php/data/data.html
INFO: [ app_init ] --START--
INFO: Run Behavior\BuildLiteBehavior [ RunTime:0.000000s ]
INFO: [ app_init ] --END-- [ RunTime:0.000000s ]
INFO: [ app_begin ] --START--
INFO: Run Behavior\ReadHtmlCacheBehavior [ RunTime:0.000000s ]
INFO: [ app_begin ] --END-- [ RunTime:0.000000s ]
SQL: SHOW COLUMNS FROM `instrument` [ RunTime:0.0020s ]
SQL: SELECT * FROM `instrument` WHERE ( instrumentid='' ) LIMIT 1   [ RunTime:0.0000s ]
SQL: SHOW COLUMNS FROM `camera` [ RunTime:0.0020s ]
SQL: SELECT * FROM `camera` WHERE ( cameraid='' ) LIMIT 1   [ RunTime:0.0000s ]
SQL: SELECT * FROM `camera` WHERE ( userid='clever' ) LIMIT 1   [ RunTime:0.0000s ]
SQL: SELECT * FROM `instrument` WHERE ( cameraid='1' )  [ RunTime:0.0000s ]
SQL: SHOW COLUMNS FROM `data` [ RunTime:0.0020s ]
NOTIC: [2] Invalid argument supplied for foreach() D:\App\back-end\ThinkPHP\Library\Think\Db\Driver.class.php 第 504 行.
ERR: 1064:You have an error in your SQL syntax; check the manual that corresponds to your MariaDB server version for the right syntax to use near ')' at line 1
 [ SQL语句 ] : SELECT * FROM `data` WHERE `instrumentid` = 1 AND (  ) 
ERR: 1064:You have an error in your SQL syntax; check the manual that corresponds to your MariaDB server version for the right syntax to use near ')' at line 1
 [ SQL语句 ] : SELECT * FROM `data` WHERE `instrumentid` = 1 AND (  ) 

[ 2016-10-11T12:41:04+08:00 ] 127.0.0.1 /user.php/data/data.html
INFO: [ app_init ] --START--
INFO: Run Behavior\BuildLiteBehavior [ RunTime:0.000000s ]
INFO: [ app_init ] --END-- [ RunTime:0.000000s ]
INFO: [ app_begin ] --START--
INFO: Run Behavior\ReadHtmlCacheBehavior [ RunTime:0.000000s ]
INFO: [ app_begin ] --END-- [ RunTime:0.000000s ]
SQL: SHOW COLUMNS FROM `instrument` [ RunTime:0.0010s ]
SQL: SELECT * FROM `instrument` WHERE ( instrumentid='' ) LIMIT 1   [ RunTime:0.0000s ]
SQL: SHOW COLUMNS FROM `camera` [ RunTime:0.0010s ]
SQL: SELECT * FROM `camera` WHERE ( cameraid='' ) LIMIT 1   [ RunTime:0.0000s ]
SQL: SELECT * FROM `camera` WHERE ( userid='clever' ) LIMIT 1   [ RunTime:0.0010s ]
SQL: SELECT * FROM `instrument` WHERE ( cameraid='1' )  [ RunTime:0.0000s ]
NOTIC: [8] Undefined index: date1 D:\App\back-end\User\Home\Controller\DataController.class.php 第 26 行.
NOTIC: [8] Undefined index: date2 D:\App\back-end\User\Home\Controller\DataController.class.php 第 27 行.
SQL: SHOW COLUMNS FROM `data` [ RunTime:0.0010s ]
SQL: SELECT * FROM `data` WHERE `instrumentid` = 1 AND `datatime` < null  [ RunTime:0.0000s ]
INFO: [ view_parse ] --START--
INFO: [ template_filter ] --START--
INFO: Run Behavior\ContentReplaceBehavior [ RunTime:0.000000s ]
INFO: [ template_filter ] --END-- [ RunTime:0.000000s ]
INFO: Run Behavior\ParseTemplateBehavior [ RunTime:0.005000s ]
INFO: [ view_parse ] --END-- [ RunTime:0.005000s ]
INFO: [ view_filter ] --START--
INFO: Run Behavior\WriteHtmlCacheBehavior [ RunTime:0.001000s ]
INFO: [ view_filter ] --END-- [ RunTime:0.001000s ]
INFO: [ app_end ] --START--
INFO: Run Behavior\ShowPageTraceBehavior [ RunTime:0.000000s ]
INFO: [ app_end ] --END-- [ RunTime:0.000000s ]

[ 2016-10-11T12:41:27+08:00 ] 127.0.0.1 /user.php/data/data.html
INFO: [ app_init ] --START--
INFO: Run Behavior\BuildLiteBehavior [ RunTime:0.000000s ]
INFO: [ app_init ] --END-- [ RunTime:0.000000s ]
INFO: [ app_begin ] --START--
INFO: Run Behavior\ReadHtmlCacheBehavior [ RunTime:0.000000s ]
INFO: [ app_begin ] --END-- [ RunTime:0.000000s ]
SQL: SHOW COLUMNS FROM `instrument` [ RunTime:0.0020s ]
SQL: SELECT * FROM `instrument` WHERE ( instrumentid='' ) LIMIT 1   [ RunTime:0.0000s ]
SQL: SHOW COLUMNS FROM `camera` [ RunTime:0.0020s ]
SQL: SELECT * FROM `camera` WHERE ( cameraid='' ) LIMIT 1   [ RunTime:0.0000s ]
SQL: SELECT * FROM `camera` WHERE ( userid='clever' ) LIMIT 1   [ RunTime:0.0000s ]
SQL: SELECT * FROM `instrument` WHERE ( cameraid='1' )  [ RunTime:0.0010s ]
SQL: SHOW COLUMNS FROM `data` [ RunTime:0.0010s ]
SQL: SELECT * FROM `data` WHERE `instrumentid` = 1 AND `datatime` < '2016-10-22'  [ RunTime:0.0000s ]
INFO: [ view_parse ] --START--
INFO: [ template_filter ] --START--
INFO: Run Behavior\ContentReplaceBehavior [ RunTime:0.000000s ]
INFO: [ template_filter ] --END-- [ RunTime:0.000000s ]
INFO: Run Behavior\ParseTemplateBehavior [ RunTime:0.005000s ]
INFO: [ view_parse ] --END-- [ RunTime:0.005000s ]
INFO: [ view_filter ] --START--
INFO: Run Behavior\WriteHtmlCacheBehavior [ RunTime:0.000000s ]
INFO: [ view_filter ] --END-- [ RunTime:0.000000s ]
INFO: [ app_end ] --START--
INFO: Run Behavior\ShowPageTraceBehavior [ RunTime:0.000000s ]
INFO: [ app_end ] --END-- [ RunTime:0.000000s ]

[ 2016-10-11T12:42:04+08:00 ] 127.0.0.1 /user.php/data/data.html
INFO: [ app_init ] --START--
INFO: Run Behavior\BuildLiteBehavior [ RunTime:0.000000s ]
INFO: [ app_init ] --END-- [ RunTime:0.000000s ]
INFO: [ app_begin ] --START--
INFO: Run Behavior\ReadHtmlCacheBehavior [ RunTime:0.000000s ]
INFO: [ app_begin ] --END-- [ RunTime:0.000000s ]
SQL: SHOW COLUMNS FROM `instrument` [ RunTime:0.0010s ]
SQL: SELECT * FROM `instrument` WHERE ( instrumentid='' ) LIMIT 1   [ RunTime:0.0000s ]
SQL: SHOW COLUMNS FROM `camera` [ RunTime:0.0010s ]
SQL: SELECT * FROM `camera` WHERE ( cameraid='' ) LIMIT 1   [ RunTime:0.0000s ]
SQL: SELECT * FROM `camera` WHERE ( userid='clever' ) LIMIT 1   [ RunTime:0.0000s ]
SQL: SELECT * FROM `instrument` WHERE ( cameraid='1' )  [ RunTime:0.0000s ]
SQL: SHOW COLUMNS FROM `data` [ RunTime:0.0010s ]
SQL: SELECT * FROM `data` WHERE `instrumentid` = 1 AND `datatime` < '2016-9-2'  [ RunTime:0.0000s ]
INFO: [ view_parse ] --START--
INFO: [ template_filter ] --START--
INFO: Run Behavior\ContentReplaceBehavior [ RunTime:0.000000s ]
INFO: [ template_filter ] --END-- [ RunTime:0.000000s ]
INFO: Run Behavior\ParseTemplateBehavior [ RunTime:0.005000s ]
INFO: [ view_parse ] --END-- [ RunTime:0.005000s ]
INFO: [ view_filter ] --START--
INFO: Run Behavior\WriteHtmlCacheBehavior [ RunTime:0.000000s ]
INFO: [ view_filter ] --END-- [ RunTime:0.000000s ]
INFO: [ app_end ] --START--
INFO: Run Behavior\ShowPageTraceBehavior [ RunTime:0.000000s ]
INFO: [ app_end ] --END-- [ RunTime:0.000000s ]

[ 2016-10-11T12:44:47+08:00 ] 127.0.0.1 /user.php/data/data.html
INFO: [ app_init ] --START--
INFO: Run Behavior\BuildLiteBehavior [ RunTime:0.000000s ]
INFO: [ app_init ] --END-- [ RunTime:0.000000s ]
INFO: [ app_begin ] --START--
INFO: Run Behavior\ReadHtmlCacheBehavior [ RunTime:0.000000s ]
INFO: [ app_begin ] --END-- [ RunTime:0.000000s ]
SQL: SHOW COLUMNS FROM `instrument` [ RunTime:0.0020s ]
SQL: SELECT * FROM `instrument` WHERE ( instrumentid='' ) LIMIT 1   [ RunTime:0.0000s ]
SQL: SHOW COLUMNS FROM `camera` [ RunTime:0.0020s ]
SQL: SELECT * FROM `camera` WHERE ( cameraid='' ) LIMIT 1   [ RunTime:0.0000s ]
SQL: SELECT * FROM `camera` WHERE ( userid='clever' ) LIMIT 1   [ RunTime:0.0000s ]
SQL: SELECT * FROM `instrument` WHERE ( cameraid='1' )  [ RunTime:0.0000s ]
SQL: SHOW COLUMNS FROM `data` [ RunTime:0.0020s ]
NOTIC: [2] strtoupper() expects parameter 1 to be string, array given D:\App\back-end\ThinkPHP\Library\Think\Db\Driver.class.php 第 589 行.
NOTIC: [8] Undefined offset: 1 D:\App\back-end\ThinkPHP\Library\Think\Db\Driver.class.php 第 596 行.
NOTIC: [2] strtolower() expects parameter 1 to be string, array given D:\App\back-end\ThinkPHP\Library\Think\Db\Driver.class.php 第 597 行.
SQL: SELECT * FROM `data` WHERE `instrumentid` = 1 AND ( `datatime` > '2016-7-22' AND ( `datatime` < '2016-9-2'  )  )  [ RunTime:0.0000s ]
INFO: [ view_parse ] --START--
INFO: [ template_filter ] --START--
INFO: Run Behavior\ContentReplaceBehavior [ RunTime:0.000000s ]
INFO: [ template_filter ] --END-- [ RunTime:0.000000s ]
INFO: Run Behavior\ParseTemplateBehavior [ RunTime:0.005001s ]
INFO: [ view_parse ] --END-- [ RunTime:0.006001s ]
INFO: [ view_filter ] --START--
INFO: Run Behavior\WriteHtmlCacheBehavior [ RunTime:0.000000s ]
INFO: [ view_filter ] --END-- [ RunTime:0.000000s ]
INFO: [ app_end ] --START--
INFO: Run Behavior\ShowPageTraceBehavior [ RunTime:0.001000s ]
INFO: [ app_end ] --END-- [ RunTime:0.001000s ]

[ 2016-10-11T12:46:00+08:00 ] 127.0.0.1 /user.php/data/data.html
INFO: [ app_init ] --START--
INFO: Run Behavior\BuildLiteBehavior [ RunTime:0.000000s ]
INFO: [ app_init ] --END-- [ RunTime:0.000000s ]
INFO: [ app_begin ] --START--
INFO: Run Behavior\ReadHtmlCacheBehavior [ RunTime:0.001000s ]
INFO: [ app_begin ] --END-- [ RunTime:0.001000s ]
SQL: SHOW COLUMNS FROM `instrument` [ RunTime:0.0020s ]
SQL: SELECT * FROM `instrument` WHERE ( instrumentid='' ) LIMIT 1   [ RunTime:0.0000s ]
SQL: SHOW COLUMNS FROM `camera` [ RunTime:0.0020s ]
SQL: SELECT * FROM `camera` WHERE ( cameraid='' ) LIMIT 1   [ RunTime:0.0000s ]
SQL: SELECT * FROM `camera` WHERE ( userid='clever' ) LIMIT 1   [ RunTime:0.0000s ]
SQL: SELECT * FROM `instrument` WHERE ( cameraid='1' )  [ RunTime:0.0000s ]
SQL: SHOW COLUMNS FROM `data` [ RunTime:0.0020s ]
NOTIC: [2] strtoupper() expects parameter 1 to be string, array given D:\App\back-end\ThinkPHP\Library\Think\Db\Driver.class.php 第 589 行.
NOTIC: [8] Undefined offset: 1 D:\App\back-end\ThinkPHP\Library\Think\Db\Driver.class.php 第 596 行.
NOTIC: [2] strtolower() expects parameter 1 to be string, array given D:\App\back-end\ThinkPHP\Library\Think\Db\Driver.class.php 第 597 行.
SQL: SELECT * FROM `data` WHERE `instrumentid` = 1 AND ( `datatime` >= '2016-7-22' AND ( `datatime` <= '2016-9-2'  )  )  [ RunTime:0.0000s ]
INFO: [ view_parse ] --START--
INFO: [ template_filter ] --START--
INFO: Run Behavior\ContentReplaceBehavior [ RunTime:0.000000s ]
INFO: [ template_filter ] --END-- [ RunTime:0.000000s ]
INFO: Run Behavior\ParseTemplateBehavior [ RunTime:0.006000s ]
INFO: [ view_parse ] --END-- [ RunTime:0.006000s ]
INFO: [ view_filter ] --START--
INFO: Run Behavior\WriteHtmlCacheBehavior [ RunTime:0.000000s ]
INFO: [ view_filter ] --END-- [ RunTime:0.000000s ]
INFO: [ app_end ] --START--
INFO: Run Behavior\ShowPageTraceBehavior [ RunTime:0.001000s ]
INFO: [ app_end ] --END-- [ RunTime:0.001000s ]

[ 2016-10-11T12:58:19+08:00 ] 127.0.0.1 /user.php/data/data.html
INFO: [ app_init ] --START--
INFO: Run Behavior\BuildLiteBehavior [ RunTime:0.000000s ]
INFO: [ app_init ] --END-- [ RunTime:0.000000s ]
INFO: [ app_begin ] --START--
INFO: Run Behavior\ReadHtmlCacheBehavior [ RunTime:0.000000s ]
INFO: [ app_begin ] --END-- [ RunTime:0.000000s ]
SQL: SHOW COLUMNS FROM `instrument` [ RunTime:0.0010s ]
SQL: SELECT * FROM `instrument` WHERE ( instrumentid='' ) LIMIT 1   [ RunTime:0.0010s ]
SQL: SHOW COLUMNS FROM `camera` [ RunTime:0.0010s ]
SQL: SELECT * FROM `camera` WHERE ( cameraid='' ) LIMIT 1   [ RunTime:0.0000s ]
SQL: SELECT * FROM `camera` WHERE ( userid='clever' ) LIMIT 1   [ RunTime:0.0000s ]
SQL: SELECT * FROM `instrument` WHERE ( cameraid='1' )  [ RunTime:0.0010s ]
NOTIC: [8192] Function split() is deprecated D:\App\back-end\User\Home\Controller\DataController.class.php 第 26 行.
SQL: SHOW COLUMNS FROM `data` [ RunTime:0.0010s ]
NOTIC: [2] strtoupper() expects parameter 1 to be string, array given D:\App\back-end\ThinkPHP\Library\Think\Db\Driver.class.php 第 589 行.
NOTIC: [8] Undefined offset: 1 D:\App\back-end\ThinkPHP\Library\Think\Db\Driver.class.php 第 596 行.
NOTIC: [2] strtolower() expects parameter 1 to be string, array given D:\App\back-end\ThinkPHP\Library\Think\Db\Driver.class.php 第 597 行.
SQL: SELECT * FROM `data` WHERE `instrumentid` = 1 AND ( `datatime` >= '2016-7-22' AND ( `datatime` <= '2016-9-2'  )  )  [ RunTime:0.0000s ]
INFO: [ view_parse ] --START--
INFO: [ template_filter ] --START--
INFO: Run Behavior\ContentReplaceBehavior [ RunTime:0.000000s ]
INFO: [ template_filter ] --END-- [ RunTime:0.000000s ]
INFO: Run Behavior\ParseTemplateBehavior [ RunTime:0.007000s ]
INFO: [ view_parse ] --END-- [ RunTime:0.007000s ]
INFO: [ view_filter ] --START--
INFO: Run Behavior\WriteHtmlCacheBehavior [ RunTime:0.000000s ]
INFO: [ view_filter ] --END-- [ RunTime:0.000000s ]
INFO: [ app_end ] --START--
INFO: Run Behavior\ShowPageTraceBehavior [ RunTime:0.000000s ]
INFO: [ app_end ] --END-- [ RunTime:0.000000s ]

[ 2016-10-11T12:58:49+08:00 ] 127.0.0.1 /user.php/data/data.html
INFO: [ app_init ] --START--
INFO: Run Behavior\BuildLiteBehavior [ RunTime:0.000000s ]
INFO: [ app_init ] --END-- [ RunTime:0.000000s ]
INFO: [ app_begin ] --START--
INFO: Run Behavior\ReadHtmlCacheBehavior [ RunTime:0.000000s ]
INFO: [ app_begin ] --END-- [ RunTime:0.000000s ]
SQL: SHOW COLUMNS FROM `instrument` [ RunTime:0.0020s ]
SQL: SELECT * FROM `instrument` WHERE ( instrumentid='' ) LIMIT 1   [ RunTime:0.0000s ]
SQL: SHOW COLUMNS FROM `camera` [ RunTime:0.0010s ]
SQL: SELECT * FROM `camera` WHERE ( cameraid='' ) LIMIT 1   [ RunTime:0.0000s ]
SQL: SELECT * FROM `camera` WHERE ( userid='clever' ) LIMIT 1   [ RunTime:0.0010s ]
SQL: SELECT * FROM `instrument` WHERE ( cameraid='1' )  [ RunTime:0.0000s ]
NOTIC: [8192] Function split() is deprecated D:\App\back-end\User\Home\Controller\DataController.class.php 第 26 行.
SQL: SHOW COLUMNS FROM `data` [ RunTime:0.0020s ]
NOTIC: [2] strtoupper() expects parameter 1 to be string, array given D:\App\back-end\ThinkPHP\Library\Think\Db\Driver.class.php 第 589 行.
NOTIC: [8] Undefined offset: 1 D:\App\back-end\ThinkPHP\Library\Think\Db\Driver.class.php 第 596 行.
NOTIC: [2] strtolower() expects parameter 1 to be string, array given D:\App\back-end\ThinkPHP\Library\Think\Db\Driver.class.php 第 597 行.
SQL: SELECT * FROM `data` WHERE `instrumentid` = 1 AND ( `datatime` >= '2016-7-22' AND ( `datatime` <= '2016-9-2'  )  )  [ RunTime:0.0000s ]
INFO: [ view_parse ] --START--
INFO: [ template_filter ] --START--
INFO: Run Behavior\ContentReplaceBehavior [ RunTime:0.000000s ]
INFO: [ template_filter ] --END-- [ RunTime:0.000000s ]
INFO: Run Behavior\ParseTemplateBehavior [ RunTime:0.006001s ]
INFO: [ view_parse ] --END-- [ RunTime:0.006001s ]
INFO: [ view_filter ] --START--
INFO: Run Behavior\WriteHtmlCacheBehavior [ RunTime:0.000000s ]
INFO: [ view_filter ] --END-- [ RunTime:0.001000s ]
INFO: [ app_end ] --START--
INFO: Run Behavior\ShowPageTraceBehavior [ RunTime:0.000000s ]
INFO: [ app_end ] --END-- [ RunTime:0.000000s ]

[ 2016-10-11T13:01:43+08:00 ] 127.0.0.1 /user.php/data/data.html
INFO: [ app_init ] --START--
INFO: Run Behavior\BuildLiteBehavior [ RunTime:0.000000s ]
INFO: [ app_init ] --END-- [ RunTime:0.001000s ]
INFO: [ app_begin ] --START--
INFO: Run Behavior\ReadHtmlCacheBehavior [ RunTime:0.000000s ]
INFO: [ app_begin ] --END-- [ RunTime:0.001001s ]
SQL: SHOW COLUMNS FROM `instrument` [ RunTime:0.0020s ]
SQL: SELECT * FROM `instrument` WHERE ( instrumentid='' ) LIMIT 1   [ RunTime:0.0000s ]
SQL: SHOW COLUMNS FROM `camera` [ RunTime:0.0020s ]
SQL: SELECT * FROM `camera` WHERE ( cameraid='' ) LIMIT 1   [ RunTime:0.0000s ]
SQL: SELECT * FROM `camera` WHERE ( userid='clever' ) LIMIT 1   [ RunTime:0.0000s ]
SQL: SELECT * FROM `instrument` WHERE ( cameraid='1' )  [ RunTime:0.0000s ]
NOTIC: [8192] Function split() is deprecated D:\App\back-end\User\Home\Controller\DataController.class.php 第 26 行.
SQL: SHOW COLUMNS FROM `data` [ RunTime:0.0020s ]
NOTIC: [2] strtoupper() expects parameter 1 to be string, array given D:\App\back-end\ThinkPHP\Library\Think\Db\Driver.class.php 第 589 行.
NOTIC: [8] Undefined offset: 1 D:\App\back-end\ThinkPHP\Library\Think\Db\Driver.class.php 第 596 行.
NOTIC: [2] strtolower() expects parameter 1 to be string, array given D:\App\back-end\ThinkPHP\Library\Think\Db\Driver.class.php 第 597 行.
SQL: SELECT * FROM `data` WHERE `instrumentid` = 1 AND ( `datatime` >= '2016-7-22' AND ( `datatime` <= '2016-9-2'  )  )  [ RunTime:0.0000s ]
INFO: [ view_parse ] --START--
INFO: [ template_filter ] --START--
INFO: Run Behavior\ContentReplaceBehavior [ RunTime:0.000000s ]
INFO: [ template_filter ] --END-- [ RunTime:0.001000s ]
INFO: Run Behavior\ParseTemplateBehavior [ RunTime:0.005000s ]
INFO: [ view_parse ] --END-- [ RunTime:0.005000s ]
INFO: [ view_filter ] --START--
INFO: Run Behavior\WriteHtmlCacheBehavior [ RunTime:0.000000s ]
INFO: [ view_filter ] --END-- [ RunTime:0.001000s ]
INFO: [ app_end ] --START--
INFO: Run Behavior\ShowPageTraceBehavior [ RunTime:0.001000s ]
INFO: [ app_end ] --END-- [ RunTime:0.001000s ]

[ 2016-10-11T13:02:01+08:00 ] 127.0.0.1 /user.php/data/data.html
INFO: [ app_init ] --START--
INFO: Run Behavior\BuildLiteBehavior [ RunTime:0.000000s ]
INFO: [ app_init ] --END-- [ RunTime:0.001000s ]
INFO: [ app_begin ] --START--
INFO: Run Behavior\ReadHtmlCacheBehavior [ RunTime:0.000000s ]
INFO: [ app_begin ] --END-- [ RunTime:0.000000s ]
SQL: SHOW COLUMNS FROM `instrument` [ RunTime:0.0010s ]
SQL: SELECT * FROM `instrument` WHERE ( instrumentid='' ) LIMIT 1   [ RunTime:0.0010s ]
SQL: SHOW COLUMNS FROM `camera` [ RunTime:0.0010s ]
SQL: SELECT * FROM `camera` WHERE ( cameraid='' ) LIMIT 1   [ RunTime:0.0010s ]
SQL: SELECT * FROM `camera` WHERE ( userid='clever' ) LIMIT 1   [ RunTime:0.0000s ]
SQL: SELECT * FROM `instrument` WHERE ( cameraid='1' )  [ RunTime:0.0000s ]
NOTIC: [8192] Function split() is deprecated D:\App\back-end\User\Home\Controller\DataController.class.php 第 26 行.
SQL: SHOW COLUMNS FROM `data` [ RunTime:0.0020s ]
NOTIC: [2] strtoupper() expects parameter 1 to be string, array given D:\App\back-end\ThinkPHP\Library\Think\Db\Driver.class.php 第 589 行.
NOTIC: [8] Undefined offset: 1 D:\App\back-end\ThinkPHP\Library\Think\Db\Driver.class.php 第 596 行.
NOTIC: [2] strtolower() expects parameter 1 to be string, array given D:\App\back-end\ThinkPHP\Library\Think\Db\Driver.class.php 第 597 行.
SQL: SELECT * FROM `data` WHERE `instrumentid` = 1 AND ( `datatime` >= '2016-7-22' AND ( `datatime` <= '2016-9-2'  )  )  [ RunTime:0.0010s ]
INFO: [ view_parse ] --START--
INFO: [ template_filter ] --START--
INFO: Run Behavior\ContentReplaceBehavior [ RunTime:0.000000s ]
INFO: [ template_filter ] --END-- [ RunTime:0.000000s ]
INFO: Run Behavior\ParseTemplateBehavior [ RunTime:0.007000s ]
INFO: [ view_parse ] --END-- [ RunTime:0.007000s ]
INFO: [ view_filter ] --START--
INFO: Run Behavior\WriteHtmlCacheBehavior [ RunTime:0.000000s ]
INFO: [ view_filter ] --END-- [ RunTime:0.000000s ]
INFO: [ app_end ] --START--
INFO: Run Behavior\ShowPageTraceBehavior [ RunTime:0.000000s ]
INFO: [ app_end ] --END-- [ RunTime:0.000000s ]

[ 2016-10-11T13:02:27+08:00 ] 127.0.0.1 /user.php/data/data.html
INFO: [ app_init ] --START--
INFO: Run Behavior\BuildLiteBehavior [ RunTime:0.000000s ]
INFO: [ app_init ] --END-- [ RunTime:0.000000s ]
INFO: [ app_begin ] --START--
INFO: Run Behavior\ReadHtmlCacheBehavior [ RunTime:0.000000s ]
INFO: [ app_begin ] --END-- [ RunTime:0.000000s ]
SQL: SHOW COLUMNS FROM `instrument` [ RunTime:0.0020s ]
SQL: SELECT * FROM `instrument` WHERE ( instrumentid='' ) LIMIT 1   [ RunTime:0.0000s ]
SQL: SHOW COLUMNS FROM `camera` [ RunTime:0.0020s ]
SQL: SELECT * FROM `camera` WHERE ( cameraid='' ) LIMIT 1   [ RunTime:0.0000s ]
SQL: SELECT * FROM `camera` WHERE ( userid='clever' ) LIMIT 1   [ RunTime:0.0000s ]
SQL: SELECT * FROM `instrument` WHERE ( cameraid='1' )  [ RunTime:0.0000s ]
NOTIC: [8192] Function split() is deprecated D:\App\back-end\User\Home\Controller\DataController.class.php 第 26 行.
SQL: SHOW COLUMNS FROM `data` [ RunTime:0.0020s ]
NOTIC: [2] strtoupper() expects parameter 1 to be string, array given D:\App\back-end\ThinkPHP\Library\Think\Db\Driver.class.php 第 589 行.
NOTIC: [8] Undefined offset: 1 D:\App\back-end\ThinkPHP\Library\Think\Db\Driver.class.php 第 596 行.
NOTIC: [2] strtolower() expects parameter 1 to be string, array given D:\App\back-end\ThinkPHP\Library\Think\Db\Driver.class.php 第 597 行.
SQL: SELECT * FROM `data` WHERE `instrumentid` = 1 AND ( `datatime` >= '2016-7-22' AND ( `datatime` <= '2016-9-3'  )  )  [ RunTime:0.0000s ]
INFO: [ view_parse ] --START--
INFO: [ template_filter ] --START--
INFO: Run Behavior\ContentReplaceBehavior [ RunTime:0.000000s ]
INFO: [ template_filter ] --END-- [ RunTime:0.000000s ]
INFO: Run Behavior\ParseTemplateBehavior [ RunTime:0.006001s ]
INFO: [ view_parse ] --END-- [ RunTime:0.006001s ]
INFO: [ view_filter ] --START--
INFO: Run Behavior\WriteHtmlCacheBehavior [ RunTime:0.000000s ]
INFO: [ view_filter ] --END-- [ RunTime:0.000000s ]
INFO: [ app_end ] --START--
INFO: Run Behavior\ShowPageTraceBehavior [ RunTime:0.001000s ]
INFO: [ app_end ] --END-- [ RunTime:0.001000s ]

[ 2016-10-11T13:16:48+08:00 ] 127.0.0.1 /user.php/data/data.html
INFO: [ app_init ] --START--
INFO: Run Behavior\BuildLiteBehavior [ RunTime:0.000000s ]
INFO: [ app_init ] --END-- [ RunTime:0.000000s ]
INFO: [ app_begin ] --START--
INFO: Run Behavior\ReadHtmlCacheBehavior [ RunTime:0.000000s ]
INFO: [ app_begin ] --END-- [ RunTime:0.000000s ]
SQL: SHOW COLUMNS FROM `instrument` [ RunTime:0.0010s ]
SQL: SELECT * FROM `instrument` WHERE ( instrumentid='' ) LIMIT 1   [ RunTime:0.0010s ]
SQL: SHOW COLUMNS FROM `camera` [ RunTime:0.0010s ]
SQL: SELECT * FROM `camera` WHERE ( cameraid='' ) LIMIT 1   [ RunTime:0.0000s ]
SQL: SELECT * FROM `camera` WHERE ( userid='clever' ) LIMIT 1   [ RunTime:0.0000s ]
SQL: SELECT * FROM `instrument` WHERE ( cameraid='1' )  [ RunTime:0.0010s ]
NOTIC: [8192] Function split() is deprecated D:\App\back-end\User\Home\Controller\DataController.class.php 第 26 行.
SQL: SHOW COLUMNS FROM `data` [ RunTime:0.0010s ]
NOTIC: [2] strtoupper() expects parameter 1 to be string, array given D:\App\back-end\ThinkPHP\Library\Think\Db\Driver.class.php 第 589 行.
NOTIC: [8] Undefined offset: 1 D:\App\back-end\ThinkPHP\Library\Think\Db\Driver.class.php 第 596 行.
NOTIC: [2] strtolower() expects parameter 1 to be string, array given D:\App\back-end\ThinkPHP\Library\Think\Db\Driver.class.php 第 597 行.
SQL: SELECT * FROM `data` WHERE `instrumentid` = 1 AND ( `datatime` >= '2016-7-22' AND ( `datatime` <= '2016-9-3'  )  )  [ RunTime:0.0000s ]
SQL: SELECT `instrumentinfo`,`cameraid` FROM `instrument` WHERE ( instrumentid='1' ) LIMIT 1   [ RunTime:0.0000s ]
SQL: SELECT `cameraname` FROM `camera` WHERE ( cameraid='1' ) LIMIT 1   [ RunTime:0.0010s ]
INFO: [ view_parse ] --START--
INFO: [ template_filter ] --START--
INFO: Run Behavior\ContentReplaceBehavior [ RunTime:0.000000s ]
INFO: [ template_filter ] --END-- [ RunTime:0.000000s ]
INFO: Run Behavior\ParseTemplateBehavior [ RunTime:0.006000s ]
INFO: [ view_parse ] --END-- [ RunTime:0.006000s ]
INFO: [ view_filter ] --START--
INFO: Run Behavior\WriteHtmlCacheBehavior [ RunTime:0.000000s ]
INFO: [ view_filter ] --END-- [ RunTime:0.000000s ]
INFO: [ app_end ] --START--
INFO: Run Behavior\ShowPageTraceBehavior [ RunTime:0.000000s ]
INFO: [ app_end ] --END-- [ RunTime:0.001000s ]

[ 2016-10-11T13:17:04+08:00 ] 127.0.0.1 /user.php/data/data.html
INFO: [ app_init ] --START--
INFO: Run Behavior\BuildLiteBehavior [ RunTime:0.000000s ]
INFO: [ app_init ] --END-- [ RunTime:0.000000s ]
INFO: [ app_begin ] --START--
INFO: Run Behavior\ReadHtmlCacheBehavior [ RunTime:0.000000s ]
INFO: [ app_begin ] --END-- [ RunTime:0.000000s ]
SQL: SHOW COLUMNS FROM `instrument` [ RunTime:0.0010s ]
SQL: SELECT * FROM `instrument` WHERE ( instrumentid='' ) LIMIT 1   [ RunTime:0.0000s ]
SQL: SHOW COLUMNS FROM `camera` [ RunTime:0.0020s ]
SQL: SELECT * FROM `camera` WHERE ( cameraid='' ) LIMIT 1   [ RunTime:0.0000s ]
SQL: SELECT * FROM `camera` WHERE ( userid='clever' ) LIMIT 1   [ RunTime:0.0000s ]
SQL: SELECT * FROM `instrument` WHERE ( cameraid='1' )  [ RunTime:0.0010s ]
NOTIC: [8192] Function split() is deprecated D:\App\back-end\User\Home\Controller\DataController.class.php 第 26 行.
SQL: SHOW COLUMNS FROM `data` [ RunTime:0.0010s ]
NOTIC: [2] strtoupper() expects parameter 1 to be string, array given D:\App\back-end\ThinkPHP\Library\Think\Db\Driver.class.php 第 589 行.
NOTIC: [8] Undefined offset: 1 D:\App\back-end\ThinkPHP\Library\Think\Db\Driver.class.php 第 596 行.
NOTIC: [2] strtolower() expects parameter 1 to be string, array given D:\App\back-end\ThinkPHP\Library\Think\Db\Driver.class.php 第 597 行.
SQL: SELECT * FROM `data` WHERE `instrumentid` = 1 AND ( `datatime` >= '2016-7-22' AND ( `datatime` <= '2016-9-3'  )  )  [ RunTime:0.0000s ]
SQL: SELECT `instrumentinfo`,`cameraid` FROM `instrument` WHERE ( instrumentid='1' ) LIMIT 1   [ RunTime:0.0000s ]
SQL: SELECT `cameraname` FROM `camera` WHERE ( cameraid='1' ) LIMIT 1   [ RunTime:0.0000s ]
INFO: [ view_parse ] --START--
INFO: [ template_filter ] --START--
INFO: Run Behavior\ContentReplaceBehavior [ RunTime:0.000000s ]
INFO: [ template_filter ] --END-- [ RunTime:0.000000s ]
INFO: Run Behavior\ParseTemplateBehavior [ RunTime:0.006000s ]
INFO: [ view_parse ] --END-- [ RunTime:0.006000s ]
INFO: [ view_filter ] --START--
INFO: Run Behavior\WriteHtmlCacheBehavior [ RunTime:0.000000s ]
INFO: [ view_filter ] --END-- [ RunTime:0.000000s ]
INFO: [ app_end ] --START--
INFO: Run Behavior\ShowPageTraceBehavior [ RunTime:0.000000s ]
INFO: [ app_end ] --END-- [ RunTime:0.000000s ]

[ 2016-10-11T13:18:23+08:00 ] 127.0.0.1 /user.php/data/data.html
INFO: [ app_init ] --START--
INFO: Run Behavior\BuildLiteBehavior [ RunTime:0.000000s ]
INFO: [ app_init ] --END-- [ RunTime:0.000000s ]
INFO: [ app_begin ] --START--
INFO: Run Behavior\ReadHtmlCacheBehavior [ RunTime:0.000000s ]
INFO: [ app_begin ] --END-- [ RunTime:0.000000s ]
SQL: SHOW COLUMNS FROM `instrument` [ RunTime:0.0010s ]
SQL: SELECT * FROM `instrument` WHERE ( instrumentid='' ) LIMIT 1   [ RunTime:0.0000s ]
SQL: SHOW COLUMNS FROM `camera` [ RunTime:0.0010s ]
SQL: SELECT * FROM `camera` WHERE ( cameraid='' ) LIMIT 1   [ RunTime:0.0000s ]
SQL: SELECT * FROM `camera` WHERE ( userid='clever' ) LIMIT 1   [ RunTime:0.0010s ]
SQL: SELECT * FROM `instrument` WHERE ( cameraid='1' )  [ RunTime:0.0000s ]
NOTIC: [8192] Function split() is deprecated D:\App\back-end\User\Home\Controller\DataController.class.php 第 26 行.
SQL: SHOW COLUMNS FROM `data` [ RunTime:0.0010s ]
NOTIC: [2] strtoupper() expects parameter 1 to be string, array given D:\App\back-end\ThinkPHP\Library\Think\Db\Driver.class.php 第 589 行.
NOTIC: [8] Undefined offset: 1 D:\App\back-end\ThinkPHP\Library\Think\Db\Driver.class.php 第 596 行.
NOTIC: [2] strtolower() expects parameter 1 to be string, array given D:\App\back-end\ThinkPHP\Library\Think\Db\Driver.class.php 第 597 行.
SQL: SELECT * FROM `data` WHERE `instrumentid` = 1 AND ( `datatime` >= '2016-7-22' AND ( `datatime` <= '2016-9-3'  )  )  [ RunTime:0.0000s ]
SQL: SELECT `instrumentinfo`,`cameraid` FROM `instrument` WHERE ( instrumentid='1' ) LIMIT 1   [ RunTime:0.0010s ]
SQL: SELECT `cameraname` FROM `camera` WHERE ( cameraid='1' ) LIMIT 1   [ RunTime:0.0000s ]
INFO: [ view_parse ] --START--
INFO: [ template_filter ] --START--
INFO: Run Behavior\ContentReplaceBehavior [ RunTime:0.000000s ]
INFO: [ template_filter ] --END-- [ RunTime:0.000000s ]
INFO: Run Behavior\ParseTemplateBehavior [ RunTime:0.006000s ]
INFO: [ view_parse ] --END-- [ RunTime:0.006000s ]
INFO: [ view_filter ] --START--
INFO: Run Behavior\WriteHtmlCacheBehavior [ RunTime:0.000000s ]
INFO: [ view_filter ] --END-- [ RunTime:0.000000s ]
INFO: [ app_end ] --START--
INFO: Run Behavior\ShowPageTraceBehavior [ RunTime:0.000000s ]
INFO: [ app_end ] --END-- [ RunTime:0.000000s ]

[ 2016-10-11T13:18:59+08:00 ] 127.0.0.1 /user.php/data/data.html
INFO: [ app_init ] --START--
INFO: Run Behavior\BuildLiteBehavior [ RunTime:0.000000s ]
INFO: [ app_init ] --END-- [ RunTime:0.001000s ]
INFO: [ app_begin ] --START--
INFO: Run Behavior\ReadHtmlCacheBehavior [ RunTime:0.000000s ]
INFO: [ app_begin ] --END-- [ RunTime:0.000000s ]
SQL: SHOW COLUMNS FROM `instrument` [ RunTime:0.0020s ]
SQL: SELECT * FROM `instrument` WHERE ( instrumentid='' ) LIMIT 1   [ RunTime:0.0000s ]
SQL: SHOW COLUMNS FROM `camera` [ RunTime:0.0020s ]
SQL: SELECT * FROM `camera` WHERE ( cameraid='' ) LIMIT 1   [ RunTime:0.0000s ]
SQL: SELECT * FROM `camera` WHERE ( userid='clever' ) LIMIT 1   [ RunTime:0.0000s ]
SQL: SELECT * FROM `instrument` WHERE ( cameraid='1' )  [ RunTime:0.0010s ]
NOTIC: [8192] Function split() is deprecated D:\App\back-end\User\Home\Controller\DataController.class.php 第 26 行.
SQL: SHOW COLUMNS FROM `data` [ RunTime:0.0020s ]
NOTIC: [2] strtoupper() expects parameter 1 to be string, array given D:\App\back-end\ThinkPHP\Library\Think\Db\Driver.class.php 第 589 行.
NOTIC: [8] Undefined offset: 1 D:\App\back-end\ThinkPHP\Library\Think\Db\Driver.class.php 第 596 行.
NOTIC: [2] strtolower() expects parameter 1 to be string, array given D:\App\back-end\ThinkPHP\Library\Think\Db\Driver.class.php 第 597 行.
SQL: SELECT * FROM `data` WHERE `instrumentid` = 1 AND ( `datatime` >= '2016-7-22' AND ( `datatime` <= '2016-9-3'  )  )  [ RunTime:0.0000s ]
SQL: SELECT `instrumentinfo`,`cameraid` FROM `instrument` WHERE ( instrumentid='1' ) LIMIT 1   [ RunTime:0.0000s ]
SQL: SELECT `cameraname` FROM `camera` WHERE ( cameraid='1' ) LIMIT 1   [ RunTime:0.0010s ]
INFO: [ view_parse ] --START--
INFO: [ template_filter ] --START--
INFO: Run Behavior\ContentReplaceBehavior [ RunTime:0.000000s ]
INFO: [ template_filter ] --END-- [ RunTime:0.001000s ]
INFO: Run Behavior\ParseTemplateBehavior [ RunTime:0.005000s ]
INFO: [ view_parse ] --END-- [ RunTime:0.006000s ]
INFO: [ view_filter ] --START--
INFO: Run Behavior\WriteHtmlCacheBehavior [ RunTime:0.000000s ]
INFO: [ view_filter ] --END-- [ RunTime:0.000000s ]
INFO: [ app_end ] --START--
INFO: Run Behavior\ShowPageTraceBehavior [ RunTime:0.000000s ]
INFO: [ app_end ] --END-- [ RunTime:0.001000s ]

[ 2016-10-11T13:19:09+08:00 ] 127.0.0.1 /user.php/data/data.html
INFO: [ app_init ] --START--
INFO: Run Behavior\BuildLiteBehavior [ RunTime:0.000000s ]
INFO: [ app_init ] --END-- [ RunTime:0.000000s ]
INFO: [ app_begin ] --START--
INFO: Run Behavior\ReadHtmlCacheBehavior [ RunTime:0.000000s ]
INFO: [ app_begin ] --END-- [ RunTime:0.000000s ]
SQL: SHOW COLUMNS FROM `instrument` [ RunTime:0.0020s ]
SQL: SELECT * FROM `instrument` WHERE ( instrumentid='' ) LIMIT 1   [ RunTime:0.0000s ]
SQL: SHOW COLUMNS FROM `camera` [ RunTime:0.0020s ]
SQL: SELECT * FROM `camera` WHERE ( cameraid='' ) LIMIT 1   [ RunTime:0.0000s ]
SQL: SELECT * FROM `camera` WHERE ( userid='clever' ) LIMIT 1   [ RunTime:0.0000s ]
SQL: SELECT * FROM `instrument` WHERE ( cameraid='1' )  [ RunTime:0.0000s ]
NOTIC: [8192] Function split() is deprecated D:\App\back-end\User\Home\Controller\DataController.class.php 第 26 行.
SQL: SHOW COLUMNS FROM `data` [ RunTime:0.0020s ]
NOTIC: [2] strtoupper() expects parameter 1 to be string, array given D:\App\back-end\ThinkPHP\Library\Think\Db\Driver.class.php 第 589 行.
NOTIC: [8] Undefined offset: 1 D:\App\back-end\ThinkPHP\Library\Think\Db\Driver.class.php 第 596 行.
NOTIC: [2] strtolower() expects parameter 1 to be string, array given D:\App\back-end\ThinkPHP\Library\Think\Db\Driver.class.php 第 597 行.
SQL: SELECT * FROM `data` WHERE `instrumentid` = 1 AND ( `datatime` >= '2016-7-22' AND ( `datatime` <= '2016-9-3'  )  )  [ RunTime:0.0000s ]
SQL: SELECT `instrumentinfo`,`cameraid` FROM `instrument` WHERE ( instrumentid='1' ) LIMIT 1   [ RunTime:0.0000s ]
SQL: SELECT `cameraname` FROM `camera` WHERE ( cameraid='1' ) LIMIT 1   [ RunTime:0.0010s ]
INFO: [ view_parse ] --START--
INFO: [ template_filter ] --START--
INFO: Run Behavior\ContentReplaceBehavior [ RunTime:0.000000s ]
INFO: [ template_filter ] --END-- [ RunTime:0.001000s ]
INFO: Run Behavior\ParseTemplateBehavior [ RunTime:0.006001s ]
INFO: [ view_parse ] --END-- [ RunTime:0.006001s ]
INFO: [ view_filter ] --START--
INFO: Run Behavior\WriteHtmlCacheBehavior [ RunTime:0.000000s ]
INFO: [ view_filter ] --END-- [ RunTime:0.000000s ]
INFO: [ app_end ] --START--
INFO: Run Behavior\ShowPageTraceBehavior [ RunTime:0.000000s ]
INFO: [ app_end ] --END-- [ RunTime:0.000000s ]

[ 2016-10-11T13:20:01+08:00 ] 127.0.0.1 /user.php/data/data.html
INFO: [ app_init ] --START--
INFO: Run Behavior\BuildLiteBehavior [ RunTime:0.000000s ]
INFO: [ app_init ] --END-- [ RunTime:0.000000s ]
INFO: [ app_begin ] --START--
INFO: Run Behavior\ReadHtmlCacheBehavior [ RunTime:0.000000s ]
INFO: [ app_begin ] --END-- [ RunTime:0.000000s ]
SQL: SHOW COLUMNS FROM `instrument` [ RunTime:0.0020s ]
SQL: SELECT * FROM `instrument` WHERE ( instrumentid='' ) LIMIT 1   [ RunTime:0.0000s ]
SQL: SHOW COLUMNS FROM `camera` [ RunTime:0.0010s ]
SQL: SELECT * FROM `camera` WHERE ( cameraid='' ) LIMIT 1   [ RunTime:0.0000s ]
SQL: SELECT * FROM `camera` WHERE ( userid='clever' ) LIMIT 1   [ RunTime:0.0000s ]
SQL: SELECT * FROM `instrument` WHERE ( cameraid='1' )  [ RunTime:0.0000s ]
NOTIC: [8192] Function split() is deprecated D:\App\back-end\User\Home\Controller\DataController.class.php 第 26 行.
SQL: SHOW COLUMNS FROM `data` [ RunTime:0.0010s ]
NOTIC: [2] strtoupper() expects parameter 1 to be string, array given D:\App\back-end\ThinkPHP\Library\Think\Db\Driver.class.php 第 589 行.
NOTIC: [8] Undefined offset: 1 D:\App\back-end\ThinkPHP\Library\Think\Db\Driver.class.php 第 596 行.
NOTIC: [2] strtolower() expects parameter 1 to be string, array given D:\App\back-end\ThinkPHP\Library\Think\Db\Driver.class.php 第 597 行.
SQL: SELECT * FROM `data` WHERE `instrumentid` = 1 AND ( `datatime` >= '2016-7-22' AND ( `datatime` <= '2016-9-3'  )  )  [ RunTime:0.0000s ]
SQL: SELECT `instrumentinfo`,`cameraid` FROM `instrument` WHERE ( instrumentid='1' ) LIMIT 1   [ RunTime:0.0000s ]
SQL: SELECT `cameraname` FROM `camera` WHERE ( cameraid='1' ) LIMIT 1   [ RunTime:0.0010s ]
INFO: [ view_parse ] --START--
INFO: [ template_filter ] --START--
INFO: Run Behavior\ContentReplaceBehavior [ RunTime:0.001000s ]
INFO: [ template_filter ] --END-- [ RunTime:0.001000s ]
INFO: Run Behavior\ParseTemplateBehavior [ RunTime:0.006000s ]
INFO: [ view_parse ] --END-- [ RunTime:0.006000s ]
INFO: [ view_filter ] --START--
INFO: Run Behavior\WriteHtmlCacheBehavior [ RunTime:0.000000s ]
INFO: [ view_filter ] --END-- [ RunTime:0.000000s ]
INFO: [ app_end ] --START--
INFO: Run Behavior\ShowPageTraceBehavior [ RunTime:0.000000s ]
INFO: [ app_end ] --END-- [ RunTime:0.000000s ]

[ 2016-10-11T13:20:19+08:00 ] 127.0.0.1 /user.php/data/data.html
INFO: [ app_init ] --START--
INFO: Run Behavior\BuildLiteBehavior [ RunTime:0.000000s ]
INFO: [ app_init ] --END-- [ RunTime:0.001000s ]
INFO: [ app_begin ] --START--
INFO: Run Behavior\ReadHtmlCacheBehavior [ RunTime:0.001000s ]
INFO: [ app_begin ] --END-- [ RunTime:0.001000s ]
SQL: SHOW COLUMNS FROM `instrument` [ RunTime:0.0010s ]
SQL: SELECT * FROM `instrument` WHERE ( instrumentid='' ) LIMIT 1   [ RunTime:0.0000s ]
SQL: SHOW COLUMNS FROM `camera` [ RunTime:0.0010s ]
SQL: SELECT * FROM `camera` WHERE ( cameraid='' ) LIMIT 1   [ RunTime:0.0010s ]
SQL: SELECT * FROM `camera` WHERE ( userid='clever' ) LIMIT 1   [ RunTime:0.0000s ]
SQL: SELECT * FROM `instrument` WHERE ( cameraid='1' )  [ RunTime:0.0000s ]
NOTIC: [8192] Function split() is deprecated D:\App\back-end\User\Home\Controller\DataController.class.php 第 26 行.
SQL: SHOW COLUMNS FROM `data` [ RunTime:0.0010s ]
NOTIC: [2] strtoupper() expects parameter 1 to be string, array given D:\App\back-end\ThinkPHP\Library\Think\Db\Driver.class.php 第 589 行.
NOTIC: [8] Undefined offset: 1 D:\App\back-end\ThinkPHP\Library\Think\Db\Driver.class.php 第 596 行.
NOTIC: [2] strtolower() expects parameter 1 to be string, array given D:\App\back-end\ThinkPHP\Library\Think\Db\Driver.class.php 第 597 行.
SQL: SELECT * FROM `data` WHERE `instrumentid` = 1 AND ( `datatime` >= '2016-7-22' AND ( `datatime` <= '2016-9-3'  )  )  [ RunTime:0.0000s ]
SQL: SELECT `instrumentinfo`,`cameraid` FROM `instrument` WHERE ( instrumentid='1' ) LIMIT 1   [ RunTime:0.0000s ]
SQL: SELECT `cameraname` FROM `camera` WHERE ( cameraid='1' ) LIMIT 1   [ RunTime:0.0000s ]
INFO: [ view_parse ] --START--
INFO: [ template_filter ] --START--
INFO: Run Behavior\ContentReplaceBehavior [ RunTime:0.000000s ]
INFO: [ template_filter ] --END-- [ RunTime:0.000000s ]
INFO: Run Behavior\ParseTemplateBehavior [ RunTime:0.006000s ]
INFO: [ view_parse ] --END-- [ RunTime:0.006000s ]
INFO: [ view_filter ] --START--
INFO: Run Behavior\WriteHtmlCacheBehavior [ RunTime:0.000000s ]
INFO: [ view_filter ] --END-- [ RunTime:0.000000s ]
INFO: [ app_end ] --START--
INFO: Run Behavior\ShowPageTraceBehavior [ RunTime:0.000000s ]
INFO: [ app_end ] --END-- [ RunTime:0.000000s ]

