[ 2016-10-04T00:16:07+08:00 ] 127.0.0.1 /user.php/camera/camera.html?cameraid=1
INFO: [ app_init ] --START--
INFO: Run Behavior\BuildLiteBehavior [ RunTime:0.000070s ]
INFO: [ app_init ] --END-- [ RunTime:0.002656s ]
INFO: [ app_begin ] --START--
INFO: Run Behavior\ReadHtmlCacheBehavior [ RunTime:0.005254s ]
INFO: [ app_begin ] --END-- [ RunTime:0.005630s ]
SQL: SHOW COLUMNS FROM `camera` [ RunTime:0.0094s ]
SQL: SELECT * FROM `camera` WHERE ( cameraid='1' ) LIMIT 1   [ RunTime:0.0007s ]
SQL: SHOW COLUMNS FROM `instrument` [ RunTime:0.0074s ]
SQL: SELECT `instrumentid`,`instrumentinfo` FROM `instrument` WHERE ( cameraid='1' )  [ RunTime:0.0004s ]
SQL: SHOW COLUMNS FROM `data` [ RunTime:0.0089s ]
SQL: SELECT * FROM `data` WHERE ( instrumentid='1' ) LIMIT 20   [ RunTime:0.0012s ]
SQL: SELECT * FROM `data` WHERE ( instrumentid='2' ) LIMIT 20   [ RunTime:0.0005s ]
SQL: SELECT * FROM `data` WHERE ( instrumentid='3' ) LIMIT 20   [ RunTime:0.0004s ]
SQL: SELECT * FROM `data` WHERE ( instrumentid='4' ) LIMIT 20   [ RunTime:0.0004s ]
INFO: [ view_parse ] --START--
NOTIC: [8] Undefined index: id D:\desktop\App\data.test\ThinkPHP\Library\Think\Template\TagLib\Cx.class.php 第 70 行.
NOTIC: [8] Undefined index: value D:\desktop\App\data.test\ThinkPHP\Library\Think\Template\TagLib\Cx.class.php 第 251 行.
INFO: [ template_filter ] --START--
INFO: Run Behavior\ContentReplaceBehavior [ RunTime:0.000178s ]
INFO: [ template_filter ] --END-- [ RunTime:0.000308s ]

[ 2016-10-04T00:16:27+08:00 ] 127.0.0.1 /user.php/camera/camera.html?cameraid=1
INFO: [ app_init ] --START--
INFO: Run Behavior\BuildLiteBehavior [ RunTime:0.000020s ]
INFO: [ app_init ] --END-- [ RunTime:0.000674s ]
INFO: [ app_begin ] --START--
INFO: Run Behavior\ReadHtmlCacheBehavior [ RunTime:0.000804s ]
INFO: [ app_begin ] --END-- [ RunTime:0.000881s ]
SQL: SHOW COLUMNS FROM `camera` [ RunTime:0.0031s ]
SQL: SELECT * FROM `camera` WHERE ( cameraid='1' ) LIMIT 1   [ RunTime:0.0004s ]
SQL: SHOW COLUMNS FROM `instrument` [ RunTime:0.0042s ]
SQL: SELECT `instrumentid`,`instrumentinfo` FROM `instrument` WHERE ( cameraid='1' )  [ RunTime:0.0004s ]
SQL: SHOW COLUMNS FROM `data` [ RunTime:0.0042s ]
SQL: SELECT * FROM `data` WHERE ( instrumentid='1' ) LIMIT 20   [ RunTime:0.0004s ]
SQL: SELECT * FROM `data` WHERE ( instrumentid='2' ) LIMIT 20   [ RunTime:0.0003s ]
SQL: SELECT * FROM `data` WHERE ( instrumentid='3' ) LIMIT 20   [ RunTime:0.0003s ]
SQL: SELECT * FROM `data` WHERE ( instrumentid='4' ) LIMIT 20   [ RunTime:0.0003s ]
INFO: [ view_parse ] --START--
NOTIC: [8] Undefined index: id D:\desktop\App\data.test\ThinkPHP\Library\Think\Template\TagLib\Cx.class.php 第 70 行.
NOTIC: [8] Undefined index: value D:\desktop\App\data.test\ThinkPHP\Library\Think\Template\TagLib\Cx.class.php 第 251 行.
INFO: [ template_filter ] --START--
INFO: Run Behavior\ContentReplaceBehavior [ RunTime:0.000102s ]
INFO: [ template_filter ] --END-- [ RunTime:0.000161s ]

[ 2016-10-04T00:16:53+08:00 ] 127.0.0.1 /user.php/camera/camera.html?cameraid=1
INFO: [ app_init ] --START--
INFO: Run Behavior\BuildLiteBehavior [ RunTime:0.000018s ]
INFO: [ app_init ] --END-- [ RunTime:0.000549s ]
INFO: [ app_begin ] --START--
INFO: Run Behavior\ReadHtmlCacheBehavior [ RunTime:0.001186s ]
INFO: [ app_begin ] --END-- [ RunTime:0.001286s ]
SQL: SHOW COLUMNS FROM `camera` [ RunTime:0.0033s ]
SQL: SELECT * FROM `camera` WHERE ( cameraid='1' ) LIMIT 1   [ RunTime:0.0003s ]
SQL: SHOW COLUMNS FROM `instrument` [ RunTime:0.0038s ]
SQL: SELECT `instrumentid`,`instrumentinfo` FROM `instrument` WHERE ( cameraid='1' )  [ RunTime:0.0004s ]
SQL: SHOW COLUMNS FROM `data` [ RunTime:0.0034s ]
SQL: SELECT * FROM `data` WHERE ( instrumentid='1' ) LIMIT 20   [ RunTime:0.0006s ]
SQL: SELECT * FROM `data` WHERE ( instrumentid='2' ) LIMIT 20   [ RunTime:0.0003s ]
SQL: SELECT * FROM `data` WHERE ( instrumentid='3' ) LIMIT 20   [ RunTime:0.0003s ]
SQL: SELECT * FROM `data` WHERE ( instrumentid='4' ) LIMIT 20   [ RunTime:0.0003s ]
INFO: [ view_parse ] --START--
NOTIC: [8] Undefined index: value D:\desktop\App\data.test\ThinkPHP\Library\Think\Template\TagLib\Cx.class.php 第 251 行.
INFO: [ template_filter ] --START--
INFO: Run Behavior\ContentReplaceBehavior [ RunTime:0.000096s ]
INFO: [ template_filter ] --END-- [ RunTime:0.000158s ]
INFO: Run Behavior\ParseTemplateBehavior [ RunTime:0.014254s ]
INFO: [ view_parse ] --END-- [ RunTime:0.014354s ]
INFO: [ view_filter ] --START--
INFO: Run Behavior\WriteHtmlCacheBehavior [ RunTime:0.000562s ]
INFO: [ view_filter ] --END-- [ RunTime:0.000615s ]
INFO: [ app_end ] --START--
INFO: Run Behavior\ShowPageTraceBehavior [ RunTime:0.001855s ]
INFO: [ app_end ] --END-- [ RunTime:0.001991s ]

[ 2016-10-04T00:17:53+08:00 ] 127.0.0.1 /user.php/camera/camera.html?cameraid=1
INFO: [ app_init ] --START--
INFO: Run Behavior\BuildLiteBehavior [ RunTime:0.000017s ]
INFO: [ app_init ] --END-- [ RunTime:0.000550s ]
INFO: [ app_begin ] --START--
INFO: Run Behavior\ReadHtmlCacheBehavior [ RunTime:0.001022s ]
INFO: [ app_begin ] --END-- [ RunTime:0.001116s ]
SQL: SHOW COLUMNS FROM `camera` [ RunTime:0.0038s ]
SQL: SELECT * FROM `camera` WHERE ( cameraid='1' ) LIMIT 1   [ RunTime:0.0003s ]
SQL: SHOW COLUMNS FROM `instrument` [ RunTime:0.0031s ]
SQL: SELECT `instrumentid`,`instrumentinfo` FROM `instrument` WHERE ( cameraid='1' )  [ RunTime:0.0003s ]
SQL: SHOW COLUMNS FROM `data` [ RunTime:0.0035s ]
SQL: SELECT * FROM `data` WHERE ( instrumentid='1' ) LIMIT 20   [ RunTime:0.0004s ]
SQL: SELECT * FROM `data` WHERE ( instrumentid='2' ) LIMIT 20   [ RunTime:0.0002s ]
SQL: SELECT * FROM `data` WHERE ( instrumentid='3' ) LIMIT 20   [ RunTime:0.0003s ]
SQL: SELECT * FROM `data` WHERE ( instrumentid='4' ) LIMIT 20   [ RunTime:0.0003s ]
INFO: [ view_parse ] --START--
NOTIC: [8] Undefined index: value D:\desktop\App\data.test\ThinkPHP\Library\Think\Template\TagLib\Cx.class.php 第 251 行.
INFO: [ template_filter ] --START--
INFO: Run Behavior\ContentReplaceBehavior [ RunTime:0.000093s ]
INFO: [ template_filter ] --END-- [ RunTime:0.000154s ]
INFO: Run Behavior\ParseTemplateBehavior [ RunTime:0.014244s ]
INFO: [ view_parse ] --END-- [ RunTime:0.014337s ]
INFO: [ view_filter ] --START--
INFO: Run Behavior\WriteHtmlCacheBehavior [ RunTime:0.000627s ]
INFO: [ view_filter ] --END-- [ RunTime:0.000682s ]
INFO: [ app_end ] --START--
INFO: Run Behavior\ShowPageTraceBehavior [ RunTime:0.002399s ]
INFO: [ app_end ] --END-- [ RunTime:0.002538s ]

[ 2016-10-04T00:25:02+08:00 ] 127.0.0.1 /user.php/camera/camera.html?cameraid=1
INFO: [ app_init ] --START--
INFO: Run Behavior\BuildLiteBehavior [ RunTime:0.000017s ]
INFO: [ app_init ] --END-- [ RunTime:0.000547s ]
INFO: [ app_begin ] --START--
INFO: Run Behavior\ReadHtmlCacheBehavior [ RunTime:0.000827s ]
INFO: [ app_begin ] --END-- [ RunTime:0.000899s ]
SQL: SHOW COLUMNS FROM `camera` [ RunTime:0.0032s ]
SQL: SELECT * FROM `camera` WHERE ( cameraid='1' ) LIMIT 1   [ RunTime:0.0004s ]
SQL: SHOW COLUMNS FROM `instrument` [ RunTime:0.0035s ]
SQL: SELECT `instrumentid`,`instrumentinfo` FROM `instrument` WHERE ( cameraid='1' )  [ RunTime:0.0004s ]
SQL: SHOW COLUMNS FROM `data` [ RunTime:0.0030s ]
SQL: SELECT * FROM `data` WHERE ( instrumentid='1' ) LIMIT 20   [ RunTime:0.0005s ]
SQL: SELECT * FROM `data` WHERE ( instrumentid='2' ) LIMIT 20   [ RunTime:0.0003s ]
SQL: SELECT * FROM `data` WHERE ( instrumentid='3' ) LIMIT 20   [ RunTime:0.0003s ]
SQL: SELECT * FROM `data` WHERE ( instrumentid='4' ) LIMIT 20   [ RunTime:0.0003s ]
INFO: [ view_parse ] --START--
NOTIC: [8] Undefined index: id D:\desktop\App\data.test\ThinkPHP\Library\Think\Template\TagLib\Cx.class.php 第 70 行.
NOTIC: [8] Undefined index: value D:\desktop\App\data.test\ThinkPHP\Library\Think\Template\TagLib\Cx.class.php 第 251 行.
INFO: [ template_filter ] --START--
INFO: Run Behavior\ContentReplaceBehavior [ RunTime:0.000103s ]
INFO: [ template_filter ] --END-- [ RunTime:0.000170s ]

[ 2016-10-04T00:28:45+08:00 ] 127.0.0.1 /user.php/camera/camera.html?cameraid=1
INFO: [ app_init ] --START--
INFO: Run Behavior\BuildLiteBehavior [ RunTime:0.000017s ]
INFO: [ app_init ] --END-- [ RunTime:0.000533s ]
INFO: [ app_begin ] --START--
INFO: Run Behavior\ReadHtmlCacheBehavior [ RunTime:0.000806s ]
INFO: [ app_begin ] --END-- [ RunTime:0.000878s ]
SQL: SHOW COLUMNS FROM `camera` [ RunTime:0.0034s ]
SQL: SELECT * FROM `camera` WHERE ( cameraid='1' ) LIMIT 1   [ RunTime:0.0004s ]
SQL: SHOW COLUMNS FROM `instrument` [ RunTime:0.0031s ]
SQL: SELECT `instrumentid`,`instrumentinfo` FROM `instrument` WHERE ( cameraid='1' )  [ RunTime:0.0004s ]
SQL: SHOW COLUMNS FROM `data` [ RunTime:0.0032s ]
SQL: SELECT * FROM `data` WHERE ( instrumentid='1' ) LIMIT 20   [ RunTime:0.0005s ]
SQL: SELECT * FROM `data` WHERE ( instrumentid='2' ) LIMIT 20   [ RunTime:0.0003s ]
SQL: SELECT * FROM `data` WHERE ( instrumentid='3' ) LIMIT 20   [ RunTime:0.0003s ]
SQL: SELECT * FROM `data` WHERE ( instrumentid='4' ) LIMIT 20   [ RunTime:0.0003s ]
INFO: [ view_parse ] --START--
NOTIC: [8] Undefined index: value D:\desktop\App\data.test\ThinkPHP\Library\Think\Template\TagLib\Cx.class.php 第 251 行.
INFO: [ template_filter ] --START--
INFO: Run Behavior\ContentReplaceBehavior [ RunTime:0.000107s ]
INFO: [ template_filter ] --END-- [ RunTime:0.000171s ]
NOTIC: [8] Undefined index: key['data0'] D:\desktop\App\data.test\User\Runtime\Cache\Home\281d6139b43850b4ede9efc58c195441.php 第 181 行.
NOTIC: [8] Undefined index: key['data0'] D:\desktop\App\data.test\User\Runtime\Cache\Home\281d6139b43850b4ede9efc58c195441.php 第 181 行.
INFO: Run Behavior\ParseTemplateBehavior [ RunTime:0.015866s ]
INFO: [ view_parse ] --END-- [ RunTime:0.015976s ]
INFO: [ view_filter ] --START--
INFO: Run Behavior\WriteHtmlCacheBehavior [ RunTime:0.001289s ]
INFO: [ view_filter ] --END-- [ RunTime:0.001433s ]
INFO: [ app_end ] --START--
INFO: Run Behavior\ShowPageTraceBehavior [ RunTime:0.001799s ]
INFO: [ app_end ] --END-- [ RunTime:0.001935s ]

[ 2016-10-04T00:32:13+08:00 ] 127.0.0.1 /user.php/camera/camera.html?cameraid=1
INFO: [ app_init ] --START--
INFO: Run Behavior\BuildLiteBehavior [ RunTime:0.000017s ]
INFO: [ app_init ] --END-- [ RunTime:0.000489s ]
INFO: [ app_begin ] --START--
INFO: Run Behavior\ReadHtmlCacheBehavior [ RunTime:0.000794s ]
INFO: [ app_begin ] --END-- [ RunTime:0.000861s ]
SQL: SHOW COLUMNS FROM `camera` [ RunTime:0.0036s ]
SQL: SELECT * FROM `camera` WHERE ( cameraid='1' ) LIMIT 1   [ RunTime:0.0004s ]
SQL: SHOW COLUMNS FROM `instrument` [ RunTime:0.0040s ]
SQL: SELECT `instrumentid`,`instrumentinfo` FROM `instrument` WHERE ( cameraid='1' )  [ RunTime:0.0004s ]
SQL: SHOW COLUMNS FROM `data` [ RunTime:0.0035s ]
SQL: SELECT * FROM `data` WHERE ( instrumentid='1' ) LIMIT 20   [ RunTime:0.0005s ]
SQL: SELECT * FROM `data` WHERE ( instrumentid='2' ) LIMIT 20   [ RunTime:0.0003s ]
SQL: SELECT * FROM `data` WHERE ( instrumentid='3' ) LIMIT 20   [ RunTime:0.0003s ]
SQL: SELECT * FROM `data` WHERE ( instrumentid='4' ) LIMIT 20   [ RunTime:0.0003s ]
INFO: [ view_parse ] --START--
NOTIC: [8] Undefined index: value D:\desktop\App\data.test\ThinkPHP\Library\Think\Template\TagLib\Cx.class.php 第 251 行.
INFO: [ template_filter ] --START--
INFO: Run Behavior\ContentReplaceBehavior [ RunTime:0.000149s ]
INFO: [ template_filter ] --END-- [ RunTime:0.000276s ]
NOTIC: [8] Undefined index: key['data0'] D:\desktop\App\data.test\User\Runtime\Cache\Home\281d6139b43850b4ede9efc58c195441.php 第 181 行.
NOTIC: [8] Undefined index: key['data0'] D:\desktop\App\data.test\User\Runtime\Cache\Home\281d6139b43850b4ede9efc58c195441.php 第 181 行.
INFO: Run Behavior\ParseTemplateBehavior [ RunTime:0.015789s ]
INFO: [ view_parse ] --END-- [ RunTime:0.015861s ]
INFO: [ view_filter ] --START--
INFO: Run Behavior\WriteHtmlCacheBehavior [ RunTime:0.000554s ]
INFO: [ view_filter ] --END-- [ RunTime:0.000605s ]
NOTIC: [2] Cannot modify header information - headers already sent by (output started at D:\desktop\App\data.test\User\Home\Controller\CameraController.class.php:36) D:\desktop\App\data.test\ThinkPHP\Library\Think\View.class.php 第 91 行.
NOTIC: [2] Cannot modify header information - headers already sent by (output started at D:\desktop\App\data.test\User\Home\Controller\CameraController.class.php:36) D:\desktop\App\data.test\ThinkPHP\Library\Think\View.class.php 第 92 行.
NOTIC: [2] Cannot modify header information - headers already sent by (output started at D:\desktop\App\data.test\User\Home\Controller\CameraController.class.php:36) D:\desktop\App\data.test\ThinkPHP\Library\Think\View.class.php 第 93 行.
INFO: [ app_end ] --START--
INFO: Run Behavior\ShowPageTraceBehavior [ RunTime:0.001165s ]
INFO: [ app_end ] --END-- [ RunTime:0.001265s ]

[ 2016-10-04T00:36:44+08:00 ] 127.0.0.1 /user.php/camera/camera.html?cameraid=1
INFO: [ app_init ] --START--
INFO: Run Behavior\BuildLiteBehavior [ RunTime:0.000016s ]
INFO: [ app_init ] --END-- [ RunTime:0.000531s ]
INFO: [ app_begin ] --START--
INFO: Run Behavior\ReadHtmlCacheBehavior [ RunTime:0.001018s ]
INFO: [ app_begin ] --END-- [ RunTime:0.001129s ]
SQL: SHOW COLUMNS FROM `camera` [ RunTime:0.0038s ]
SQL: SELECT * FROM `camera` WHERE ( cameraid='1' ) LIMIT 1   [ RunTime:0.0003s ]
SQL: SHOW COLUMNS FROM `instrument` [ RunTime:0.0035s ]
SQL: SELECT `instrumentid`,`instrumentinfo` FROM `instrument` WHERE ( cameraid='1' )  [ RunTime:0.0003s ]
SQL: SHOW COLUMNS FROM `data` [ RunTime:0.0028s ]
SQL: SELECT `data`,`datatime` FROM `data` WHERE ( instrumentid='1' ) LIMIT 20   [ RunTime:0.0004s ]
SQL: SELECT `data`,`datatime` FROM `data` WHERE ( instrumentid='2' ) LIMIT 20   [ RunTime:0.0002s ]
SQL: SELECT `data`,`datatime` FROM `data` WHERE ( instrumentid='3' ) LIMIT 20   [ RunTime:0.0003s ]
SQL: SELECT `data`,`datatime` FROM `data` WHERE ( instrumentid='4' ) LIMIT 20   [ RunTime:0.0004s ]
INFO: [ view_parse ] --START--
NOTIC: [8] Undefined index: value D:\desktop\App\data.test\ThinkPHP\Library\Think\Template\TagLib\Cx.class.php 第 251 行.
INFO: [ template_filter ] --START--
INFO: Run Behavior\ContentReplaceBehavior [ RunTime:0.000101s ]
INFO: [ template_filter ] --END-- [ RunTime:0.000163s ]
NOTIC: [8] Undefined index: key['data0'] D:\desktop\App\data.test\User\Runtime\Cache\Home\281d6139b43850b4ede9efc58c195441.php 第 181 行.
NOTIC: [8] Undefined index: key['data0'] D:\desktop\App\data.test\User\Runtime\Cache\Home\281d6139b43850b4ede9efc58c195441.php 第 181 行.
INFO: Run Behavior\ParseTemplateBehavior [ RunTime:0.015394s ]
INFO: [ view_parse ] --END-- [ RunTime:0.015477s ]
INFO: [ view_filter ] --START--
INFO: Run Behavior\WriteHtmlCacheBehavior [ RunTime:0.000689s ]
INFO: [ view_filter ] --END-- [ RunTime:0.000745s ]
INFO: [ app_end ] --START--
INFO: Run Behavior\ShowPageTraceBehavior [ RunTime:0.002113s ]
INFO: [ app_end ] --END-- [ RunTime:0.002254s ]

[ 2016-10-04T00:38:14+08:00 ] 127.0.0.1 /user.php/camera/camera.html?cameraid=1
INFO: [ app_init ] --START--
INFO: Run Behavior\BuildLiteBehavior [ RunTime:0.000018s ]
INFO: [ app_init ] --END-- [ RunTime:0.000529s ]
INFO: [ app_begin ] --START--
INFO: Run Behavior\ReadHtmlCacheBehavior [ RunTime:0.000982s ]
INFO: [ app_begin ] --END-- [ RunTime:0.001061s ]
SQL: SHOW COLUMNS FROM `camera` [ RunTime:0.0030s ]
SQL: SELECT * FROM `camera` WHERE ( cameraid='1' ) LIMIT 1   [ RunTime:0.0003s ]
SQL: SHOW COLUMNS FROM `instrument` [ RunTime:0.0034s ]
SQL: SELECT `instrumentid`,`instrumentinfo` FROM `instrument` WHERE ( cameraid='1' )  [ RunTime:0.0004s ]
SQL: SHOW COLUMNS FROM `data` [ RunTime:0.0054s ]
SQL: SELECT `data`,`datatime` FROM `data` WHERE ( instrumentid='1' ) LIMIT 20   [ RunTime:0.0007s ]
SQL: SELECT `data`,`datatime` FROM `data` WHERE ( instrumentid='2' ) LIMIT 20   [ RunTime:0.0006s ]
SQL: SELECT `data`,`datatime` FROM `data` WHERE ( instrumentid='3' ) LIMIT 20   [ RunTime:0.0003s ]
SQL: SELECT `data`,`datatime` FROM `data` WHERE ( instrumentid='4' ) LIMIT 20   [ RunTime:0.0002s ]
INFO: [ view_parse ] --START--
NOTIC: [8] Undefined index: value D:\desktop\App\data.test\ThinkPHP\Library\Think\Template\TagLib\Cx.class.php 第 251 行.
INFO: [ template_filter ] --START--
INFO: Run Behavior\ContentReplaceBehavior [ RunTime:0.000116s ]
INFO: [ template_filter ] --END-- [ RunTime:0.000193s ]
NOTIC: [8] Undefined index: instrumentid0 D:\desktop\App\data.test\User\Runtime\Cache\Home\281d6139b43850b4ede9efc58c195441.php 第 160 行.
NOTIC: [8] Undefined index: instrumentinfo0 D:\desktop\App\data.test\User\Runtime\Cache\Home\281d6139b43850b4ede9efc58c195441.php 第 167 行.
NOTIC: [8] Undefined index: data0 D:\desktop\App\data.test\User\Runtime\Cache\Home\281d6139b43850b4ede9efc58c195441.php 第 181 行.
NOTIC: [8] Undefined index: instrumentinfo0 D:\desktop\App\data.test\User\Runtime\Cache\Home\281d6139b43850b4ede9efc58c195441.php 第 193 行.
NOTIC: [8] Undefined index: instrumentid1 D:\desktop\App\data.test\User\Runtime\Cache\Home\281d6139b43850b4ede9efc58c195441.php 第 208 行.
NOTIC: [8] Undefined index: instrumentinfo1 D:\desktop\App\data.test\User\Runtime\Cache\Home\281d6139b43850b4ede9efc58c195441.php 第 215 行.
NOTIC: [8] Undefined index: instrumentinfo1 D:\desktop\App\data.test\User\Runtime\Cache\Home\281d6139b43850b4ede9efc58c195441.php 第 238 行.
NOTIC: [8] Undefined index: instrumentid0 D:\desktop\App\data.test\User\Runtime\Cache\Home\281d6139b43850b4ede9efc58c195441.php 第 160 行.
NOTIC: [8] Undefined index: instrumentinfo0 D:\desktop\App\data.test\User\Runtime\Cache\Home\281d6139b43850b4ede9efc58c195441.php 第 167 行.
NOTIC: [8] Undefined index: data0 D:\desktop\App\data.test\User\Runtime\Cache\Home\281d6139b43850b4ede9efc58c195441.php 第 181 行.
NOTIC: [8] Undefined index: instrumentinfo0 D:\desktop\App\data.test\User\Runtime\Cache\Home\281d6139b43850b4ede9efc58c195441.php 第 193 行.
NOTIC: [8] Undefined index: instrumentid1 D:\desktop\App\data.test\User\Runtime\Cache\Home\281d6139b43850b4ede9efc58c195441.php 第 208 行.
NOTIC: [8] Undefined index: instrumentinfo1 D:\desktop\App\data.test\User\Runtime\Cache\Home\281d6139b43850b4ede9efc58c195441.php 第 215 行.
NOTIC: [8] Undefined index: instrumentinfo1 D:\desktop\App\data.test\User\Runtime\Cache\Home\281d6139b43850b4ede9efc58c195441.php 第 238 行.
INFO: Run Behavior\ParseTemplateBehavior [ RunTime:0.016750s ]
INFO: [ view_parse ] --END-- [ RunTime:0.016828s ]
INFO: [ view_filter ] --START--
INFO: Run Behavior\WriteHtmlCacheBehavior [ RunTime:0.000714s ]
INFO: [ view_filter ] --END-- [ RunTime:0.000769s ]
INFO: [ app_end ] --START--
INFO: Run Behavior\ShowPageTraceBehavior [ RunTime:0.001221s ]
INFO: [ app_end ] --END-- [ RunTime:0.001305s ]

[ 2016-10-04T00:38:46+08:00 ] 127.0.0.1 /user.php/camera/camera.html?cameraid=1
INFO: [ app_init ] --START--
INFO: Run Behavior\BuildLiteBehavior [ RunTime:0.000057s ]
INFO: [ app_init ] --END-- [ RunTime:0.001502s ]
INFO: [ app_begin ] --START--
INFO: Run Behavior\ReadHtmlCacheBehavior [ RunTime:0.002513s ]
INFO: [ app_begin ] --END-- [ RunTime:0.002715s ]
SQL: SHOW COLUMNS FROM `camera` [ RunTime:0.0063s ]
SQL: SELECT * FROM `camera` WHERE ( cameraid='1' ) LIMIT 1   [ RunTime:0.0006s ]
SQL: SHOW COLUMNS FROM `instrument` [ RunTime:0.0068s ]
SQL: SELECT `instrumentid`,`instrumentinfo` FROM `instrument` WHERE ( cameraid='1' )  [ RunTime:0.0006s ]
SQL: SHOW COLUMNS FROM `data` [ RunTime:0.0064s ]
SQL: SELECT `data`,`datatime` FROM `data` WHERE ( instrumentid='1' ) LIMIT 20   [ RunTime:0.0008s ]
SQL: SELECT `data`,`datatime` FROM `data` WHERE ( instrumentid='2' ) LIMIT 20   [ RunTime:0.0005s ]
SQL: SELECT `data`,`datatime` FROM `data` WHERE ( instrumentid='3' ) LIMIT 20   [ RunTime:0.0004s ]
SQL: SELECT `data`,`datatime` FROM `data` WHERE ( instrumentid='4' ) LIMIT 20   [ RunTime:0.0004s ]
INFO: [ view_parse ] --START--
NOTIC: [8] Undefined index: value D:\desktop\App\data.test\ThinkPHP\Library\Think\Template\TagLib\Cx.class.php 第 251 行.
INFO: [ template_filter ] --START--
INFO: Run Behavior\ContentReplaceBehavior [ RunTime:0.000264s ]
INFO: [ template_filter ] --END-- [ RunTime:0.000689s ]
NOTIC: [8] Undefined index: instrumentid0 D:\desktop\App\data.test\User\Runtime\Cache\Home\281d6139b43850b4ede9efc58c195441.php 第 160 行.
NOTIC: [8] Undefined index: instrumentinfo0 D:\desktop\App\data.test\User\Runtime\Cache\Home\281d6139b43850b4ede9efc58c195441.php 第 167 行.
NOTIC: [8] Undefined index: data0 D:\desktop\App\data.test\User\Runtime\Cache\Home\281d6139b43850b4ede9efc58c195441.php 第 181 行.
NOTIC: [8] Undefined index: instrumentinfo0 D:\desktop\App\data.test\User\Runtime\Cache\Home\281d6139b43850b4ede9efc58c195441.php 第 193 行.
NOTIC: [8] Undefined index: instrumentid1 D:\desktop\App\data.test\User\Runtime\Cache\Home\281d6139b43850b4ede9efc58c195441.php 第 208 行.
NOTIC: [8] Undefined index: instrumentinfo1 D:\desktop\App\data.test\User\Runtime\Cache\Home\281d6139b43850b4ede9efc58c195441.php 第 215 行.
NOTIC: [8] Undefined index: instrumentinfo1 D:\desktop\App\data.test\User\Runtime\Cache\Home\281d6139b43850b4ede9efc58c195441.php 第 238 行.
NOTIC: [8] Undefined index: instrumentid0 D:\desktop\App\data.test\User\Runtime\Cache\Home\281d6139b43850b4ede9efc58c195441.php 第 160 行.
NOTIC: [8] Undefined index: instrumentinfo0 D:\desktop\App\data.test\User\Runtime\Cache\Home\281d6139b43850b4ede9efc58c195441.php 第 167 行.
NOTIC: [8] Undefined index: data0 D:\desktop\App\data.test\User\Runtime\Cache\Home\281d6139b43850b4ede9efc58c195441.php 第 181 行.
NOTIC: [8] Undefined index: instrumentinfo0 D:\desktop\App\data.test\User\Runtime\Cache\Home\281d6139b43850b4ede9efc58c195441.php 第 193 行.
NOTIC: [8] Undefined index: instrumentid1 D:\desktop\App\data.test\User\Runtime\Cache\Home\281d6139b43850b4ede9efc58c195441.php 第 208 行.
NOTIC: [8] Undefined index: instrumentinfo1 D:\desktop\App\data.test\User\Runtime\Cache\Home\281d6139b43850b4ede9efc58c195441.php 第 215 行.
NOTIC: [8] Undefined index: instrumentinfo1 D:\desktop\App\data.test\User\Runtime\Cache\Home\281d6139b43850b4ede9efc58c195441.php 第 238 行.
INFO: Run Behavior\ParseTemplateBehavior [ RunTime:0.029867s ]
INFO: [ view_parse ] --END-- [ RunTime:0.030001s ]
INFO: [ view_filter ] --START--
INFO: Run Behavior\WriteHtmlCacheBehavior [ RunTime:0.000951s ]
INFO: [ view_filter ] --END-- [ RunTime:0.001049s ]
INFO: [ app_end ] --START--
INFO: Run Behavior\ShowPageTraceBehavior [ RunTime:0.002032s ]
INFO: [ app_end ] --END-- [ RunTime:0.002183s ]

[ 2016-10-04T00:39:50+08:00 ] 127.0.0.1 /user.php/camera/camera.html?cameraid=1
INFO: [ app_init ] --START--
INFO: Run Behavior\BuildLiteBehavior [ RunTime:0.000015s ]
INFO: [ app_init ] --END-- [ RunTime:0.000493s ]
INFO: [ app_begin ] --START--
INFO: Run Behavior\ReadHtmlCacheBehavior [ RunTime:0.000817s ]
INFO: [ app_begin ] --END-- [ RunTime:0.000884s ]
SQL: SHOW COLUMNS FROM `camera` [ RunTime:0.0039s ]
SQL: SELECT * FROM `camera` WHERE ( cameraid='1' ) LIMIT 1   [ RunTime:0.0004s ]
SQL: SHOW COLUMNS FROM `instrument` [ RunTime:0.0034s ]
SQL: SELECT `instrumentid`,`instrumentinfo` FROM `instrument` WHERE ( cameraid='1' )  [ RunTime:0.0004s ]
SQL: SHOW COLUMNS FROM `data` [ RunTime:0.0030s ]
SQL: SELECT `data`,`datatime` FROM `data` WHERE ( instrumentid='1' ) LIMIT 15   [ RunTime:0.0004s ]
SQL: SELECT `data`,`datatime` FROM `data` WHERE ( instrumentid='2' ) LIMIT 15   [ RunTime:0.0003s ]
SQL: SELECT `data`,`datatime` FROM `data` WHERE ( instrumentid='3' ) LIMIT 15   [ RunTime:0.0003s ]
SQL: SELECT `data`,`datatime` FROM `data` WHERE ( instrumentid='4' ) LIMIT 15   [ RunTime:0.0003s ]
INFO: [ view_parse ] --START--
NOTIC: [8] Undefined index: value D:\desktop\App\data.test\ThinkPHP\Library\Think\Template\TagLib\Cx.class.php 第 251 行.
INFO: [ template_filter ] --START--
INFO: Run Behavior\ContentReplaceBehavior [ RunTime:0.000104s ]
INFO: [ template_filter ] --END-- [ RunTime:0.000166s ]
NOTIC: [8] Undefined index: instrumentid0 D:\desktop\App\data.test\User\Runtime\Cache\Home\281d6139b43850b4ede9efc58c195441.php 第 160 行.
NOTIC: [8] Undefined index: instrumentinfo0 D:\desktop\App\data.test\User\Runtime\Cache\Home\281d6139b43850b4ede9efc58c195441.php 第 167 行.
NOTIC: [8] Undefined index: data0 D:\desktop\App\data.test\User\Runtime\Cache\Home\281d6139b43850b4ede9efc58c195441.php 第 181 行.
NOTIC: [8] Undefined index: instrumentinfo0 D:\desktop\App\data.test\User\Runtime\Cache\Home\281d6139b43850b4ede9efc58c195441.php 第 193 行.
NOTIC: [8] Undefined index: data0 D:\desktop\App\data.test\User\Runtime\Cache\Home\281d6139b43850b4ede9efc58c195441.php 第 198 行.
NOTIC: [8] Undefined index: instrumentid1 D:\desktop\App\data.test\User\Runtime\Cache\Home\281d6139b43850b4ede9efc58c195441.php 第 210 行.
NOTIC: [8] Undefined index: instrumentinfo1 D:\desktop\App\data.test\User\Runtime\Cache\Home\281d6139b43850b4ede9efc58c195441.php 第 217 行.
NOTIC: [8] Undefined index: instrumentinfo1 D:\desktop\App\data.test\User\Runtime\Cache\Home\281d6139b43850b4ede9efc58c195441.php 第 240 行.
INFO: Run Behavior\ParseTemplateBehavior [ RunTime:0.017069s ]
INFO: [ view_parse ] --END-- [ RunTime:0.017139s ]
INFO: [ view_filter ] --START--
INFO: Run Behavior\WriteHtmlCacheBehavior [ RunTime:0.000559s ]
INFO: [ view_filter ] --END-- [ RunTime:0.000610s ]
INFO: [ app_end ] --START--
INFO: Run Behavior\ShowPageTraceBehavior [ RunTime:0.001050s ]
INFO: [ app_end ] --END-- [ RunTime:0.001120s ]

[ 2016-10-04T00:41:42+08:00 ] 127.0.0.1 /user.php/camera/camera.html?cameraid=1
INFO: [ app_init ] --START--
INFO: Run Behavior\BuildLiteBehavior [ RunTime:0.000034s ]
INFO: [ app_init ] --END-- [ RunTime:0.001065s ]
INFO: [ app_begin ] --START--
INFO: Run Behavior\ReadHtmlCacheBehavior [ RunTime:0.000840s ]
INFO: [ app_begin ] --END-- [ RunTime:0.000921s ]
SQL: SHOW COLUMNS FROM `camera` [ RunTime:0.0043s ]
SQL: SELECT * FROM `camera` WHERE ( cameraid='1' ) LIMIT 1   [ RunTime:0.0005s ]
SQL: SHOW COLUMNS FROM `instrument` [ RunTime:0.0048s ]
SQL: SELECT `instrumentid`,`instrumentinfo` FROM `instrument` WHERE ( cameraid='1' )  [ RunTime:0.0004s ]
SQL: SHOW COLUMNS FROM `data` [ RunTime:0.0029s ]
SQL: SELECT `data`,`datatime` FROM `data` WHERE ( instrumentid='1' ) LIMIT 15   [ RunTime:0.0004s ]
SQL: SELECT `data`,`datatime` FROM `data` WHERE ( instrumentid='2' ) LIMIT 15   [ RunTime:0.0003s ]
SQL: SELECT `data`,`datatime` FROM `data` WHERE ( instrumentid='3' ) LIMIT 15   [ RunTime:0.0003s ]
SQL: SELECT `data`,`datatime` FROM `data` WHERE ( instrumentid='4' ) LIMIT 15   [ RunTime:0.0003s ]
INFO: [ view_parse ] --START--
NOTIC: [8] Undefined index: value D:\desktop\App\data.test\ThinkPHP\Library\Think\Template\TagLib\Cx.class.php 第 251 行.
INFO: [ template_filter ] --START--
INFO: Run Behavior\ContentReplaceBehavior [ RunTime:0.000113s ]
INFO: [ template_filter ] --END-- [ RunTime:0.000175s ]
NOTIC: [8] Undefined index: instrumentid0 D:\desktop\App\data.test\User\Runtime\Cache\Home\281d6139b43850b4ede9efc58c195441.php 第 160 行.
NOTIC: [8] Undefined index: instrumentinfo0 D:\desktop\App\data.test\User\Runtime\Cache\Home\281d6139b43850b4ede9efc58c195441.php 第 167 行.
NOTIC: [8] Undefined index: data0 D:\desktop\App\data.test\User\Runtime\Cache\Home\281d6139b43850b4ede9efc58c195441.php 第 181 行.
NOTIC: [8] Undefined index: instrumentinfo0 D:\desktop\App\data.test\User\Runtime\Cache\Home\281d6139b43850b4ede9efc58c195441.php 第 193 行.
NOTIC: [8] Undefined index: data0 D:\desktop\App\data.test\User\Runtime\Cache\Home\281d6139b43850b4ede9efc58c195441.php 第 198 行.
NOTIC: [8] Undefined index: instrumentid1 D:\desktop\App\data.test\User\Runtime\Cache\Home\281d6139b43850b4ede9efc58c195441.php 第 210 行.
NOTIC: [8] Undefined index: instrumentinfo1 D:\desktop\App\data.test\User\Runtime\Cache\Home\281d6139b43850b4ede9efc58c195441.php 第 217 行.
NOTIC: [8] Undefined index: data1 D:\desktop\App\data.test\User\Runtime\Cache\Home\281d6139b43850b4ede9efc58c195441.php 第 231 行.
NOTIC: [8] Undefined index: instrumentinfo1 D:\desktop\App\data.test\User\Runtime\Cache\Home\281d6139b43850b4ede9efc58c195441.php 第 242 行.
NOTIC: [8] Undefined index: data1 D:\desktop\App\data.test\User\Runtime\Cache\Home\281d6139b43850b4ede9efc58c195441.php 第 252 行.
NOTIC: [8] Undefined index: instrumentid0 D:\desktop\App\data.test\User\Runtime\Cache\Home\281d6139b43850b4ede9efc58c195441.php 第 160 行.
NOTIC: [8] Undefined index: instrumentinfo0 D:\desktop\App\data.test\User\Runtime\Cache\Home\281d6139b43850b4ede9efc58c195441.php 第 167 行.
NOTIC: [8] Undefined index: data0 D:\desktop\App\data.test\User\Runtime\Cache\Home\281d6139b43850b4ede9efc58c195441.php 第 181 行.
NOTIC: [8] Undefined index: instrumentinfo0 D:\desktop\App\data.test\User\Runtime\Cache\Home\281d6139b43850b4ede9efc58c195441.php 第 193 行.
NOTIC: [8] Undefined index: data0 D:\desktop\App\data.test\User\Runtime\Cache\Home\281d6139b43850b4ede9efc58c195441.php 第 198 行.
NOTIC: [8] Undefined index: instrumentid1 D:\desktop\App\data.test\User\Runtime\Cache\Home\281d6139b43850b4ede9efc58c195441.php 第 210 行.
NOTIC: [8] Undefined index: instrumentinfo1 D:\desktop\App\data.test\User\Runtime\Cache\Home\281d6139b43850b4ede9efc58c195441.php 第 217 行.
NOTIC: [8] Undefined index: data1 D:\desktop\App\data.test\User\Runtime\Cache\Home\281d6139b43850b4ede9efc58c195441.php 第 231 行.
NOTIC: [8] Undefined index: instrumentinfo1 D:\desktop\App\data.test\User\Runtime\Cache\Home\281d6139b43850b4ede9efc58c195441.php 第 242 行.
NOTIC: [8] Undefined index: data1 D:\desktop\App\data.test\User\Runtime\Cache\Home\281d6139b43850b4ede9efc58c195441.php 第 252 行.
INFO: Run Behavior\ParseTemplateBehavior [ RunTime:0.019841s ]
INFO: [ view_parse ] --END-- [ RunTime:0.019930s ]
INFO: [ view_filter ] --START--
INFO: Run Behavior\WriteHtmlCacheBehavior [ RunTime:0.000874s ]
INFO: [ view_filter ] --END-- [ RunTime:0.000944s ]
INFO: [ app_end ] --START--
INFO: Run Behavior\ShowPageTraceBehavior [ RunTime:0.001433s ]
INFO: [ app_end ] --END-- [ RunTime:0.001558s ]

[ 2016-10-04T00:42:41+08:00 ] 127.0.0.1 /user.php/camera/camera.html?cameraid=1
INFO: [ app_init ] --START--
INFO: Run Behavior\BuildLiteBehavior [ RunTime:0.000018s ]
INFO: [ app_init ] --END-- [ RunTime:0.000513s ]
INFO: [ app_begin ] --START--
INFO: Run Behavior\ReadHtmlCacheBehavior [ RunTime:0.000818s ]
INFO: [ app_begin ] --END-- [ RunTime:0.000888s ]
SQL: SHOW COLUMNS FROM `camera` [ RunTime:0.0039s ]
SQL: SELECT * FROM `camera` WHERE ( cameraid='1' ) LIMIT 1   [ RunTime:0.0004s ]
SQL: SHOW COLUMNS FROM `instrument` [ RunTime:0.0032s ]
SQL: SELECT `instrumentid`,`instrumentinfo` FROM `instrument` WHERE ( cameraid='1' )  [ RunTime:0.0004s ]
SQL: SHOW COLUMNS FROM `data` [ RunTime:0.0035s ]
SQL: SELECT `data`,`datatime` FROM `data` WHERE ( instrumentid='1' ) LIMIT 15   [ RunTime:0.0004s ]
SQL: SELECT `data`,`datatime` FROM `data` WHERE ( instrumentid='2' ) LIMIT 15   [ RunTime:0.0003s ]
SQL: SELECT `data`,`datatime` FROM `data` WHERE ( instrumentid='3' ) LIMIT 15   [ RunTime:0.0003s ]
SQL: SELECT `data`,`datatime` FROM `data` WHERE ( instrumentid='4' ) LIMIT 15   [ RunTime:0.0003s ]
INFO: [ view_parse ] --START--
NOTIC: [8] Undefined index: value D:\desktop\App\data.test\ThinkPHP\Library\Think\Template\TagLib\Cx.class.php 第 251 行.
INFO: [ template_filter ] --START--
INFO: Run Behavior\ContentReplaceBehavior [ RunTime:0.000106s ]
INFO: [ template_filter ] --END-- [ RunTime:0.000172s ]
NOTIC: [8] Undefined index: instrumentid0 D:\desktop\App\data.test\User\Runtime\Cache\Home\281d6139b43850b4ede9efc58c195441.php 第 160 行.
NOTIC: [8] Undefined index: instrumentinfo0 D:\desktop\App\data.test\User\Runtime\Cache\Home\281d6139b43850b4ede9efc58c195441.php 第 167 行.
NOTIC: [8] Undefined index: data0 D:\desktop\App\data.test\User\Runtime\Cache\Home\281d6139b43850b4ede9efc58c195441.php 第 181 行.
NOTIC: [8] Undefined index: instrumentinfo0 D:\desktop\App\data.test\User\Runtime\Cache\Home\281d6139b43850b4ede9efc58c195441.php 第 193 行.
NOTIC: [8] Undefined index: data0 D:\desktop\App\data.test\User\Runtime\Cache\Home\281d6139b43850b4ede9efc58c195441.php 第 198 行.
NOTIC: [8] Undefined index: instrumentid1 D:\desktop\App\data.test\User\Runtime\Cache\Home\281d6139b43850b4ede9efc58c195441.php 第 210 行.
NOTIC: [8] Undefined index: instrumentinfo1 D:\desktop\App\data.test\User\Runtime\Cache\Home\281d6139b43850b4ede9efc58c195441.php 第 217 行.
NOTIC: [8] Undefined index: instrumentinfo1 D:\desktop\App\data.test\User\Runtime\Cache\Home\281d6139b43850b4ede9efc58c195441.php 第 240 行.
INFO: Run Behavior\ParseTemplateBehavior [ RunTime:0.019580s ]
INFO: [ view_parse ] --END-- [ RunTime:0.019674s ]
INFO: [ view_filter ] --START--
INFO: Run Behavior\WriteHtmlCacheBehavior [ RunTime:0.001000s ]
INFO: [ view_filter ] --END-- [ RunTime:0.001142s ]
INFO: [ app_end ] --START--
INFO: Run Behavior\ShowPageTraceBehavior [ RunTime:0.002792s ]
INFO: [ app_end ] --END-- [ RunTime:0.008750s ]

[ 2016-10-04T00:47:00+08:00 ] 127.0.0.1 /user.php/camera/camera.html?cameraid=1
INFO: [ app_init ] --START--
INFO: Run Behavior\BuildLiteBehavior [ RunTime:0.000022s ]
INFO: [ app_init ] --END-- [ RunTime:0.000624s ]
INFO: [ app_begin ] --START--
INFO: Run Behavior\ReadHtmlCacheBehavior [ RunTime:0.000801s ]
INFO: [ app_begin ] --END-- [ RunTime:0.000869s ]
SQL: SHOW COLUMNS FROM `camera` [ RunTime:0.0041s ]
SQL: SELECT * FROM `camera` WHERE ( cameraid='1' ) LIMIT 1   [ RunTime:0.0004s ]
SQL: SHOW COLUMNS FROM `instrument` [ RunTime:0.0031s ]
SQL: SELECT `instrumentid`,`instrumentinfo` FROM `instrument` WHERE ( cameraid='1' )  [ RunTime:0.0004s ]
SQL: SHOW COLUMNS FROM `data` [ RunTime:0.0032s ]
SQL: SELECT `data`,`datatime` FROM `data` WHERE ( instrumentid='1' ) LIMIT 15   [ RunTime:0.0004s ]
SQL: SELECT `data`,`datatime` FROM `data` WHERE ( instrumentid='2' ) LIMIT 15   [ RunTime:0.0003s ]
SQL: SELECT `data`,`datatime` FROM `data` WHERE ( instrumentid='3' ) LIMIT 15   [ RunTime:0.0003s ]
SQL: SELECT `data`,`datatime` FROM `data` WHERE ( instrumentid='4' ) LIMIT 15   [ RunTime:0.0003s ]
INFO: [ view_parse ] --START--
NOTIC: [8] Undefined index: value D:\desktop\App\data.test\ThinkPHP\Library\Think\Template\TagLib\Cx.class.php 第 251 行.
INFO: [ template_filter ] --START--
INFO: Run Behavior\ContentReplaceBehavior [ RunTime:0.000112s ]
INFO: [ template_filter ] --END-- [ RunTime:0.000183s ]
NOTIC: [8] Undefined index: instrumentid0 D:\desktop\App\data.test\User\Runtime\Cache\Home\281d6139b43850b4ede9efc58c195441.php 第 160 行.
NOTIC: [8] Undefined index: instrumentinfo0 D:\desktop\App\data.test\User\Runtime\Cache\Home\281d6139b43850b4ede9efc58c195441.php 第 167 行.
NOTIC: [8] Undefined index: data0 D:\desktop\App\data.test\User\Runtime\Cache\Home\281d6139b43850b4ede9efc58c195441.php 第 181 行.
NOTIC: [8] Undefined index: instrumentinfo0 D:\desktop\App\data.test\User\Runtime\Cache\Home\281d6139b43850b4ede9efc58c195441.php 第 193 行.
NOTIC: [8] Undefined index: data0 D:\desktop\App\data.test\User\Runtime\Cache\Home\281d6139b43850b4ede9efc58c195441.php 第 198 行.
NOTIC: [8] Undefined index: instrumentid1 D:\desktop\App\data.test\User\Runtime\Cache\Home\281d6139b43850b4ede9efc58c195441.php 第 210 行.
NOTIC: [8] Undefined index: instrumentinfo1 D:\desktop\App\data.test\User\Runtime\Cache\Home\281d6139b43850b4ede9efc58c195441.php 第 217 行.
NOTIC: [8] Undefined index: data1 D:\desktop\App\data.test\User\Runtime\Cache\Home\281d6139b43850b4ede9efc58c195441.php 第 231 行.
NOTIC: [8] Undefined index: instrumentinfo1 D:\desktop\App\data.test\User\Runtime\Cache\Home\281d6139b43850b4ede9efc58c195441.php 第 242 行.
NOTIC: [8] Undefined index: instrumentid0 D:\desktop\App\data.test\User\Runtime\Cache\Home\281d6139b43850b4ede9efc58c195441.php 第 160 行.
NOTIC: [8] Undefined index: instrumentinfo0 D:\desktop\App\data.test\User\Runtime\Cache\Home\281d6139b43850b4ede9efc58c195441.php 第 167 行.
NOTIC: [8] Undefined index: data0 D:\desktop\App\data.test\User\Runtime\Cache\Home\281d6139b43850b4ede9efc58c195441.php 第 181 行.
NOTIC: [8] Undefined index: instrumentinfo0 D:\desktop\App\data.test\User\Runtime\Cache\Home\281d6139b43850b4ede9efc58c195441.php 第 193 行.
NOTIC: [8] Undefined index: data0 D:\desktop\App\data.test\User\Runtime\Cache\Home\281d6139b43850b4ede9efc58c195441.php 第 198 行.
NOTIC: [8] Undefined index: instrumentid1 D:\desktop\App\data.test\User\Runtime\Cache\Home\281d6139b43850b4ede9efc58c195441.php 第 210 行.
NOTIC: [8] Undefined index: instrumentinfo1 D:\desktop\App\data.test\User\Runtime\Cache\Home\281d6139b43850b4ede9efc58c195441.php 第 217 行.
NOTIC: [8] Undefined index: data1 D:\desktop\App\data.test\User\Runtime\Cache\Home\281d6139b43850b4ede9efc58c195441.php 第 231 行.
NOTIC: [8] Undefined index: instrumentinfo1 D:\desktop\App\data.test\User\Runtime\Cache\Home\281d6139b43850b4ede9efc58c195441.php 第 242 行.
INFO: Run Behavior\ParseTemplateBehavior [ RunTime:0.017688s ]
INFO: [ view_parse ] --END-- [ RunTime:0.017750s ]
INFO: [ view_filter ] --START--
INFO: Run Behavior\WriteHtmlCacheBehavior [ RunTime:0.000562s ]
INFO: [ view_filter ] --END-- [ RunTime:0.000613s ]
INFO: [ app_end ] --START--
INFO: Run Behavior\ShowPageTraceBehavior [ RunTime:0.001861s ]
INFO: [ app_end ] --END-- [ RunTime:0.002002s ]

[ 2016-10-04T00:48:11+08:00 ] 127.0.0.1 /user.php/camera/camera.html?cameraid=1
INFO: [ app_init ] --START--
INFO: Run Behavior\BuildLiteBehavior [ RunTime:0.000017s ]
INFO: [ app_init ] --END-- [ RunTime:0.000544s ]
INFO: [ app_begin ] --START--
INFO: Run Behavior\ReadHtmlCacheBehavior [ RunTime:0.000912s ]
INFO: [ app_begin ] --END-- [ RunTime:0.000991s ]
SQL: SHOW COLUMNS FROM `camera` [ RunTime:0.0032s ]
SQL: SELECT * FROM `camera` WHERE ( cameraid='1' ) LIMIT 1   [ RunTime:0.0003s ]
SQL: SHOW COLUMNS FROM `instrument` [ RunTime:0.0030s ]
SQL: SELECT `instrumentid`,`instrumentinfo` FROM `instrument` WHERE ( cameraid='1' )  [ RunTime:0.0004s ]
SQL: SHOW COLUMNS FROM `data` [ RunTime:0.0049s ]
SQL: SELECT `data`,`datatime` FROM `data` WHERE ( instrumentid='1' ) LIMIT 15   [ RunTime:0.0007s ]
SQL: SELECT `data`,`datatime` FROM `data` WHERE ( instrumentid='2' ) LIMIT 15   [ RunTime:0.0005s ]
SQL: SELECT `data`,`datatime` FROM `data` WHERE ( instrumentid='3' ) LIMIT 15   [ RunTime:0.0003s ]
SQL: SELECT `data`,`datatime` FROM `data` WHERE ( instrumentid='4' ) LIMIT 15   [ RunTime:0.0003s ]
INFO: [ view_parse ] --START--
NOTIC: [8] Undefined index: value D:\desktop\App\data.test\ThinkPHP\Library\Think\Template\TagLib\Cx.class.php 第 251 行.
INFO: [ template_filter ] --START--
INFO: Run Behavior\ContentReplaceBehavior [ RunTime:0.000168s ]
INFO: [ template_filter ] --END-- [ RunTime:0.000276s ]
NOTIC: [8] Undefined index: instrumentid0 D:\desktop\App\data.test\User\Runtime\Cache\Home\281d6139b43850b4ede9efc58c195441.php 第 160 行.
NOTIC: [8] Undefined index: instrumentinfo0 D:\desktop\App\data.test\User\Runtime\Cache\Home\281d6139b43850b4ede9efc58c195441.php 第 167 行.
NOTIC: [8] Undefined index: data0 D:\desktop\App\data.test\User\Runtime\Cache\Home\281d6139b43850b4ede9efc58c195441.php 第 181 行.
NOTIC: [8] Undefined index: instrumentinfo0 D:\desktop\App\data.test\User\Runtime\Cache\Home\281d6139b43850b4ede9efc58c195441.php 第 193 行.
NOTIC: [8] Undefined index: data0 D:\desktop\App\data.test\User\Runtime\Cache\Home\281d6139b43850b4ede9efc58c195441.php 第 198 行.
NOTIC: [8] Undefined index: instrumentid1 D:\desktop\App\data.test\User\Runtime\Cache\Home\281d6139b43850b4ede9efc58c195441.php 第 210 行.
NOTIC: [8] Undefined index: instrumentinfo1 D:\desktop\App\data.test\User\Runtime\Cache\Home\281d6139b43850b4ede9efc58c195441.php 第 217 行.
NOTIC: [8] Undefined index: data1 D:\desktop\App\data.test\User\Runtime\Cache\Home\281d6139b43850b4ede9efc58c195441.php 第 231 行.
NOTIC: [8] Undefined index: instrumentinfo1 D:\desktop\App\data.test\User\Runtime\Cache\Home\281d6139b43850b4ede9efc58c195441.php 第 242 行.
NOTIC: [8] Undefined index: instrumentid0 D:\desktop\App\data.test\User\Runtime\Cache\Home\281d6139b43850b4ede9efc58c195441.php 第 160 行.
NOTIC: [8] Undefined index: instrumentinfo0 D:\desktop\App\data.test\User\Runtime\Cache\Home\281d6139b43850b4ede9efc58c195441.php 第 167 行.
NOTIC: [8] Undefined index: data0 D:\desktop\App\data.test\User\Runtime\Cache\Home\281d6139b43850b4ede9efc58c195441.php 第 181 行.
NOTIC: [8] Undefined index: instrumentinfo0 D:\desktop\App\data.test\User\Runtime\Cache\Home\281d6139b43850b4ede9efc58c195441.php 第 193 行.
NOTIC: [8] Undefined index: data0 D:\desktop\App\data.test\User\Runtime\Cache\Home\281d6139b43850b4ede9efc58c195441.php 第 198 行.
NOTIC: [8] Undefined index: instrumentid1 D:\desktop\App\data.test\User\Runtime\Cache\Home\281d6139b43850b4ede9efc58c195441.php 第 210 行.
NOTIC: [8] Undefined index: instrumentinfo1 D:\desktop\App\data.test\User\Runtime\Cache\Home\281d6139b43850b4ede9efc58c195441.php 第 217 行.
NOTIC: [8] Undefined index: data1 D:\desktop\App\data.test\User\Runtime\Cache\Home\281d6139b43850b4ede9efc58c195441.php 第 231 行.
NOTIC: [8] Undefined index: instrumentinfo1 D:\desktop\App\data.test\User\Runtime\Cache\Home\281d6139b43850b4ede9efc58c195441.php 第 242 行.
INFO: Run Behavior\ParseTemplateBehavior [ RunTime:0.022146s ]
INFO: [ view_parse ] --END-- [ RunTime:0.022239s ]
INFO: [ view_filter ] --START--
INFO: Run Behavior\WriteHtmlCacheBehavior [ RunTime:0.001149s ]
INFO: [ view_filter ] --END-- [ RunTime:0.001237s ]
INFO: [ app_end ] --START--
INFO: Run Behavior\ShowPageTraceBehavior [ RunTime:0.001702s ]
INFO: [ app_end ] --END-- [ RunTime:0.001808s ]

[ 2016-10-04T00:49:12+08:00 ] 127.0.0.1 /user.php/camera/camera.html?cameraid=1
INFO: [ app_init ] --START--
INFO: Run Behavior\BuildLiteBehavior [ RunTime:0.000022s ]
INFO: [ app_init ] --END-- [ RunTime:0.000639s ]
INFO: [ app_begin ] --START--
INFO: Run Behavior\ReadHtmlCacheBehavior [ RunTime:0.000844s ]
INFO: [ app_begin ] --END-- [ RunTime:0.000929s ]
SQL: SHOW COLUMNS FROM `camera` [ RunTime:0.0032s ]
SQL: SELECT * FROM `camera` WHERE ( cameraid='1' ) LIMIT 1   [ RunTime:0.0003s ]
SQL: SHOW COLUMNS FROM `instrument` [ RunTime:0.0039s ]
SQL: SELECT `instrumentid`,`instrumentinfo` FROM `instrument` WHERE ( cameraid='1' )  [ RunTime:0.0005s ]
SQL: SHOW COLUMNS FROM `data` [ RunTime:0.0037s ]
SQL: SELECT `data`,`datatime` FROM `data` WHERE ( instrumentid='1' ) LIMIT 15   [ RunTime:0.0004s ]
SQL: SELECT `data`,`datatime` FROM `data` WHERE ( instrumentid='2' ) LIMIT 15   [ RunTime:0.0003s ]
SQL: SELECT `data`,`datatime` FROM `data` WHERE ( instrumentid='3' ) LIMIT 15   [ RunTime:0.0003s ]
SQL: SELECT `data`,`datatime` FROM `data` WHERE ( instrumentid='4' ) LIMIT 15   [ RunTime:0.0003s ]
INFO: [ view_parse ] --START--
NOTIC: [8] Undefined index: value D:\desktop\App\data.test\ThinkPHP\Library\Think\Template\TagLib\Cx.class.php 第 251 行.
INFO: [ template_filter ] --START--
INFO: Run Behavior\ContentReplaceBehavior [ RunTime:0.000106s ]
INFO: [ template_filter ] --END-- [ RunTime:0.000167s ]
NOTIC: [8] Undefined index: instrumentid0 D:\desktop\App\data.test\User\Runtime\Cache\Home\281d6139b43850b4ede9efc58c195441.php 第 160 行.
NOTIC: [8] Undefined index: instrumentinfo0 D:\desktop\App\data.test\User\Runtime\Cache\Home\281d6139b43850b4ede9efc58c195441.php 第 167 行.
NOTIC: [8] Undefined index: data0 D:\desktop\App\data.test\User\Runtime\Cache\Home\281d6139b43850b4ede9efc58c195441.php 第 181 行.
NOTIC: [8] Undefined index: instrumentinfo0 D:\desktop\App\data.test\User\Runtime\Cache\Home\281d6139b43850b4ede9efc58c195441.php 第 193 行.
NOTIC: [8] Undefined index: data0 D:\desktop\App\data.test\User\Runtime\Cache\Home\281d6139b43850b4ede9efc58c195441.php 第 198 行.
NOTIC: [8] Undefined index: instrumentid1 D:\desktop\App\data.test\User\Runtime\Cache\Home\281d6139b43850b4ede9efc58c195441.php 第 210 行.
NOTIC: [8] Undefined index: instrumentinfo1 D:\desktop\App\data.test\User\Runtime\Cache\Home\281d6139b43850b4ede9efc58c195441.php 第 217 行.
NOTIC: [8] Undefined index: data1 D:\desktop\App\data.test\User\Runtime\Cache\Home\281d6139b43850b4ede9efc58c195441.php 第 231 行.
NOTIC: [8] Undefined index: instrumentinfo1 D:\desktop\App\data.test\User\Runtime\Cache\Home\281d6139b43850b4ede9efc58c195441.php 第 242 行.
NOTIC: [8] Undefined index: instrumentid0 D:\desktop\App\data.test\User\Runtime\Cache\Home\281d6139b43850b4ede9efc58c195441.php 第 160 行.
NOTIC: [8] Undefined index: instrumentinfo0 D:\desktop\App\data.test\User\Runtime\Cache\Home\281d6139b43850b4ede9efc58c195441.php 第 167 行.
NOTIC: [8] Undefined index: data0 D:\desktop\App\data.test\User\Runtime\Cache\Home\281d6139b43850b4ede9efc58c195441.php 第 181 行.
NOTIC: [8] Undefined index: instrumentinfo0 D:\desktop\App\data.test\User\Runtime\Cache\Home\281d6139b43850b4ede9efc58c195441.php 第 193 行.
NOTIC: [8] Undefined index: data0 D:\desktop\App\data.test\User\Runtime\Cache\Home\281d6139b43850b4ede9efc58c195441.php 第 198 行.
NOTIC: [8] Undefined index: instrumentid1 D:\desktop\App\data.test\User\Runtime\Cache\Home\281d6139b43850b4ede9efc58c195441.php 第 210 行.
NOTIC: [8] Undefined index: instrumentinfo1 D:\desktop\App\data.test\User\Runtime\Cache\Home\281d6139b43850b4ede9efc58c195441.php 第 217 行.
NOTIC: [8] Undefined index: data1 D:\desktop\App\data.test\User\Runtime\Cache\Home\281d6139b43850b4ede9efc58c195441.php 第 231 行.
NOTIC: [8] Undefined index: instrumentinfo1 D:\desktop\App\data.test\User\Runtime\Cache\Home\281d6139b43850b4ede9efc58c195441.php 第 242 行.
INFO: Run Behavior\ParseTemplateBehavior [ RunTime:0.018593s ]
INFO: [ view_parse ] --END-- [ RunTime:0.018664s ]
INFO: [ view_filter ] --START--
INFO: Run Behavior\WriteHtmlCacheBehavior [ RunTime:0.000603s ]
INFO: [ view_filter ] --END-- [ RunTime:0.000656s ]
INFO: [ app_end ] --START--
INFO: Run Behavior\ShowPageTraceBehavior [ RunTime:0.001405s ]
INFO: [ app_end ] --END-- [ RunTime:0.001523s ]

[ 2016-10-04T00:49:40+08:00 ] 127.0.0.1 /user.php/camera/camera.html?cameraid=1
INFO: [ app_init ] --START--
INFO: Run Behavior\BuildLiteBehavior [ RunTime:0.000017s ]
INFO: [ app_init ] --END-- [ RunTime:0.000504s ]
INFO: [ app_begin ] --START--
INFO: Run Behavior\ReadHtmlCacheBehavior [ RunTime:0.000887s ]
INFO: [ app_begin ] --END-- [ RunTime:0.000998s ]
SQL: SHOW COLUMNS FROM `camera` [ RunTime:0.0044s ]
SQL: SELECT * FROM `camera` WHERE ( cameraid='1' ) LIMIT 1   [ RunTime:0.0005s ]
SQL: SHOW COLUMNS FROM `instrument` [ RunTime:0.0042s ]
SQL: SELECT `instrumentid`,`instrumentinfo` FROM `instrument` WHERE ( cameraid='1' )  [ RunTime:0.0004s ]
SQL: SHOW COLUMNS FROM `data` [ RunTime:0.0029s ]
SQL: SELECT `data`,`datatime` FROM `data` WHERE ( instrumentid='1' ) LIMIT 15   [ RunTime:0.0004s ]
SQL: SELECT `data`,`datatime` FROM `data` WHERE ( instrumentid='2' ) LIMIT 15   [ RunTime:0.0003s ]
SQL: SELECT `data`,`datatime` FROM `data` WHERE ( instrumentid='3' ) LIMIT 15   [ RunTime:0.0003s ]
SQL: SELECT `data`,`datatime` FROM `data` WHERE ( instrumentid='4' ) LIMIT 15   [ RunTime:0.0003s ]
INFO: [ view_parse ] --START--
NOTIC: [8] Undefined index: value D:\desktop\App\data.test\ThinkPHP\Library\Think\Template\TagLib\Cx.class.php 第 251 行.
INFO: [ template_filter ] --START--
INFO: Run Behavior\ContentReplaceBehavior [ RunTime:0.000108s ]
INFO: [ template_filter ] --END-- [ RunTime:0.000171s ]
NOTIC: [8] Undefined index: instrumentid0 D:\desktop\App\data.test\User\Runtime\Cache\Home\281d6139b43850b4ede9efc58c195441.php 第 160 行.
NOTIC: [8] Undefined index: instrumentinfo0 D:\desktop\App\data.test\User\Runtime\Cache\Home\281d6139b43850b4ede9efc58c195441.php 第 167 行.
NOTIC: [8] Undefined index: data0 D:\desktop\App\data.test\User\Runtime\Cache\Home\281d6139b43850b4ede9efc58c195441.php 第 181 行.
NOTIC: [8] Undefined index: instrumentinfo0 D:\desktop\App\data.test\User\Runtime\Cache\Home\281d6139b43850b4ede9efc58c195441.php 第 193 行.
NOTIC: [8] Undefined index: data0 D:\desktop\App\data.test\User\Runtime\Cache\Home\281d6139b43850b4ede9efc58c195441.php 第 198 行.
NOTIC: [8] Undefined index: instrumentid1 D:\desktop\App\data.test\User\Runtime\Cache\Home\281d6139b43850b4ede9efc58c195441.php 第 210 行.
NOTIC: [8] Undefined index: instrumentinfo1 D:\desktop\App\data.test\User\Runtime\Cache\Home\281d6139b43850b4ede9efc58c195441.php 第 217 行.
NOTIC: [8] Undefined index: data0 D:\desktop\App\data.test\User\Runtime\Cache\Home\281d6139b43850b4ede9efc58c195441.php 第 231 行.
NOTIC: [8] Undefined index: instrumentinfo1 D:\desktop\App\data.test\User\Runtime\Cache\Home\281d6139b43850b4ede9efc58c195441.php 第 242 行.
INFO: Run Behavior\ParseTemplateBehavior [ RunTime:0.017898s ]
INFO: [ view_parse ] --END-- [ RunTime:0.017962s ]
INFO: [ view_filter ] --START--
INFO: Run Behavior\WriteHtmlCacheBehavior [ RunTime:0.000559s ]
INFO: [ view_filter ] --END-- [ RunTime:0.000624s ]
INFO: [ app_end ] --START--
INFO: Run Behavior\ShowPageTraceBehavior [ RunTime:0.001698s ]
INFO: [ app_end ] --END-- [ RunTime:0.001919s ]

[ 2016-10-04T00:54:36+08:00 ] 127.0.0.1 /user.php/camera/camera.html?cameraid=1
INFO: [ app_init ] --START--
INFO: Run Behavior\BuildLiteBehavior [ RunTime:0.000024s ]
INFO: [ app_init ] --END-- [ RunTime:0.000515s ]
INFO: [ app_begin ] --START--
INFO: Run Behavior\ReadHtmlCacheBehavior [ RunTime:0.000896s ]
INFO: [ app_begin ] --END-- [ RunTime:0.000974s ]
SQL: SHOW COLUMNS FROM `camera` [ RunTime:0.0031s ]
SQL: SELECT * FROM `camera` WHERE ( cameraid='1' ) LIMIT 1   [ RunTime:0.0003s ]
SQL: SHOW COLUMNS FROM `instrument` [ RunTime:0.0035s ]
SQL: SELECT `instrumentid`,`instrumentinfo` FROM `instrument` WHERE ( cameraid='1' )  [ RunTime:0.0004s ]
SQL: SHOW COLUMNS FROM `data` [ RunTime:0.0040s ]
SQL: SELECT `data`,`datatime` FROM `data` WHERE ( instrumentid='1' ) LIMIT 15   [ RunTime:0.0005s ]
SQL: SELECT `data`,`datatime` FROM `data` WHERE ( instrumentid='2' ) LIMIT 15   [ RunTime:0.0004s ]
SQL: SELECT `data`,`datatime` FROM `data` WHERE ( instrumentid='3' ) LIMIT 15   [ RunTime:0.0007s ]
SQL: SELECT `data`,`datatime` FROM `data` WHERE ( instrumentid='4' ) LIMIT 15   [ RunTime:0.0008s ]
INFO: [ view_parse ] --START--
NOTIC: [8] Undefined index: value D:\desktop\App\data.test\ThinkPHP\Library\Think\Template\TagLib\Cx.class.php 第 251 行.
INFO: [ template_filter ] --START--
INFO: Run Behavior\ContentReplaceBehavior [ RunTime:0.000108s ]
INFO: [ template_filter ] --END-- [ RunTime:0.000170s ]
NOTIC: [8] Undefined index: instrumentid0 D:\desktop\App\data.test\User\Runtime\Cache\Home\281d6139b43850b4ede9efc58c195441.php 第 160 行.
NOTIC: [8] Undefined index: instrumentinfo0 D:\desktop\App\data.test\User\Runtime\Cache\Home\281d6139b43850b4ede9efc58c195441.php 第 167 行.
NOTIC: [8] Undefined index: data0 D:\desktop\App\data.test\User\Runtime\Cache\Home\281d6139b43850b4ede9efc58c195441.php 第 181 行.
NOTIC: [8] Undefined index: instrumentinfo0 D:\desktop\App\data.test\User\Runtime\Cache\Home\281d6139b43850b4ede9efc58c195441.php 第 193 行.
NOTIC: [8] Undefined index: data0 D:\desktop\App\data.test\User\Runtime\Cache\Home\281d6139b43850b4ede9efc58c195441.php 第 198 行.
NOTIC: [8] Undefined index: instrumentid1 D:\desktop\App\data.test\User\Runtime\Cache\Home\281d6139b43850b4ede9efc58c195441.php 第 210 行.
NOTIC: [8] Undefined index: instrumentinfo1 D:\desktop\App\data.test\User\Runtime\Cache\Home\281d6139b43850b4ede9efc58c195441.php 第 217 行.
NOTIC: [8] Undefined index: data1 D:\desktop\App\data.test\User\Runtime\Cache\Home\281d6139b43850b4ede9efc58c195441.php 第 231 行.
NOTIC: [8] Undefined index: instrumentinfo1 D:\desktop\App\data.test\User\Runtime\Cache\Home\281d6139b43850b4ede9efc58c195441.php 第 242 行.
NOTIC: [8] Undefined index: instrumentid0 D:\desktop\App\data.test\User\Runtime\Cache\Home\281d6139b43850b4ede9efc58c195441.php 第 160 行.
NOTIC: [8] Undefined index: instrumentinfo0 D:\desktop\App\data.test\User\Runtime\Cache\Home\281d6139b43850b4ede9efc58c195441.php 第 167 行.
NOTIC: [8] Undefined index: data0 D:\desktop\App\data.test\User\Runtime\Cache\Home\281d6139b43850b4ede9efc58c195441.php 第 181 行.
NOTIC: [8] Undefined index: instrumentinfo0 D:\desktop\App\data.test\User\Runtime\Cache\Home\281d6139b43850b4ede9efc58c195441.php 第 193 行.
NOTIC: [8] Undefined index: data0 D:\desktop\App\data.test\User\Runtime\Cache\Home\281d6139b43850b4ede9efc58c195441.php 第 198 行.
NOTIC: [8] Undefined index: instrumentid1 D:\desktop\App\data.test\User\Runtime\Cache\Home\281d6139b43850b4ede9efc58c195441.php 第 210 行.
NOTIC: [8] Undefined index: instrumentinfo1 D:\desktop\App\data.test\User\Runtime\Cache\Home\281d6139b43850b4ede9efc58c195441.php 第 217 行.
NOTIC: [8] Undefined index: data1 D:\desktop\App\data.test\User\Runtime\Cache\Home\281d6139b43850b4ede9efc58c195441.php 第 231 行.
NOTIC: [8] Undefined index: instrumentinfo1 D:\desktop\App\data.test\User\Runtime\Cache\Home\281d6139b43850b4ede9efc58c195441.php 第 242 行.
INFO: Run Behavior\ParseTemplateBehavior [ RunTime:0.104117s ]
INFO: [ view_parse ] --END-- [ RunTime:0.104187s ]
INFO: [ view_filter ] --START--
INFO: Run Behavior\WriteHtmlCacheBehavior [ RunTime:0.000570s ]
INFO: [ view_filter ] --END-- [ RunTime:0.000621s ]
INFO: [ app_end ] --START--
INFO: Run Behavior\ShowPageTraceBehavior [ RunTime:0.001506s ]
INFO: [ app_end ] --END-- [ RunTime:0.001619s ]

[ 2016-10-04T00:54:57+08:00 ] 127.0.0.1 /user.php/camera/camera.html?cameraid=1
INFO: [ app_init ] --START--
INFO: Run Behavior\BuildLiteBehavior [ RunTime:0.000032s ]
INFO: [ app_init ] --END-- [ RunTime:0.000935s ]
INFO: [ app_begin ] --START--
INFO: Run Behavior\ReadHtmlCacheBehavior [ RunTime:0.001413s ]
INFO: [ app_begin ] --END-- [ RunTime:0.001522s ]
SQL: SHOW COLUMNS FROM `camera` [ RunTime:0.0047s ]
SQL: SELECT * FROM `camera` WHERE ( cameraid='1' ) LIMIT 1   [ RunTime:0.0005s ]
SQL: SHOW COLUMNS FROM `instrument` [ RunTime:0.0044s ]
SQL: SELECT `instrumentid`,`instrumentinfo` FROM `instrument` WHERE ( cameraid='1' )  [ RunTime:0.0005s ]
SQL: SHOW COLUMNS FROM `data` [ RunTime:0.0036s ]
SQL: SELECT `data`,`datatime` FROM `data` WHERE ( instrumentid='1' ) LIMIT 15   [ RunTime:0.0004s ]
SQL: SELECT `data`,`datatime` FROM `data` WHERE ( instrumentid='2' ) LIMIT 15   [ RunTime:0.0002s ]
SQL: SELECT `data`,`datatime` FROM `data` WHERE ( instrumentid='3' ) LIMIT 15   [ RunTime:0.0002s ]
SQL: SELECT `data`,`datatime` FROM `data` WHERE ( instrumentid='4' ) LIMIT 15   [ RunTime:0.0002s ]
INFO: [ view_parse ] --START--
NOTIC: [8] Undefined index: value D:\desktop\App\data.test\ThinkPHP\Library\Think\Template\TagLib\Cx.class.php 第 251 行.
INFO: [ template_filter ] --START--
INFO: Run Behavior\ContentReplaceBehavior [ RunTime:0.000163s ]
INFO: [ template_filter ] --END-- [ RunTime:0.000250s ]
NOTIC: [8] Undefined index: instrumentid0 D:\desktop\App\data.test\User\Runtime\Cache\Home\281d6139b43850b4ede9efc58c195441.php 第 160 行.
NOTIC: [8] Undefined index: instrumentinfo0 D:\desktop\App\data.test\User\Runtime\Cache\Home\281d6139b43850b4ede9efc58c195441.php 第 167 行.
NOTIC: [8] Undefined index: data0 D:\desktop\App\data.test\User\Runtime\Cache\Home\281d6139b43850b4ede9efc58c195441.php 第 181 行.
NOTIC: [8] Undefined index: instrumentinfo0 D:\desktop\App\data.test\User\Runtime\Cache\Home\281d6139b43850b4ede9efc58c195441.php 第 193 行.
NOTIC: [8] Undefined index: data0 D:\desktop\App\data.test\User\Runtime\Cache\Home\281d6139b43850b4ede9efc58c195441.php 第 198 行.
NOTIC: [8] Undefined index: instrumentid1 D:\desktop\App\data.test\User\Runtime\Cache\Home\281d6139b43850b4ede9efc58c195441.php 第 210 行.
NOTIC: [8] Undefined index: instrumentinfo1 D:\desktop\App\data.test\User\Runtime\Cache\Home\281d6139b43850b4ede9efc58c195441.php 第 217 行.
NOTIC: [8] Undefined index: data0 D:\desktop\App\data.test\User\Runtime\Cache\Home\281d6139b43850b4ede9efc58c195441.php 第 231 行.
NOTIC: [8] Undefined index: instrumentinfo1 D:\desktop\App\data.test\User\Runtime\Cache\Home\281d6139b43850b4ede9efc58c195441.php 第 242 行.
INFO: Run Behavior\ParseTemplateBehavior [ RunTime:0.023372s ]
INFO: [ view_parse ] --END-- [ RunTime:0.023469s ]
INFO: [ view_filter ] --START--
INFO: Run Behavior\WriteHtmlCacheBehavior [ RunTime:0.002000s ]
INFO: [ view_filter ] --END-- [ RunTime:0.002104s ]
INFO: [ app_end ] --START--
INFO: Run Behavior\ShowPageTraceBehavior [ RunTime:0.001859s ]
INFO: [ app_end ] --END-- [ RunTime:0.002024s ]

[ 2016-10-04T00:58:58+08:00 ] 127.0.0.1 /user.php/camera/camera.html?cameraid=1
INFO: [ app_init ] --START--
INFO: Run Behavior\BuildLiteBehavior [ RunTime:0.000022s ]
INFO: [ app_init ] --END-- [ RunTime:0.000510s ]
INFO: [ app_begin ] --START--
INFO: Run Behavior\ReadHtmlCacheBehavior [ RunTime:0.000815s ]
INFO: [ app_begin ] --END-- [ RunTime:0.000890s ]
SQL: SHOW COLUMNS FROM `camera` [ RunTime:0.0046s ]
SQL: SELECT * FROM `camera` WHERE ( cameraid='1' ) LIMIT 1   [ RunTime:0.0008s ]
SQL: SHOW COLUMNS FROM `instrument` [ RunTime:0.0037s ]
SQL: SELECT `instrumentid`,`instrumentinfo` FROM `instrument` WHERE ( cameraid='1' )  [ RunTime:0.0004s ]
SQL: SHOW COLUMNS FROM `data` [ RunTime:0.0033s ]
SQL: SELECT `data`,`datatime` FROM `data` WHERE ( instrumentid='1' ) LIMIT 15   [ RunTime:0.0005s ]
SQL: SELECT `data`,`datatime` FROM `data` WHERE ( instrumentid='2' ) LIMIT 15   [ RunTime:0.0003s ]
SQL: SELECT `data`,`datatime` FROM `data` WHERE ( instrumentid='3' ) LIMIT 15   [ RunTime:0.0003s ]
SQL: SELECT `data`,`datatime` FROM `data` WHERE ( instrumentid='4' ) LIMIT 15   [ RunTime:0.0003s ]
INFO: [ view_parse ] --START--
NOTIC: [8] Undefined index: value D:\desktop\App\data.test\ThinkPHP\Library\Think\Template\TagLib\Cx.class.php 第 251 行.
INFO: [ template_filter ] --START--
INFO: Run Behavior\ContentReplaceBehavior [ RunTime:0.000106s ]
INFO: [ template_filter ] --END-- [ RunTime:0.000165s ]
NOTIC: [8] Undefined index: data D:\desktop\App\data.test\User\Runtime\Cache\Home\281d6139b43850b4ede9efc58c195441.php 第 231 行.
NOTIC: [8] Undefined index: data D:\desktop\App\data.test\User\Runtime\Cache\Home\281d6139b43850b4ede9efc58c195441.php 第 231 行.
NOTIC: [8] Undefined index: instrumentid0 D:\desktop\App\data.test\User\Runtime\Cache\Home\281d6139b43850b4ede9efc58c195441.php 第 160 行.
NOTIC: [8] Undefined index: instrumentinfo0 D:\desktop\App\data.test\User\Runtime\Cache\Home\281d6139b43850b4ede9efc58c195441.php 第 167 行.
NOTIC: [8] Undefined index: data0 D:\desktop\App\data.test\User\Runtime\Cache\Home\281d6139b43850b4ede9efc58c195441.php 第 181 行.
NOTIC: [8] Undefined index: instrumentinfo0 D:\desktop\App\data.test\User\Runtime\Cache\Home\281d6139b43850b4ede9efc58c195441.php 第 193 行.
NOTIC: [8] Undefined index: data0 D:\desktop\App\data.test\User\Runtime\Cache\Home\281d6139b43850b4ede9efc58c195441.php 第 198 行.
NOTIC: [8] Undefined index: instrumentid1 D:\desktop\App\data.test\User\Runtime\Cache\Home\281d6139b43850b4ede9efc58c195441.php 第 210 行.
NOTIC: [8] Undefined index: instrumentinfo1 D:\desktop\App\data.test\User\Runtime\Cache\Home\281d6139b43850b4ede9efc58c195441.php 第 217 行.
NOTIC: [8] Undefined index: data D:\desktop\App\data.test\User\Runtime\Cache\Home\281d6139b43850b4ede9efc58c195441.php 第 231 行.
NOTIC: [8] Undefined index: instrumentinfo1 D:\desktop\App\data.test\User\Runtime\Cache\Home\281d6139b43850b4ede9efc58c195441.php 第 242 行.
INFO: Run Behavior\ParseTemplateBehavior [ RunTime:0.017941s ]
INFO: [ view_parse ] --END-- [ RunTime:0.018009s ]
INFO: [ view_filter ] --START--
INFO: Run Behavior\WriteHtmlCacheBehavior [ RunTime:0.000526s ]
INFO: [ view_filter ] --END-- [ RunTime:0.000579s ]
INFO: [ app_end ] --START--
INFO: Run Behavior\ShowPageTraceBehavior [ RunTime:0.005448s ]
INFO: [ app_end ] --END-- [ RunTime:0.005982s ]

[ 2016-10-04T00:59:33+08:00 ] 127.0.0.1 /user.php/camera/camera.html?cameraid=1
INFO: [ app_init ] --START--
INFO: Run Behavior\BuildLiteBehavior [ RunTime:0.000023s ]
INFO: [ app_init ] --END-- [ RunTime:0.000699s ]
INFO: [ app_begin ] --START--
INFO: Run Behavior\ReadHtmlCacheBehavior [ RunTime:0.000926s ]
INFO: [ app_begin ] --END-- [ RunTime:0.001026s ]
SQL: SHOW COLUMNS FROM `camera` [ RunTime:0.0045s ]
SQL: SELECT * FROM `camera` WHERE ( cameraid='1' ) LIMIT 1   [ RunTime:0.0005s ]
SQL: SHOW COLUMNS FROM `instrument` [ RunTime:0.0049s ]
SQL: SELECT `instrumentid`,`instrumentinfo` FROM `instrument` WHERE ( cameraid='1' )  [ RunTime:0.0006s ]
SQL: SHOW COLUMNS FROM `data` [ RunTime:0.0035s ]
SQL: SELECT `data`,`datatime` FROM `data` WHERE ( instrumentid='1' ) LIMIT 15   [ RunTime:0.0004s ]
SQL: SELECT `data`,`datatime` FROM `data` WHERE ( instrumentid='2' ) LIMIT 15   [ RunTime:0.0003s ]
SQL: SELECT `data`,`datatime` FROM `data` WHERE ( instrumentid='3' ) LIMIT 15   [ RunTime:0.0003s ]
SQL: SELECT `data`,`datatime` FROM `data` WHERE ( instrumentid='4' ) LIMIT 15   [ RunTime:0.0003s ]
INFO: [ view_parse ] --START--
NOTIC: [8] Undefined index: value D:\desktop\App\data.test\ThinkPHP\Library\Think\Template\TagLib\Cx.class.php 第 251 行.
INFO: [ template_filter ] --START--
INFO: Run Behavior\ContentReplaceBehavior [ RunTime:0.000106s ]
INFO: [ template_filter ] --END-- [ RunTime:0.000167s ]
NOTIC: [8] Undefined index: instrumentid0 D:\desktop\App\data.test\User\Runtime\Cache\Home\281d6139b43850b4ede9efc58c195441.php 第 160 行.
NOTIC: [8] Undefined index: instrumentinfo0 D:\desktop\App\data.test\User\Runtime\Cache\Home\281d6139b43850b4ede9efc58c195441.php 第 167 行.
NOTIC: [8] Undefined index: data0 D:\desktop\App\data.test\User\Runtime\Cache\Home\281d6139b43850b4ede9efc58c195441.php 第 181 行.
NOTIC: [8] Undefined index: instrumentinfo0 D:\desktop\App\data.test\User\Runtime\Cache\Home\281d6139b43850b4ede9efc58c195441.php 第 193 行.
NOTIC: [8] Undefined index: data0 D:\desktop\App\data.test\User\Runtime\Cache\Home\281d6139b43850b4ede9efc58c195441.php 第 198 行.
NOTIC: [8] Undefined index: instrumentid1 D:\desktop\App\data.test\User\Runtime\Cache\Home\281d6139b43850b4ede9efc58c195441.php 第 210 行.
NOTIC: [8] Undefined index: instrumentinfo1 D:\desktop\App\data.test\User\Runtime\Cache\Home\281d6139b43850b4ede9efc58c195441.php 第 217 行.
NOTIC: [8] Undefined index: data1 D:\desktop\App\data.test\User\Runtime\Cache\Home\281d6139b43850b4ede9efc58c195441.php 第 231 行.
NOTIC: [8] Undefined index: instrumentinfo1 D:\desktop\App\data.test\User\Runtime\Cache\Home\281d6139b43850b4ede9efc58c195441.php 第 242 行.
INFO: Run Behavior\ParseTemplateBehavior [ RunTime:0.018685s ]
INFO: [ view_parse ] --END-- [ RunTime:0.018786s ]
INFO: [ view_filter ] --START--
INFO: Run Behavior\WriteHtmlCacheBehavior [ RunTime:0.000888s ]
INFO: [ view_filter ] --END-- [ RunTime:0.000973s ]
INFO: [ app_end ] --START--
INFO: Run Behavior\ShowPageTraceBehavior [ RunTime:0.001199s ]
INFO: [ app_end ] --END-- [ RunTime:0.001331s ]

[ 2016-10-04T01:00:00+08:00 ] 127.0.0.1 /user.php/camera/camera.html?cameraid=1
INFO: [ app_init ] --START--
INFO: Run Behavior\BuildLiteBehavior [ RunTime:0.000027s ]
INFO: [ app_init ] --END-- [ RunTime:0.000652s ]
INFO: [ app_begin ] --START--
INFO: Run Behavior\ReadHtmlCacheBehavior [ RunTime:0.000852s ]
INFO: [ app_begin ] --END-- [ RunTime:0.000976s ]
SQL: SHOW COLUMNS FROM `camera` [ RunTime:0.0063s ]
SQL: SELECT * FROM `camera` WHERE ( cameraid='1' ) LIMIT 1   [ RunTime:0.0006s ]
SQL: SHOW COLUMNS FROM `instrument` [ RunTime:0.0072s ]
SQL: SELECT `instrumentid`,`instrumentinfo` FROM `instrument` WHERE ( cameraid='1' )  [ RunTime:0.0011s ]
SQL: SHOW COLUMNS FROM `data` [ RunTime:0.0069s ]
SQL: SELECT `data`,`datatime` FROM `data` WHERE ( instrumentid='1' ) LIMIT 15   [ RunTime:0.0006s ]
SQL: SELECT `data`,`datatime` FROM `data` WHERE ( instrumentid='2' ) LIMIT 15   [ RunTime:0.0006s ]
SQL: SELECT `data`,`datatime` FROM `data` WHERE ( instrumentid='3' ) LIMIT 15   [ RunTime:0.0007s ]
SQL: SELECT `data`,`datatime` FROM `data` WHERE ( instrumentid='4' ) LIMIT 15   [ RunTime:0.0006s ]
INFO: [ view_parse ] --START--
NOTIC: [8] Undefined index: value D:\desktop\App\data.test\ThinkPHP\Library\Think\Template\TagLib\Cx.class.php 第 251 行.
INFO: [ template_filter ] --START--
INFO: Run Behavior\ContentReplaceBehavior [ RunTime:0.000192s ]
INFO: [ template_filter ] --END-- [ RunTime:0.000300s ]
NOTIC: [8] Undefined index: instrumentid0 D:\desktop\App\data.test\User\Runtime\Cache\Home\281d6139b43850b4ede9efc58c195441.php 第 160 行.
NOTIC: [8] Undefined index: instrumentinfo0 D:\desktop\App\data.test\User\Runtime\Cache\Home\281d6139b43850b4ede9efc58c195441.php 第 167 行.
NOTIC: [8] Undefined index: data0 D:\desktop\App\data.test\User\Runtime\Cache\Home\281d6139b43850b4ede9efc58c195441.php 第 181 行.
NOTIC: [8] Undefined index: instrumentinfo0 D:\desktop\App\data.test\User\Runtime\Cache\Home\281d6139b43850b4ede9efc58c195441.php 第 193 行.
NOTIC: [8] Undefined index: data0 D:\desktop\App\data.test\User\Runtime\Cache\Home\281d6139b43850b4ede9efc58c195441.php 第 198 行.
NOTIC: [8] Undefined index: instrumentid1 D:\desktop\App\data.test\User\Runtime\Cache\Home\281d6139b43850b4ede9efc58c195441.php 第 210 行.
NOTIC: [8] Undefined index: instrumentinfo1 D:\desktop\App\data.test\User\Runtime\Cache\Home\281d6139b43850b4ede9efc58c195441.php 第 217 行.
NOTIC: [8] Undefined index: data1 D:\desktop\App\data.test\User\Runtime\Cache\Home\281d6139b43850b4ede9efc58c195441.php 第 231 行.
NOTIC: [8] Undefined index: instrumentinfo1 D:\desktop\App\data.test\User\Runtime\Cache\Home\281d6139b43850b4ede9efc58c195441.php 第 242 行.
NOTIC: [8] Undefined index: data1 D:\desktop\App\data.test\User\Runtime\Cache\Home\281d6139b43850b4ede9efc58c195441.php 第 252 行.
INFO: Run Behavior\ParseTemplateBehavior [ RunTime:0.033254s ]
INFO: [ view_parse ] --END-- [ RunTime:0.033465s ]
INFO: [ view_filter ] --START--
INFO: Run Behavior\WriteHtmlCacheBehavior [ RunTime:0.000416s ]
INFO: [ view_filter ] --END-- [ RunTime:0.000530s ]
INFO: [ app_end ] --START--
INFO: Run Behavior\ShowPageTraceBehavior [ RunTime:0.002737s ]
INFO: [ app_end ] --END-- [ RunTime:0.003250s ]

[ 2016-10-04T01:06:01+08:00 ] 127.0.0.1 /user.php/camera/camera.html?cameraid=1
INFO: [ app_init ] --START--
INFO: Run Behavior\BuildLiteBehavior [ RunTime:0.000028s ]
INFO: [ app_init ] --END-- [ RunTime:0.000641s ]
INFO: [ app_begin ] --START--
INFO: Run Behavior\ReadHtmlCacheBehavior [ RunTime:0.001006s ]
INFO: [ app_begin ] --END-- [ RunTime:0.001131s ]
SQL: SHOW COLUMNS FROM `camera` [ RunTime:0.0031s ]
SQL: SELECT * FROM `camera` WHERE ( cameraid='1' ) LIMIT 1   [ RunTime:0.0003s ]
SQL: SHOW COLUMNS FROM `instrument` [ RunTime:0.0033s ]
SQL: SELECT `instrumentid`,`instrumentinfo` FROM `instrument` WHERE ( cameraid='1' )  [ RunTime:0.0004s ]
SQL: SHOW COLUMNS FROM `data` [ RunTime:0.0037s ]
SQL: SELECT `data`,`datatime` FROM `data` WHERE ( instrumentid='1' ) ORDER BY datatime desc LIMIT 15   [ RunTime:0.0005s ]
ERR: 1054:Unknown column 'datetime' in 'order clause'
 [ SQL语句 ] : SELECT `data`,`datatime` FROM `data` WHERE ( instrumentid='2' ) ORDER BY datetime desc LIMIT 15  
ERR: 1054:Unknown column 'datetime' in 'order clause'
 [ SQL语句 ] : SELECT `data`,`datatime` FROM `data` WHERE ( instrumentid='2' ) ORDER BY datetime desc LIMIT 15  

[ 2016-10-04T01:06:04+08:00 ] 127.0.0.1 /user.php/camera/camera.html?cameraid=1
INFO: [ app_init ] --START--
INFO: Run Behavior\BuildLiteBehavior [ RunTime:0.000016s ]
INFO: [ app_init ] --END-- [ RunTime:0.000479s ]
INFO: [ app_begin ] --START--
INFO: Run Behavior\ReadHtmlCacheBehavior [ RunTime:0.001104s ]
INFO: [ app_begin ] --END-- [ RunTime:0.001197s ]

[ 2016-10-04T01:06:04+08:00 ] 127.0.0.1 /user.php/login/login.html
INFO: [ app_init ] --START--
INFO: Run Behavior\BuildLiteBehavior [ RunTime:0.000018s ]
INFO: [ app_init ] --END-- [ RunTime:0.000581s ]
INFO: [ app_begin ] --START--
INFO: Run Behavior\ReadHtmlCacheBehavior [ RunTime:0.000950s ]
INFO: [ app_begin ] --END-- [ RunTime:0.001038s ]
INFO: [ view_parse ] --START--
INFO: [ template_filter ] --START--
INFO: Run Behavior\ContentReplaceBehavior [ RunTime:0.000066s ]
INFO: [ template_filter ] --END-- [ RunTime:0.000149s ]
INFO: Run Behavior\ParseTemplateBehavior [ RunTime:0.036559s ]
INFO: [ view_parse ] --END-- [ RunTime:0.036687s ]
INFO: [ view_filter ] --START--
INFO: Run Behavior\WriteHtmlCacheBehavior [ RunTime:0.000763s ]
INFO: [ view_filter ] --END-- [ RunTime:0.000825s ]
INFO: [ app_end ] --START--
INFO: Run Behavior\ShowPageTraceBehavior [ RunTime:0.001091s ]
INFO: [ app_end ] --END-- [ RunTime:0.001159s ]

[ 2016-10-04T01:07:35+08:00 ] 127.0.0.1 /user.php/camera/camera.html?cameraid=1
INFO: [ app_init ] --START--
INFO: Run Behavior\BuildLiteBehavior [ RunTime:0.000019s ]
INFO: [ app_init ] --END-- [ RunTime:0.000660s ]
INFO: [ app_begin ] --START--
INFO: Run Behavior\ReadHtmlCacheBehavior [ RunTime:0.003115s ]
INFO: [ app_begin ] --END-- [ RunTime:0.005302s ]
SQL: SHOW COLUMNS FROM `camera` [ RunTime:0.0054s ]
SQL: SELECT * FROM `camera` WHERE ( cameraid='1' ) LIMIT 1   [ RunTime:0.0005s ]
SQL: SHOW COLUMNS FROM `instrument` [ RunTime:0.0057s ]
SQL: SELECT `instrumentid`,`instrumentinfo` FROM `instrument` WHERE ( cameraid='1' )  [ RunTime:0.0004s ]
SQL: SHOW COLUMNS FROM `data` [ RunTime:0.0066s ]
SQL: SELECT `data`,`datatime` FROM `data` WHERE ( instrumentid='1' ) ORDER BY datatime desc LIMIT 15   [ RunTime:0.0010s ]
SQL: SELECT `data`,`datatime` FROM `data` WHERE ( instrumentid='2' ) ORDER BY datatime desc LIMIT 15   [ RunTime:0.0008s ]
SQL: SELECT `data`,`datatime` FROM `data` WHERE ( instrumentid='3' ) ORDER BY datatime desc LIMIT 15   [ RunTime:0.0005s ]
SQL: SELECT `data`,`datatime` FROM `data` WHERE ( instrumentid='4' ) ORDER BY datatime desc LIMIT 15   [ RunTime:0.0016s ]
INFO: [ view_parse ] --START--
NOTIC: [8] Undefined index: value D:\desktop\App\data.test\ThinkPHP\Library\Think\Template\TagLib\Cx.class.php 第 251 行.
INFO: [ template_filter ] --START--
INFO: Run Behavior\ContentReplaceBehavior [ RunTime:0.000111s ]
INFO: [ template_filter ] --END-- [ RunTime:0.000177s ]
NOTIC: [8] Undefined index: instrumentid0 D:\desktop\App\data.test\User\Runtime\Cache\Home\281d6139b43850b4ede9efc58c195441.php 第 160 行.
NOTIC: [8] Undefined index: instrumentinfo0 D:\desktop\App\data.test\User\Runtime\Cache\Home\281d6139b43850b4ede9efc58c195441.php 第 167 行.
NOTIC: [8] Undefined index: data0 D:\desktop\App\data.test\User\Runtime\Cache\Home\281d6139b43850b4ede9efc58c195441.php 第 181 行.
NOTIC: [8] Undefined index: instrumentinfo0 D:\desktop\App\data.test\User\Runtime\Cache\Home\281d6139b43850b4ede9efc58c195441.php 第 193 行.
NOTIC: [8] Undefined index: data0 D:\desktop\App\data.test\User\Runtime\Cache\Home\281d6139b43850b4ede9efc58c195441.php 第 198 行.
NOTIC: [8] Undefined index: instrumentid1 D:\desktop\App\data.test\User\Runtime\Cache\Home\281d6139b43850b4ede9efc58c195441.php 第 210 行.
NOTIC: [8] Undefined index: instrumentinfo1 D:\desktop\App\data.test\User\Runtime\Cache\Home\281d6139b43850b4ede9efc58c195441.php 第 217 行.
NOTIC: [8] Undefined index: data1 D:\desktop\App\data.test\User\Runtime\Cache\Home\281d6139b43850b4ede9efc58c195441.php 第 231 行.
NOTIC: [8] Undefined index: instrumentinfo1 D:\desktop\App\data.test\User\Runtime\Cache\Home\281d6139b43850b4ede9efc58c195441.php 第 242 行.
NOTIC: [8] Undefined index: data1 D:\desktop\App\data.test\User\Runtime\Cache\Home\281d6139b43850b4ede9efc58c195441.php 第 252 行.
INFO: Run Behavior\ParseTemplateBehavior [ RunTime:0.027186s ]
INFO: [ view_parse ] --END-- [ RunTime:0.027286s ]
INFO: [ view_filter ] --START--
INFO: Run Behavior\WriteHtmlCacheBehavior [ RunTime:0.000753s ]
INFO: [ view_filter ] --END-- [ RunTime:0.000812s ]
INFO: [ app_end ] --START--
INFO: Run Behavior\ShowPageTraceBehavior [ RunTime:0.001373s ]
INFO: [ app_end ] --END-- [ RunTime:0.001516s ]

[ 2016-10-04T01:21:55+08:00 ] 127.0.0.1 /user.php/camera/camera.html?cameraid=1
INFO: [ app_init ] --START--
INFO: Run Behavior\BuildLiteBehavior [ RunTime:0.000019s ]
INFO: [ app_init ] --END-- [ RunTime:0.000550s ]
INFO: [ app_begin ] --START--
INFO: Run Behavior\ReadHtmlCacheBehavior [ RunTime:0.000894s ]
INFO: [ app_begin ] --END-- [ RunTime:0.000973s ]
SQL: SHOW COLUMNS FROM `camera` [ RunTime:0.0072s ]
SQL: SELECT * FROM `camera` WHERE ( cameraid='1' ) LIMIT 1   [ RunTime:0.0005s ]
SQL: SHOW COLUMNS FROM `instrument` [ RunTime:0.0044s ]
SQL: SELECT `instrumentid`,`instrumentinfo` FROM `instrument` WHERE ( cameraid='1' )  [ RunTime:0.0004s ]
SQL: SHOW COLUMNS FROM `data` [ RunTime:0.0040s ]
SQL: SELECT `data`,`datatime` FROM `data` WHERE ( instrumentid='1' ) ORDER BY datatime desc LIMIT 15   [ RunTime:0.0007s ]
SQL: SELECT `data`,`datatime` FROM `data` WHERE ( instrumentid='2' ) ORDER BY datatime desc LIMIT 15   [ RunTime:0.0004s ]
SQL: SELECT `data`,`datatime` FROM `data` WHERE ( instrumentid='3' ) ORDER BY datatime desc LIMIT 15   [ RunTime:0.0003s ]
SQL: SELECT `data`,`datatime` FROM `data` WHERE ( instrumentid='4' ) ORDER BY datatime desc LIMIT 15   [ RunTime:0.0003s ]
NOTIC: [8] Use of undefined constant data0 - assumed 'data0' D:\desktop\App\data.test\User\Home\Controller\CameraController.class.php 第 36 行.
INFO: [ view_parse ] --START--
NOTIC: [8] Undefined index: value D:\desktop\App\data.test\ThinkPHP\Library\Think\Template\TagLib\Cx.class.php 第 251 行.
INFO: [ template_filter ] --START--
INFO: Run Behavior\ContentReplaceBehavior [ RunTime:0.000123s ]
INFO: [ template_filter ] --END-- [ RunTime:0.000189s ]
NOTIC: [8] Undefined index: instrumentid0 D:\desktop\App\data.test\User\Runtime\Cache\Home\281d6139b43850b4ede9efc58c195441.php 第 160 行.
NOTIC: [8] Undefined index: instrumentinfo0 D:\desktop\App\data.test\User\Runtime\Cache\Home\281d6139b43850b4ede9efc58c195441.php 第 167 行.
NOTIC: [8] Undefined index: data0 D:\desktop\App\data.test\User\Runtime\Cache\Home\281d6139b43850b4ede9efc58c195441.php 第 181 行.
NOTIC: [8] Undefined index: instrumentinfo0 D:\desktop\App\data.test\User\Runtime\Cache\Home\281d6139b43850b4ede9efc58c195441.php 第 193 行.
NOTIC: [8] Undefined index: data0 D:\desktop\App\data.test\User\Runtime\Cache\Home\281d6139b43850b4ede9efc58c195441.php 第 198 行.
NOTIC: [8] Undefined index: instrumentid1 D:\desktop\App\data.test\User\Runtime\Cache\Home\281d6139b43850b4ede9efc58c195441.php 第 210 行.
NOTIC: [8] Undefined index: instrumentinfo1 D:\desktop\App\data.test\User\Runtime\Cache\Home\281d6139b43850b4ede9efc58c195441.php 第 217 行.
NOTIC: [8] Undefined index: data1 D:\desktop\App\data.test\User\Runtime\Cache\Home\281d6139b43850b4ede9efc58c195441.php 第 231 行.
NOTIC: [8] Undefined index: instrumentinfo1 D:\desktop\App\data.test\User\Runtime\Cache\Home\281d6139b43850b4ede9efc58c195441.php 第 242 行.
NOTIC: [8] Undefined index: data1 D:\desktop\App\data.test\User\Runtime\Cache\Home\281d6139b43850b4ede9efc58c195441.php 第 252 行.
INFO: Run Behavior\ParseTemplateBehavior [ RunTime:0.025040s ]
INFO: [ view_parse ] --END-- [ RunTime:0.025131s ]
INFO: [ view_filter ] --START--
INFO: Run Behavior\WriteHtmlCacheBehavior [ RunTime:0.000851s ]
INFO: [ view_filter ] --END-- [ RunTime:0.000932s ]
INFO: [ app_end ] --START--
INFO: Run Behavior\ShowPageTraceBehavior [ RunTime:0.002454s ]
INFO: [ app_end ] --END-- [ RunTime:0.002586s ]

[ 2016-10-04T01:22:56+08:00 ] 127.0.0.1 /user.php/camera/camera.html?cameraid=1
INFO: [ app_init ] --START--
INFO: Run Behavior\BuildLiteBehavior [ RunTime:0.000022s ]
INFO: [ app_init ] --END-- [ RunTime:0.000705s ]
INFO: [ app_begin ] --START--
INFO: Run Behavior\ReadHtmlCacheBehavior [ RunTime:0.001400s ]
INFO: [ app_begin ] --END-- [ RunTime:0.001516s ]

[ 2016-10-04T01:23:22+08:00 ] 127.0.0.1 /user.php/camera/camera.html?cameraid=1
INFO: [ app_init ] --START--
INFO: Run Behavior\BuildLiteBehavior [ RunTime:0.000020s ]
INFO: [ app_init ] --END-- [ RunTime:0.000527s ]
INFO: [ app_begin ] --START--
INFO: Run Behavior\ReadHtmlCacheBehavior [ RunTime:0.000751s ]
INFO: [ app_begin ] --END-- [ RunTime:0.000817s ]
SQL: SHOW COLUMNS FROM `camera` [ RunTime:0.0033s ]
SQL: SELECT * FROM `camera` WHERE ( cameraid='1' ) LIMIT 1   [ RunTime:0.0003s ]
SQL: SHOW COLUMNS FROM `instrument` [ RunTime:0.0030s ]
SQL: SELECT `instrumentid`,`instrumentinfo` FROM `instrument` WHERE ( cameraid='1' )  [ RunTime:0.0004s ]
SQL: SHOW COLUMNS FROM `data` [ RunTime:0.0039s ]
SQL: SELECT `data`,`datatime` FROM `data` WHERE ( instrumentid='1' ) ORDER BY datatime desc LIMIT 15   [ RunTime:0.0006s ]
SQL: SELECT `data`,`datatime` FROM `data` WHERE ( instrumentid='2' ) ORDER BY datatime desc LIMIT 15   [ RunTime:0.0004s ]
SQL: SELECT `data`,`datatime` FROM `data` WHERE ( instrumentid='3' ) ORDER BY datatime desc LIMIT 15   [ RunTime:0.0003s ]
SQL: SELECT `data`,`datatime` FROM `data` WHERE ( instrumentid='4' ) ORDER BY datatime desc LIMIT 15   [ RunTime:0.0003s ]
NOTIC: [8] Use of undefined constant data0 - assumed 'data0' D:\desktop\App\data.test\User\Home\Controller\CameraController.class.php 第 37 行.
INFO: [ view_parse ] --START--
NOTIC: [8] Undefined index: value D:\desktop\App\data.test\ThinkPHP\Library\Think\Template\TagLib\Cx.class.php 第 251 行.
INFO: [ template_filter ] --START--
INFO: Run Behavior\ContentReplaceBehavior [ RunTime:0.000120s ]
INFO: [ template_filter ] --END-- [ RunTime:0.000195s ]
NOTIC: [8] Undefined index: instrumentid0 D:\desktop\App\data.test\User\Runtime\Cache\Home\281d6139b43850b4ede9efc58c195441.php 第 160 行.
NOTIC: [8] Undefined index: instrumentinfo0 D:\desktop\App\data.test\User\Runtime\Cache\Home\281d6139b43850b4ede9efc58c195441.php 第 167 行.
NOTIC: [8] Undefined index: data0 D:\desktop\App\data.test\User\Runtime\Cache\Home\281d6139b43850b4ede9efc58c195441.php 第 181 行.
NOTIC: [8] Undefined index: instrumentinfo0 D:\desktop\App\data.test\User\Runtime\Cache\Home\281d6139b43850b4ede9efc58c195441.php 第 193 行.
NOTIC: [8] Undefined index: data0 D:\desktop\App\data.test\User\Runtime\Cache\Home\281d6139b43850b4ede9efc58c195441.php 第 198 行.
NOTIC: [8] Undefined index: instrumentid1 D:\desktop\App\data.test\User\Runtime\Cache\Home\281d6139b43850b4ede9efc58c195441.php 第 210 行.
NOTIC: [8] Undefined index: instrumentinfo1 D:\desktop\App\data.test\User\Runtime\Cache\Home\281d6139b43850b4ede9efc58c195441.php 第 217 行.
NOTIC: [8] Undefined index: data1 D:\desktop\App\data.test\User\Runtime\Cache\Home\281d6139b43850b4ede9efc58c195441.php 第 231 行.
NOTIC: [8] Undefined index: instrumentinfo1 D:\desktop\App\data.test\User\Runtime\Cache\Home\281d6139b43850b4ede9efc58c195441.php 第 242 行.
NOTIC: [8] Undefined index: data1 D:\desktop\App\data.test\User\Runtime\Cache\Home\281d6139b43850b4ede9efc58c195441.php 第 252 行.
INFO: Run Behavior\ParseTemplateBehavior [ RunTime:0.018562s ]
INFO: [ view_parse ] --END-- [ RunTime:0.018629s ]
INFO: [ view_filter ] --START--
INFO: Run Behavior\WriteHtmlCacheBehavior [ RunTime:0.000671s ]
INFO: [ view_filter ] --END-- [ RunTime:0.000742s ]
INFO: [ app_end ] --START--
INFO: Run Behavior\ShowPageTraceBehavior [ RunTime:0.001075s ]
INFO: [ app_end ] --END-- [ RunTime:0.001160s ]

[ 2016-10-04T01:25:13+08:00 ] 127.0.0.1 /user.php/camera/camera.html?cameraid=1
INFO: [ app_init ] --START--
INFO: Run Behavior\BuildLiteBehavior [ RunTime:0.000046s ]
INFO: [ app_init ] --END-- [ RunTime:0.000601s ]
INFO: [ app_begin ] --START--
INFO: Run Behavior\ReadHtmlCacheBehavior [ RunTime:0.001796s ]
INFO: [ app_begin ] --END-- [ RunTime:0.001921s ]
SQL: SHOW COLUMNS FROM `camera` [ RunTime:0.0032s ]
SQL: SELECT * FROM `camera` WHERE ( cameraid='1' ) LIMIT 1   [ RunTime:0.0004s ]
SQL: SHOW COLUMNS FROM `instrument` [ RunTime:0.0033s ]
SQL: SELECT `instrumentid`,`instrumentinfo` FROM `instrument` WHERE ( cameraid='1' )  [ RunTime:0.0004s ]
SQL: SHOW COLUMNS FROM `data` [ RunTime:0.0044s ]
SQL: SELECT `data`,`datatime` FROM `data` WHERE ( instrumentid='1' ) ORDER BY datatime desc LIMIT 15   [ RunTime:0.0004s ]
SQL: SELECT `data`,`datatime` FROM `data` WHERE ( instrumentid='2' ) ORDER BY datatime desc LIMIT 15   [ RunTime:0.0004s ]
SQL: SELECT `data`,`datatime` FROM `data` WHERE ( instrumentid='3' ) ORDER BY datatime desc LIMIT 15   [ RunTime:0.0003s ]
SQL: SELECT `data`,`datatime` FROM `data` WHERE ( instrumentid='4' ) ORDER BY datatime desc LIMIT 15   [ RunTime:0.0003s ]
NOTIC: [8] Use of undefined constant data0 - assumed 'data0' D:\desktop\App\data.test\User\Home\Controller\CameraController.class.php 第 40 行.
INFO: [ view_parse ] --START--
NOTIC: [8] Undefined index: value D:\desktop\App\data.test\ThinkPHP\Library\Think\Template\TagLib\Cx.class.php 第 251 行.
INFO: [ template_filter ] --START--
INFO: Run Behavior\ContentReplaceBehavior [ RunTime:0.000178s ]
INFO: [ template_filter ] --END-- [ RunTime:0.000274s ]
NOTIC: [8] Undefined index: instrumentid0 D:\desktop\App\data.test\User\Runtime\Cache\Home\281d6139b43850b4ede9efc58c195441.php 第 160 行.
NOTIC: [8] Undefined index: instrumentinfo0 D:\desktop\App\data.test\User\Runtime\Cache\Home\281d6139b43850b4ede9efc58c195441.php 第 167 行.
NOTIC: [8] Undefined index: data0 D:\desktop\App\data.test\User\Runtime\Cache\Home\281d6139b43850b4ede9efc58c195441.php 第 181 行.
NOTIC: [8] Undefined index: instrumentinfo0 D:\desktop\App\data.test\User\Runtime\Cache\Home\281d6139b43850b4ede9efc58c195441.php 第 193 行.
NOTIC: [8] Undefined index: data0 D:\desktop\App\data.test\User\Runtime\Cache\Home\281d6139b43850b4ede9efc58c195441.php 第 198 行.
NOTIC: [8] Undefined index: instrumentid1 D:\desktop\App\data.test\User\Runtime\Cache\Home\281d6139b43850b4ede9efc58c195441.php 第 210 行.
NOTIC: [8] Undefined index: instrumentinfo1 D:\desktop\App\data.test\User\Runtime\Cache\Home\281d6139b43850b4ede9efc58c195441.php 第 217 行.
NOTIC: [8] Undefined index: data1 D:\desktop\App\data.test\User\Runtime\Cache\Home\281d6139b43850b4ede9efc58c195441.php 第 231 行.
NOTIC: [8] Undefined index: instrumentinfo1 D:\desktop\App\data.test\User\Runtime\Cache\Home\281d6139b43850b4ede9efc58c195441.php 第 242 行.
NOTIC: [8] Undefined index: data1 D:\desktop\App\data.test\User\Runtime\Cache\Home\281d6139b43850b4ede9efc58c195441.php 第 252 行.
INFO: Run Behavior\ParseTemplateBehavior [ RunTime:0.027044s ]
INFO: [ view_parse ] --END-- [ RunTime:0.027115s ]
INFO: [ view_filter ] --START--
INFO: Run Behavior\WriteHtmlCacheBehavior [ RunTime:0.000602s ]
INFO: [ view_filter ] --END-- [ RunTime:0.000655s ]
INFO: [ app_end ] --START--
INFO: Run Behavior\ShowPageTraceBehavior [ RunTime:0.001952s ]
INFO: [ app_end ] --END-- [ RunTime:0.002071s ]

