[ 2016-10-14T18:59:16+08:00 ] 127.0.0.1 /user.php/
INFO: [ app_init ] --START--
INFO: Run Behavior\BuildLiteBehavior [ RunTime:0.000026s ]
INFO: [ app_init ] --END-- [ RunTime:0.000708s ]
INFO: [ app_begin ] --START--
INFO: Run Behavior\ReadHtmlCacheBehavior [ RunTime:0.000599s ]
INFO: [ app_begin ] --END-- [ RunTime:0.000678s ]
INFO: [ view_parse ] --START--
INFO: [ template_filter ] --START--
INFO: Run Behavior\ContentReplaceBehavior [ RunTime:0.017525s ]
INFO: [ template_filter ] --END-- [ RunTime:0.017616s ]
INFO: Run Behavior\ParseTemplateBehavior [ RunTime:0.055823s ]
INFO: [ view_parse ] --END-- [ RunTime:0.055934s ]
INFO: [ view_filter ] --START--
INFO: Run Behavior\WriteHtmlCacheBehavior [ RunTime:0.000385s ]
INFO: [ view_filter ] --END-- [ RunTime:0.000460s ]
INFO: [ app_end ] --START--
INFO: Run Behavior\ShowPageTraceBehavior [ RunTime:0.000561s ]
INFO: [ app_end ] --END-- [ RunTime:0.000614s ]

[ 2016-10-14T18:59:27+08:00 ] 127.0.0.1 /user.php/login/checklogin.html
INFO: [ app_init ] --START--
INFO: Run Behavior\BuildLiteBehavior [ RunTime:0.000025s ]
INFO: [ app_init ] --END-- [ RunTime:0.000764s ]
INFO: [ app_begin ] --START--
INFO: Run Behavior\ReadHtmlCacheBehavior [ RunTime:0.000815s ]
INFO: [ app_begin ] --END-- [ RunTime:0.000908s ]
NOTIC: [8] Undefined index: setcookie D:\desktop\App\data.test\User\Home\Controller\LoginController.class.php 第 11 行.
SQL: SHOW COLUMNS FROM `user` [ RunTime:0.0888s ]
SQL: SELECT * FROM `user` WHERE ( username='clever' ) LIMIT 1   [ RunTime:0.0403s ]

[ 2016-10-14T18:59:27+08:00 ] 127.0.0.1 /user.php/user/user.html
INFO: [ app_init ] --START--
INFO: Run Behavior\BuildLiteBehavior [ RunTime:0.000073s ]
INFO: [ app_init ] --END-- [ RunTime:0.001623s ]
INFO: [ app_begin ] --START--
INFO: Run Behavior\ReadHtmlCacheBehavior [ RunTime:0.000598s ]
INFO: [ app_begin ] --END-- [ RunTime:0.000668s ]
INFO: [ view_parse ] --START--
INFO: [ template_filter ] --START--
INFO: Run Behavior\ContentReplaceBehavior [ RunTime:0.000077s ]
INFO: [ template_filter ] --END-- [ RunTime:0.000141s ]
INFO: Run Behavior\ParseTemplateBehavior [ RunTime:0.022022s ]
INFO: [ view_parse ] --END-- [ RunTime:0.022090s ]
INFO: [ view_filter ] --START--
INFO: Run Behavior\WriteHtmlCacheBehavior [ RunTime:0.000710s ]
INFO: [ view_filter ] --END-- [ RunTime:0.000794s ]
INFO: [ app_end ] --START--
INFO: Run Behavior\ShowPageTraceBehavior [ RunTime:0.001441s ]
INFO: [ app_end ] --END-- [ RunTime:0.001561s ]

[ 2016-10-14T18:59:28+08:00 ] 127.0.0.1 /user.php/userindex/userindex.html
INFO: [ app_init ] --START--
INFO: Run Behavior\BuildLiteBehavior [ RunTime:0.000017s ]
INFO: [ app_init ] --END-- [ RunTime:0.000559s ]
INFO: [ app_begin ] --START--
INFO: Run Behavior\ReadHtmlCacheBehavior [ RunTime:0.002815s ]
INFO: [ app_begin ] --END-- [ RunTime:0.002915s ]
SQL: SHOW COLUMNS FROM `camera` [ RunTime:0.0209s ]
SQL: SELECT * FROM `camera` WHERE ( userid='clever' )  [ RunTime:0.0554s ]
INFO: [ view_parse ] --START--
INFO: [ template_filter ] --START--
INFO: Run Behavior\ContentReplaceBehavior [ RunTime:0.000122s ]
INFO: [ template_filter ] --END-- [ RunTime:0.000188s ]
NOTIC: [8] Undefined index: cameraid1 D:\desktop\App\data.test\User\Runtime\Cache\Home\71cf6b81dd44fc4c49d214267fed8e89.php 第 98 行.
NOTIC: [8] Undefined index: cameraname1 D:\desktop\App\data.test\User\Runtime\Cache\Home\71cf6b81dd44fc4c49d214267fed8e89.php 第 98 行.
NOTIC: [8] Undefined index: cameraid2 D:\desktop\App\data.test\User\Runtime\Cache\Home\71cf6b81dd44fc4c49d214267fed8e89.php 第 103 行.
NOTIC: [8] Undefined index: cameraname2 D:\desktop\App\data.test\User\Runtime\Cache\Home\71cf6b81dd44fc4c49d214267fed8e89.php 第 103 行.
NOTIC: [8] Undefined index: cameraid3 D:\desktop\App\data.test\User\Runtime\Cache\Home\71cf6b81dd44fc4c49d214267fed8e89.php 第 108 行.
NOTIC: [8] Undefined index: cameraname3 D:\desktop\App\data.test\User\Runtime\Cache\Home\71cf6b81dd44fc4c49d214267fed8e89.php 第 108 行.
INFO: Run Behavior\ParseTemplateBehavior [ RunTime:0.074199s ]
INFO: [ view_parse ] --END-- [ RunTime:0.074302s ]
INFO: [ view_filter ] --START--
INFO: Run Behavior\WriteHtmlCacheBehavior [ RunTime:0.001259s ]
INFO: [ view_filter ] --END-- [ RunTime:0.001352s ]
INFO: [ app_end ] --START--
INFO: Run Behavior\ShowPageTraceBehavior [ RunTime:0.001372s ]
INFO: [ app_end ] --END-- [ RunTime:0.001473s ]

[ 2016-10-14T18:59:33+08:00 ] 127.0.0.1 /user.php/camera/camera/cameraid/1.html
INFO: [ app_init ] --START--
INFO: Run Behavior\BuildLiteBehavior [ RunTime:0.000021s ]
INFO: [ app_init ] --END-- [ RunTime:0.000562s ]
INFO: [ app_begin ] --START--
INFO: Run Behavior\ReadHtmlCacheBehavior [ RunTime:0.003490s ]
INFO: [ app_begin ] --END-- [ RunTime:0.003701s ]
SQL: SHOW COLUMNS FROM `camera` [ RunTime:0.0030s ]
SQL: SELECT * FROM `camera` WHERE ( cameraid='1' ) LIMIT 1   [ RunTime:0.0076s ]
SQL: SELECT * FROM `camera` WHERE ( cameraid='1' ) LIMIT 1   [ RunTime:0.0020s ]
SQL: SELECT `cameraname`,`cameraid` FROM `camera` WHERE ( userid='clever' )  [ RunTime:0.0064s ]
SQL: SHOW COLUMNS FROM `instrument` [ RunTime:0.0502s ]
SQL: SELECT `instrumentid`,`instrumentinfo` FROM `instrument` WHERE ( cameraid='1' )  [ RunTime:0.0006s ]
SQL: SHOW COLUMNS FROM `data` [ RunTime:0.0287s ]
SQL: SELECT `data`,`datatime` FROM `data` WHERE ( instrumentid='1' ) ORDER BY datatime desc LIMIT 15   [ RunTime:0.0134s ]
SQL: SELECT `data`,`datatime` FROM `data` WHERE ( instrumentid='5' ) ORDER BY datatime desc LIMIT 15   [ RunTime:0.0015s ]
SQL: SELECT `data`,`datatime` FROM `data` WHERE ( instrumentid='9' ) ORDER BY datatime desc LIMIT 15   [ RunTime:0.0006s ]
SQL: SELECT `data`,`datatime` FROM `data` WHERE ( instrumentid='13' ) ORDER BY datatime desc LIMIT 15   [ RunTime:0.0004s ]
INFO: [ view_parse ] --START--
NOTIC: [8] Undefined index: value D:\desktop\App\data.test\ThinkPHP\Library\Think\Template\TagLib\Cx.class.php 第 251 行.
INFO: [ template_filter ] --START--
INFO: Run Behavior\ContentReplaceBehavior [ RunTime:0.000113s ]
INFO: [ template_filter ] --END-- [ RunTime:0.000182s ]
NOTIC: [8] Undefined index: instrumentid0 D:\desktop\App\data.test\User\Runtime\Cache\Home\281d6139b43850b4ede9efc58c195441.php 第 155 行.
NOTIC: [8] Undefined index: instrumentinfo0 D:\desktop\App\data.test\User\Runtime\Cache\Home\281d6139b43850b4ede9efc58c195441.php 第 162 行.
NOTIC: [8] Undefined index: data0 D:\desktop\App\data.test\User\Runtime\Cache\Home\281d6139b43850b4ede9efc58c195441.php 第 176 行.
NOTIC: [8] Undefined index: instrumentinfo0 D:\desktop\App\data.test\User\Runtime\Cache\Home\281d6139b43850b4ede9efc58c195441.php 第 188 行.
NOTIC: [8] Undefined index: data0 D:\desktop\App\data.test\User\Runtime\Cache\Home\281d6139b43850b4ede9efc58c195441.php 第 193 行.
NOTIC: [8] Undefined index: instrumentid1 D:\desktop\App\data.test\User\Runtime\Cache\Home\281d6139b43850b4ede9efc58c195441.php 第 205 行.
NOTIC: [8] Undefined index: instrumentinfo1 D:\desktop\App\data.test\User\Runtime\Cache\Home\281d6139b43850b4ede9efc58c195441.php 第 212 行.
NOTIC: [8] Undefined index: data1 D:\desktop\App\data.test\User\Runtime\Cache\Home\281d6139b43850b4ede9efc58c195441.php 第 226 行.
NOTIC: [8] Undefined index: instrumentinfo1 D:\desktop\App\data.test\User\Runtime\Cache\Home\281d6139b43850b4ede9efc58c195441.php 第 237 行.
NOTIC: [8] Undefined index: data1 D:\desktop\App\data.test\User\Runtime\Cache\Home\281d6139b43850b4ede9efc58c195441.php 第 247 行.
INFO: Run Behavior\ParseTemplateBehavior [ RunTime:0.051973s ]
INFO: [ view_parse ] --END-- [ RunTime:0.052104s ]
INFO: [ view_filter ] --START--
INFO: Run Behavior\WriteHtmlCacheBehavior [ RunTime:0.001038s ]
INFO: [ view_filter ] --END-- [ RunTime:0.001126s ]
INFO: [ app_end ] --START--
INFO: Run Behavior\ShowPageTraceBehavior [ RunTime:0.004181s ]
INFO: [ app_end ] --END-- [ RunTime:0.004416s ]

