[ 2016-10-19T11:17:20+08:00 ] 127.0.0.1 /user.php/data/data?instrumentid=1
INFO: [ app_init ] --START--
INFO: Run Behavior\BuildLiteBehavior [ RunTime:0.000051s ]
INFO: [ app_init ] --END-- [ RunTime:0.032560s ]
INFO: [ app_begin ] --START--
INFO: Run Behavior\ReadHtmlCacheBehavior [ RunTime:0.015654s ]
INFO: [ app_begin ] --END-- [ RunTime:0.015749s ]

[ 2016-10-19T11:17:20+08:00 ] 127.0.0.1 /user.php/login/login.html
INFO: [ app_init ] --START--
INFO: Run Behavior\BuildLiteBehavior [ RunTime:0.000016s ]
INFO: [ app_init ] --END-- [ RunTime:0.000461s ]
INFO: [ app_begin ] --START--
INFO: Run Behavior\ReadHtmlCacheBehavior [ RunTime:0.000625s ]
INFO: [ app_begin ] --END-- [ RunTime:0.000707s ]
INFO: [ view_parse ] --START--
INFO: [ template_filter ] --START--
INFO: Run Behavior\ContentReplaceBehavior [ RunTime:0.022738s ]
INFO: [ template_filter ] --END-- [ RunTime:0.022880s ]
INFO: Run Behavior\ParseTemplateBehavior [ RunTime:0.090239s ]
INFO: [ view_parse ] --END-- [ RunTime:0.090323s ]
INFO: [ view_filter ] --START--
INFO: Run Behavior\WriteHtmlCacheBehavior [ RunTime:0.014426s ]
INFO: [ view_filter ] --END-- [ RunTime:0.014510s ]
INFO: [ app_end ] --START--
INFO: Run Behavior\ShowPageTraceBehavior [ RunTime:0.009705s ]
INFO: [ app_end ] --END-- [ RunTime:0.009826s ]

[ 2016-10-19T11:17:26+08:00 ] 127.0.0.1 /user.php/login/checklogin.html
INFO: [ app_init ] --START--
INFO: Run Behavior\BuildLiteBehavior [ RunTime:0.000030s ]
INFO: [ app_init ] --END-- [ RunTime:0.000717s ]
INFO: [ app_begin ] --START--
INFO: Run Behavior\ReadHtmlCacheBehavior [ RunTime:0.000856s ]
INFO: [ app_begin ] --END-- [ RunTime:0.000979s ]
NOTIC: [8] Undefined index: setcookie D:\desktop\App\data.test\User\Home\Controller\LoginController.class.php 第 11 行.
SQL: SHOW COLUMNS FROM `user` [ RunTime:0.0203s ]
SQL: SELECT * FROM `user` WHERE ( username='clever' ) LIMIT 1   [ RunTime:0.0144s ]

[ 2016-10-19T11:17:26+08:00 ] 127.0.0.1 /user.php/user/user.html
INFO: [ app_init ] --START--
INFO: Run Behavior\BuildLiteBehavior [ RunTime:0.000018s ]
INFO: [ app_init ] --END-- [ RunTime:0.000445s ]
INFO: [ app_begin ] --START--
INFO: Run Behavior\ReadHtmlCacheBehavior [ RunTime:0.000677s ]
INFO: [ app_begin ] --END-- [ RunTime:0.000747s ]
INFO: [ view_parse ] --START--
INFO: [ template_filter ] --START--
INFO: Run Behavior\ContentReplaceBehavior [ RunTime:0.000105s ]
INFO: [ template_filter ] --END-- [ RunTime:0.000205s ]
INFO: Run Behavior\ParseTemplateBehavior [ RunTime:0.025390s ]
INFO: [ view_parse ] --END-- [ RunTime:0.025472s ]
INFO: [ view_filter ] --START--
INFO: Run Behavior\WriteHtmlCacheBehavior [ RunTime:0.000317s ]
INFO: [ view_filter ] --END-- [ RunTime:0.000369s ]
INFO: [ app_end ] --START--
INFO: Run Behavior\ShowPageTraceBehavior [ RunTime:0.000588s ]
INFO: [ app_end ] --END-- [ RunTime:0.000647s ]

[ 2016-10-19T11:17:28+08:00 ] 127.0.0.1 /user.php/userindex/userindex.html
INFO: [ app_init ] --START--
INFO: Run Behavior\BuildLiteBehavior [ RunTime:0.000026s ]
INFO: [ app_init ] --END-- [ RunTime:0.000675s ]
INFO: [ app_begin ] --START--
INFO: Run Behavior\ReadHtmlCacheBehavior [ RunTime:0.000836s ]
INFO: [ app_begin ] --END-- [ RunTime:0.000948s ]
SQL: SHOW COLUMNS FROM `camera` [ RunTime:0.0190s ]
SQL: SELECT * FROM `camera` WHERE ( userid='clever' )  [ RunTime:0.0189s ]
INFO: [ view_parse ] --START--
INFO: [ template_filter ] --START--
INFO: Run Behavior\ContentReplaceBehavior [ RunTime:0.000212s ]
INFO: [ template_filter ] --END-- [ RunTime:0.000331s ]
NOTIC: [8] Undefined index: cameraid1 D:\desktop\App\data.test\User\Runtime\Cache\Home\71cf6b81dd44fc4c49d214267fed8e89.php 第 98 行.
NOTIC: [8] Undefined index: cameraname1 D:\desktop\App\data.test\User\Runtime\Cache\Home\71cf6b81dd44fc4c49d214267fed8e89.php 第 98 行.
NOTIC: [8] Undefined index: cameraid2 D:\desktop\App\data.test\User\Runtime\Cache\Home\71cf6b81dd44fc4c49d214267fed8e89.php 第 103 行.
NOTIC: [8] Undefined index: cameraname2 D:\desktop\App\data.test\User\Runtime\Cache\Home\71cf6b81dd44fc4c49d214267fed8e89.php 第 103 行.
NOTIC: [8] Undefined index: cameraid3 D:\desktop\App\data.test\User\Runtime\Cache\Home\71cf6b81dd44fc4c49d214267fed8e89.php 第 108 行.
NOTIC: [8] Undefined index: cameraname3 D:\desktop\App\data.test\User\Runtime\Cache\Home\71cf6b81dd44fc4c49d214267fed8e89.php 第 108 行.
INFO: Run Behavior\ParseTemplateBehavior [ RunTime:0.064916s ]
INFO: [ view_parse ] --END-- [ RunTime:0.065023s ]
INFO: [ view_filter ] --START--
INFO: Run Behavior\WriteHtmlCacheBehavior [ RunTime:0.000459s ]
INFO: [ view_filter ] --END-- [ RunTime:0.000535s ]
INFO: [ app_end ] --START--
INFO: Run Behavior\ShowPageTraceBehavior [ RunTime:0.001027s ]
INFO: [ app_end ] --END-- [ RunTime:0.001175s ]

[ 2016-10-19T11:17:42+08:00 ] 127.0.0.1 /user.php/data/data?instrumentid=1
INFO: [ app_init ] --START--
INFO: Run Behavior\BuildLiteBehavior [ RunTime:0.000021s ]
INFO: [ app_init ] --END-- [ RunTime:0.000609s ]
INFO: [ app_begin ] --START--
INFO: Run Behavior\ReadHtmlCacheBehavior [ RunTime:0.000644s ]
INFO: [ app_begin ] --END-- [ RunTime:0.000730s ]
SQL: SHOW COLUMNS FROM `data` [ RunTime:0.0456s ]
SQL: SELECT `datatime`,`data` FROM `data` WHERE ( instrumentid='1' ) LIMIT 30   [ RunTime:0.0009s ]
SQL: SHOW COLUMNS FROM `instrument` [ RunTime:0.0228s ]
SQL: SELECT `instrumentinfo`,`cameraid`,`instrumentid` FROM `instrument` WHERE ( instrumentid='1' ) LIMIT 1   [ RunTime:0.0181s ]
SQL: SHOW COLUMNS FROM `camera` [ RunTime:0.0035s ]
SQL: SELECT `cameraname` FROM `camera` WHERE ( cameraid='1' ) LIMIT 1   [ RunTime:0.0003s ]
SQL: SELECT `cameraname`,`cameraid` FROM `camera` WHERE ( userid='clever' )  [ RunTime:0.0003s ]
INFO: [ view_parse ] --START--
INFO: [ template_filter ] --START--
INFO: Run Behavior\ContentReplaceBehavior [ RunTime:0.000103s ]
INFO: [ template_filter ] --END-- [ RunTime:0.000180s ]
INFO: Run Behavior\ParseTemplateBehavior [ RunTime:0.011817s ]
INFO: [ view_parse ] --END-- [ RunTime:0.011906s ]
INFO: [ view_filter ] --START--
INFO: Run Behavior\WriteHtmlCacheBehavior [ RunTime:0.000282s ]
INFO: [ view_filter ] --END-- [ RunTime:0.000328s ]
INFO: [ app_end ] --START--
INFO: Run Behavior\ShowPageTraceBehavior [ RunTime:0.000837s ]
INFO: [ app_end ] --END-- [ RunTime:0.000915s ]

[ 2016-10-19T11:18:05+08:00 ] 127.0.0.1 /user.php/camera/camera/cameraid/1.html
INFO: [ app_init ] --START--
INFO: Run Behavior\BuildLiteBehavior [ RunTime:0.000017s ]
INFO: [ app_init ] --END-- [ RunTime:0.000458s ]
INFO: [ app_begin ] --START--
INFO: Run Behavior\ReadHtmlCacheBehavior [ RunTime:0.000630s ]
INFO: [ app_begin ] --END-- [ RunTime:0.000708s ]
SQL: SHOW COLUMNS FROM `camera` [ RunTime:0.0038s ]
SQL: SELECT * FROM `camera` WHERE ( cameraid='1' ) LIMIT 1   [ RunTime:0.0005s ]
SQL: SELECT * FROM `camera` WHERE ( cameraid='1' ) LIMIT 1   [ RunTime:0.0003s ]
SQL: SELECT `cameraname`,`cameraid` FROM `camera` WHERE ( userid='clever' )  [ RunTime:0.0003s ]
SQL: SHOW COLUMNS FROM `instrument` [ RunTime:0.0033s ]
SQL: SELECT `instrumentid`,`instrumentinfo` FROM `instrument` WHERE ( cameraid='1' )  [ RunTime:0.0091s ]
SQL: SHOW COLUMNS FROM `data` [ RunTime:0.0030s ]
SQL: SELECT `data`,`datatime` FROM `data` WHERE ( instrumentid='1' ) ORDER BY datatime desc LIMIT 15   [ RunTime:0.0004s ]
SQL: SELECT `data`,`datatime` FROM `data` WHERE ( instrumentid='5' ) ORDER BY datatime desc LIMIT 15   [ RunTime:0.0003s ]
SQL: SELECT `data`,`datatime` FROM `data` WHERE ( instrumentid='9' ) ORDER BY datatime desc LIMIT 15   [ RunTime:0.0003s ]
SQL: SELECT `data`,`datatime` FROM `data` WHERE ( instrumentid='13' ) ORDER BY datatime desc LIMIT 15   [ RunTime:0.0003s ]
INFO: [ view_parse ] --START--
NOTIC: [8] Undefined index: value D:\desktop\App\data.test\ThinkPHP\Library\Think\Template\TagLib\Cx.class.php 第 251 行.
INFO: [ template_filter ] --START--
INFO: Run Behavior\ContentReplaceBehavior [ RunTime:0.000141s ]
INFO: [ template_filter ] --END-- [ RunTime:0.000226s ]
NOTIC: [8] Undefined index: instrumentid0 D:\desktop\App\data.test\User\Runtime\Cache\Home\281d6139b43850b4ede9efc58c195441.php 第 153 行.
NOTIC: [8] Undefined index: instrumentinfo0 D:\desktop\App\data.test\User\Runtime\Cache\Home\281d6139b43850b4ede9efc58c195441.php 第 160 行.
NOTIC: [8] Undefined index: data0 D:\desktop\App\data.test\User\Runtime\Cache\Home\281d6139b43850b4ede9efc58c195441.php 第 174 行.
NOTIC: [8] Undefined index: instrumentinfo0 D:\desktop\App\data.test\User\Runtime\Cache\Home\281d6139b43850b4ede9efc58c195441.php 第 186 行.
NOTIC: [8] Undefined index: data0 D:\desktop\App\data.test\User\Runtime\Cache\Home\281d6139b43850b4ede9efc58c195441.php 第 191 行.
NOTIC: [8] Undefined index: instrumentid1 D:\desktop\App\data.test\User\Runtime\Cache\Home\281d6139b43850b4ede9efc58c195441.php 第 203 行.
NOTIC: [8] Undefined index: instrumentinfo1 D:\desktop\App\data.test\User\Runtime\Cache\Home\281d6139b43850b4ede9efc58c195441.php 第 210 行.
NOTIC: [8] Undefined index: data1 D:\desktop\App\data.test\User\Runtime\Cache\Home\281d6139b43850b4ede9efc58c195441.php 第 224 行.
NOTIC: [8] Undefined index: instrumentinfo1 D:\desktop\App\data.test\User\Runtime\Cache\Home\281d6139b43850b4ede9efc58c195441.php 第 236 行.
NOTIC: [8] Undefined index: data1 D:\desktop\App\data.test\User\Runtime\Cache\Home\281d6139b43850b4ede9efc58c195441.php 第 246 行.
INFO: Run Behavior\ParseTemplateBehavior [ RunTime:0.052708s ]
INFO: [ view_parse ] --END-- [ RunTime:0.052903s ]
INFO: [ view_filter ] --START--
INFO: Run Behavior\WriteHtmlCacheBehavior [ RunTime:0.001359s ]
INFO: [ view_filter ] --END-- [ RunTime:0.001599s ]
INFO: [ app_end ] --START--
INFO: Run Behavior\ShowPageTraceBehavior [ RunTime:0.001156s ]
INFO: [ app_end ] --END-- [ RunTime:0.001266s ]

[ 2016-10-19T11:18:09+08:00 ] 127.0.0.1 /user.php/data/data/instrumentid/1.html
INFO: [ app_init ] --START--
INFO: Run Behavior\BuildLiteBehavior [ RunTime:0.000016s ]
INFO: [ app_init ] --END-- [ RunTime:0.000434s ]
INFO: [ app_begin ] --START--
INFO: Run Behavior\ReadHtmlCacheBehavior [ RunTime:0.000567s ]
INFO: [ app_begin ] --END-- [ RunTime:0.000639s ]
SQL: SHOW COLUMNS FROM `data` [ RunTime:0.0047s ]
SQL: SELECT `datatime`,`data` FROM `data` WHERE ( instrumentid='1' ) LIMIT 30   [ RunTime:0.0007s ]
SQL: SHOW COLUMNS FROM `instrument` [ RunTime:0.0071s ]
SQL: SELECT `instrumentinfo`,`cameraid`,`instrumentid` FROM `instrument` WHERE ( instrumentid='1' ) LIMIT 1   [ RunTime:0.0006s ]
SQL: SHOW COLUMNS FROM `camera` [ RunTime:0.0038s ]
SQL: SELECT `cameraname` FROM `camera` WHERE ( cameraid='1' ) LIMIT 1   [ RunTime:0.0003s ]
SQL: SELECT `cameraname`,`cameraid` FROM `camera` WHERE ( userid='clever' )  [ RunTime:0.0003s ]
INFO: [ view_parse ] --START--
INFO: [ template_filter ] --START--
INFO: Run Behavior\ContentReplaceBehavior [ RunTime:0.000106s ]
INFO: [ template_filter ] --END-- [ RunTime:0.000171s ]
INFO: Run Behavior\ParseTemplateBehavior [ RunTime:0.011930s ]
INFO: [ view_parse ] --END-- [ RunTime:0.011999s ]
INFO: [ view_filter ] --START--
INFO: Run Behavior\WriteHtmlCacheBehavior [ RunTime:0.000287s ]
INFO: [ view_filter ] --END-- [ RunTime:0.000335s ]
INFO: [ app_end ] --START--
INFO: Run Behavior\ShowPageTraceBehavior [ RunTime:0.000914s ]
INFO: [ app_end ] --END-- [ RunTime:0.001019s ]

[ 2016-10-19T11:18:15+08:00 ] 127.0.0.1 /user.php/data/data/instrumentid/5.html
INFO: [ app_init ] --START--
INFO: Run Behavior\BuildLiteBehavior [ RunTime:0.000026s ]
INFO: [ app_init ] --END-- [ RunTime:0.000722s ]
INFO: [ app_begin ] --START--
INFO: Run Behavior\ReadHtmlCacheBehavior [ RunTime:0.000863s ]
INFO: [ app_begin ] --END-- [ RunTime:0.000971s ]
SQL: SHOW COLUMNS FROM `data` [ RunTime:0.0072s ]
SQL: SELECT `datatime`,`data` FROM `data` WHERE ( instrumentid='5' ) LIMIT 30   [ RunTime:0.0018s ]
SQL: SHOW COLUMNS FROM `instrument` [ RunTime:0.0067s ]
SQL: SELECT `instrumentinfo`,`cameraid`,`instrumentid` FROM `instrument` WHERE ( instrumentid='5' ) LIMIT 1   [ RunTime:0.0005s ]
SQL: SHOW COLUMNS FROM `camera` [ RunTime:0.0058s ]
SQL: SELECT `cameraname` FROM `camera` WHERE ( cameraid='1' ) LIMIT 1   [ RunTime:0.0020s ]
SQL: SELECT `cameraname`,`cameraid` FROM `camera` WHERE ( userid='clever' )  [ RunTime:0.0020s ]
INFO: [ view_parse ] --START--
INFO: [ template_filter ] --START--
INFO: Run Behavior\ContentReplaceBehavior [ RunTime:0.000522s ]
INFO: [ template_filter ] --END-- [ RunTime:0.000925s ]
INFO: Run Behavior\ParseTemplateBehavior [ RunTime:0.022581s ]
INFO: [ view_parse ] --END-- [ RunTime:0.022792s ]
INFO: [ view_filter ] --START--
INFO: Run Behavior\WriteHtmlCacheBehavior [ RunTime:0.000554s ]
INFO: [ view_filter ] --END-- [ RunTime:0.000634s ]
INFO: [ app_end ] --START--
INFO: Run Behavior\ShowPageTraceBehavior [ RunTime:0.000954s ]
INFO: [ app_end ] --END-- [ RunTime:0.001087s ]

[ 2016-10-19T11:18:22+08:00 ] 127.0.0.1 /user.php/data/showinstrument
INFO: [ app_init ] --START--
INFO: Run Behavior\BuildLiteBehavior [ RunTime:0.000028s ]
INFO: [ app_init ] --END-- [ RunTime:0.000888s ]
INFO: [ app_begin ] --START--
INFO: Run Behavior\ReadHtmlCacheBehavior [ RunTime:0.001362s ]
INFO: [ app_begin ] --END-- [ RunTime:0.001508s ]
SQL: SHOW COLUMNS FROM `instrument` [ RunTime:0.0084s ]
SQL: SELECT `instrumentid`,`instrumentinfo` FROM `instrument` WHERE ( cameraid='1' )  [ RunTime:0.0011s ]
INFO: [ app_end ] --START--
INFO: Run Behavior\ShowPageTraceBehavior [ RunTime:0.002781s ]
INFO: [ app_end ] --END-- [ RunTime:0.003161s ]

[ 2016-10-19T11:18:24+08:00 ] 127.0.0.1 /user.php/data/adddata
INFO: [ app_init ] --START--
INFO: Run Behavior\BuildLiteBehavior [ RunTime:0.000045s ]
INFO: [ app_init ] --END-- [ RunTime:0.000758s ]
INFO: [ app_begin ] --START--
INFO: Run Behavior\ReadHtmlCacheBehavior [ RunTime:0.000920s ]
INFO: [ app_begin ] --END-- [ RunTime:0.001053s ]
SQL: SHOW COLUMNS FROM `data` [ RunTime:0.0072s ]
SQL: SELECT `data` FROM `data` WHERE ( instrumentid='1' ) LIMIT 30   [ RunTime:0.0006s ]
SQL: SHOW COLUMNS FROM `instrument` [ RunTime:0.0054s ]
SQL: SELECT `instrumentinfo` FROM `instrument` WHERE ( instrumentid='1' ) LIMIT 1   [ RunTime:0.0005s ]
INFO: [ app_end ] --START--
INFO: Run Behavior\ShowPageTraceBehavior [ RunTime:0.000998s ]
INFO: [ app_end ] --END-- [ RunTime:0.001096s ]

[ 2016-10-19T11:18:30+08:00 ] 127.0.0.1 /user.php/data/adddata
INFO: [ app_init ] --START--
INFO: Run Behavior\BuildLiteBehavior [ RunTime:0.000029s ]
INFO: [ app_init ] --END-- [ RunTime:0.000673s ]
INFO: [ app_begin ] --START--
INFO: Run Behavior\ReadHtmlCacheBehavior [ RunTime:0.000897s ]
INFO: [ app_begin ] --END-- [ RunTime:0.001024s ]
SQL: SHOW COLUMNS FROM `data` [ RunTime:0.0053s ]
SQL: SELECT `data` FROM `data` WHERE ( instrumentid='1' ) LIMIT 30   [ RunTime:0.0007s ]
SQL: SHOW COLUMNS FROM `instrument` [ RunTime:0.0130s ]
SQL: SELECT `instrumentinfo` FROM `instrument` WHERE ( instrumentid='1' ) LIMIT 1   [ RunTime:0.0005s ]
INFO: [ app_end ] --START--
INFO: Run Behavior\ShowPageTraceBehavior [ RunTime:0.001164s ]
INFO: [ app_end ] --END-- [ RunTime:0.001280s ]

[ 2016-10-19T11:18:42+08:00 ] 127.0.0.1 /user.php/user/user.html
INFO: [ app_init ] --START--
INFO: Run Behavior\BuildLiteBehavior [ RunTime:0.000017s ]
INFO: [ app_init ] --END-- [ RunTime:0.000519s ]
INFO: [ app_begin ] --START--
INFO: Run Behavior\ReadHtmlCacheBehavior [ RunTime:0.001121s ]
INFO: [ app_begin ] --END-- [ RunTime:0.001219s ]
INFO: [ view_parse ] --START--
INFO: [ template_filter ] --START--
INFO: Run Behavior\ContentReplaceBehavior [ RunTime:0.000076s ]
INFO: [ template_filter ] --END-- [ RunTime:0.000143s ]
INFO: Run Behavior\ParseTemplateBehavior [ RunTime:0.009599s ]
INFO: [ view_parse ] --END-- [ RunTime:0.009674s ]
INFO: [ view_filter ] --START--
INFO: Run Behavior\WriteHtmlCacheBehavior [ RunTime:0.000454s ]
INFO: [ view_filter ] --END-- [ RunTime:0.000508s ]
INFO: [ app_end ] --START--
INFO: Run Behavior\ShowPageTraceBehavior [ RunTime:0.000684s ]
INFO: [ app_end ] --END-- [ RunTime:0.000741s ]

[ 2016-10-19T11:18:43+08:00 ] 127.0.0.1 /user.php/userindex/userindex.html
INFO: [ app_init ] --START--
INFO: Run Behavior\BuildLiteBehavior [ RunTime:0.000017s ]
INFO: [ app_init ] --END-- [ RunTime:0.000462s ]
INFO: [ app_begin ] --START--
INFO: Run Behavior\ReadHtmlCacheBehavior [ RunTime:0.000670s ]
INFO: [ app_begin ] --END-- [ RunTime:0.000763s ]
SQL: SHOW COLUMNS FROM `camera` [ RunTime:0.0031s ]
SQL: SELECT * FROM `camera` WHERE ( userid='clever' )  [ RunTime:0.0004s ]
INFO: [ view_parse ] --START--
INFO: [ template_filter ] --START--
INFO: Run Behavior\ContentReplaceBehavior [ RunTime:0.000123s ]
INFO: [ template_filter ] --END-- [ RunTime:0.000188s ]
NOTIC: [8] Undefined index: cameraid1 D:\desktop\App\data.test\User\Runtime\Cache\Home\71cf6b81dd44fc4c49d214267fed8e89.php 第 98 行.
NOTIC: [8] Undefined index: cameraname1 D:\desktop\App\data.test\User\Runtime\Cache\Home\71cf6b81dd44fc4c49d214267fed8e89.php 第 98 行.
NOTIC: [8] Undefined index: cameraid2 D:\desktop\App\data.test\User\Runtime\Cache\Home\71cf6b81dd44fc4c49d214267fed8e89.php 第 103 行.
NOTIC: [8] Undefined index: cameraname2 D:\desktop\App\data.test\User\Runtime\Cache\Home\71cf6b81dd44fc4c49d214267fed8e89.php 第 103 行.
NOTIC: [8] Undefined index: cameraid3 D:\desktop\App\data.test\User\Runtime\Cache\Home\71cf6b81dd44fc4c49d214267fed8e89.php 第 108 行.
NOTIC: [8] Undefined index: cameraname3 D:\desktop\App\data.test\User\Runtime\Cache\Home\71cf6b81dd44fc4c49d214267fed8e89.php 第 108 行.
INFO: Run Behavior\ParseTemplateBehavior [ RunTime:0.012625s ]
INFO: [ view_parse ] --END-- [ RunTime:0.012691s ]
INFO: [ view_filter ] --START--
INFO: Run Behavior\WriteHtmlCacheBehavior [ RunTime:0.000312s ]
INFO: [ view_filter ] --END-- [ RunTime:0.000360s ]
INFO: [ app_end ] --START--
INFO: Run Behavior\ShowPageTraceBehavior [ RunTime:0.000928s ]
INFO: [ app_end ] --END-- [ RunTime:0.001028s ]

[ 2016-10-19T11:18:54+08:00 ] 127.0.0.1 /user.php/data/data?instrumentid=2
INFO: [ app_init ] --START--
INFO: Run Behavior\BuildLiteBehavior [ RunTime:0.000025s ]
INFO: [ app_init ] --END-- [ RunTime:0.000801s ]
INFO: [ app_begin ] --START--
INFO: Run Behavior\ReadHtmlCacheBehavior [ RunTime:0.001415s ]
INFO: [ app_begin ] --END-- [ RunTime:0.001544s ]
SQL: SHOW COLUMNS FROM `data` [ RunTime:0.0070s ]
SQL: SELECT `datatime`,`data` FROM `data` WHERE ( instrumentid='2' ) LIMIT 30   [ RunTime:0.0007s ]
SQL: SHOW COLUMNS FROM `instrument` [ RunTime:0.0053s ]
SQL: SELECT `instrumentinfo`,`cameraid`,`instrumentid` FROM `instrument` WHERE ( instrumentid='2' ) LIMIT 1   [ RunTime:0.0005s ]
SQL: SHOW COLUMNS FROM `camera` [ RunTime:0.0063s ]
SQL: SELECT `cameraname` FROM `camera` WHERE ( cameraid='2' ) LIMIT 1   [ RunTime:0.0005s ]
SQL: SELECT `cameraname`,`cameraid` FROM `camera` WHERE ( userid='clever' )  [ RunTime:0.0005s ]
INFO: [ view_parse ] --START--
INFO: [ template_filter ] --START--
INFO: Run Behavior\ContentReplaceBehavior [ RunTime:0.000214s ]
INFO: [ template_filter ] --END-- [ RunTime:0.000346s ]
INFO: Run Behavior\ParseTemplateBehavior [ RunTime:0.021418s ]
INFO: [ view_parse ] --END-- [ RunTime:0.021553s ]
INFO: [ view_filter ] --START--
INFO: Run Behavior\WriteHtmlCacheBehavior [ RunTime:0.000677s ]
INFO: [ view_filter ] --END-- [ RunTime:0.000762s ]
INFO: [ app_end ] --START--
INFO: Run Behavior\ShowPageTraceBehavior [ RunTime:0.001592s ]
INFO: [ app_end ] --END-- [ RunTime:0.001733s ]

[ 2016-10-19T11:19:07+08:00 ] 127.0.0.1 /user.php/data/data?instrumentid=5
INFO: [ app_init ] --START--
INFO: Run Behavior\BuildLiteBehavior [ RunTime:0.000029s ]
INFO: [ app_init ] --END-- [ RunTime:0.000794s ]
INFO: [ app_begin ] --START--
INFO: Run Behavior\ReadHtmlCacheBehavior [ RunTime:0.000825s ]
INFO: [ app_begin ] --END-- [ RunTime:0.000944s ]
SQL: SHOW COLUMNS FROM `data` [ RunTime:0.0061s ]
SQL: SELECT `datatime`,`data` FROM `data` WHERE ( instrumentid='5' ) LIMIT 30   [ RunTime:0.0005s ]
SQL: SHOW COLUMNS FROM `instrument` [ RunTime:0.0053s ]
SQL: SELECT `instrumentinfo`,`cameraid`,`instrumentid` FROM `instrument` WHERE ( instrumentid='5' ) LIMIT 1   [ RunTime:0.0005s ]
SQL: SHOW COLUMNS FROM `camera` [ RunTime:0.0051s ]
SQL: SELECT `cameraname` FROM `camera` WHERE ( cameraid='1' ) LIMIT 1   [ RunTime:0.0004s ]
SQL: SELECT `cameraname`,`cameraid` FROM `camera` WHERE ( userid='clever' )  [ RunTime:0.0005s ]
INFO: [ view_parse ] --START--
INFO: [ template_filter ] --START--
INFO: Run Behavior\ContentReplaceBehavior [ RunTime:0.000172s ]
INFO: [ template_filter ] --END-- [ RunTime:0.000277s ]
INFO: Run Behavior\ParseTemplateBehavior [ RunTime:0.021394s ]
INFO: [ view_parse ] --END-- [ RunTime:0.021597s ]
INFO: [ view_filter ] --START--
INFO: Run Behavior\WriteHtmlCacheBehavior [ RunTime:0.000442s ]
INFO: [ view_filter ] --END-- [ RunTime:0.000515s ]
INFO: [ app_end ] --START--
INFO: Run Behavior\ShowPageTraceBehavior [ RunTime:0.001181s ]
INFO: [ app_end ] --END-- [ RunTime:0.001319s ]

[ 2016-10-19T11:19:24+08:00 ] 127.0.0.1 /user.php/data/showinstrument
INFO: [ app_init ] --START--
INFO: Run Behavior\BuildLiteBehavior [ RunTime:0.000026s ]
INFO: [ app_init ] --END-- [ RunTime:0.000660s ]
INFO: [ app_begin ] --START--
INFO: Run Behavior\ReadHtmlCacheBehavior [ RunTime:0.001053s ]
INFO: [ app_begin ] --END-- [ RunTime:0.001178s ]
SQL: SHOW COLUMNS FROM `instrument` [ RunTime:0.0066s ]
SQL: SELECT `instrumentid`,`instrumentinfo` FROM `instrument` WHERE ( cameraid='1' )  [ RunTime:0.0007s ]
INFO: [ app_end ] --START--
INFO: Run Behavior\ShowPageTraceBehavior [ RunTime:0.001100s ]
INFO: [ app_end ] --END-- [ RunTime:0.001204s ]

[ 2016-10-19T11:19:29+08:00 ] 127.0.0.1 /user.php/data/adddata
INFO: [ app_init ] --START--
INFO: Run Behavior\BuildLiteBehavior [ RunTime:0.000026s ]
INFO: [ app_init ] --END-- [ RunTime:0.000665s ]
INFO: [ app_begin ] --START--
INFO: Run Behavior\ReadHtmlCacheBehavior [ RunTime:0.000864s ]
INFO: [ app_begin ] --END-- [ RunTime:0.000973s ]
SQL: SHOW COLUMNS FROM `data` [ RunTime:0.0061s ]
SQL: SELECT `data` FROM `data` WHERE ( instrumentid='1' ) LIMIT 30   [ RunTime:0.0007s ]
SQL: SHOW COLUMNS FROM `instrument` [ RunTime:0.0066s ]
SQL: SELECT `instrumentinfo` FROM `instrument` WHERE ( instrumentid='1' ) LIMIT 1   [ RunTime:0.0006s ]
INFO: [ app_end ] --START--
INFO: Run Behavior\ShowPageTraceBehavior [ RunTime:0.001135s ]
INFO: [ app_end ] --END-- [ RunTime:0.001258s ]

[ 2016-10-19T11:20:34+08:00 ] 127.0.0.1 /user.php/data/data?instrumentid=1
INFO: [ app_init ] --START--
INFO: Run Behavior\BuildLiteBehavior [ RunTime:0.000017s ]
INFO: [ app_init ] --END-- [ RunTime:0.000454s ]
INFO: [ app_begin ] --START--
INFO: Run Behavior\ReadHtmlCacheBehavior [ RunTime:0.000764s ]
INFO: [ app_begin ] --END-- [ RunTime:0.000856s ]
SQL: SHOW COLUMNS FROM `data` [ RunTime:0.0039s ]
SQL: SELECT `datatime`,`data` FROM `data` WHERE ( instrumentid='1' ) LIMIT 30   [ RunTime:0.0006s ]
SQL: SHOW COLUMNS FROM `instrument` [ RunTime:0.0055s ]
SQL: SELECT `instrumentinfo`,`cameraid`,`instrumentid` FROM `instrument` WHERE ( instrumentid='1' ) LIMIT 1   [ RunTime:0.0006s ]
SQL: SHOW COLUMNS FROM `camera` [ RunTime:0.0049s ]
SQL: SELECT `cameraname` FROM `camera` WHERE ( cameraid='1' ) LIMIT 1   [ RunTime:0.0004s ]
SQL: SELECT `cameraname`,`cameraid` FROM `camera` WHERE ( userid='clever' )  [ RunTime:0.0005s ]
INFO: [ view_parse ] --START--
INFO: [ template_filter ] --START--
INFO: Run Behavior\ContentReplaceBehavior [ RunTime:0.000123s ]
INFO: [ template_filter ] --END-- [ RunTime:0.000198s ]
INFO: Run Behavior\ParseTemplateBehavior [ RunTime:0.016962s ]
INFO: [ view_parse ] --END-- [ RunTime:0.017055s ]
INFO: [ view_filter ] --START--
INFO: Run Behavior\WriteHtmlCacheBehavior [ RunTime:0.000346s ]
INFO: [ view_filter ] --END-- [ RunTime:0.000399s ]
INFO: [ app_end ] --START--
INFO: Run Behavior\ShowPageTraceBehavior [ RunTime:0.000930s ]
INFO: [ app_end ] --END-- [ RunTime:0.001036s ]

[ 2016-10-19T11:20:41+08:00 ] 127.0.0.1 /user.php/data/showinstrument
INFO: [ app_init ] --START--
INFO: Run Behavior\BuildLiteBehavior [ RunTime:0.000021s ]
INFO: [ app_init ] --END-- [ RunTime:0.000454s ]
INFO: [ app_begin ] --START--
INFO: Run Behavior\ReadHtmlCacheBehavior [ RunTime:0.001670s ]
INFO: [ app_begin ] --END-- [ RunTime:0.002097s ]
SQL: SHOW COLUMNS FROM `instrument` [ RunTime:0.0069s ]
SQL: SELECT `instrumentid`,`instrumentinfo` FROM `instrument` WHERE ( cameraid='2' )  [ RunTime:0.0007s ]
INFO: [ app_end ] --START--
INFO: Run Behavior\ShowPageTraceBehavior [ RunTime:0.000815s ]
INFO: [ app_end ] --END-- [ RunTime:0.000892s ]

[ 2016-10-19T11:20:43+08:00 ] 127.0.0.1 /user.php/data/adddata
INFO: [ app_init ] --START--
INFO: Run Behavior\BuildLiteBehavior [ RunTime:0.000027s ]
INFO: [ app_init ] --END-- [ RunTime:0.001254s ]
INFO: [ app_begin ] --START--
INFO: Run Behavior\ReadHtmlCacheBehavior [ RunTime:0.000861s ]
INFO: [ app_begin ] --END-- [ RunTime:0.000969s ]
SQL: SHOW COLUMNS FROM `data` [ RunTime:0.0049s ]
SQL: SELECT `data` FROM `data` WHERE ( instrumentid='2' ) LIMIT 30   [ RunTime:0.0007s ]
SQL: SHOW COLUMNS FROM `instrument` [ RunTime:0.0056s ]
SQL: SELECT `instrumentinfo` FROM `instrument` WHERE ( instrumentid='2' ) LIMIT 1   [ RunTime:0.0007s ]
INFO: [ app_end ] --START--
INFO: Run Behavior\ShowPageTraceBehavior [ RunTime:0.000991s ]
INFO: [ app_end ] --END-- [ RunTime:0.001087s ]

[ 2016-10-19T11:21:47+08:00 ] 127.0.0.1 /user.php/data/data?instrumentid=1
INFO: [ app_init ] --START--
INFO: Run Behavior\BuildLiteBehavior [ RunTime:0.000016s ]
INFO: [ app_init ] --END-- [ RunTime:0.000495s ]
INFO: [ app_begin ] --START--
INFO: Run Behavior\ReadHtmlCacheBehavior [ RunTime:0.000728s ]
INFO: [ app_begin ] --END-- [ RunTime:0.000797s ]
SQL: SHOW COLUMNS FROM `data` [ RunTime:0.0031s ]
SQL: SELECT `datatime`,`data` FROM `data` WHERE ( instrumentid='1' ) LIMIT 30   [ RunTime:0.0005s ]
SQL: SHOW COLUMNS FROM `instrument` [ RunTime:0.0034s ]
SQL: SELECT `instrumentinfo`,`cameraid`,`instrumentid` FROM `instrument` WHERE ( instrumentid='1' ) LIMIT 1   [ RunTime:0.0004s ]
SQL: SHOW COLUMNS FROM `camera` [ RunTime:0.0033s ]
SQL: SELECT `cameraname` FROM `camera` WHERE ( cameraid='1' ) LIMIT 1   [ RunTime:0.0003s ]
SQL: SELECT `cameraname`,`cameraid` FROM `camera` WHERE ( userid='clever' )  [ RunTime:0.0003s ]
INFO: [ view_parse ] --START--
INFO: [ template_filter ] --START--
INFO: Run Behavior\ContentReplaceBehavior [ RunTime:0.000099s ]
INFO: [ template_filter ] --END-- [ RunTime:0.000160s ]
INFO: Run Behavior\ParseTemplateBehavior [ RunTime:0.012501s ]
INFO: [ view_parse ] --END-- [ RunTime:0.012587s ]
INFO: [ view_filter ] --START--
INFO: Run Behavior\WriteHtmlCacheBehavior [ RunTime:0.000471s ]
INFO: [ view_filter ] --END-- [ RunTime:0.000529s ]
INFO: [ app_end ] --START--
INFO: Run Behavior\ShowPageTraceBehavior [ RunTime:0.000889s ]
INFO: [ app_end ] --END-- [ RunTime:0.000967s ]

[ 2016-10-19T11:21:54+08:00 ] 127.0.0.1 /user.php/data/showinstrument
INFO: [ app_init ] --START--
INFO: Run Behavior\BuildLiteBehavior [ RunTime:0.000031s ]
INFO: [ app_init ] --END-- [ RunTime:0.000891s ]
INFO: [ app_begin ] --START--
INFO: Run Behavior\ReadHtmlCacheBehavior [ RunTime:0.001024s ]
INFO: [ app_begin ] --END-- [ RunTime:0.001121s ]
SQL: SHOW COLUMNS FROM `instrument` [ RunTime:0.0087s ]
SQL: SELECT `instrumentid`,`instrumentinfo` FROM `instrument` WHERE ( cameraid='2' )  [ RunTime:0.0005s ]
INFO: [ app_end ] --START--
INFO: Run Behavior\ShowPageTraceBehavior [ RunTime:0.001195s ]
INFO: [ app_end ] --END-- [ RunTime:0.001334s ]

[ 2016-10-19T11:21:56+08:00 ] 127.0.0.1 /user.php/data/adddata
INFO: [ app_init ] --START--
INFO: Run Behavior\BuildLiteBehavior [ RunTime:0.000030s ]
INFO: [ app_init ] --END-- [ RunTime:0.000718s ]
INFO: [ app_begin ] --START--
INFO: Run Behavior\ReadHtmlCacheBehavior [ RunTime:0.000976s ]
INFO: [ app_begin ] --END-- [ RunTime:0.001102s ]
SQL: SHOW COLUMNS FROM `data` [ RunTime:0.0065s ]
SQL: SELECT `data` FROM `data` WHERE ( instrumentid='2' ) LIMIT 30   [ RunTime:0.0006s ]
SQL: SHOW COLUMNS FROM `instrument` [ RunTime:0.0059s ]
SQL: SELECT `instrumentinfo` FROM `instrument` WHERE ( instrumentid='2' ) LIMIT 1   [ RunTime:0.0013s ]
INFO: [ app_end ] --START--
INFO: Run Behavior\ShowPageTraceBehavior [ RunTime:0.001749s ]
INFO: [ app_end ] --END-- [ RunTime:0.001889s ]

[ 2016-10-19T11:22:36+08:00 ] 127.0.0.1 /user.php/data/data?instrumentid=1
INFO: [ app_init ] --START--
INFO: Run Behavior\BuildLiteBehavior [ RunTime:0.000022s ]
INFO: [ app_init ] --END-- [ RunTime:0.000541s ]
INFO: [ app_begin ] --START--
INFO: Run Behavior\ReadHtmlCacheBehavior [ RunTime:0.000808s ]
INFO: [ app_begin ] --END-- [ RunTime:0.000931s ]
SQL: SHOW COLUMNS FROM `data` [ RunTime:0.0033s ]
SQL: SELECT `datatime`,`data` FROM `data` WHERE ( instrumentid='1' ) LIMIT 30   [ RunTime:0.0005s ]
SQL: SHOW COLUMNS FROM `instrument` [ RunTime:0.0043s ]
SQL: SELECT `instrumentinfo`,`cameraid`,`instrumentid` FROM `instrument` WHERE ( instrumentid='1' ) LIMIT 1   [ RunTime:0.0007s ]
SQL: SHOW COLUMNS FROM `camera` [ RunTime:0.0040s ]
SQL: SELECT `cameraname` FROM `camera` WHERE ( cameraid='1' ) LIMIT 1   [ RunTime:0.0004s ]
SQL: SELECT `cameraname`,`cameraid` FROM `camera` WHERE ( userid='clever' )  [ RunTime:0.0004s ]
INFO: [ view_parse ] --START--
INFO: [ template_filter ] --START--
INFO: Run Behavior\ContentReplaceBehavior [ RunTime:0.000101s ]
INFO: [ template_filter ] --END-- [ RunTime:0.000165s ]
INFO: Run Behavior\ParseTemplateBehavior [ RunTime:0.013934s ]
INFO: [ view_parse ] --END-- [ RunTime:0.014008s ]
INFO: [ view_filter ] --START--
INFO: Run Behavior\WriteHtmlCacheBehavior [ RunTime:0.000448s ]
INFO: [ view_filter ] --END-- [ RunTime:0.000496s ]
INFO: [ app_end ] --START--
INFO: Run Behavior\ShowPageTraceBehavior [ RunTime:0.000820s ]
INFO: [ app_end ] --END-- [ RunTime:0.000904s ]

[ 2016-10-19T11:22:44+08:00 ] 127.0.0.1 /user.php/data/showinstrument
INFO: [ app_init ] --START--
INFO: Run Behavior\BuildLiteBehavior [ RunTime:0.000018s ]
INFO: [ app_init ] --END-- [ RunTime:0.000581s ]
INFO: [ app_begin ] --START--
INFO: Run Behavior\ReadHtmlCacheBehavior [ RunTime:0.000773s ]
INFO: [ app_begin ] --END-- [ RunTime:0.000854s ]
SQL: SHOW COLUMNS FROM `instrument` [ RunTime:0.0077s ]
SQL: SELECT `instrumentid`,`instrumentinfo` FROM `instrument` WHERE ( cameraid='2' )  [ RunTime:0.0004s ]
INFO: [ app_end ] --START--
INFO: Run Behavior\ShowPageTraceBehavior [ RunTime:0.000834s ]
INFO: [ app_end ] --END-- [ RunTime:0.000905s ]

[ 2016-10-19T11:22:45+08:00 ] 127.0.0.1 /user.php/data/adddata
INFO: [ app_init ] --START--
INFO: Run Behavior\BuildLiteBehavior [ RunTime:0.000025s ]
INFO: [ app_init ] --END-- [ RunTime:0.000622s ]
INFO: [ app_begin ] --START--
INFO: Run Behavior\ReadHtmlCacheBehavior [ RunTime:0.001498s ]
INFO: [ app_begin ] --END-- [ RunTime:0.001635s ]
SQL: SHOW COLUMNS FROM `data` [ RunTime:0.0094s ]
SQL: SELECT `data` FROM `data` WHERE ( instrumentid='2' ) LIMIT 30   [ RunTime:0.0067s ]
SQL: SHOW COLUMNS FROM `instrument` [ RunTime:0.0271s ]
SQL: SELECT `instrumentinfo` FROM `instrument` WHERE ( instrumentid='2' ) LIMIT 1   [ RunTime:0.0045s ]
INFO: [ app_end ] --START--
INFO: Run Behavior\ShowPageTraceBehavior [ RunTime:0.001127s ]
INFO: [ app_end ] --END-- [ RunTime:0.001237s ]

[ 2016-10-19T11:23:28+08:00 ] 127.0.0.1 /user.php/data/data?instrumentid=1
INFO: [ app_init ] --START--
INFO: Run Behavior\BuildLiteBehavior [ RunTime:0.000027s ]
INFO: [ app_init ] --END-- [ RunTime:0.000665s ]
INFO: [ app_begin ] --START--
INFO: Run Behavior\ReadHtmlCacheBehavior [ RunTime:0.000879s ]
INFO: [ app_begin ] --END-- [ RunTime:0.001008s ]
SQL: SHOW COLUMNS FROM `data` [ RunTime:0.0088s ]
SQL: SELECT `datatime`,`data` FROM `data` WHERE ( instrumentid='1' ) LIMIT 30   [ RunTime:0.0007s ]
SQL: SHOW COLUMNS FROM `instrument` [ RunTime:0.0040s ]
SQL: SELECT `instrumentinfo`,`cameraid`,`instrumentid` FROM `instrument` WHERE ( instrumentid='1' ) LIMIT 1   [ RunTime:0.0004s ]
SQL: SHOW COLUMNS FROM `camera` [ RunTime:0.0040s ]
SQL: SELECT `cameraname` FROM `camera` WHERE ( cameraid='1' ) LIMIT 1   [ RunTime:0.0003s ]
SQL: SELECT `cameraname`,`cameraid` FROM `camera` WHERE ( userid='clever' )  [ RunTime:0.0013s ]
INFO: [ view_parse ] --START--
INFO: [ template_filter ] --START--
INFO: Run Behavior\ContentReplaceBehavior [ RunTime:0.000107s ]
INFO: [ template_filter ] --END-- [ RunTime:0.000194s ]
INFO: Run Behavior\ParseTemplateBehavior [ RunTime:0.015817s ]
INFO: [ view_parse ] --END-- [ RunTime:0.015907s ]
INFO: [ view_filter ] --START--
INFO: Run Behavior\WriteHtmlCacheBehavior [ RunTime:0.000362s ]
INFO: [ view_filter ] --END-- [ RunTime:0.000419s ]
INFO: [ app_end ] --START--
INFO: Run Behavior\ShowPageTraceBehavior [ RunTime:0.001056s ]
INFO: [ app_end ] --END-- [ RunTime:0.001188s ]

[ 2016-10-19T11:23:34+08:00 ] 127.0.0.1 /user.php/data/showinstrument
INFO: [ app_init ] --START--
INFO: Run Behavior\BuildLiteBehavior [ RunTime:0.000030s ]
INFO: [ app_init ] --END-- [ RunTime:0.000842s ]
INFO: [ app_begin ] --START--
INFO: Run Behavior\ReadHtmlCacheBehavior [ RunTime:0.000732s ]
INFO: [ app_begin ] --END-- [ RunTime:0.000800s ]
SQL: SHOW COLUMNS FROM `instrument` [ RunTime:0.0058s ]
SQL: SELECT `instrumentid`,`instrumentinfo` FROM `instrument` WHERE ( cameraid='2' )  [ RunTime:0.0005s ]
INFO: [ app_end ] --START--
INFO: Run Behavior\ShowPageTraceBehavior [ RunTime:0.001464s ]
INFO: [ app_end ] --END-- [ RunTime:0.001572s ]

[ 2016-10-19T11:23:36+08:00 ] 127.0.0.1 /user.php/data/adddata
INFO: [ app_init ] --START--
INFO: Run Behavior\BuildLiteBehavior [ RunTime:0.000027s ]
INFO: [ app_init ] --END-- [ RunTime:0.000654s ]
INFO: [ app_begin ] --START--
INFO: Run Behavior\ReadHtmlCacheBehavior [ RunTime:0.002698s ]
INFO: [ app_begin ] --END-- [ RunTime:0.002840s ]
SQL: SHOW COLUMNS FROM `data` [ RunTime:0.0068s ]
SQL: SELECT `data` FROM `data` WHERE ( instrumentid='2' ) LIMIT 30   [ RunTime:0.0031s ]
SQL: SHOW COLUMNS FROM `instrument` [ RunTime:0.0070s ]
SQL: SELECT `instrumentinfo` FROM `instrument` WHERE ( instrumentid='2' ) LIMIT 1   [ RunTime:0.0007s ]
INFO: [ app_end ] --START--
INFO: Run Behavior\ShowPageTraceBehavior [ RunTime:0.001008s ]
INFO: [ app_end ] --END-- [ RunTime:0.001117s ]

[ 2016-10-19T11:23:42+08:00 ] 127.0.0.1 /user.php/data/data?instrumentid=5
INFO: [ app_init ] --START--
INFO: Run Behavior\BuildLiteBehavior [ RunTime:0.000022s ]
INFO: [ app_init ] --END-- [ RunTime:0.000607s ]
INFO: [ app_begin ] --START--
INFO: Run Behavior\ReadHtmlCacheBehavior [ RunTime:0.000960s ]
INFO: [ app_begin ] --END-- [ RunTime:0.001126s ]
SQL: SHOW COLUMNS FROM `data` [ RunTime:0.0052s ]
SQL: SELECT `datatime`,`data` FROM `data` WHERE ( instrumentid='5' ) LIMIT 30   [ RunTime:0.0005s ]
SQL: SHOW COLUMNS FROM `instrument` [ RunTime:0.0048s ]
SQL: SELECT `instrumentinfo`,`cameraid`,`instrumentid` FROM `instrument` WHERE ( instrumentid='5' ) LIMIT 1   [ RunTime:0.0004s ]
SQL: SHOW COLUMNS FROM `camera` [ RunTime:0.0037s ]
SQL: SELECT `cameraname` FROM `camera` WHERE ( cameraid='1' ) LIMIT 1   [ RunTime:0.0004s ]
SQL: SELECT `cameraname`,`cameraid` FROM `camera` WHERE ( userid='clever' )  [ RunTime:0.0003s ]
INFO: [ view_parse ] --START--
INFO: [ template_filter ] --START--
INFO: Run Behavior\ContentReplaceBehavior [ RunTime:0.000107s ]
INFO: [ template_filter ] --END-- [ RunTime:0.000178s ]
INFO: Run Behavior\ParseTemplateBehavior [ RunTime:0.013846s ]
INFO: [ view_parse ] --END-- [ RunTime:0.013937s ]
INFO: [ view_filter ] --START--
INFO: Run Behavior\WriteHtmlCacheBehavior [ RunTime:0.000433s ]
INFO: [ view_filter ] --END-- [ RunTime:0.000484s ]
INFO: [ app_end ] --START--
INFO: Run Behavior\ShowPageTraceBehavior [ RunTime:0.000924s ]
INFO: [ app_end ] --END-- [ RunTime:0.001038s ]

[ 2016-10-19T11:23:48+08:00 ] 127.0.0.1 /user.php/data/showinstrument
INFO: [ app_init ] --START--
INFO: Run Behavior\BuildLiteBehavior [ RunTime:0.000026s ]
INFO: [ app_init ] --END-- [ RunTime:0.000785s ]
INFO: [ app_begin ] --START--
INFO: Run Behavior\ReadHtmlCacheBehavior [ RunTime:0.001028s ]
INFO: [ app_begin ] --END-- [ RunTime:0.001163s ]
SQL: SHOW COLUMNS FROM `instrument` [ RunTime:0.0050s ]
SQL: SELECT `instrumentid`,`instrumentinfo` FROM `instrument` WHERE ( cameraid='1' )  [ RunTime:0.0004s ]
INFO: [ app_end ] --START--
INFO: Run Behavior\ShowPageTraceBehavior [ RunTime:0.000896s ]
INFO: [ app_end ] --END-- [ RunTime:0.000972s ]

[ 2016-10-19T11:23:50+08:00 ] 127.0.0.1 /user.php/data/adddata
INFO: [ app_init ] --START--
INFO: Run Behavior\BuildLiteBehavior [ RunTime:0.000027s ]
INFO: [ app_init ] --END-- [ RunTime:0.000630s ]
INFO: [ app_begin ] --START--
INFO: Run Behavior\ReadHtmlCacheBehavior [ RunTime:0.000955s ]
INFO: [ app_begin ] --END-- [ RunTime:0.001083s ]
SQL: SHOW COLUMNS FROM `data` [ RunTime:0.0064s ]
SQL: SELECT `data` FROM `data` WHERE ( instrumentid='1' ) LIMIT 30   [ RunTime:0.0015s ]
SQL: SHOW COLUMNS FROM `instrument` [ RunTime:0.0063s ]
SQL: SELECT `instrumentinfo` FROM `instrument` WHERE ( instrumentid='1' ) LIMIT 1   [ RunTime:0.0031s ]
INFO: [ app_end ] --START--
INFO: Run Behavior\ShowPageTraceBehavior [ RunTime:0.000991s ]
INFO: [ app_end ] --END-- [ RunTime:0.001084s ]

[ 2016-10-19T11:25:03+08:00 ] 127.0.0.1 /user.php/data/excel
INFO: [ app_init ] --START--
INFO: Run Behavior\BuildLiteBehavior [ RunTime:0.000037s ]
INFO: [ app_init ] --END-- [ RunTime:0.000708s ]
INFO: [ app_begin ] --START--
INFO: Run Behavior\ReadHtmlCacheBehavior [ RunTime:0.000859s ]
INFO: [ app_begin ] --END-- [ RunTime:0.000983s ]

[ 2016-10-19T11:25:04+08:00 ] 127.0.0.1 /user.php/data/excel
INFO: [ app_init ] --START--
INFO: Run Behavior\BuildLiteBehavior [ RunTime:0.000037s ]
INFO: [ app_init ] --END-- [ RunTime:0.001050s ]
INFO: [ app_begin ] --START--
INFO: Run Behavior\ReadHtmlCacheBehavior [ RunTime:0.003843s ]
INFO: [ app_begin ] --END-- [ RunTime:0.004007s ]

[ 2016-10-19T11:26:09+08:00 ] 127.0.0.1 /user.php/data/excel
INFO: [ app_init ] --START--
INFO: Run Behavior\BuildLiteBehavior [ RunTime:0.000031s ]
INFO: [ app_init ] --END-- [ RunTime:0.001685s ]
INFO: [ app_begin ] --START--
INFO: Run Behavior\ReadHtmlCacheBehavior [ RunTime:0.001643s ]
INFO: [ app_begin ] --END-- [ RunTime:0.001785s ]

[ 2016-10-19T11:26:10+08:00 ] 127.0.0.1 /user.php/data/excel
INFO: [ app_init ] --START--
INFO: Run Behavior\BuildLiteBehavior [ RunTime:0.000024s ]
INFO: [ app_init ] --END-- [ RunTime:0.000769s ]
INFO: [ app_begin ] --START--
INFO: Run Behavior\ReadHtmlCacheBehavior [ RunTime:0.001162s ]
INFO: [ app_begin ] --END-- [ RunTime:0.001295s ]

[ 2016-10-19T11:28:15+08:00 ] 127.0.0.1 /user.php/data/excel
INFO: [ app_init ] --START--
INFO: Run Behavior\BuildLiteBehavior [ RunTime:0.000032s ]
INFO: [ app_init ] --END-- [ RunTime:0.001506s ]
INFO: [ app_begin ] --START--
INFO: Run Behavior\ReadHtmlCacheBehavior [ RunTime:0.001330s ]
INFO: [ app_begin ] --END-- [ RunTime:0.001460s ]

[ 2016-10-19T11:29:22+08:00 ] 127.0.0.1 /user.php/data/excel
INFO: [ app_init ] --START--
INFO: Run Behavior\BuildLiteBehavior [ RunTime:0.000045s ]
INFO: [ app_init ] --END-- [ RunTime:0.001149s ]
INFO: [ app_begin ] --START--
INFO: Run Behavior\ReadHtmlCacheBehavior [ RunTime:0.001609s ]
INFO: [ app_begin ] --END-- [ RunTime:0.001791s ]

[ 2016-10-19T11:30:16+08:00 ] 127.0.0.1 /user.php/data/excel
INFO: [ app_init ] --START--
INFO: Run Behavior\BuildLiteBehavior [ RunTime:0.000042s ]
INFO: [ app_init ] --END-- [ RunTime:0.000792s ]
INFO: [ app_begin ] --START--
INFO: Run Behavior\ReadHtmlCacheBehavior [ RunTime:0.002733s ]
INFO: [ app_begin ] --END-- [ RunTime:0.002901s ]

[ 2016-10-19T11:30:53+08:00 ] 127.0.0.1 /user.php/data/excel
INFO: [ app_init ] --START--
INFO: Run Behavior\BuildLiteBehavior [ RunTime:0.000028s ]
INFO: [ app_init ] --END-- [ RunTime:0.000704s ]
INFO: [ app_begin ] --START--
INFO: Run Behavior\ReadHtmlCacheBehavior [ RunTime:0.000869s ]
INFO: [ app_begin ] --END-- [ RunTime:0.000997s ]

[ 2016-10-19T11:31:02+08:00 ] 127.0.0.1 /user.php/data/excel
INFO: [ app_init ] --START--
INFO: Run Behavior\BuildLiteBehavior [ RunTime:0.000029s ]
INFO: [ app_init ] --END-- [ RunTime:0.000697s ]
INFO: [ app_begin ] --START--
INFO: Run Behavior\ReadHtmlCacheBehavior [ RunTime:0.000890s ]
INFO: [ app_begin ] --END-- [ RunTime:0.001013s ]

[ 2016-10-19T11:31:52+08:00 ] 127.0.0.1 /user.php/data/excel
INFO: [ app_init ] --START--
INFO: Run Behavior\BuildLiteBehavior [ RunTime:0.000030s ]
INFO: [ app_init ] --END-- [ RunTime:0.000744s ]
INFO: [ app_begin ] --START--
INFO: Run Behavior\ReadHtmlCacheBehavior [ RunTime:0.000869s ]
INFO: [ app_begin ] --END-- [ RunTime:0.000982s ]

[ 2016-10-19T11:32:59+08:00 ] 127.0.0.1 /user.php/data/excel
INFO: [ app_init ] --START--
INFO: Run Behavior\BuildLiteBehavior [ RunTime:0.000073s ]
INFO: [ app_init ] --END-- [ RunTime:0.003209s ]
INFO: [ app_begin ] --START--
INFO: Run Behavior\ReadHtmlCacheBehavior [ RunTime:0.002258s ]
INFO: [ app_begin ] --END-- [ RunTime:0.002608s ]
INFO: [ app_end ] --START--
INFO: Run Behavior\ShowPageTraceBehavior [ RunTime:0.001679s ]
INFO: [ app_end ] --END-- [ RunTime:0.001786s ]

[ 2016-10-19T11:33:22+08:00 ] 127.0.0.1 /user.php/data/data?instrumentid=5
INFO: [ app_init ] --START--
INFO: Run Behavior\BuildLiteBehavior [ RunTime:0.000023s ]
INFO: [ app_init ] --END-- [ RunTime:0.000433s ]
INFO: [ app_begin ] --START--
INFO: Run Behavior\ReadHtmlCacheBehavior [ RunTime:0.000665s ]
INFO: [ app_begin ] --END-- [ RunTime:0.000735s ]
SQL: SHOW COLUMNS FROM `data` [ RunTime:0.0040s ]
SQL: SELECT `datatime`,`data` FROM `data` WHERE ( instrumentid='5' ) LIMIT 30   [ RunTime:0.0005s ]
SQL: SHOW COLUMNS FROM `instrument` [ RunTime:0.0056s ]
SQL: SELECT `instrumentinfo`,`cameraid`,`instrumentid` FROM `instrument` WHERE ( instrumentid='5' ) LIMIT 1   [ RunTime:0.0005s ]
SQL: SHOW COLUMNS FROM `camera` [ RunTime:0.0034s ]
SQL: SELECT `cameraname` FROM `camera` WHERE ( cameraid='1' ) LIMIT 1   [ RunTime:0.0003s ]
SQL: SELECT `cameraname`,`cameraid` FROM `camera` WHERE ( userid='clever' )  [ RunTime:0.0003s ]
INFO: [ view_parse ] --START--
INFO: [ template_filter ] --START--
INFO: Run Behavior\ContentReplaceBehavior [ RunTime:0.000101s ]
INFO: [ template_filter ] --END-- [ RunTime:0.000170s ]
INFO: Run Behavior\ParseTemplateBehavior [ RunTime:0.013019s ]
INFO: [ view_parse ] --END-- [ RunTime:0.013123s ]
INFO: [ view_filter ] --START--
INFO: Run Behavior\WriteHtmlCacheBehavior [ RunTime:0.000462s ]
INFO: [ view_filter ] --END-- [ RunTime:0.000514s ]
INFO: [ app_end ] --START--
INFO: Run Behavior\ShowPageTraceBehavior [ RunTime:0.000692s ]
INFO: [ app_end ] --END-- [ RunTime:0.000775s ]

[ 2016-10-19T11:33:35+08:00 ] 127.0.0.1 /user.php/data/excel
INFO: [ app_init ] --START--
INFO: Run Behavior\BuildLiteBehavior [ RunTime:0.000024s ]
INFO: [ app_init ] --END-- [ RunTime:0.000949s ]
INFO: [ app_begin ] --START--
INFO: Run Behavior\ReadHtmlCacheBehavior [ RunTime:0.001345s ]
INFO: [ app_begin ] --END-- [ RunTime:0.001486s ]

[ 2016-10-19T11:33:42+08:00 ] 127.0.0.1 /user.php/data/excel
INFO: [ app_init ] --START--
INFO: Run Behavior\BuildLiteBehavior [ RunTime:0.000035s ]
INFO: [ app_init ] --END-- [ RunTime:0.000888s ]
INFO: [ app_begin ] --START--
INFO: Run Behavior\ReadHtmlCacheBehavior [ RunTime:0.001070s ]
INFO: [ app_begin ] --END-- [ RunTime:0.001167s ]

[ 2016-10-19T11:34:26+08:00 ] 127.0.0.1 /user.php/data/excel
INFO: [ app_init ] --START--
INFO: Run Behavior\BuildLiteBehavior [ RunTime:0.000148s ]
INFO: [ app_init ] --END-- [ RunTime:0.003785s ]
INFO: [ app_begin ] --START--
INFO: Run Behavior\ReadHtmlCacheBehavior [ RunTime:0.003194s ]
INFO: [ app_begin ] --END-- [ RunTime:0.003396s ]
INFO: [ app_end ] --START--
INFO: Run Behavior\ShowPageTraceBehavior [ RunTime:0.001371s ]
INFO: [ app_end ] --END-- [ RunTime:0.001482s ]

[ 2016-10-19T11:34:58+08:00 ] 127.0.0.1 /user.php/data/excel
INFO: [ app_init ] --START--
INFO: Run Behavior\BuildLiteBehavior [ RunTime:0.000035s ]
INFO: [ app_init ] --END-- [ RunTime:0.000980s ]
INFO: [ app_begin ] --START--
INFO: Run Behavior\ReadHtmlCacheBehavior [ RunTime:0.002854s ]
INFO: [ app_begin ] --END-- [ RunTime:0.003014s ]
NOTIC: [8] Undefined variable: array D:\desktop\App\data.test\User\Home\Controller\DataController.class.php 第 115 行.
INFO: [ app_end ] --START--
INFO: Run Behavior\ShowPageTraceBehavior [ RunTime:0.002889s ]
INFO: [ app_end ] --END-- [ RunTime:0.003069s ]

[ 2016-10-19T11:35:16+08:00 ] 127.0.0.1 /user.php/data/excel
INFO: [ app_init ] --START--
INFO: Run Behavior\BuildLiteBehavior [ RunTime:0.000032s ]
INFO: [ app_init ] --END-- [ RunTime:0.001053s ]
INFO: [ app_begin ] --START--
INFO: Run Behavior\ReadHtmlCacheBehavior [ RunTime:0.001747s ]
INFO: [ app_begin ] --END-- [ RunTime:0.001934s ]
INFO: [ app_end ] --START--
INFO: Run Behavior\ShowPageTraceBehavior [ RunTime:0.001055s ]
INFO: [ app_end ] --END-- [ RunTime:0.001135s ]

[ 2016-10-19T11:36:02+08:00 ] 127.0.0.1 /user.php/data/data?instrumentid=1
INFO: [ app_init ] --START--
INFO: Run Behavior\BuildLiteBehavior [ RunTime:0.000024s ]
INFO: [ app_init ] --END-- [ RunTime:0.000690s ]
INFO: [ app_begin ] --START--
INFO: Run Behavior\ReadHtmlCacheBehavior [ RunTime:0.001149s ]
INFO: [ app_begin ] --END-- [ RunTime:0.001260s ]
SQL: SHOW COLUMNS FROM `data` [ RunTime:0.0033s ]
SQL: SELECT `datatime`,`data` FROM `data` WHERE ( instrumentid='1' ) LIMIT 30   [ RunTime:0.0005s ]
SQL: SHOW COLUMNS FROM `instrument` [ RunTime:0.0038s ]
SQL: SELECT `instrumentinfo`,`cameraid`,`instrumentid` FROM `instrument` WHERE ( instrumentid='1' ) LIMIT 1   [ RunTime:0.0004s ]
SQL: SHOW COLUMNS FROM `camera` [ RunTime:0.0031s ]
SQL: SELECT `cameraname` FROM `camera` WHERE ( cameraid='1' ) LIMIT 1   [ RunTime:0.0003s ]
SQL: SELECT `cameraname`,`cameraid` FROM `camera` WHERE ( userid='clever' )  [ RunTime:0.0003s ]
INFO: [ view_parse ] --START--
INFO: [ template_filter ] --START--
INFO: Run Behavior\ContentReplaceBehavior [ RunTime:0.000105s ]
INFO: [ template_filter ] --END-- [ RunTime:0.000173s ]
INFO: Run Behavior\ParseTemplateBehavior [ RunTime:0.014794s ]
INFO: [ view_parse ] --END-- [ RunTime:0.014885s ]
INFO: [ view_filter ] --START--
INFO: Run Behavior\WriteHtmlCacheBehavior [ RunTime:0.000425s ]
INFO: [ view_filter ] --END-- [ RunTime:0.000474s ]
INFO: [ app_end ] --START--
INFO: Run Behavior\ShowPageTraceBehavior [ RunTime:0.000815s ]
INFO: [ app_end ] --END-- [ RunTime:0.000894s ]

[ 2016-10-19T11:36:11+08:00 ] 127.0.0.1 /user.php/data/excel
INFO: [ app_init ] --START--
INFO: Run Behavior\BuildLiteBehavior [ RunTime:0.000042s ]
INFO: [ app_init ] --END-- [ RunTime:0.000717s ]
INFO: [ app_begin ] --START--
INFO: Run Behavior\ReadHtmlCacheBehavior [ RunTime:0.000991s ]
INFO: [ app_begin ] --END-- [ RunTime:0.001133s ]

[ 2016-10-19T11:36:11+08:00 ] 127.0.0.1 /user.php/data/excel
INFO: [ app_init ] --START--
INFO: Run Behavior\BuildLiteBehavior [ RunTime:0.000104s ]
INFO: [ app_init ] --END-- [ RunTime:0.001681s ]
INFO: [ app_begin ] --START--
INFO: Run Behavior\ReadHtmlCacheBehavior [ RunTime:0.001296s ]
INFO: [ app_begin ] --END-- [ RunTime:0.001423s ]

[ 2016-10-19T11:46:07+08:00 ] 127.0.0.1 /user.php/data/excel
INFO: [ app_init ] --START--
INFO: Run Behavior\BuildLiteBehavior [ RunTime:0.000018s ]
INFO: [ app_init ] --END-- [ RunTime:0.000534s ]
INFO: [ app_begin ] --START--
INFO: Run Behavior\ReadHtmlCacheBehavior [ RunTime:0.000784s ]
INFO: [ app_begin ] --END-- [ RunTime:0.000860s ]

[ 2016-10-19T11:46:33+08:00 ] 127.0.0.1 /user.php/data/excel
INFO: [ app_init ] --START--
INFO: Run Behavior\BuildLiteBehavior [ RunTime:0.000027s ]
INFO: [ app_init ] --END-- [ RunTime:0.000671s ]
INFO: [ app_begin ] --START--
INFO: Run Behavior\ReadHtmlCacheBehavior [ RunTime:0.001362s ]
INFO: [ app_begin ] --END-- [ RunTime:0.001610s ]

[ 2016-10-19T11:46:59+08:00 ] 127.0.0.1 /user.php/data/excel
INFO: [ app_init ] --START--
INFO: Run Behavior\BuildLiteBehavior [ RunTime:0.000360s ]
INFO: [ app_init ] --END-- [ RunTime:0.001516s ]
INFO: [ app_begin ] --START--
INFO: Run Behavior\ReadHtmlCacheBehavior [ RunTime:0.000949s ]
INFO: [ app_begin ] --END-- [ RunTime:0.001079s ]

[ 2016-10-19T11:47:00+08:00 ] 127.0.0.1 /user.php/data/excel
INFO: [ app_init ] --START--
INFO: Run Behavior\BuildLiteBehavior [ RunTime:0.000027s ]
INFO: [ app_init ] --END-- [ RunTime:0.000932s ]
INFO: [ app_begin ] --START--
INFO: Run Behavior\ReadHtmlCacheBehavior [ RunTime:0.001276s ]
INFO: [ app_begin ] --END-- [ RunTime:0.001424s ]

[ 2016-10-19T11:50:04+08:00 ] 127.0.0.1 /user.php/data/excel
INFO: [ app_init ] --START--
INFO: Run Behavior\BuildLiteBehavior [ RunTime:0.000021s ]
INFO: [ app_init ] --END-- [ RunTime:0.000647s ]
INFO: [ app_begin ] --START--
INFO: Run Behavior\ReadHtmlCacheBehavior [ RunTime:0.001397s ]
INFO: [ app_begin ] --END-- [ RunTime:0.001542s ]
ERR: 1146:Table 'data.instrumentid' doesn't exist
 [ SQL语句 ] : SHOW COLUMNS FROM `instrumentid`
ERR: 1146:Table 'data.instrumentid' doesn't exist
 [ SQL语句 ] : SHOW COLUMNS FROM `instrumentid`

[ 2016-10-19T11:50:52+08:00 ] 127.0.0.1 /user.php/data/excel
INFO: [ app_init ] --START--
INFO: Run Behavior\BuildLiteBehavior [ RunTime:0.000318s ]
INFO: [ app_init ] --END-- [ RunTime:0.002261s ]
INFO: [ app_begin ] --START--
INFO: Run Behavior\ReadHtmlCacheBehavior [ RunTime:0.001225s ]
INFO: [ app_begin ] --END-- [ RunTime:0.001495s ]
SQL: SHOW COLUMNS FROM `instrument` [ RunTime:0.0076s ]
SQL: SELECT `instrumentinfo` FROM `instrument` WHERE ( instrumentid='1' ) LIMIT 1   [ RunTime:0.0007s ]
SQL: SHOW COLUMNS FROM `data` [ RunTime:0.0033s ]
SQL: SELECT * FROM `data` WHERE ( instrumentid='1' )  [ RunTime:0.0006s ]
INFO: [ app_end ] --START--
INFO: Run Behavior\ShowPageTraceBehavior [ RunTime:0.000855s ]
INFO: [ app_end ] --END-- [ RunTime:0.000922s ]

[ 2016-10-19T11:51:11+08:00 ] 127.0.0.1 /user.php/data/excel
INFO: [ app_init ] --START--
INFO: Run Behavior\BuildLiteBehavior [ RunTime:0.000030s ]
INFO: [ app_init ] --END-- [ RunTime:0.000784s ]
INFO: [ app_begin ] --START--
INFO: Run Behavior\ReadHtmlCacheBehavior [ RunTime:0.000973s ]
INFO: [ app_begin ] --END-- [ RunTime:0.001099s ]
SQL: SHOW COLUMNS FROM `instrument` [ RunTime:0.0067s ]
SQL: SELECT `instrumentinfo` FROM `instrument` WHERE ( instrumentid='1' ) LIMIT 1   [ RunTime:0.0019s ]
SQL: SHOW COLUMNS FROM `data` [ RunTime:0.0040s ]
SQL: SELECT * FROM `data` WHERE ( instrumentid='1' )  [ RunTime:0.0008s ]
INFO: [ app_end ] --START--
INFO: Run Behavior\ShowPageTraceBehavior [ RunTime:0.000724s ]
INFO: [ app_end ] --END-- [ RunTime:0.000792s ]

[ 2016-10-19T11:51:50+08:00 ] 127.0.0.1 /user.php/data/excel
INFO: [ app_init ] --START--
INFO: Run Behavior\BuildLiteBehavior [ RunTime:0.000025s ]
INFO: [ app_init ] --END-- [ RunTime:0.000727s ]
INFO: [ app_begin ] --START--
INFO: Run Behavior\ReadHtmlCacheBehavior [ RunTime:0.001168s ]
INFO: [ app_begin ] --END-- [ RunTime:0.001347s ]

[ 2016-10-19T11:52:06+08:00 ] 127.0.0.1 /user.php/data/excel
INFO: [ app_init ] --START--
INFO: Run Behavior\BuildLiteBehavior [ RunTime:0.000028s ]
INFO: [ app_init ] --END-- [ RunTime:0.000925s ]
INFO: [ app_begin ] --START--
INFO: Run Behavior\ReadHtmlCacheBehavior [ RunTime:0.003450s ]
INFO: [ app_begin ] --END-- [ RunTime:0.004262s ]
SQL: SHOW COLUMNS FROM `instrument` [ RunTime:0.0155s ]
SQL: SELECT `instrumentinfo` FROM `instrument` WHERE ( instrumentid='1' ) LIMIT 1   [ RunTime:0.0006s ]
SQL: SHOW COLUMNS FROM `data` [ RunTime:0.0127s ]
SQL: SELECT * FROM `data` WHERE ( instrumentid='1' )  [ RunTime:0.0015s ]
INFO: [ app_end ] --START--
INFO: Run Behavior\ShowPageTraceBehavior [ RunTime:0.000938s ]
INFO: [ app_end ] --END-- [ RunTime:0.001032s ]

[ 2016-10-19T11:53:12+08:00 ] 127.0.0.1 /user.php/data/excel
INFO: [ app_init ] --START--
INFO: Run Behavior\BuildLiteBehavior [ RunTime:0.000217s ]
INFO: [ app_init ] --END-- [ RunTime:0.001452s ]
INFO: [ app_begin ] --START--
INFO: Run Behavior\ReadHtmlCacheBehavior [ RunTime:0.000903s ]
INFO: [ app_begin ] --END-- [ RunTime:0.001023s ]
SQL: SHOW COLUMNS FROM `instrument` [ RunTime:0.0067s ]
SQL: SELECT `instrumentinfo` FROM `instrument` WHERE ( instrumentid='1' ) LIMIT 1   [ RunTime:0.0005s ]
SQL: SHOW COLUMNS FROM `data` [ RunTime:0.0037s ]
SQL: SELECT * FROM `data` WHERE ( instrumentid='1' )  [ RunTime:0.0007s ]
INFO: [ app_end ] --START--
INFO: Run Behavior\ShowPageTraceBehavior [ RunTime:0.000980s ]
INFO: [ app_end ] --END-- [ RunTime:0.001085s ]

[ 2016-10-19T11:54:07+08:00 ] 127.0.0.1 /user.php/data/excel
INFO: [ app_init ] --START--
INFO: Run Behavior\BuildLiteBehavior [ RunTime:0.000034s ]
INFO: [ app_init ] --END-- [ RunTime:0.000951s ]
INFO: [ app_begin ] --START--
INFO: Run Behavior\ReadHtmlCacheBehavior [ RunTime:0.001154s ]
INFO: [ app_begin ] --END-- [ RunTime:0.001270s ]
SQL: SHOW COLUMNS FROM `instrument` [ RunTime:0.0040s ]
SQL: SELECT `instrumentinfo` FROM `instrument` WHERE ( instrumentid='1' ) LIMIT 1   [ RunTime:0.0006s ]
SQL: SHOW COLUMNS FROM `data` [ RunTime:0.0057s ]
SQL: SELECT `datatime`,`data` FROM `data` WHERE ( instrumentid='1' )  [ RunTime:0.0013s ]
INFO: [ app_end ] --START--
INFO: Run Behavior\ShowPageTraceBehavior [ RunTime:0.001210s ]
INFO: [ app_end ] --END-- [ RunTime:0.001374s ]

[ 2016-10-19T14:07:46+08:00 ] 127.0.0.1 /user.php/data/excel
INFO: [ app_init ] --START--
INFO: Run Behavior\BuildLiteBehavior [ RunTime:0.000096s ]
INFO: [ app_init ] --END-- [ RunTime:0.016288s ]
INFO: [ app_begin ] --START--
INFO: Run Behavior\ReadHtmlCacheBehavior [ RunTime:0.013016s ]
INFO: [ app_begin ] --END-- [ RunTime:0.013153s ]

[ 2016-10-19T14:09:33+08:00 ] 127.0.0.1 /user.php/data/excel
INFO: [ app_init ] --START--
INFO: Run Behavior\BuildLiteBehavior [ RunTime:0.000027s ]
INFO: [ app_init ] --END-- [ RunTime:0.000716s ]
INFO: [ app_begin ] --START--
INFO: Run Behavior\ReadHtmlCacheBehavior [ RunTime:0.002718s ]
INFO: [ app_begin ] --END-- [ RunTime:0.002865s ]
SQL: SHOW COLUMNS FROM `instrument` [ RunTime:0.0083s ]
SQL: SELECT `instrumentinfo` FROM `instrument` WHERE ( instrumentid='1' ) LIMIT 1   [ RunTime:0.0026s ]
SQL: SHOW COLUMNS FROM `data` [ RunTime:0.0048s ]
SQL: SELECT `datatime`,`data` FROM `data` WHERE ( instrumentid='1' )  [ RunTime:0.0012s ]
INFO: [ app_end ] --START--
INFO: Run Behavior\ShowPageTraceBehavior [ RunTime:0.019319s ]
INFO: [ app_end ] --END-- [ RunTime:0.019491s ]

[ 2016-10-19T14:11:27+08:00 ] 127.0.0.1 /user.php/data/excel
INFO: [ app_init ] --START--
INFO: Run Behavior\BuildLiteBehavior [ RunTime:0.000027s ]
INFO: [ app_init ] --END-- [ RunTime:0.000870s ]
INFO: [ app_begin ] --START--
INFO: Run Behavior\ReadHtmlCacheBehavior [ RunTime:0.001267s ]
INFO: [ app_begin ] --END-- [ RunTime:0.001404s ]
SQL: SHOW COLUMNS FROM `instrument` [ RunTime:0.0064s ]
SQL: SELECT `instrumentinfo` FROM `instrument` WHERE ( instrumentid='1' ) LIMIT 1   [ RunTime:0.0005s ]
SQL: SHOW COLUMNS FROM `data` [ RunTime:0.0032s ]
SQL: SELECT `datatime`,`data` FROM `data` WHERE ( instrumentid='1' )  [ RunTime:0.0015s ]
INFO: [ app_end ] --START--
INFO: Run Behavior\ShowPageTraceBehavior [ RunTime:0.001478s ]
INFO: [ app_end ] --END-- [ RunTime:0.002591s ]

[ 2016-10-19T14:12:15+08:00 ] 127.0.0.1 /user.php/data/excel
INFO: [ app_init ] --START--
INFO: Run Behavior\BuildLiteBehavior [ RunTime:0.000032s ]
INFO: [ app_init ] --END-- [ RunTime:0.000812s ]
INFO: [ app_begin ] --START--
INFO: Run Behavior\ReadHtmlCacheBehavior [ RunTime:0.000943s ]
INFO: [ app_begin ] --END-- [ RunTime:0.001079s ]
SQL: SHOW COLUMNS FROM `instrument` [ RunTime:0.0352s ]
SQL: SELECT `instrumentinfo` FROM `instrument` WHERE ( instrumentid='1' ) LIMIT 1   [ RunTime:0.0004s ]
SQL: SHOW COLUMNS FROM `data` [ RunTime:0.0040s ]
SQL: SELECT `datatime`,`data` FROM `data` WHERE ( instrumentid='1' )  [ RunTime:0.0007s ]
INFO: [ app_end ] --START--
INFO: Run Behavior\ShowPageTraceBehavior [ RunTime:0.002847s ]
INFO: [ app_end ] --END-- [ RunTime:0.003056s ]

[ 2016-10-19T14:12:24+08:00 ] 127.0.0.1 /user.php/data/excel
INFO: [ app_init ] --START--
INFO: Run Behavior\BuildLiteBehavior [ RunTime:0.000026s ]
INFO: [ app_init ] --END-- [ RunTime:0.000625s ]
INFO: [ app_begin ] --START--
INFO: Run Behavior\ReadHtmlCacheBehavior [ RunTime:0.001012s ]
INFO: [ app_begin ] --END-- [ RunTime:0.001153s ]
SQL: SHOW COLUMNS FROM `instrument` [ RunTime:0.0033s ]
SQL: SELECT `instrumentinfo` FROM `instrument` WHERE ( instrumentid='1' ) LIMIT 1   [ RunTime:0.0003s ]
SQL: SHOW COLUMNS FROM `data` [ RunTime:0.0029s ]
SQL: SELECT `datatime`,`data` FROM `data` WHERE ( instrumentid='1' )  [ RunTime:0.0006s ]
INFO: [ app_end ] --START--
INFO: Run Behavior\ShowPageTraceBehavior [ RunTime:0.000877s ]
INFO: [ app_end ] --END-- [ RunTime:0.000972s ]

[ 2016-10-19T14:12:58+08:00 ] 127.0.0.1 /user.php/data/excel
INFO: [ app_init ] --START--
INFO: Run Behavior\BuildLiteBehavior [ RunTime:0.000026s ]
INFO: [ app_init ] --END-- [ RunTime:0.000648s ]
INFO: [ app_begin ] --START--
INFO: Run Behavior\ReadHtmlCacheBehavior [ RunTime:0.000599s ]
INFO: [ app_begin ] --END-- [ RunTime:0.000683s ]
SQL: SHOW COLUMNS FROM `instrument` [ RunTime:0.0042s ]
SQL: SELECT `instrumentinfo` FROM `instrument` WHERE ( instrumentid='1' ) LIMIT 1   [ RunTime:0.0004s ]
SQL: SHOW COLUMNS FROM `data` [ RunTime:0.0029s ]
SQL: SELECT `datatime`,`data` FROM `data` WHERE ( instrumentid='1' )  [ RunTime:0.0006s ]
INFO: [ app_end ] --START--
INFO: Run Behavior\ShowPageTraceBehavior [ RunTime:0.000811s ]
INFO: [ app_end ] --END-- [ RunTime:0.000897s ]

[ 2016-10-19T14:14:45+08:00 ] 127.0.0.1 /user.php/data/excel
INFO: [ app_init ] --START--
INFO: Run Behavior\BuildLiteBehavior [ RunTime:0.000017s ]
INFO: [ app_init ] --END-- [ RunTime:0.000523s ]
INFO: [ app_begin ] --START--
INFO: Run Behavior\ReadHtmlCacheBehavior [ RunTime:0.001113s ]
INFO: [ app_begin ] --END-- [ RunTime:0.001216s ]
SQL: SHOW COLUMNS FROM `instrument` [ RunTime:0.0037s ]
SQL: SELECT `instrumentinfo` FROM `instrument` WHERE ( instrumentid='1' ) LIMIT 1   [ RunTime:0.0004s ]
SQL: SHOW COLUMNS FROM `data` [ RunTime:0.0047s ]
SQL: SELECT `datatime`,`data` FROM `data` WHERE ( instrumentid='1' )  [ RunTime:0.0009s ]
INFO: [ app_end ] --START--
INFO: Run Behavior\ShowPageTraceBehavior [ RunTime:0.001369s ]
INFO: [ app_end ] --END-- [ RunTime:0.001547s ]

[ 2016-10-19T14:15:18+08:00 ] 127.0.0.1 /user.php/data/excel
INFO: [ app_init ] --START--
INFO: Run Behavior\BuildLiteBehavior [ RunTime:0.000026s ]
INFO: [ app_init ] --END-- [ RunTime:0.000647s ]
INFO: [ app_begin ] --START--
INFO: Run Behavior\ReadHtmlCacheBehavior [ RunTime:0.000565s ]
INFO: [ app_begin ] --END-- [ RunTime:0.000632s ]
SQL: SHOW COLUMNS FROM `instrument` [ RunTime:0.0035s ]
SQL: SELECT `instrumentinfo` FROM `instrument` WHERE ( instrumentid='1' ) LIMIT 1   [ RunTime:0.0004s ]
SQL: SHOW COLUMNS FROM `data` [ RunTime:0.0040s ]
SQL: SELECT `datatime`,`data` FROM `data` WHERE ( instrumentid='1' )  [ RunTime:0.0008s ]
INFO: [ app_end ] --START--
INFO: Run Behavior\ShowPageTraceBehavior [ RunTime:0.000970s ]
INFO: [ app_end ] --END-- [ RunTime:0.001099s ]

[ 2016-10-19T14:15:24+08:00 ] 127.0.0.1 /user.php/data/excel
INFO: [ app_init ] --START--
INFO: Run Behavior\BuildLiteBehavior [ RunTime:0.000025s ]
INFO: [ app_init ] --END-- [ RunTime:0.000643s ]
INFO: [ app_begin ] --START--
INFO: Run Behavior\ReadHtmlCacheBehavior [ RunTime:0.000925s ]
INFO: [ app_begin ] --END-- [ RunTime:0.001055s ]
SQL: SHOW COLUMNS FROM `instrument` [ RunTime:0.0044s ]
SQL: SELECT `instrumentinfo` FROM `instrument` WHERE ( instrumentid='1' ) LIMIT 1   [ RunTime:0.0005s ]
SQL: SHOW COLUMNS FROM `data` [ RunTime:0.0035s ]
SQL: SELECT `datatime`,`data` FROM `data` WHERE ( instrumentid='1' )  [ RunTime:0.0007s ]
INFO: [ app_end ] --START--
INFO: Run Behavior\ShowPageTraceBehavior [ RunTime:0.000987s ]
INFO: [ app_end ] --END-- [ RunTime:0.001122s ]

[ 2016-10-19T14:16:02+08:00 ] 127.0.0.1 /user.php/data/excel
INFO: [ app_init ] --START--
INFO: Run Behavior\BuildLiteBehavior [ RunTime:0.000022s ]
INFO: [ app_init ] --END-- [ RunTime:0.000579s ]
INFO: [ app_begin ] --START--
INFO: Run Behavior\ReadHtmlCacheBehavior [ RunTime:0.000570s ]
INFO: [ app_begin ] --END-- [ RunTime:0.000634s ]
SQL: SHOW COLUMNS FROM `instrument` [ RunTime:0.0039s ]
SQL: SELECT `instrumentinfo` FROM `instrument` WHERE ( instrumentid='1' ) LIMIT 1   [ RunTime:0.0004s ]
SQL: SHOW COLUMNS FROM `data` [ RunTime:0.0029s ]
SQL: SELECT `datatime`,`data` FROM `data` WHERE ( instrumentid='1' )  [ RunTime:0.0006s ]
INFO: [ app_end ] --START--
INFO: Run Behavior\ShowPageTraceBehavior [ RunTime:0.001137s ]
INFO: [ app_end ] --END-- [ RunTime:0.001268s ]

[ 2016-10-19T14:16:37+08:00 ] 127.0.0.1 /user.php/data/excel
INFO: [ app_init ] --START--
INFO: Run Behavior\BuildLiteBehavior [ RunTime:0.000026s ]
INFO: [ app_init ] --END-- [ RunTime:0.000719s ]
INFO: [ app_begin ] --START--
INFO: Run Behavior\ReadHtmlCacheBehavior [ RunTime:0.001194s ]
INFO: [ app_begin ] --END-- [ RunTime:0.001439s ]
SQL: SHOW COLUMNS FROM `instrument` [ RunTime:0.0059s ]
SQL: SELECT `instrumentinfo` FROM `instrument` WHERE ( instrumentid='1' ) LIMIT 1   [ RunTime:0.0004s ]
SQL: SHOW COLUMNS FROM `data` [ RunTime:0.0040s ]
SQL: SELECT `datatime`,`data` FROM `data` WHERE ( instrumentid='1' )  [ RunTime:0.0006s ]
NOTIC: [8] Undefined variable: Excel D:\desktop\App\data.test\User\Home\Controller\DataController.class.php 第 108 行.

[ 2016-10-19T14:17:35+08:00 ] 127.0.0.1 /user.php/data/excel
INFO: [ app_init ] --START--
INFO: Run Behavior\BuildLiteBehavior [ RunTime:0.000032s ]
INFO: [ app_init ] --END-- [ RunTime:0.000954s ]
INFO: [ app_begin ] --START--
INFO: Run Behavior\ReadHtmlCacheBehavior [ RunTime:0.001540s ]
INFO: [ app_begin ] --END-- [ RunTime:0.001756s ]
SQL: SHOW COLUMNS FROM `instrument` [ RunTime:0.0114s ]
SQL: SELECT `instrumentinfo` FROM `instrument` WHERE ( instrumentid='1' ) LIMIT 1   [ RunTime:0.0013s ]
SQL: SHOW COLUMNS FROM `data` [ RunTime:0.0089s ]
SQL: SELECT `datatime`,`data` FROM `data` WHERE ( instrumentid='1' )  [ RunTime:0.0017s ]
NOTIC: [8] Undefined variable: Excel D:\desktop\App\data.test\User\Home\Controller\DataController.class.php 第 117 行.

[ 2016-10-19T14:18:59+08:00 ] 127.0.0.1 /user.php/data/excel
INFO: [ app_init ] --START--
INFO: Run Behavior\BuildLiteBehavior [ RunTime:0.000027s ]
INFO: [ app_init ] --END-- [ RunTime:0.000779s ]
INFO: [ app_begin ] --START--
INFO: Run Behavior\ReadHtmlCacheBehavior [ RunTime:0.000898s ]
INFO: [ app_begin ] --END-- [ RunTime:0.001023s ]
SQL: SHOW COLUMNS FROM `instrument` [ RunTime:0.0051s ]
SQL: SELECT `instrumentinfo` FROM `instrument` WHERE ( instrumentid='1' ) LIMIT 1   [ RunTime:0.0004s ]
SQL: SHOW COLUMNS FROM `data` [ RunTime:0.0034s ]
SQL: SELECT `datatime`,`data` FROM `data` WHERE ( instrumentid='1' )  [ RunTime:0.0006s ]
NOTIC: [8] Undefined index: A D:\desktop\App\data.test\User\Home\Controller\DataController.class.php 第 130 行.
NOTIC: [8] Undefined index: A D:\desktop\App\data.test\User\Home\Controller\DataController.class.php 第 130 行.
NOTIC: [8] Undefined index: A D:\desktop\App\data.test\User\Home\Controller\DataController.class.php 第 130 行.
NOTIC: [8] Undefined index: A D:\desktop\App\data.test\User\Home\Controller\DataController.class.php 第 130 行.
NOTIC: [8] Undefined index: A D:\desktop\App\data.test\User\Home\Controller\DataController.class.php 第 130 行.
NOTIC: [8] Undefined index: A D:\desktop\App\data.test\User\Home\Controller\DataController.class.php 第 130 行.
NOTIC: [8] Undefined index: A D:\desktop\App\data.test\User\Home\Controller\DataController.class.php 第 130 行.
NOTIC: [8] Undefined index: A D:\desktop\App\data.test\User\Home\Controller\DataController.class.php 第 130 行.
NOTIC: [8] Undefined index: A D:\desktop\App\data.test\User\Home\Controller\DataController.class.php 第 130 行.
NOTIC: [8] Undefined index: A D:\desktop\App\data.test\User\Home\Controller\DataController.class.php 第 130 行.
NOTIC: [8] Undefined index: A D:\desktop\App\data.test\User\Home\Controller\DataController.class.php 第 130 行.
NOTIC: [8] Undefined index: A D:\desktop\App\data.test\User\Home\Controller\DataController.class.php 第 130 行.
NOTIC: [8] Undefined index: A D:\desktop\App\data.test\User\Home\Controller\DataController.class.php 第 130 行.
NOTIC: [8] Undefined index: A D:\desktop\App\data.test\User\Home\Controller\DataController.class.php 第 130 行.
NOTIC: [8] Undefined index: A D:\desktop\App\data.test\User\Home\Controller\DataController.class.php 第 130 行.
NOTIC: [8] Undefined index: A D:\desktop\App\data.test\User\Home\Controller\DataController.class.php 第 130 行.
NOTIC: [8] Undefined index: A D:\desktop\App\data.test\User\Home\Controller\DataController.class.php 第 130 行.
NOTIC: [8] Undefined index: A D:\desktop\App\data.test\User\Home\Controller\DataController.class.php 第 130 行.
NOTIC: [8] Undefined index: A D:\desktop\App\data.test\User\Home\Controller\DataController.class.php 第 130 行.
NOTIC: [8] Undefined index: A D:\desktop\App\data.test\User\Home\Controller\DataController.class.php 第 130 行.
NOTIC: [8] Undefined index: A D:\desktop\App\data.test\User\Home\Controller\DataController.class.php 第 130 行.
NOTIC: [8] Undefined index: A D:\desktop\App\data.test\User\Home\Controller\DataController.class.php 第 130 行.
NOTIC: [8] Undefined index: A D:\desktop\App\data.test\User\Home\Controller\DataController.class.php 第 130 行.
NOTIC: [8] Undefined index: A D:\desktop\App\data.test\User\Home\Controller\DataController.class.php 第 130 行.
NOTIC: [8] Undefined index: A D:\desktop\App\data.test\User\Home\Controller\DataController.class.php 第 130 行.
NOTIC: [8] Undefined index: A D:\desktop\App\data.test\User\Home\Controller\DataController.class.php 第 130 行.
NOTIC: [8] Undefined index: A D:\desktop\App\data.test\User\Home\Controller\DataController.class.php 第 130 行.
NOTIC: [8] Undefined index: A D:\desktop\App\data.test\User\Home\Controller\DataController.class.php 第 130 行.
NOTIC: [8] Undefined index: A D:\desktop\App\data.test\User\Home\Controller\DataController.class.php 第 130 行.
NOTIC: [8] Undefined index: A D:\desktop\App\data.test\User\Home\Controller\DataController.class.php 第 130 行.
NOTIC: [8] Undefined index: A D:\desktop\App\data.test\User\Home\Controller\DataController.class.php 第 130 行.
NOTIC: [8] Undefined index: A D:\desktop\App\data.test\User\Home\Controller\DataController.class.php 第 130 行.
NOTIC: [8] Undefined index: A D:\desktop\App\data.test\User\Home\Controller\DataController.class.php 第 130 行.
NOTIC: [8] Undefined index: A D:\desktop\App\data.test\User\Home\Controller\DataController.class.php 第 130 行.
NOTIC: [8] Undefined index: A D:\desktop\App\data.test\User\Home\Controller\DataController.class.php 第 130 行.
NOTIC: [8] Undefined index: A D:\desktop\App\data.test\User\Home\Controller\DataController.class.php 第 130 行.
NOTIC: [8] Undefined index: A D:\desktop\App\data.test\User\Home\Controller\DataController.class.php 第 130 行.
NOTIC: [8] Undefined index: A D:\desktop\App\data.test\User\Home\Controller\DataController.class.php 第 130 行.
NOTIC: [8] Undefined index: A D:\desktop\App\data.test\User\Home\Controller\DataController.class.php 第 130 行.
NOTIC: [8] Undefined index: A D:\desktop\App\data.test\User\Home\Controller\DataController.class.php 第 130 行.
NOTIC: [8] Undefined index: A D:\desktop\App\data.test\User\Home\Controller\DataController.class.php 第 130 行.
NOTIC: [8] Undefined index: A D:\desktop\App\data.test\User\Home\Controller\DataController.class.php 第 130 行.
NOTIC: [8] Undefined index: A D:\desktop\App\data.test\User\Home\Controller\DataController.class.php 第 130 行.
NOTIC: [8] Undefined index: A D:\desktop\App\data.test\User\Home\Controller\DataController.class.php 第 130 行.
NOTIC: [8] Undefined index: A D:\desktop\App\data.test\User\Home\Controller\DataController.class.php 第 130 行.
NOTIC: [8] Undefined index: A D:\desktop\App\data.test\User\Home\Controller\DataController.class.php 第 130 行.
NOTIC: [8] Undefined index: A D:\desktop\App\data.test\User\Home\Controller\DataController.class.php 第 130 行.
NOTIC: [8] Undefined index: A D:\desktop\App\data.test\User\Home\Controller\DataController.class.php 第 130 行.
NOTIC: [8] Undefined index: A D:\desktop\App\data.test\User\Home\Controller\DataController.class.php 第 130 行.
NOTIC: [8] Undefined index: A D:\desktop\App\data.test\User\Home\Controller\DataController.class.php 第 130 行.
NOTIC: [8] Undefined index: A D:\desktop\App\data.test\User\Home\Controller\DataController.class.php 第 130 行.
NOTIC: [8] Undefined index: A D:\desktop\App\data.test\User\Home\Controller\DataController.class.php 第 130 行.
NOTIC: [8] Undefined index: A D:\desktop\App\data.test\User\Home\Controller\DataController.class.php 第 130 行.
NOTIC: [8] Undefined index: A D:\desktop\App\data.test\User\Home\Controller\DataController.class.php 第 130 行.
NOTIC: [8] Undefined index: A D:\desktop\App\data.test\User\Home\Controller\DataController.class.php 第 130 行.
NOTIC: [8] Undefined index: A D:\desktop\App\data.test\User\Home\Controller\DataController.class.php 第 130 行.
NOTIC: [8] Undefined index: A D:\desktop\App\data.test\User\Home\Controller\DataController.class.php 第 130 行.
NOTIC: [8] Undefined index: A D:\desktop\App\data.test\User\Home\Controller\DataController.class.php 第 130 行.
NOTIC: [8] Undefined index: A D:\desktop\App\data.test\User\Home\Controller\DataController.class.php 第 130 行.

[ 2016-10-19T14:19:00+08:00 ] 127.0.0.1 /user.php/data/excel
INFO: [ app_init ] --START--
INFO: Run Behavior\BuildLiteBehavior [ RunTime:0.000031s ]
INFO: [ app_init ] --END-- [ RunTime:0.000705s ]
INFO: [ app_begin ] --START--
INFO: Run Behavior\ReadHtmlCacheBehavior [ RunTime:0.001138s ]
INFO: [ app_begin ] --END-- [ RunTime:0.001243s ]
SQL: SHOW COLUMNS FROM `instrument` [ RunTime:0.0038s ]
SQL: SELECT `instrumentinfo` FROM `instrument` WHERE ( instrumentid='1' ) LIMIT 1   [ RunTime:0.0009s ]
SQL: SHOW COLUMNS FROM `data` [ RunTime:0.0044s ]
SQL: SELECT `datatime`,`data` FROM `data` WHERE ( instrumentid='1' )  [ RunTime:0.0022s ]
NOTIC: [8] Undefined index: A D:\desktop\App\data.test\User\Home\Controller\DataController.class.php 第 130 行.
NOTIC: [8] Undefined index: A D:\desktop\App\data.test\User\Home\Controller\DataController.class.php 第 130 行.
NOTIC: [8] Undefined index: A D:\desktop\App\data.test\User\Home\Controller\DataController.class.php 第 130 行.
NOTIC: [8] Undefined index: A D:\desktop\App\data.test\User\Home\Controller\DataController.class.php 第 130 行.
NOTIC: [8] Undefined index: A D:\desktop\App\data.test\User\Home\Controller\DataController.class.php 第 130 行.
NOTIC: [8] Undefined index: A D:\desktop\App\data.test\User\Home\Controller\DataController.class.php 第 130 行.
NOTIC: [8] Undefined index: A D:\desktop\App\data.test\User\Home\Controller\DataController.class.php 第 130 行.
NOTIC: [8] Undefined index: A D:\desktop\App\data.test\User\Home\Controller\DataController.class.php 第 130 行.
NOTIC: [8] Undefined index: A D:\desktop\App\data.test\User\Home\Controller\DataController.class.php 第 130 行.
NOTIC: [8] Undefined index: A D:\desktop\App\data.test\User\Home\Controller\DataController.class.php 第 130 行.
NOTIC: [8] Undefined index: A D:\desktop\App\data.test\User\Home\Controller\DataController.class.php 第 130 行.
NOTIC: [8] Undefined index: A D:\desktop\App\data.test\User\Home\Controller\DataController.class.php 第 130 行.
NOTIC: [8] Undefined index: A D:\desktop\App\data.test\User\Home\Controller\DataController.class.php 第 130 行.
NOTIC: [8] Undefined index: A D:\desktop\App\data.test\User\Home\Controller\DataController.class.php 第 130 行.
NOTIC: [8] Undefined index: A D:\desktop\App\data.test\User\Home\Controller\DataController.class.php 第 130 行.
NOTIC: [8] Undefined index: A D:\desktop\App\data.test\User\Home\Controller\DataController.class.php 第 130 行.
NOTIC: [8] Undefined index: A D:\desktop\App\data.test\User\Home\Controller\DataController.class.php 第 130 行.
NOTIC: [8] Undefined index: A D:\desktop\App\data.test\User\Home\Controller\DataController.class.php 第 130 行.
NOTIC: [8] Undefined index: A D:\desktop\App\data.test\User\Home\Controller\DataController.class.php 第 130 行.
NOTIC: [8] Undefined index: A D:\desktop\App\data.test\User\Home\Controller\DataController.class.php 第 130 行.
NOTIC: [8] Undefined index: A D:\desktop\App\data.test\User\Home\Controller\DataController.class.php 第 130 行.
NOTIC: [8] Undefined index: A D:\desktop\App\data.test\User\Home\Controller\DataController.class.php 第 130 行.
NOTIC: [8] Undefined index: A D:\desktop\App\data.test\User\Home\Controller\DataController.class.php 第 130 行.
NOTIC: [8] Undefined index: A D:\desktop\App\data.test\User\Home\Controller\DataController.class.php 第 130 行.
NOTIC: [8] Undefined index: A D:\desktop\App\data.test\User\Home\Controller\DataController.class.php 第 130 行.
NOTIC: [8] Undefined index: A D:\desktop\App\data.test\User\Home\Controller\DataController.class.php 第 130 行.
NOTIC: [8] Undefined index: A D:\desktop\App\data.test\User\Home\Controller\DataController.class.php 第 130 行.
NOTIC: [8] Undefined index: A D:\desktop\App\data.test\User\Home\Controller\DataController.class.php 第 130 行.
NOTIC: [8] Undefined index: A D:\desktop\App\data.test\User\Home\Controller\DataController.class.php 第 130 行.
NOTIC: [8] Undefined index: A D:\desktop\App\data.test\User\Home\Controller\DataController.class.php 第 130 行.
NOTIC: [8] Undefined index: A D:\desktop\App\data.test\User\Home\Controller\DataController.class.php 第 130 行.
NOTIC: [8] Undefined index: A D:\desktop\App\data.test\User\Home\Controller\DataController.class.php 第 130 行.
NOTIC: [8] Undefined index: A D:\desktop\App\data.test\User\Home\Controller\DataController.class.php 第 130 行.
NOTIC: [8] Undefined index: A D:\desktop\App\data.test\User\Home\Controller\DataController.class.php 第 130 行.
NOTIC: [8] Undefined index: A D:\desktop\App\data.test\User\Home\Controller\DataController.class.php 第 130 行.
NOTIC: [8] Undefined index: A D:\desktop\App\data.test\User\Home\Controller\DataController.class.php 第 130 行.
NOTIC: [8] Undefined index: A D:\desktop\App\data.test\User\Home\Controller\DataController.class.php 第 130 行.
NOTIC: [8] Undefined index: A D:\desktop\App\data.test\User\Home\Controller\DataController.class.php 第 130 行.
NOTIC: [8] Undefined index: A D:\desktop\App\data.test\User\Home\Controller\DataController.class.php 第 130 行.
NOTIC: [8] Undefined index: A D:\desktop\App\data.test\User\Home\Controller\DataController.class.php 第 130 行.
NOTIC: [8] Undefined index: A D:\desktop\App\data.test\User\Home\Controller\DataController.class.php 第 130 行.
NOTIC: [8] Undefined index: A D:\desktop\App\data.test\User\Home\Controller\DataController.class.php 第 130 行.
NOTIC: [8] Undefined index: A D:\desktop\App\data.test\User\Home\Controller\DataController.class.php 第 130 行.
NOTIC: [8] Undefined index: A D:\desktop\App\data.test\User\Home\Controller\DataController.class.php 第 130 行.
NOTIC: [8] Undefined index: A D:\desktop\App\data.test\User\Home\Controller\DataController.class.php 第 130 行.
NOTIC: [8] Undefined index: A D:\desktop\App\data.test\User\Home\Controller\DataController.class.php 第 130 行.
NOTIC: [8] Undefined index: A D:\desktop\App\data.test\User\Home\Controller\DataController.class.php 第 130 行.
NOTIC: [8] Undefined index: A D:\desktop\App\data.test\User\Home\Controller\DataController.class.php 第 130 行.
NOTIC: [8] Undefined index: A D:\desktop\App\data.test\User\Home\Controller\DataController.class.php 第 130 行.
NOTIC: [8] Undefined index: A D:\desktop\App\data.test\User\Home\Controller\DataController.class.php 第 130 行.
NOTIC: [8] Undefined index: A D:\desktop\App\data.test\User\Home\Controller\DataController.class.php 第 130 行.
NOTIC: [8] Undefined index: A D:\desktop\App\data.test\User\Home\Controller\DataController.class.php 第 130 行.
NOTIC: [8] Undefined index: A D:\desktop\App\data.test\User\Home\Controller\DataController.class.php 第 130 行.
NOTIC: [8] Undefined index: A D:\desktop\App\data.test\User\Home\Controller\DataController.class.php 第 130 行.
NOTIC: [8] Undefined index: A D:\desktop\App\data.test\User\Home\Controller\DataController.class.php 第 130 行.
NOTIC: [8] Undefined index: A D:\desktop\App\data.test\User\Home\Controller\DataController.class.php 第 130 行.
NOTIC: [8] Undefined index: A D:\desktop\App\data.test\User\Home\Controller\DataController.class.php 第 130 行.
NOTIC: [8] Undefined index: A D:\desktop\App\data.test\User\Home\Controller\DataController.class.php 第 130 行.
NOTIC: [8] Undefined index: A D:\desktop\App\data.test\User\Home\Controller\DataController.class.php 第 130 行.

