[ 2017-05-31T15:06:24+08:00 ] 127.0.0.1 /user.php/resperrypi.php
INFO: [ app_init ] --START--
INFO: Run Behavior\BuildLiteBehavior [ RunTime:0.000026s ]
INFO: [ app_init ] --END-- [ RunTime:0.000186s ]
INFO: [ app_begin ] --START--
INFO: Run Behavior\ReadHtmlCacheBehavior [ RunTime:0.000060s ]
INFO: [ app_begin ] --END-- [ RunTime:0.000122s ]
ERR: 无法加载控制器:Resperrypi.php

[ 2017-05-31T15:06:43+08:00 ] 127.0.0.1 /user.php/resperrypi/adddata?data=1
INFO: [ app_init ] --START--
INFO: Run Behavior\BuildLiteBehavior [ RunTime:0.000016s ]
INFO: [ app_init ] --END-- [ RunTime:0.000127s ]
INFO: [ app_begin ] --START--
INFO: Run Behavior\ReadHtmlCacheBehavior [ RunTime:0.000051s ]
INFO: [ app_begin ] --END-- [ RunTime:0.000094s ]
ERR: 无法加载控制器:Resperrypi

[ 2017-05-31T15:07:05+08:00 ] 127.0.0.1 /user.php/rasiperrypi/adddata?data=1
INFO: [ app_init ] --START--
INFO: Run Behavior\BuildLiteBehavior [ RunTime:0.000019s ]
INFO: [ app_init ] --END-- [ RunTime:0.000140s ]
INFO: [ app_begin ] --START--
INFO: Run Behavior\ReadHtmlCacheBehavior [ RunTime:0.000067s ]
INFO: [ app_begin ] --END-- [ RunTime:0.000109s ]
ERR: 无法加载控制器:Rasiperrypi

[ 2017-05-31T15:07:32+08:00 ] 127.0.0.1 /user.php/rasiperrypi/adddata?data=1
INFO: [ app_init ] --START--
INFO: Run Behavior\BuildLiteBehavior [ RunTime:0.000025s ]
INFO: [ app_init ] --END-- [ RunTime:0.000208s ]
INFO: [ app_begin ] --START--
INFO: Run Behavior\ReadHtmlCacheBehavior [ RunTime:0.000074s ]
INFO: [ app_begin ] --END-- [ RunTime:0.000142s ]
ERR: 无法加载控制器:Rasiperrypi

[ 2017-05-31T15:07:43+08:00 ] 127.0.0.1 /user.php/rasiperrypi/adddata
INFO: [ app_init ] --START--
INFO: Run Behavior\BuildLiteBehavior [ RunTime:0.000016s ]
INFO: [ app_init ] --END-- [ RunTime:0.000126s ]
INFO: [ app_begin ] --START--
INFO: Run Behavior\ReadHtmlCacheBehavior [ RunTime:0.000046s ]
INFO: [ app_begin ] --END-- [ RunTime:0.000086s ]
ERR: 无法加载控制器:Rasiperrypi

[ 2017-05-31T15:07:47+08:00 ] 127.0.0.1 /user.php/homt/rasiperrypi/adddata
INFO: [ app_init ] --START--
INFO: Run Behavior\BuildLiteBehavior [ RunTime:0.000021s ]
INFO: [ app_init ] --END-- [ RunTime:0.000154s ]
INFO: [ app_begin ] --START--
INFO: Run Behavior\ReadHtmlCacheBehavior [ RunTime:0.000248s ]
INFO: [ app_begin ] --END-- [ RunTime:0.000465s ]
ERR: 无法加载控制器:Homt

[ 2017-05-31T15:07:53+08:00 ] 127.0.0.1 /user.php/home/rasiperrypi/adddata
INFO: [ app_init ] --START--
INFO: Run Behavior\BuildLiteBehavior [ RunTime:0.000012s ]
INFO: [ app_init ] --END-- [ RunTime:0.000081s ]
INFO: [ app_begin ] --START--
INFO: Run Behavior\ReadHtmlCacheBehavior [ RunTime:0.000038s ]
INFO: [ app_begin ] --END-- [ RunTime:0.000074s ]
ERR: 无法加载控制器:Home

[ 2017-05-31T15:07:58+08:00 ] 127.0.0.1 /user.php
INFO: [ app_init ] --START--
INFO: Run Behavior\BuildLiteBehavior [ RunTime:0.000014s ]
INFO: [ app_init ] --END-- [ RunTime:0.000097s ]
INFO: [ app_begin ] --START--
INFO: Run Behavior\ReadHtmlCacheBehavior [ RunTime:0.000038s ]
INFO: [ app_begin ] --END-- [ RunTime:0.000076s ]
INFO: [ view_parse ] --START--
INFO: [ template_filter ] --START--
INFO: Run Behavior\ContentReplaceBehavior [ RunTime:0.000045s ]
INFO: [ template_filter ] --END-- [ RunTime:0.000103s ]
INFO: Run Behavior\ParseTemplateBehavior [ RunTime:0.017710s ]
INFO: [ view_parse ] --END-- [ RunTime:0.017760s ]
INFO: [ view_filter ] --START--
INFO: Run Behavior\WriteHtmlCacheBehavior [ RunTime:0.000045s ]
INFO: [ view_filter ] --END-- [ RunTime:0.000071s ]
INFO: [ app_end ] --START--
INFO: Run Behavior\ShowPageTraceBehavior [ RunTime:0.000038s ]
INFO: [ app_end ] --END-- [ RunTime:0.000065s ]

[ 2017-05-31T15:08:00+08:00 ] 127.0.0.1 /user.php/login/checklogin.html
INFO: [ app_init ] --START--
INFO: Run Behavior\BuildLiteBehavior [ RunTime:0.000018s ]
INFO: [ app_init ] --END-- [ RunTime:0.000116s ]
INFO: [ app_begin ] --START--
INFO: Run Behavior\ReadHtmlCacheBehavior [ RunTime:0.000049s ]
INFO: [ app_begin ] --END-- [ RunTime:0.000110s ]
NOTIC: [8] Undefined index: setcookie /home/woody/桌面/data.test/User/Home/Controller/LoginController.class.php 第 11 行.
SQL: SHOW COLUMNS FROM `user` [ RunTime:0.0005s ]
SQL: SELECT * FROM `user` WHERE ( username='clever' ) LIMIT 1   [ RunTime:0.0002s ]

[ 2017-05-31T15:08:00+08:00 ] 127.0.0.1 /user.php/userindex/userindex.html
INFO: [ app_init ] --START--
INFO: Run Behavior\BuildLiteBehavior [ RunTime:0.000011s ]
INFO: [ app_init ] --END-- [ RunTime:0.000075s ]
INFO: [ app_begin ] --START--
INFO: Run Behavior\ReadHtmlCacheBehavior [ RunTime:0.000032s ]
INFO: [ app_begin ] --END-- [ RunTime:0.000068s ]
SQL: SHOW COLUMNS FROM `camera` [ RunTime:0.0005s ]
SQL: SELECT `cameraid`,`cameraname`,`longitude`,`latitude`,`time` FROM `camera` WHERE ( userid='clever' )  [ RunTime:0.0002s ]
INFO: [ view_parse ] --START--
INFO: [ template_filter ] --START--
INFO: Run Behavior\ContentReplaceBehavior [ RunTime:0.000097s ]
INFO: [ template_filter ] --END-- [ RunTime:0.000151s ]
INFO: Run Behavior\ParseTemplateBehavior [ RunTime:0.019583s ]
INFO: [ view_parse ] --END-- [ RunTime:0.019628s ]
INFO: [ view_filter ] --START--
INFO: Run Behavior\WriteHtmlCacheBehavior [ RunTime:0.000039s ]
INFO: [ view_filter ] --END-- [ RunTime:0.000068s ]
INFO: [ app_end ] --START--
INFO: Run Behavior\ShowPageTraceBehavior [ RunTime:0.000035s ]
INFO: [ app_end ] --END-- [ RunTime:0.000069s ]

[ 2017-05-31T15:08:14+08:00 ] 127.0.0.1 /user.php/rasiperrypi/adddata
INFO: [ app_init ] --START--
INFO: Run Behavior\BuildLiteBehavior [ RunTime:0.000019s ]
INFO: [ app_init ] --END-- [ RunTime:0.000133s ]
INFO: [ app_begin ] --START--
INFO: Run Behavior\ReadHtmlCacheBehavior [ RunTime:0.000065s ]
INFO: [ app_begin ] --END-- [ RunTime:0.000133s ]
ERR: 无法加载控制器:Rasiperrypi

[ 2017-05-31T15:09:11+08:00 ] 127.0.0.1 /user.php/rasiperrypi/adddata
INFO: [ app_init ] --START--
INFO: Run Behavior\BuildLiteBehavior [ RunTime:0.000018s ]
INFO: [ app_init ] --END-- [ RunTime:0.000135s ]
INFO: [ app_begin ] --START--
INFO: Run Behavior\ReadHtmlCacheBehavior [ RunTime:0.000064s ]
INFO: [ app_begin ] --END-- [ RunTime:0.000129s ]
ERR: 无法加载控制器:Rasiperrypi

[ 2017-05-31T15:09:17+08:00 ] 127.0.0.1 /user.php/pi/adddata
INFO: [ app_init ] --START--
INFO: Run Behavior\BuildLiteBehavior [ RunTime:0.000017s ]
INFO: [ app_init ] --END-- [ RunTime:0.000125s ]
INFO: [ app_begin ] --START--
INFO: Run Behavior\ReadHtmlCacheBehavior [ RunTime:0.000061s ]
INFO: [ app_begin ] --END-- [ RunTime:0.000123s ]
ERR: 无法加载控制器:Pi

[ 2017-05-31T15:09:42+08:00 ] 127.0.0.1 /user.php/pi/adddata
INFO: [ app_init ] --START--
INFO: Run Behavior\BuildLiteBehavior [ RunTime:0.000012s ]
INFO: [ app_init ] --END-- [ RunTime:0.000086s ]
INFO: [ app_begin ] --START--
INFO: Run Behavior\ReadHtmlCacheBehavior [ RunTime:0.000040s ]
INFO: [ app_begin ] --END-- [ RunTime:0.000075s ]
INFO: [ app_end ] --START--
INFO: Run Behavior\ShowPageTraceBehavior [ RunTime:0.000065s ]
INFO: [ app_end ] --END-- [ RunTime:0.000127s ]

[ 2017-05-31T15:09:45+08:00 ] 127.0.0.1 /user.php/pi/adddata?data=1
INFO: [ app_init ] --START--
INFO: Run Behavior\BuildLiteBehavior [ RunTime:0.000014s ]
INFO: [ app_init ] --END-- [ RunTime:0.000103s ]
INFO: [ app_begin ] --START--
INFO: Run Behavior\ReadHtmlCacheBehavior [ RunTime:0.000040s ]
INFO: [ app_begin ] --END-- [ RunTime:0.000077s ]
INFO: [ app_end ] --START--
INFO: Run Behavior\ShowPageTraceBehavior [ RunTime:0.000033s ]
INFO: [ app_end ] --END-- [ RunTime:0.000065s ]

[ 2017-05-31T15:34:22+08:00 ] 127.0.0.1 /user.php/pi/adddata?data=1
INFO: [ app_init ] --START--
INFO: Run Behavior\BuildLiteBehavior [ RunTime:0.000012s ]
INFO: [ app_init ] --END-- [ RunTime:0.000082s ]
INFO: [ app_begin ] --START--
INFO: Run Behavior\ReadHtmlCacheBehavior [ RunTime:0.000038s ]
INFO: [ app_begin ] --END-- [ RunTime:0.000080s ]

[ 2017-05-31T15:34:35+08:00 ] 127.0.0.1 /user.php/pi
INFO: [ app_init ] --START--
INFO: Run Behavior\BuildLiteBehavior [ RunTime:0.000012s ]
INFO: [ app_init ] --END-- [ RunTime:0.000085s ]
INFO: [ app_begin ] --START--
INFO: Run Behavior\ReadHtmlCacheBehavior [ RunTime:0.000040s ]
INFO: [ app_begin ] --END-- [ RunTime:0.000079s ]
ERR: 非法操作:login

[ 2017-05-31T15:34:39+08:00 ] 127.0.0.1 /user.php/pi/adddata
INFO: [ app_init ] --START--
INFO: Run Behavior\BuildLiteBehavior [ RunTime:0.000014s ]
INFO: [ app_init ] --END-- [ RunTime:0.000090s ]
INFO: [ app_begin ] --START--
INFO: Run Behavior\ReadHtmlCacheBehavior [ RunTime:0.000037s ]
INFO: [ app_begin ] --END-- [ RunTime:0.000073s ]

[ 2017-05-31T15:34:54+08:00 ] 127.0.0.1 /user.php/pi
INFO: [ app_init ] --START--
INFO: Run Behavior\BuildLiteBehavior [ RunTime:0.000013s ]
INFO: [ app_init ] --END-- [ RunTime:0.000093s ]
INFO: [ app_begin ] --START--
INFO: Run Behavior\ReadHtmlCacheBehavior [ RunTime:0.000046s ]
INFO: [ app_begin ] --END-- [ RunTime:0.000109s ]
ERR: 非法操作:login

[ 2017-05-31T15:34:54+08:00 ] 127.0.0.1 /user.php/pi/adddata?data=1
INFO: [ app_init ] --START--
INFO: Run Behavior\BuildLiteBehavior [ RunTime:0.000011s ]
INFO: [ app_init ] --END-- [ RunTime:0.000074s ]
INFO: [ app_begin ] --START--
INFO: Run Behavior\ReadHtmlCacheBehavior [ RunTime:0.000033s ]
INFO: [ app_begin ] --END-- [ RunTime:0.000067s ]

[ 2017-05-31T15:34:56+08:00 ] 127.0.0.1 /user.php/pi/adddata
INFO: [ app_init ] --START--
INFO: Run Behavior\BuildLiteBehavior [ RunTime:0.000011s ]
INFO: [ app_init ] --END-- [ RunTime:0.000075s ]
INFO: [ app_begin ] --START--
INFO: Run Behavior\ReadHtmlCacheBehavior [ RunTime:0.000032s ]
INFO: [ app_begin ] --END-- [ RunTime:0.000067s ]

[ 2017-05-31T15:34:57+08:00 ] 127.0.0.1 /user.php/rasiperrypi/adddata
INFO: [ app_init ] --START--
INFO: Run Behavior\BuildLiteBehavior [ RunTime:0.000012s ]
INFO: [ app_init ] --END-- [ RunTime:0.000082s ]
INFO: [ app_begin ] --START--
INFO: Run Behavior\ReadHtmlCacheBehavior [ RunTime:0.000047s ]
INFO: [ app_begin ] --END-- [ RunTime:0.000093s ]
ERR: 无法加载控制器:Rasiperrypi

[ 2017-05-31T15:34:59+08:00 ] 127.0.0.1 /user.php/pi/adddata
INFO: [ app_init ] --START--
INFO: Run Behavior\BuildLiteBehavior [ RunTime:0.000018s ]
INFO: [ app_init ] --END-- [ RunTime:0.000116s ]
INFO: [ app_begin ] --START--
INFO: Run Behavior\ReadHtmlCacheBehavior [ RunTime:0.000065s ]
INFO: [ app_begin ] --END-- [ RunTime:0.000152s ]

[ 2017-05-31T15:35:03+08:00 ] 127.0.0.1 /user.php/pi/adddata?data=1
INFO: [ app_init ] --START--
INFO: Run Behavior\BuildLiteBehavior [ RunTime:0.000011s ]
INFO: [ app_init ] --END-- [ RunTime:0.000083s ]
INFO: [ app_begin ] --START--
INFO: Run Behavior\ReadHtmlCacheBehavior [ RunTime:0.000067s ]
INFO: [ app_begin ] --END-- [ RunTime:0.000109s ]

[ 2017-05-31T15:35:30+08:00 ] 127.0.0.1 /user.php/pi/adddata?data=1
INFO: [ app_init ] --START--
INFO: Run Behavior\BuildLiteBehavior [ RunTime:0.000012s ]
INFO: [ app_init ] --END-- [ RunTime:0.000085s ]
INFO: [ app_begin ] --START--
INFO: Run Behavior\ReadHtmlCacheBehavior [ RunTime:0.000041s ]
INFO: [ app_begin ] --END-- [ RunTime:0.000077s ]
INFO: [ app_end ] --START--
INFO: Run Behavior\ShowPageTraceBehavior [ RunTime:0.000045s ]
INFO: [ app_end ] --END-- [ RunTime:0.000086s ]

[ 2017-05-31T15:35:48+08:00 ] 127.0.0.1 /user.php/pi/adddata?data=1
INFO: [ app_init ] --START--
INFO: Run Behavior\BuildLiteBehavior [ RunTime:0.000011s ]
INFO: [ app_init ] --END-- [ RunTime:0.000080s ]
INFO: [ app_begin ] --START--
INFO: Run Behavior\ReadHtmlCacheBehavior [ RunTime:0.000037s ]
INFO: [ app_begin ] --END-- [ RunTime:0.000073s ]
NOTIC: [8] Undefined index: datatime /home/woody/桌面/data.test/User/Home/Controller/PiController.class.php 第 11 行.
INFO: [ app_end ] --START--
INFO: Run Behavior\ShowPageTraceBehavior [ RunTime:0.000052s ]
INFO: [ app_end ] --END-- [ RunTime:0.000085s ]

[ 2017-05-31T15:36:03+08:00 ] 127.0.0.1 /user.php/pi/adddata?data=1
INFO: [ app_init ] --START--
INFO: Run Behavior\BuildLiteBehavior [ RunTime:0.000012s ]
INFO: [ app_init ] --END-- [ RunTime:0.000079s ]
INFO: [ app_begin ] --START--
INFO: Run Behavior\ReadHtmlCacheBehavior [ RunTime:0.000036s ]
INFO: [ app_begin ] --END-- [ RunTime:0.000072s ]
NOTIC: [2] date() expects at least 1 parameter, 0 given /home/woody/桌面/data.test/User/Home/Controller/PiController.class.php 第 9 行.
INFO: [ app_end ] --START--
INFO: Run Behavior\ShowPageTraceBehavior [ RunTime:0.000076s ]
INFO: [ app_end ] --END-- [ RunTime:0.000133s ]

[ 2017-05-31T15:36:12+08:00 ] 127.0.0.1 /user.php/pi/adddata?data=1
INFO: [ app_init ] --START--
INFO: Run Behavior\BuildLiteBehavior [ RunTime:0.000012s ]
INFO: [ app_init ] --END-- [ RunTime:0.000081s ]
INFO: [ app_begin ] --START--
INFO: Run Behavior\ReadHtmlCacheBehavior [ RunTime:0.000065s ]
INFO: [ app_begin ] --END-- [ RunTime:0.000126s ]
NOTIC: [2] date() expects at least 1 parameter, 0 given /home/woody/桌面/data.test/User/Home/Controller/PiController.class.php 第 9 行.
INFO: [ app_end ] --START--
INFO: Run Behavior\ShowPageTraceBehavior [ RunTime:0.000053s ]
INFO: [ app_end ] --END-- [ RunTime:0.000099s ]

[ 2017-05-31T15:36:13+08:00 ] 127.0.0.1 /user.php/pi/adddata?data=1
INFO: [ app_init ] --START--
INFO: Run Behavior\BuildLiteBehavior [ RunTime:0.000013s ]
INFO: [ app_init ] --END-- [ RunTime:0.000084s ]
INFO: [ app_begin ] --START--
INFO: Run Behavior\ReadHtmlCacheBehavior [ RunTime:0.000035s ]
INFO: [ app_begin ] --END-- [ RunTime:0.000070s ]
NOTIC: [2] date() expects at least 1 parameter, 0 given /home/woody/桌面/data.test/User/Home/Controller/PiController.class.php 第 9 行.
INFO: [ app_end ] --START--
INFO: Run Behavior\ShowPageTraceBehavior [ RunTime:0.000031s ]
INFO: [ app_end ] --END-- [ RunTime:0.000062s ]

[ 2017-05-31T15:37:00+08:00 ] 127.0.0.1 /user.php/pi/adddata?data=1
INFO: [ app_init ] --START--
INFO: Run Behavior\BuildLiteBehavior [ RunTime:0.000011s ]
INFO: [ app_init ] --END-- [ RunTime:0.000081s ]
INFO: [ app_begin ] --START--
INFO: Run Behavior\ReadHtmlCacheBehavior [ RunTime:0.000037s ]
INFO: [ app_begin ] --END-- [ RunTime:0.000073s ]
INFO: [ app_end ] --START--
INFO: Run Behavior\ShowPageTraceBehavior [ RunTime:0.000043s ]
INFO: [ app_end ] --END-- [ RunTime:0.000082s ]

[ 2017-05-31T15:37:08+08:00 ] 127.0.0.1 /user.php/pi/adddata?data=1
INFO: [ app_init ] --START--
INFO: Run Behavior\BuildLiteBehavior [ RunTime:0.000018s ]
INFO: [ app_init ] --END-- [ RunTime:0.000131s ]
INFO: [ app_begin ] --START--
INFO: Run Behavior\ReadHtmlCacheBehavior [ RunTime:0.000064s ]
INFO: [ app_begin ] --END-- [ RunTime:0.000126s ]
INFO: [ app_end ] --START--
INFO: Run Behavior\ShowPageTraceBehavior [ RunTime:0.000071s ]
INFO: [ app_end ] --END-- [ RunTime:0.000134s ]

[ 2017-05-31T15:37:23+08:00 ] 127.0.0.1 /user.php/pi/adddata?data=1
INFO: [ app_init ] --START--
INFO: Run Behavior\BuildLiteBehavior [ RunTime:0.000012s ]
INFO: [ app_init ] --END-- [ RunTime:0.000084s ]
INFO: [ app_begin ] --START--
INFO: Run Behavior\ReadHtmlCacheBehavior [ RunTime:0.000039s ]
INFO: [ app_begin ] --END-- [ RunTime:0.000074s ]
INFO: [ app_end ] --START--
INFO: Run Behavior\ShowPageTraceBehavior [ RunTime:0.000040s ]
INFO: [ app_end ] --END-- [ RunTime:0.000077s ]

[ 2017-05-31T15:37:48+08:00 ] 127.0.0.1 /user.php/pi/adddata?data=1
INFO: [ app_init ] --START--
INFO: Run Behavior\BuildLiteBehavior [ RunTime:0.000013s ]
INFO: [ app_init ] --END-- [ RunTime:0.000084s ]
INFO: [ app_begin ] --START--
INFO: Run Behavior\ReadHtmlCacheBehavior [ RunTime:0.000069s ]
INFO: [ app_begin ] --END-- [ RunTime:0.000112s ]
SQL: SHOW COLUMNS FROM `data` [ RunTime:0.0005s ]
NOTIC: [8] Use of undefined constant data - assumed 'data' /home/woody/桌面/data.test/User/Home/Controller/PiController.class.php 第 10 行.
NOTIC: [2] Invalid argument supplied for foreach() /home/woody/桌面/data.test/ThinkPHP/Library/Think/Model.class.php 第 267 行.
NOTIC: [2] Invalid argument supplied for foreach() /home/woody/桌面/data.test/ThinkPHP/Library/Think/Db/Driver.class.php 第 802 行.
ERR: 1452:Cannot add or update a child row: a foreign key constraint fails (`data`.`data`, CONSTRAINT `datainstrument` FOREIGN KEY (`instrumentid`) REFERENCES `instrument` (`instrumentid`) ON DELETE NO ACTION ON UPDATE NO ACTION)
 [ SQL语句 ] : INSERT INTO `data` () VALUES ()
ERR: 1452:Cannot add or update a child row: a foreign key constraint fails (`data`.`data`, CONSTRAINT `datainstrument` FOREIGN KEY (`instrumentid`) REFERENCES `instrument` (`instrumentid`) ON DELETE NO ACTION ON UPDATE NO ACTION)
 [ SQL语句 ] : INSERT INTO `data` () VALUES ()

[ 2017-05-31T15:38:06+08:00 ] 127.0.0.1 /user.php/pi/adddata?data=1
INFO: [ app_init ] --START--
INFO: Run Behavior\BuildLiteBehavior [ RunTime:0.000018s ]
INFO: [ app_init ] --END-- [ RunTime:0.000126s ]
INFO: [ app_begin ] --START--
INFO: Run Behavior\ReadHtmlCacheBehavior [ RunTime:0.000063s ]
INFO: [ app_begin ] --END-- [ RunTime:0.000124s ]
SQL: SHOW COLUMNS FROM `data` [ RunTime:0.0005s ]
SQL: INSERT INTO `data` (`instrumentid`,`data`,`datatime`) VALUES ('1','1','2017-05-31 15:05:06') [ RunTime:0.0297s ]
INFO: [ app_end ] --START--
INFO: Run Behavior\ShowPageTraceBehavior [ RunTime:0.000072s ]
INFO: [ app_end ] --END-- [ RunTime:0.000114s ]

[ 2017-05-31T15:38:41+08:00 ] 127.0.0.1 /user.php
INFO: [ app_init ] --START--
INFO: Run Behavior\BuildLiteBehavior [ RunTime:0.000012s ]
INFO: [ app_init ] --END-- [ RunTime:0.000081s ]
INFO: [ app_begin ] --START--
INFO: Run Behavior\ReadHtmlCacheBehavior [ RunTime:0.000035s ]
INFO: [ app_begin ] --END-- [ RunTime:0.000067s ]
INFO: [ view_parse ] --START--
INFO: [ template_filter ] --START--
INFO: Run Behavior\ContentReplaceBehavior [ RunTime:0.000040s ]
INFO: [ template_filter ] --END-- [ RunTime:0.000090s ]
INFO: Run Behavior\ParseTemplateBehavior [ RunTime:0.001947s ]
INFO: [ view_parse ] --END-- [ RunTime:0.001988s ]
INFO: [ view_filter ] --START--
INFO: Run Behavior\WriteHtmlCacheBehavior [ RunTime:0.000048s ]
INFO: [ view_filter ] --END-- [ RunTime:0.000074s ]
INFO: [ app_end ] --START--
INFO: Run Behavior\ShowPageTraceBehavior [ RunTime:0.000031s ]
INFO: [ app_end ] --END-- [ RunTime:0.000056s ]

[ 2017-05-31T15:38:43+08:00 ] 127.0.0.1 /user.php/login/checklogin.html
INFO: [ app_init ] --START--
INFO: Run Behavior\BuildLiteBehavior [ RunTime:0.000011s ]
INFO: [ app_init ] --END-- [ RunTime:0.000074s ]
INFO: [ app_begin ] --START--
INFO: Run Behavior\ReadHtmlCacheBehavior [ RunTime:0.000030s ]
INFO: [ app_begin ] --END-- [ RunTime:0.000064s ]
NOTIC: [8] Undefined index: setcookie /home/woody/桌面/data.test/User/Home/Controller/LoginController.class.php 第 11 行.
SQL: SHOW COLUMNS FROM `user` [ RunTime:0.0005s ]
SQL: SELECT * FROM `user` WHERE ( username='clever' ) LIMIT 1   [ RunTime:0.0001s ]

[ 2017-05-31T15:38:43+08:00 ] 127.0.0.1 /user.php/userindex/userindex.html
INFO: [ app_init ] --START--
INFO: Run Behavior\BuildLiteBehavior [ RunTime:0.000012s ]
INFO: [ app_init ] --END-- [ RunTime:0.000077s ]
INFO: [ app_begin ] --START--
INFO: Run Behavior\ReadHtmlCacheBehavior [ RunTime:0.000032s ]
INFO: [ app_begin ] --END-- [ RunTime:0.000067s ]
SQL: SHOW COLUMNS FROM `camera` [ RunTime:0.0012s ]
SQL: SELECT `cameraid`,`cameraname`,`longitude`,`latitude`,`time` FROM `camera` WHERE ( userid='clever' )  [ RunTime:0.0002s ]
INFO: [ view_parse ] --START--
INFO: [ template_filter ] --START--
INFO: Run Behavior\ContentReplaceBehavior [ RunTime:0.000087s ]
INFO: [ template_filter ] --END-- [ RunTime:0.000130s ]
INFO: Run Behavior\ParseTemplateBehavior [ RunTime:0.010738s ]
INFO: [ view_parse ] --END-- [ RunTime:0.010806s ]
INFO: [ view_filter ] --START--
INFO: Run Behavior\WriteHtmlCacheBehavior [ RunTime:0.000048s ]
INFO: [ view_filter ] --END-- [ RunTime:0.000075s ]
INFO: [ app_end ] --START--
INFO: Run Behavior\ShowPageTraceBehavior [ RunTime:0.000035s ]
INFO: [ app_end ] --END-- [ RunTime:0.000069s ]

[ 2017-05-31T15:38:48+08:00 ] 127.0.0.1 /user.php/camera/camera/cameraid/1.html
INFO: [ app_init ] --START--
INFO: Run Behavior\BuildLiteBehavior [ RunTime:0.000013s ]
INFO: [ app_init ] --END-- [ RunTime:0.000095s ]
INFO: [ app_begin ] --START--
INFO: Run Behavior\ReadHtmlCacheBehavior [ RunTime:0.000042s ]
INFO: [ app_begin ] --END-- [ RunTime:0.000078s ]
SQL: SHOW COLUMNS FROM `camera` [ RunTime:0.0007s ]
SQL: SELECT * FROM `camera` WHERE ( cameraid='1' ) LIMIT 1   [ RunTime:0.0003s ]
SQL: SELECT * FROM `camera` WHERE ( cameraid='1' ) LIMIT 1   [ RunTime:0.0002s ]
SQL: SELECT `cameraname`,`cameraid` FROM `camera` WHERE ( userid='clever' )  [ RunTime:0.0006s ]
SQL: SHOW COLUMNS FROM `instrument` [ RunTime:0.0007s ]
SQL: SELECT `instrumentid`,`instrumentinfo` FROM `instrument` WHERE ( cameraid='1' )  [ RunTime:0.0003s ]
SQL: SHOW COLUMNS FROM `data` [ RunTime:0.0005s ]
SQL: SELECT `data`,`datatime` FROM `data` WHERE ( instrumentid='1' ) ORDER BY datatime desc LIMIT 15   [ RunTime:0.0003s ]
SQL: SELECT `data`,`datatime` FROM `data` WHERE ( instrumentid='5' ) ORDER BY datatime desc LIMIT 15   [ RunTime:0.0002s ]
SQL: SELECT `data`,`datatime` FROM `data` WHERE ( instrumentid='9' ) ORDER BY datatime desc LIMIT 15   [ RunTime:0.0002s ]
SQL: SELECT `data`,`datatime` FROM `data` WHERE ( instrumentid='13' ) ORDER BY datatime desc LIMIT 15   [ RunTime:0.0002s ]
INFO: [ view_parse ] --START--
NOTIC: [8] Undefined index: value /home/woody/桌面/data.test/ThinkPHP/Library/Think/Template/TagLib/Cx.class.php 第 251 行.
INFO: [ template_filter ] --START--
INFO: Run Behavior\ContentReplaceBehavior [ RunTime:0.000098s ]
INFO: [ template_filter ] --END-- [ RunTime:0.000159s ]
INFO: Run Behavior\ParseTemplateBehavior [ RunTime:0.028149s ]
INFO: [ view_parse ] --END-- [ RunTime:0.028204s ]
INFO: [ view_filter ] --START--
INFO: Run Behavior\WriteHtmlCacheBehavior [ RunTime:0.000060s ]
INFO: [ view_filter ] --END-- [ RunTime:0.000089s ]
INFO: [ app_end ] --START--
INFO: Run Behavior\ShowPageTraceBehavior [ RunTime:0.000045s ]
INFO: [ app_end ] --END-- [ RunTime:0.000082s ]

[ 2017-05-31T15:38:59+08:00 ] 127.0.0.1 /user.php/data/data/instrumentid/1.html
INFO: [ app_init ] --START--
INFO: Run Behavior\BuildLiteBehavior [ RunTime:0.000011s ]
INFO: [ app_init ] --END-- [ RunTime:0.000082s ]
INFO: [ app_begin ] --START--
INFO: Run Behavior\ReadHtmlCacheBehavior [ RunTime:0.000036s ]
INFO: [ app_begin ] --END-- [ RunTime:0.000071s ]
SQL: SHOW COLUMNS FROM `data` [ RunTime:0.0005s ]
SQL: SELECT `datatime`,`data` FROM `data` WHERE ( instrumentid='1' ) LIMIT 30   [ RunTime:0.0003s ]
SQL: SHOW COLUMNS FROM `instrument` [ RunTime:0.0005s ]
SQL: SELECT `instrumentinfo`,`cameraid`,`instrumentid` FROM `instrument` WHERE ( instrumentid='1' ) LIMIT 1   [ RunTime:0.0002s ]
SQL: SHOW COLUMNS FROM `camera` [ RunTime:0.0004s ]
SQL: SELECT `cameraname` FROM `camera` WHERE ( cameraid='1' ) LIMIT 1   [ RunTime:0.0002s ]
SQL: SELECT `cameraname`,`cameraid` FROM `camera` WHERE ( userid='clever' )  [ RunTime:0.0001s ]
INFO: [ view_parse ] --START--
INFO: [ template_filter ] --START--
INFO: Run Behavior\ContentReplaceBehavior [ RunTime:0.000084s ]
INFO: [ template_filter ] --END-- [ RunTime:0.000142s ]
INFO: Run Behavior\ParseTemplateBehavior [ RunTime:0.022180s ]
INFO: [ view_parse ] --END-- [ RunTime:0.022225s ]
INFO: [ view_filter ] --START--
INFO: Run Behavior\WriteHtmlCacheBehavior [ RunTime:0.000051s ]
INFO: [ view_filter ] --END-- [ RunTime:0.000078s ]
INFO: [ app_end ] --START--
INFO: Run Behavior\ShowPageTraceBehavior [ RunTime:0.000037s ]
INFO: [ app_end ] --END-- [ RunTime:0.000071s ]

[ 2017-05-31T15:39:55+08:00 ] 127.0.0.1 /user.php/data/data/instrumentid/1.html
INFO: [ app_init ] --START--
INFO: Run Behavior\BuildLiteBehavior [ RunTime:0.000013s ]
INFO: [ app_init ] --END-- [ RunTime:0.000092s ]
INFO: [ app_begin ] --START--
INFO: Run Behavior\ReadHtmlCacheBehavior [ RunTime:0.000039s ]
INFO: [ app_begin ] --END-- [ RunTime:0.000074s ]
SQL: SHOW COLUMNS FROM `data` [ RunTime:0.0005s ]
SQL: SELECT `datatime`,`data` FROM `data` WHERE ( instrumentid='1' ) LIMIT 30   [ RunTime:0.0001s ]
SQL: SHOW COLUMNS FROM `instrument` [ RunTime:0.0005s ]
SQL: SELECT `instrumentinfo`,`cameraid`,`instrumentid` FROM `instrument` WHERE ( instrumentid='1' ) LIMIT 1   [ RunTime:0.0001s ]
SQL: SHOW COLUMNS FROM `camera` [ RunTime:0.0004s ]
SQL: SELECT `cameraname` FROM `camera` WHERE ( cameraid='1' ) LIMIT 1   [ RunTime:0.0001s ]
SQL: SELECT `cameraname`,`cameraid` FROM `camera` WHERE ( userid='clever' )  [ RunTime:0.0001s ]
INFO: [ view_parse ] --START--
INFO: [ template_filter ] --START--
INFO: Run Behavior\ContentReplaceBehavior [ RunTime:0.000079s ]
INFO: [ template_filter ] --END-- [ RunTime:0.000134s ]
INFO: Run Behavior\ParseTemplateBehavior [ RunTime:0.008918s ]
INFO: [ view_parse ] --END-- [ RunTime:0.008972s ]
INFO: [ view_filter ] --START--
INFO: Run Behavior\WriteHtmlCacheBehavior [ RunTime:0.000046s ]
INFO: [ view_filter ] --END-- [ RunTime:0.000073s ]
INFO: [ app_end ] --START--
INFO: Run Behavior\ShowPageTraceBehavior [ RunTime:0.000043s ]
INFO: [ app_end ] --END-- [ RunTime:0.000078s ]

[ 2017-05-31T15:41:04+08:00 ] 127.0.0.1 /user.php/data/date
INFO: [ app_init ] --START--
INFO: Run Behavior\BuildLiteBehavior [ RunTime:0.000012s ]
INFO: [ app_init ] --END-- [ RunTime:0.000088s ]
INFO: [ app_begin ] --START--
INFO: Run Behavior\ReadHtmlCacheBehavior [ RunTime:0.000036s ]
INFO: [ app_begin ] --END-- [ RunTime:0.000069s ]
NOTIC: [8192] Function split() is deprecated /home/woody/桌面/data.test/User/Home/Controller/DataController.class.php 第 50 行.
SQL: SHOW COLUMNS FROM `data` [ RunTime:0.0005s ]
SQL: SELECT `datatime`,`data` FROM `data` WHERE `instrumentid` = 1 AND `datatime` LIKE '2017-%5-%31' LIMIT 30   [ RunTime:0.0003s ]
INFO: [ app_end ] --START--
INFO: Run Behavior\ShowPageTraceBehavior [ RunTime:0.000082s ]
INFO: [ app_end ] --END-- [ RunTime:0.000140s ]

[ 2017-05-31T15:41:06+08:00 ] 127.0.0.1 /user.php/data/date
INFO: [ app_init ] --START--
INFO: Run Behavior\BuildLiteBehavior [ RunTime:0.000017s ]
INFO: [ app_init ] --END-- [ RunTime:0.000116s ]
INFO: [ app_begin ] --START--
INFO: Run Behavior\ReadHtmlCacheBehavior [ RunTime:0.000049s ]
INFO: [ app_begin ] --END-- [ RunTime:0.000103s ]
NOTIC: [8192] Function split() is deprecated /home/woody/桌面/data.test/User/Home/Controller/DataController.class.php 第 50 行.
SQL: SHOW COLUMNS FROM `data` [ RunTime:0.0005s ]
SQL: SELECT `datatime`,`data` FROM `data` WHERE `instrumentid` = 1 AND `datatime` LIKE '2017-%5-%31' LIMIT 30   [ RunTime:0.0001s ]
INFO: [ app_end ] --START--
INFO: Run Behavior\ShowPageTraceBehavior [ RunTime:0.000058s ]
INFO: [ app_end ] --END-- [ RunTime:0.000109s ]

[ 2017-05-31T15:41:07+08:00 ] 127.0.0.1 /user.php/data/date
INFO: [ app_init ] --START--
INFO: Run Behavior\BuildLiteBehavior [ RunTime:0.000017s ]
INFO: [ app_init ] --END-- [ RunTime:0.000124s ]
INFO: [ app_begin ] --START--
INFO: Run Behavior\ReadHtmlCacheBehavior [ RunTime:0.000065s ]
INFO: [ app_begin ] --END-- [ RunTime:0.000104s ]
NOTIC: [8192] Function split() is deprecated /home/woody/桌面/data.test/User/Home/Controller/DataController.class.php 第 50 行.
SQL: SHOW COLUMNS FROM `data` [ RunTime:0.0005s ]
SQL: SELECT `datatime`,`data` FROM `data` WHERE `instrumentid` = 1 AND `datatime` LIKE '2017-%5-%31' LIMIT 30   [ RunTime:0.0001s ]
INFO: [ app_end ] --START--
INFO: Run Behavior\ShowPageTraceBehavior [ RunTime:0.000046s ]
INFO: [ app_end ] --END-- [ RunTime:0.000077s ]

[ 2017-05-31T15:41:07+08:00 ] 127.0.0.1 /user.php/data/date
INFO: [ app_init ] --START--
INFO: Run Behavior\BuildLiteBehavior [ RunTime:0.000017s ]
INFO: [ app_init ] --END-- [ RunTime:0.000112s ]
INFO: [ app_begin ] --START--
INFO: Run Behavior\ReadHtmlCacheBehavior [ RunTime:0.000045s ]
INFO: [ app_begin ] --END-- [ RunTime:0.000096s ]
NOTIC: [8192] Function split() is deprecated /home/woody/桌面/data.test/User/Home/Controller/DataController.class.php 第 50 行.
SQL: SHOW COLUMNS FROM `data` [ RunTime:0.0005s ]
SQL: SELECT `datatime`,`data` FROM `data` WHERE `instrumentid` = 1 AND `datatime` LIKE '2017-%5-%31' LIMIT 30   [ RunTime:0.0001s ]
INFO: [ app_end ] --START--
INFO: Run Behavior\ShowPageTraceBehavior [ RunTime:0.000054s ]
INFO: [ app_end ] --END-- [ RunTime:0.000100s ]

[ 2017-05-31T15:41:08+08:00 ] 127.0.0.1 /user.php/data/date
INFO: [ app_init ] --START--
INFO: Run Behavior\BuildLiteBehavior [ RunTime:0.000016s ]
INFO: [ app_init ] --END-- [ RunTime:0.000114s ]
INFO: [ app_begin ] --START--
INFO: Run Behavior\ReadHtmlCacheBehavior [ RunTime:0.000049s ]
INFO: [ app_begin ] --END-- [ RunTime:0.000104s ]
NOTIC: [8192] Function split() is deprecated /home/woody/桌面/data.test/User/Home/Controller/DataController.class.php 第 50 行.
SQL: SHOW COLUMNS FROM `data` [ RunTime:0.0005s ]
SQL: SELECT `datatime`,`data` FROM `data` WHERE `instrumentid` = 1 AND `datatime` LIKE '2017-%5-%31' LIMIT 30   [ RunTime:0.0001s ]
INFO: [ app_end ] --START--
INFO: Run Behavior\ShowPageTraceBehavior [ RunTime:0.000055s ]
INFO: [ app_end ] --END-- [ RunTime:0.000100s ]

[ 2017-05-31T15:41:08+08:00 ] 127.0.0.1 /user.php/data/date
INFO: [ app_init ] --START--
INFO: Run Behavior\BuildLiteBehavior [ RunTime:0.000016s ]
INFO: [ app_init ] --END-- [ RunTime:0.000114s ]
INFO: [ app_begin ] --START--
INFO: Run Behavior\ReadHtmlCacheBehavior [ RunTime:0.000051s ]
INFO: [ app_begin ] --END-- [ RunTime:0.000107s ]
NOTIC: [8192] Function split() is deprecated /home/woody/桌面/data.test/User/Home/Controller/DataController.class.php 第 50 行.
SQL: SHOW COLUMNS FROM `data` [ RunTime:0.0006s ]
SQL: SELECT `datatime`,`data` FROM `data` WHERE `instrumentid` = 1 AND `datatime` LIKE '2017-%5-%31' LIMIT 30   [ RunTime:0.0001s ]
INFO: [ app_end ] --START--
INFO: Run Behavior\ShowPageTraceBehavior [ RunTime:0.000061s ]
INFO: [ app_end ] --END-- [ RunTime:0.000109s ]

[ 2017-05-31T15:41:09+08:00 ] 127.0.0.1 /user.php/data/date
INFO: [ app_init ] --START--
INFO: Run Behavior\BuildLiteBehavior [ RunTime:0.000017s ]
INFO: [ app_init ] --END-- [ RunTime:0.000113s ]
INFO: [ app_begin ] --START--
INFO: Run Behavior\ReadHtmlCacheBehavior [ RunTime:0.000046s ]
INFO: [ app_begin ] --END-- [ RunTime:0.000096s ]
NOTIC: [8192] Function split() is deprecated /home/woody/桌面/data.test/User/Home/Controller/DataController.class.php 第 50 行.
SQL: SHOW COLUMNS FROM `data` [ RunTime:0.0005s ]
SQL: SELECT `datatime`,`data` FROM `data` WHERE `instrumentid` = 1 AND `datatime` LIKE '2017-%5-%31' LIMIT 30   [ RunTime:0.0001s ]
INFO: [ app_end ] --START--
INFO: Run Behavior\ShowPageTraceBehavior [ RunTime:0.000053s ]
INFO: [ app_end ] --END-- [ RunTime:0.000100s ]

[ 2017-05-31T15:41:09+08:00 ] 127.0.0.1 /user.php/data/date
INFO: [ app_init ] --START--
INFO: Run Behavior\BuildLiteBehavior [ RunTime:0.000017s ]
INFO: [ app_init ] --END-- [ RunTime:0.000115s ]
INFO: [ app_begin ] --START--
INFO: Run Behavior\ReadHtmlCacheBehavior [ RunTime:0.000045s ]
INFO: [ app_begin ] --END-- [ RunTime:0.000096s ]
NOTIC: [8192] Function split() is deprecated /home/woody/桌面/data.test/User/Home/Controller/DataController.class.php 第 50 行.
SQL: SHOW COLUMNS FROM `data` [ RunTime:0.0005s ]
SQL: SELECT `datatime`,`data` FROM `data` WHERE `instrumentid` = 1 AND `datatime` LIKE '2017-%5-%31' LIMIT 30   [ RunTime:0.0001s ]
INFO: [ app_end ] --START--
INFO: Run Behavior\ShowPageTraceBehavior [ RunTime:0.000055s ]
INFO: [ app_end ] --END-- [ RunTime:0.000100s ]

[ 2017-05-31T15:41:09+08:00 ] 127.0.0.1 /user.php/data/date
INFO: [ app_init ] --START--
INFO: Run Behavior\BuildLiteBehavior [ RunTime:0.000016s ]
INFO: [ app_init ] --END-- [ RunTime:0.000109s ]
INFO: [ app_begin ] --START--
INFO: Run Behavior\ReadHtmlCacheBehavior [ RunTime:0.000044s ]
INFO: [ app_begin ] --END-- [ RunTime:0.000095s ]
NOTIC: [8192] Function split() is deprecated /home/woody/桌面/data.test/User/Home/Controller/DataController.class.php 第 50 行.
SQL: SHOW COLUMNS FROM `data` [ RunTime:0.0005s ]
SQL: SELECT `datatime`,`data` FROM `data` WHERE `instrumentid` = 1 AND `datatime` LIKE '2017-%5-%31' LIMIT 30   [ RunTime:0.0001s ]
INFO: [ app_end ] --START--
INFO: Run Behavior\ShowPageTraceBehavior [ RunTime:0.000053s ]
INFO: [ app_end ] --END-- [ RunTime:0.000099s ]

[ 2017-05-31T15:41:09+08:00 ] 127.0.0.1 /user.php/data/date
INFO: [ app_init ] --START--
INFO: Run Behavior\BuildLiteBehavior [ RunTime:0.000017s ]
INFO: [ app_init ] --END-- [ RunTime:0.000117s ]
INFO: [ app_begin ] --START--
INFO: Run Behavior\ReadHtmlCacheBehavior [ RunTime:0.000051s ]
INFO: [ app_begin ] --END-- [ RunTime:0.000105s ]
NOTIC: [8192] Function split() is deprecated /home/woody/桌面/data.test/User/Home/Controller/DataController.class.php 第 50 行.
SQL: SHOW COLUMNS FROM `data` [ RunTime:0.0005s ]
SQL: SELECT `datatime`,`data` FROM `data` WHERE `instrumentid` = 1 AND `datatime` LIKE '2017-%5-%31' LIMIT 30   [ RunTime:0.0001s ]
INFO: [ app_end ] --START--
INFO: Run Behavior\ShowPageTraceBehavior [ RunTime:0.000060s ]
INFO: [ app_end ] --END-- [ RunTime:0.000108s ]

[ 2017-05-31T15:41:10+08:00 ] 127.0.0.1 /user.php/data/date
INFO: [ app_init ] --START--
INFO: Run Behavior\BuildLiteBehavior [ RunTime:0.000018s ]
INFO: [ app_init ] --END-- [ RunTime:0.000125s ]
INFO: [ app_begin ] --START--
INFO: Run Behavior\ReadHtmlCacheBehavior [ RunTime:0.000055s ]
INFO: [ app_begin ] --END-- [ RunTime:0.000111s ]
NOTIC: [8192] Function split() is deprecated /home/woody/桌面/data.test/User/Home/Controller/DataController.class.php 第 50 行.
SQL: SHOW COLUMNS FROM `data` [ RunTime:0.0005s ]
SQL: SELECT `datatime`,`data` FROM `data` WHERE `instrumentid` = 1 AND `datatime` LIKE '2017-%5-%31' LIMIT 30   [ RunTime:0.0001s ]
INFO: [ app_end ] --START--
INFO: Run Behavior\ShowPageTraceBehavior [ RunTime:0.000071s ]
INFO: [ app_end ] --END-- [ RunTime:0.000120s ]

[ 2017-05-31T15:42:53+08:00 ] 127.0.0.1 /user.php/data/data/instrumentid/1.html
INFO: [ app_init ] --START--
INFO: Run Behavior\BuildLiteBehavior [ RunTime:0.000017s ]
INFO: [ app_init ] --END-- [ RunTime:0.000132s ]
INFO: [ app_begin ] --START--
INFO: Run Behavior\ReadHtmlCacheBehavior [ RunTime:0.000061s ]
INFO: [ app_begin ] --END-- [ RunTime:0.000122s ]
SQL: SHOW COLUMNS FROM `data` [ RunTime:0.0007s ]
SQL: SELECT `datatime`,`data` FROM `data` WHERE ( instrumentid='1' ) LIMIT 30   [ RunTime:0.0001s ]
SQL: SHOW COLUMNS FROM `instrument` [ RunTime:0.0006s ]
SQL: SELECT `instrumentinfo`,`cameraid`,`instrumentid` FROM `instrument` WHERE ( instrumentid='1' ) LIMIT 1   [ RunTime:0.0001s ]
SQL: SHOW COLUMNS FROM `camera` [ RunTime:0.0006s ]
SQL: SELECT `cameraname` FROM `camera` WHERE ( cameraid='1' ) LIMIT 1   [ RunTime:0.0001s ]
SQL: SELECT `cameraname`,`cameraid` FROM `camera` WHERE ( userid='clever' )  [ RunTime:0.0001s ]
INFO: [ view_parse ] --START--
INFO: [ template_filter ] --START--
INFO: Run Behavior\ContentReplaceBehavior [ RunTime:0.000101s ]
INFO: [ template_filter ] --END-- [ RunTime:0.000156s ]
INFO: Run Behavior\ParseTemplateBehavior [ RunTime:0.008926s ]
INFO: [ view_parse ] --END-- [ RunTime:0.008978s ]
INFO: [ view_filter ] --START--
INFO: Run Behavior\WriteHtmlCacheBehavior [ RunTime:0.000055s ]
INFO: [ view_filter ] --END-- [ RunTime:0.000082s ]
INFO: [ app_end ] --START--
INFO: Run Behavior\ShowPageTraceBehavior [ RunTime:0.000041s ]
INFO: [ app_end ] --END-- [ RunTime:0.000075s ]

[ 2017-05-31T15:43:45+08:00 ] 127.0.0.1 /user.php/data/data/instrumentid/1.html
INFO: [ app_init ] --START--
INFO: Run Behavior\BuildLiteBehavior [ RunTime:0.000013s ]
INFO: [ app_init ] --END-- [ RunTime:0.000089s ]
INFO: [ app_begin ] --START--
INFO: Run Behavior\ReadHtmlCacheBehavior [ RunTime:0.000039s ]
INFO: [ app_begin ] --END-- [ RunTime:0.000075s ]
SQL: SHOW COLUMNS FROM `data` [ RunTime:0.0007s ]
SQL: SELECT `datatime`,`data` FROM `data` WHERE ( instrumentid='1' ) LIMIT 30   [ RunTime:0.0001s ]
SQL: SHOW COLUMNS FROM `instrument` [ RunTime:0.0007s ]
SQL: SELECT `instrumentinfo`,`cameraid`,`instrumentid` FROM `instrument` WHERE ( instrumentid='1' ) LIMIT 1   [ RunTime:0.0001s ]
SQL: SHOW COLUMNS FROM `camera` [ RunTime:0.0006s ]
SQL: SELECT `cameraname` FROM `camera` WHERE ( cameraid='1' ) LIMIT 1   [ RunTime:0.0001s ]
SQL: SELECT `cameraname`,`cameraid` FROM `camera` WHERE ( userid='clever' )  [ RunTime:0.0001s ]
INFO: [ app_end ] --START--
INFO: Run Behavior\ShowPageTraceBehavior [ RunTime:0.000068s ]
INFO: [ app_end ] --END-- [ RunTime:0.000103s ]

[ 2017-05-31T15:45:05+08:00 ] 127.0.0.1 /user.php/data/data/instrumentid/1.html
INFO: [ app_init ] --START--
INFO: Run Behavior\BuildLiteBehavior [ RunTime:0.000012s ]
INFO: [ app_init ] --END-- [ RunTime:0.000083s ]
INFO: [ app_begin ] --START--
INFO: Run Behavior\ReadHtmlCacheBehavior [ RunTime:0.000038s ]
INFO: [ app_begin ] --END-- [ RunTime:0.000073s ]
SQL: SHOW COLUMNS FROM `data` [ RunTime:0.0005s ]
SQL: SELECT `datatime`,`data` FROM `data` WHERE ( instrumentid='1' ) ORDER BY datatime LIMIT 30   [ RunTime:0.0003s ]
SQL: SHOW COLUMNS FROM `instrument` [ RunTime:0.0005s ]
SQL: SELECT `instrumentinfo`,`cameraid`,`instrumentid` FROM `instrument` WHERE ( instrumentid='1' ) LIMIT 1   [ RunTime:0.0001s ]
SQL: SHOW COLUMNS FROM `camera` [ RunTime:0.0004s ]
SQL: SELECT `cameraname` FROM `camera` WHERE ( cameraid='1' ) LIMIT 1   [ RunTime:0.0001s ]
SQL: SELECT `cameraname`,`cameraid` FROM `camera` WHERE ( userid='clever' )  [ RunTime:0.0001s ]
INFO: [ app_end ] --START--
INFO: Run Behavior\ShowPageTraceBehavior [ RunTime:0.000071s ]
INFO: [ app_end ] --END-- [ RunTime:0.000114s ]

[ 2017-05-31T15:45:10+08:00 ] 127.0.0.1 /user.php/data/data/instrumentid/1.html
INFO: [ app_init ] --START--
INFO: Run Behavior\BuildLiteBehavior [ RunTime:0.000013s ]
INFO: [ app_init ] --END-- [ RunTime:0.000087s ]
INFO: [ app_begin ] --START--
INFO: Run Behavior\ReadHtmlCacheBehavior [ RunTime:0.000039s ]
INFO: [ app_begin ] --END-- [ RunTime:0.000076s ]
SQL: SHOW COLUMNS FROM `data` [ RunTime:0.0005s ]
SQL: SELECT `datatime`,`data` FROM `data` WHERE ( instrumentid='1' ) ORDER BY datatime LIMIT 30   [ RunTime:0.0001s ]
SQL: SHOW COLUMNS FROM `instrument` [ RunTime:0.0005s ]
SQL: SELECT `instrumentinfo`,`cameraid`,`instrumentid` FROM `instrument` WHERE ( instrumentid='1' ) LIMIT 1   [ RunTime:0.0001s ]
SQL: SHOW COLUMNS FROM `camera` [ RunTime:0.0005s ]
SQL: SELECT `cameraname` FROM `camera` WHERE ( cameraid='1' ) LIMIT 1   [ RunTime:0.0001s ]
SQL: SELECT `cameraname`,`cameraid` FROM `camera` WHERE ( userid='clever' )  [ RunTime:0.0001s ]
INFO: [ app_end ] --START--
INFO: Run Behavior\ShowPageTraceBehavior [ RunTime:0.000075s ]
INFO: [ app_end ] --END-- [ RunTime:0.000118s ]

[ 2017-05-31T15:45:38+08:00 ] 127.0.0.1 /user.php/data/data/instrumentid/1.html
INFO: [ app_init ] --START--
INFO: Run Behavior\BuildLiteBehavior [ RunTime:0.000017s ]
INFO: [ app_init ] --END-- [ RunTime:0.000131s ]
INFO: [ app_begin ] --START--
INFO: Run Behavior\ReadHtmlCacheBehavior [ RunTime:0.000064s ]
INFO: [ app_begin ] --END-- [ RunTime:0.000124s ]
SQL: SHOW COLUMNS FROM `data` [ RunTime:0.0005s ]
SQL: SELECT `datatime`,`data` FROM `data` WHERE ( instrumentid='1' ) ORDER BY data LIMIT 30   [ RunTime:0.0003s ]
SQL: SHOW COLUMNS FROM `instrument` [ RunTime:0.0005s ]
SQL: SELECT `instrumentinfo`,`cameraid`,`instrumentid` FROM `instrument` WHERE ( instrumentid='1' ) LIMIT 1   [ RunTime:0.0001s ]
SQL: SHOW COLUMNS FROM `camera` [ RunTime:0.0005s ]
SQL: SELECT `cameraname` FROM `camera` WHERE ( cameraid='1' ) LIMIT 1   [ RunTime:0.0001s ]
SQL: SELECT `cameraname`,`cameraid` FROM `camera` WHERE ( userid='clever' )  [ RunTime:0.0001s ]
INFO: [ app_end ] --START--
INFO: Run Behavior\ShowPageTraceBehavior [ RunTime:0.000062s ]
INFO: [ app_end ] --END-- [ RunTime:0.000097s ]

[ 2017-05-31T15:45:59+08:00 ] 127.0.0.1 /user.php/data/data/instrumentid/1.html
INFO: [ app_init ] --START--
INFO: Run Behavior\BuildLiteBehavior [ RunTime:0.000013s ]
INFO: [ app_init ] --END-- [ RunTime:0.000087s ]
INFO: [ app_begin ] --START--
INFO: Run Behavior\ReadHtmlCacheBehavior [ RunTime:0.000041s ]
INFO: [ app_begin ] --END-- [ RunTime:0.000077s ]
SQL: SHOW COLUMNS FROM `data` [ RunTime:0.0006s ]
SQL: SELECT `datatime`,`data` FROM `data` WHERE ( instrumentid='1' ) ORDER BY datatime LIMIT 30   [ RunTime:0.0001s ]
SQL: SHOW COLUMNS FROM `instrument` [ RunTime:0.0007s ]
SQL: SELECT `instrumentinfo`,`cameraid`,`instrumentid` FROM `instrument` WHERE ( instrumentid='1' ) LIMIT 1   [ RunTime:0.0001s ]
SQL: SHOW COLUMNS FROM `camera` [ RunTime:0.0006s ]
SQL: SELECT `cameraname` FROM `camera` WHERE ( cameraid='1' ) LIMIT 1   [ RunTime:0.0001s ]
SQL: SELECT `cameraname`,`cameraid` FROM `camera` WHERE ( userid='clever' )  [ RunTime:0.0001s ]
INFO: [ app_end ] --START--
INFO: Run Behavior\ShowPageTraceBehavior [ RunTime:0.000086s ]
INFO: [ app_end ] --END-- [ RunTime:0.000142s ]

[ 2017-05-31T15:46:23+08:00 ] 127.0.0.1 /user.php/data/data/instrumentid/1.html
INFO: [ app_init ] --START--
INFO: Run Behavior\BuildLiteBehavior [ RunTime:0.000011s ]
INFO: [ app_init ] --END-- [ RunTime:0.000082s ]
INFO: [ app_begin ] --START--
INFO: Run Behavior\ReadHtmlCacheBehavior [ RunTime:0.000039s ]
INFO: [ app_begin ] --END-- [ RunTime:0.000076s ]
SQL: SHOW COLUMNS FROM `data` [ RunTime:0.0006s ]
SQL: SELECT `datatime`,`data` FROM `data` WHERE ( instrumentid='1' ) ORDER BY datatime desc LIMIT 30   [ RunTime:0.0003s ]
SQL: SHOW COLUMNS FROM `instrument` [ RunTime:0.0005s ]
SQL: SELECT `instrumentinfo`,`cameraid`,`instrumentid` FROM `instrument` WHERE ( instrumentid='1' ) LIMIT 1   [ RunTime:0.0001s ]
SQL: SHOW COLUMNS FROM `camera` [ RunTime:0.0006s ]
SQL: SELECT `cameraname` FROM `camera` WHERE ( cameraid='1' ) LIMIT 1   [ RunTime:0.0001s ]
SQL: SELECT `cameraname`,`cameraid` FROM `camera` WHERE ( userid='clever' )  [ RunTime:0.0001s ]
INFO: [ app_end ] --START--
INFO: Run Behavior\ShowPageTraceBehavior [ RunTime:0.000071s ]
INFO: [ app_end ] --END-- [ RunTime:0.000107s ]

[ 2017-05-31T15:46:35+08:00 ] 127.0.0.1 /user.php/data/data/instrumentid/1.html
INFO: [ app_init ] --START--
INFO: Run Behavior\BuildLiteBehavior [ RunTime:0.000013s ]
INFO: [ app_init ] --END-- [ RunTime:0.000087s ]
INFO: [ app_begin ] --START--
INFO: Run Behavior\ReadHtmlCacheBehavior [ RunTime:0.000039s ]
INFO: [ app_begin ] --END-- [ RunTime:0.000073s ]
SQL: SHOW COLUMNS FROM `data` [ RunTime:0.0005s ]
SQL: SELECT `datatime`,`data` FROM `data` WHERE ( instrumentid='1' ) ORDER BY datatime desc LIMIT 30   [ RunTime:0.0001s ]
SQL: SHOW COLUMNS FROM `instrument` [ RunTime:0.0005s ]
SQL: SELECT `instrumentinfo`,`cameraid`,`instrumentid` FROM `instrument` WHERE ( instrumentid='1' ) LIMIT 1   [ RunTime:0.0001s ]
SQL: SHOW COLUMNS FROM `camera` [ RunTime:0.0004s ]
SQL: SELECT `cameraname` FROM `camera` WHERE ( cameraid='1' ) LIMIT 1   [ RunTime:0.0001s ]
SQL: SELECT `cameraname`,`cameraid` FROM `camera` WHERE ( userid='clever' )  [ RunTime:0.0001s ]
INFO: [ view_parse ] --START--
INFO: [ template_filter ] --START--
INFO: Run Behavior\ContentReplaceBehavior [ RunTime:0.000082s ]
INFO: [ template_filter ] --END-- [ RunTime:0.000135s ]
INFO: Run Behavior\ParseTemplateBehavior [ RunTime:0.008617s ]
INFO: [ view_parse ] --END-- [ RunTime:0.008672s ]
INFO: [ view_filter ] --START--
INFO: Run Behavior\WriteHtmlCacheBehavior [ RunTime:0.000055s ]
INFO: [ view_filter ] --END-- [ RunTime:0.000084s ]
INFO: [ app_end ] --START--
INFO: Run Behavior\ShowPageTraceBehavior [ RunTime:0.000068s ]
INFO: [ app_end ] --END-- [ RunTime:0.000122s ]

[ 2017-05-31T16:00:01+08:00 ] 127.0.0.1 /user.php/pi/adddata
INFO: [ app_init ] --START--
INFO: Run Behavior\BuildLiteBehavior [ RunTime:0.000012s ]
INFO: [ app_init ] --END-- [ RunTime:0.000084s ]
INFO: [ app_begin ] --START--
INFO: Run Behavior\ReadHtmlCacheBehavior [ RunTime:0.000040s ]
INFO: [ app_begin ] --END-- [ RunTime:0.000078s ]
SQL: SHOW COLUMNS FROM `data` [ RunTime:0.0005s ]
SQL: INSERT INTO `data` (`instrumentid`,`data`,`datatime`) VALUES ('1','','2017-05-31 16:05:01') [ RunTime:0.0294s ]
INFO: [ app_end ] --START--
INFO: Run Behavior\ShowPageTraceBehavior [ RunTime:0.000068s ]
INFO: [ app_end ] --END-- [ RunTime:0.000106s ]

[ 2017-05-31T16:05:13+08:00 ] 127.0.0.1 /user.php/pi/adddata
INFO: [ app_init ] --START--
INFO: Run Behavior\BuildLiteBehavior [ RunTime:0.000012s ]
INFO: [ app_init ] --END-- [ RunTime:0.000083s ]
INFO: [ app_begin ] --START--
INFO: Run Behavior\ReadHtmlCacheBehavior [ RunTime:0.000037s ]
INFO: [ app_begin ] --END-- [ RunTime:0.000072s ]
SQL: SHOW COLUMNS FROM `data` [ RunTime:0.0005s ]
SQL: INSERT INTO `data` (`instrumentid`,`data`,`datatime`) VALUES ('1','','2017-05-31 16:05:13') [ RunTime:0.0432s ]
INFO: [ app_end ] --START--
INFO: Run Behavior\ShowPageTraceBehavior [ RunTime:0.000077s ]
INFO: [ app_end ] --END-- [ RunTime:0.000116s ]

[ 2017-05-31T16:05:15+08:00 ] 127.0.0.1 /user.php/pi/adddata
INFO: [ app_init ] --START--
INFO: Run Behavior\BuildLiteBehavior [ RunTime:0.000017s ]
INFO: [ app_init ] --END-- [ RunTime:0.000103s ]
INFO: [ app_begin ] --START--
INFO: Run Behavior\ReadHtmlCacheBehavior [ RunTime:0.000034s ]
INFO: [ app_begin ] --END-- [ RunTime:0.000069s ]
SQL: SHOW COLUMNS FROM `data` [ RunTime:0.0006s ]
SQL: INSERT INTO `data` (`instrumentid`,`data`,`datatime`) VALUES ('1','','2017-05-31 16:05:15') [ RunTime:0.0332s ]
INFO: [ app_end ] --START--
INFO: Run Behavior\ShowPageTraceBehavior [ RunTime:0.000057s ]
INFO: [ app_end ] --END-- [ RunTime:0.000096s ]

[ 2017-05-31T16:06:07+08:00 ] 127.0.0.1 /user.php/pi/adddata
INFO: [ app_init ] --START--
INFO: Run Behavior\BuildLiteBehavior [ RunTime:0.000020s ]
INFO: [ app_init ] --END-- [ RunTime:0.000143s ]
INFO: [ app_begin ] --START--
INFO: Run Behavior\ReadHtmlCacheBehavior [ RunTime:0.000065s ]
INFO: [ app_begin ] --END-- [ RunTime:0.000126s ]

[ 2017-05-31T16:06:14+08:00 ] 127.0.0.1 /user.php/pi/adddata
INFO: [ app_init ] --START--
INFO: Run Behavior\BuildLiteBehavior [ RunTime:0.000012s ]
INFO: [ app_init ] --END-- [ RunTime:0.000085s ]
INFO: [ app_begin ] --START--
INFO: Run Behavior\ReadHtmlCacheBehavior [ RunTime:0.000038s ]
INFO: [ app_begin ] --END-- [ RunTime:0.000074s ]

[ 2017-05-31T16:06:20+08:00 ] 127.0.0.1 /user.php/pi/adddata?data=1
INFO: [ app_init ] --START--
INFO: Run Behavior\BuildLiteBehavior [ RunTime:0.000012s ]
INFO: [ app_init ] --END-- [ RunTime:0.000083s ]
INFO: [ app_begin ] --START--
INFO: Run Behavior\ReadHtmlCacheBehavior [ RunTime:0.000045s ]
INFO: [ app_begin ] --END-- [ RunTime:0.000118s ]
SQL: SHOW COLUMNS FROM `data` [ RunTime:0.0005s ]
SQL: INSERT INTO `data` (`instrumentid`,`data`,`datatime`) VALUES ('1','1','2017-05-31 16:05:20') [ RunTime:0.0487s ]
INFO: [ app_end ] --START--
INFO: Run Behavior\ShowPageTraceBehavior [ RunTime:0.000069s ]
INFO: [ app_end ] --END-- [ RunTime:0.000108s ]

[ 2017-05-31T16:06:34+08:00 ] 127.0.0.1 /user.php/pi/adddata?data=1
INFO: [ app_init ] --START--
INFO: Run Behavior\BuildLiteBehavior [ RunTime:0.000014s ]
INFO: [ app_init ] --END-- [ RunTime:0.000097s ]
INFO: [ app_begin ] --START--
INFO: Run Behavior\ReadHtmlCacheBehavior [ RunTime:0.000040s ]
INFO: [ app_begin ] --END-- [ RunTime:0.000077s ]
SQL: SHOW COLUMNS FROM `data` [ RunTime:0.0006s ]
SQL: INSERT INTO `data` (`instrumentid`,`data`,`datatime`) VALUES ('1','1','2017-05-31 16:05:34') [ RunTime:0.0405s ]
INFO: [ app_end ] --START--
INFO: Run Behavior\ShowPageTraceBehavior [ RunTime:0.000067s ]
INFO: [ app_end ] --END-- [ RunTime:0.000107s ]

[ 2017-05-31T16:07:19+08:00 ] 127.0.0.1 /user.php/pi/adddata?data=1
INFO: [ app_init ] --START--
INFO: Run Behavior\BuildLiteBehavior [ RunTime:0.000035s ]
INFO: [ app_init ] --END-- [ RunTime:0.000256s ]
INFO: [ app_begin ] --START--
INFO: Run Behavior\ReadHtmlCacheBehavior [ RunTime:0.000098s ]
INFO: [ app_begin ] --END-- [ RunTime:0.000184s ]
SQL: SHOW COLUMNS FROM `data` [ RunTime:0.0008s ]
SQL: INSERT INTO `data` (`instrumentid`,`data`,`datatime`) VALUES ('1','1','2017-05-31 16:05:19') [ RunTime:0.0397s ]
INFO: [ app_end ] --START--
INFO: Run Behavior\ShowPageTraceBehavior [ RunTime:0.000082s ]
INFO: [ app_end ] --END-- [ RunTime:0.000131s ]

[ 2017-05-31T16:07:33+08:00 ] 127.0.0.1 /user.php/pi/adddata?data=1
INFO: [ app_init ] --START--
INFO: Run Behavior\BuildLiteBehavior [ RunTime:0.000018s ]
INFO: [ app_init ] --END-- [ RunTime:0.000136s ]
INFO: [ app_begin ] --START--
INFO: Run Behavior\ReadHtmlCacheBehavior [ RunTime:0.000072s ]
INFO: [ app_begin ] --END-- [ RunTime:0.000136s ]
SQL: SHOW COLUMNS FROM `data` [ RunTime:0.0006s ]
SQL: INSERT INTO `data` (`instrumentid`,`data`,`datatime`) VALUES ('1','1','2017-05-31 16:05:33') [ RunTime:0.0287s ]
INFO: [ app_end ] --START--
INFO: Run Behavior\ShowPageTraceBehavior [ RunTime:0.000066s ]
INFO: [ app_end ] --END-- [ RunTime:0.000106s ]

[ 2017-05-31T16:33:39+08:00 ] 127.0.0.1 /user.php/pi/adddata?data=
INFO: [ app_init ] --START--
INFO: Run Behavior\BuildLiteBehavior [ RunTime:0.000013s ]
INFO: [ app_init ] --END-- [ RunTime:0.000081s ]
INFO: [ app_begin ] --START--
INFO: Run Behavior\ReadHtmlCacheBehavior [ RunTime:0.000037s ]
INFO: [ app_begin ] --END-- [ RunTime:0.000071s ]

[ 2017-05-31T16:33:43+08:00 ] 127.0.0.1 /user.php/pi/adddata?data=
INFO: [ app_init ] --START--
INFO: Run Behavior\BuildLiteBehavior [ RunTime:0.000016s ]
INFO: [ app_init ] --END-- [ RunTime:0.000102s ]
INFO: [ app_begin ] --START--
INFO: Run Behavior\ReadHtmlCacheBehavior [ RunTime:0.000046s ]
INFO: [ app_begin ] --END-- [ RunTime:0.000089s ]

[ 2017-05-31T16:33:47+08:00 ] 127.0.0.1 /user.php/pi/adddata?data=null.null79
INFO: [ app_init ] --START--
INFO: Run Behavior\BuildLiteBehavior [ RunTime:0.000019s ]
INFO: [ app_init ] --END-- [ RunTime:0.000117s ]
INFO: [ app_begin ] --START--
INFO: Run Behavior\ReadHtmlCacheBehavior [ RunTime:0.000042s ]
INFO: [ app_begin ] --END-- [ RunTime:0.000080s ]

[ 2017-05-31T16:33:50+08:00 ] 127.0.0.1 /user.php/pi/adddata?data=null.null79
INFO: [ app_init ] --START--
INFO: Run Behavior\BuildLiteBehavior [ RunTime:0.000020s ]
INFO: [ app_init ] --END-- [ RunTime:0.000142s ]
INFO: [ app_begin ] --START--
INFO: Run Behavior\ReadHtmlCacheBehavior [ RunTime:0.000064s ]
INFO: [ app_begin ] --END-- [ RunTime:0.000126s ]

[ 2017-05-31T16:33:52+08:00 ] 127.0.0.1 /user.php/pi/adddata?data=null.null79
INFO: [ app_init ] --START--
INFO: Run Behavior\BuildLiteBehavior [ RunTime:0.000023s ]
INFO: [ app_init ] --END-- [ RunTime:0.000140s ]
INFO: [ app_begin ] --START--
INFO: Run Behavior\ReadHtmlCacheBehavior [ RunTime:0.000057s ]
INFO: [ app_begin ] --END-- [ RunTime:0.000120s ]

[ 2017-05-31T16:34:10+08:00 ] 127.0.0.1 /user.php/pi/adddata?data=
INFO: [ app_init ] --START--
INFO: Run Behavior\BuildLiteBehavior [ RunTime:0.000014s ]
INFO: [ app_init ] --END-- [ RunTime:0.000095s ]
INFO: [ app_begin ] --START--
INFO: Run Behavior\ReadHtmlCacheBehavior [ RunTime:0.000044s ]
INFO: [ app_begin ] --END-- [ RunTime:0.000083s ]

[ 2017-05-31T16:34:14+08:00 ] 127.0.0.1 /user.php/pi/adddata?data=null.null79
INFO: [ app_init ] --START--
INFO: Run Behavior\BuildLiteBehavior [ RunTime:0.000012s ]
INFO: [ app_init ] --END-- [ RunTime:0.000082s ]
INFO: [ app_begin ] --START--
INFO: Run Behavior\ReadHtmlCacheBehavior [ RunTime:0.000038s ]
INFO: [ app_begin ] --END-- [ RunTime:0.000072s ]

[ 2017-05-31T16:34:18+08:00 ] 127.0.0.1 /user.php/pi/adddata?data=null.null79
INFO: [ app_init ] --START--
INFO: Run Behavior\BuildLiteBehavior [ RunTime:0.000012s ]
INFO: [ app_init ] --END-- [ RunTime:0.000083s ]
INFO: [ app_begin ] --START--
INFO: Run Behavior\ReadHtmlCacheBehavior [ RunTime:0.000036s ]
INFO: [ app_begin ] --END-- [ RunTime:0.000071s ]

[ 2017-05-31T16:34:20+08:00 ] 127.0.0.1 /user.php/pi/adddata?data=null.null79
INFO: [ app_init ] --START--
INFO: Run Behavior\BuildLiteBehavior [ RunTime:0.000017s ]
INFO: [ app_init ] --END-- [ RunTime:0.000107s ]
INFO: [ app_begin ] --START--
INFO: Run Behavior\ReadHtmlCacheBehavior [ RunTime:0.000046s ]
INFO: [ app_begin ] --END-- [ RunTime:0.000097s ]

[ 2017-05-31T16:34:52+08:00 ] 127.0.0.1 /user.php/pi/adddata?data=null.null79
INFO: [ app_init ] --START--
INFO: Run Behavior\BuildLiteBehavior [ RunTime:0.000013s ]
INFO: [ app_init ] --END-- [ RunTime:0.000085s ]
INFO: [ app_begin ] --START--
INFO: Run Behavior\ReadHtmlCacheBehavior [ RunTime:0.000051s ]
INFO: [ app_begin ] --END-- [ RunTime:0.000094s ]

[ 2017-05-31T16:35:10+08:00 ] 127.0.0.1 /user.php/pi/adddata?data=null.null79
INFO: [ app_init ] --START--
INFO: Run Behavior\BuildLiteBehavior [ RunTime:0.000018s ]
INFO: [ app_init ] --END-- [ RunTime:0.000126s ]
INFO: [ app_begin ] --START--
INFO: Run Behavior\ReadHtmlCacheBehavior [ RunTime:0.000062s ]
INFO: [ app_begin ] --END-- [ RunTime:0.000126s ]

[ 2017-05-31T16:36:26+08:00 ] 127.0.0.1 /user.php/pi/adddata?data=null.null79
INFO: [ app_init ] --START--
INFO: Run Behavior\BuildLiteBehavior [ RunTime:0.000012s ]
INFO: [ app_init ] --END-- [ RunTime:0.000085s ]
INFO: [ app_begin ] --START--
INFO: Run Behavior\ReadHtmlCacheBehavior [ RunTime:0.000038s ]
INFO: [ app_begin ] --END-- [ RunTime:0.000072s ]
SQL: SHOW COLUMNS FROM `data` [ RunTime:0.0005s ]
SQL: INSERT INTO `data` (`instrumentid`,`data`,`datatime`) VALUES ('1','null.null79','2017-05-31 16:05:26') [ RunTime:0.0386s ]
INFO: [ app_end ] --START--
INFO: Run Behavior\ShowPageTraceBehavior [ RunTime:0.000068s ]
INFO: [ app_end ] --END-- [ RunTime:0.000108s ]

[ 2017-05-31T16:36:28+08:00 ] 127.0.0.1 /user.php/pi/adddata?data=null.null79
INFO: [ app_init ] --START--
INFO: Run Behavior\BuildLiteBehavior [ RunTime:0.000019s ]
INFO: [ app_init ] --END-- [ RunTime:0.000128s ]
INFO: [ app_begin ] --START--
INFO: Run Behavior\ReadHtmlCacheBehavior [ RunTime:0.000054s ]
INFO: [ app_begin ] --END-- [ RunTime:0.000112s ]
SQL: SHOW COLUMNS FROM `data` [ RunTime:0.0007s ]
SQL: INSERT INTO `data` (`instrumentid`,`data`,`datatime`) VALUES ('1','null.null79','2017-05-31 16:05:28') [ RunTime:0.0463s ]
INFO: [ app_end ] --START--
INFO: Run Behavior\ShowPageTraceBehavior [ RunTime:0.000059s ]
INFO: [ app_end ] --END-- [ RunTime:0.000097s ]

[ 2017-05-31T16:36:30+08:00 ] 127.0.0.1 /user.php/pi/adddata?data=null.null79
INFO: [ app_init ] --START--
INFO: Run Behavior\BuildLiteBehavior [ RunTime:0.000012s ]
INFO: [ app_init ] --END-- [ RunTime:0.000088s ]
INFO: [ app_begin ] --START--
INFO: Run Behavior\ReadHtmlCacheBehavior [ RunTime:0.000037s ]
INFO: [ app_begin ] --END-- [ RunTime:0.000072s ]
SQL: SHOW COLUMNS FROM `data` [ RunTime:0.0005s ]
SQL: INSERT INTO `data` (`instrumentid`,`data`,`datatime`) VALUES ('1','null.null79','2017-05-31 16:05:30') [ RunTime:0.0343s ]
INFO: [ app_end ] --START--
INFO: Run Behavior\ShowPageTraceBehavior [ RunTime:0.000068s ]
INFO: [ app_end ] --END-- [ RunTime:0.000108s ]

[ 2017-05-31T16:36:47+08:00 ] 127.0.0.1 /user.php/userindex/
INFO: [ app_init ] --START--
INFO: Run Behavior\BuildLiteBehavior [ RunTime:0.000013s ]
INFO: [ app_init ] --END-- [ RunTime:0.000085s ]
INFO: [ app_begin ] --START--
INFO: Run Behavior\ReadHtmlCacheBehavior [ RunTime:0.000036s ]
INFO: [ app_begin ] --END-- [ RunTime:0.000071s ]
ERR: 非法操作:login

[ 2017-05-31T16:36:49+08:00 ] 127.0.0.1 /user.php/userindex/userindex.html
INFO: [ app_init ] --START--
INFO: Run Behavior\BuildLiteBehavior [ RunTime:0.000012s ]
INFO: [ app_init ] --END-- [ RunTime:0.000075s ]
INFO: [ app_begin ] --START--
INFO: Run Behavior\ReadHtmlCacheBehavior [ RunTime:0.000032s ]
INFO: [ app_begin ] --END-- [ RunTime:0.000069s ]
SQL: SHOW COLUMNS FROM `camera` [ RunTime:0.0005s ]
SQL: SELECT `cameraid`,`cameraname`,`longitude`,`latitude`,`time` FROM `camera` WHERE ( userid='clever' )  [ RunTime:0.0001s ]
INFO: [ view_parse ] --START--
INFO: [ template_filter ] --START--
INFO: Run Behavior\ContentReplaceBehavior [ RunTime:0.000096s ]
INFO: [ template_filter ] --END-- [ RunTime:0.000154s ]
INFO: Run Behavior\ParseTemplateBehavior [ RunTime:0.011599s ]
INFO: [ view_parse ] --END-- [ RunTime:0.011678s ]
INFO: [ view_filter ] --START--
INFO: Run Behavior\WriteHtmlCacheBehavior [ RunTime:0.000063s ]
INFO: [ view_filter ] --END-- [ RunTime:0.000093s ]
INFO: [ app_end ] --START--
INFO: Run Behavior\ShowPageTraceBehavior [ RunTime:0.000045s ]
INFO: [ app_end ] --END-- [ RunTime:0.000080s ]

[ 2017-05-31T16:36:54+08:00 ] 127.0.0.1 /user.php/camera/camera/cameraid/1.html
INFO: [ app_init ] --START--
INFO: Run Behavior\BuildLiteBehavior [ RunTime:0.000017s ]
INFO: [ app_init ] --END-- [ RunTime:0.000125s ]
INFO: [ app_begin ] --START--
INFO: Run Behavior\ReadHtmlCacheBehavior [ RunTime:0.000091s ]
INFO: [ app_begin ] --END-- [ RunTime:0.000150s ]
SQL: SHOW COLUMNS FROM `camera` [ RunTime:0.0007s ]
SQL: SELECT * FROM `camera` WHERE ( cameraid='1' ) LIMIT 1   [ RunTime:0.0001s ]
SQL: SELECT * FROM `camera` WHERE ( cameraid='1' ) LIMIT 1   [ RunTime:0.0001s ]
SQL: SELECT `cameraname`,`cameraid` FROM `camera` WHERE ( userid='clever' )  [ RunTime:0.0001s ]
SQL: SHOW COLUMNS FROM `instrument` [ RunTime:0.0009s ]
SQL: SELECT `instrumentid`,`instrumentinfo` FROM `instrument` WHERE ( cameraid='1' )  [ RunTime:0.0001s ]
SQL: SHOW COLUMNS FROM `data` [ RunTime:0.0006s ]
SQL: SELECT `data`,`datatime` FROM `data` WHERE ( instrumentid='1' ) ORDER BY datatime desc LIMIT 15   [ RunTime:0.0003s ]
SQL: SELECT `data`,`datatime` FROM `data` WHERE ( instrumentid='5' ) ORDER BY datatime desc LIMIT 15   [ RunTime:0.0002s ]
SQL: SELECT `data`,`datatime` FROM `data` WHERE ( instrumentid='9' ) ORDER BY datatime desc LIMIT 15   [ RunTime:0.0002s ]
SQL: SELECT `data`,`datatime` FROM `data` WHERE ( instrumentid='13' ) ORDER BY datatime desc LIMIT 15   [ RunTime:0.0003s ]
INFO: [ view_parse ] --START--
NOTIC: [8] Undefined index: value /home/woody/桌面/data.test/ThinkPHP/Library/Think/Template/TagLib/Cx.class.php 第 251 行.
INFO: [ template_filter ] --START--
INFO: Run Behavior\ContentReplaceBehavior [ RunTime:0.000122s ]
INFO: [ template_filter ] --END-- [ RunTime:0.000203s ]
INFO: Run Behavior\ParseTemplateBehavior [ RunTime:0.021875s ]
INFO: [ view_parse ] --END-- [ RunTime:0.021957s ]
INFO: [ view_filter ] --START--
INFO: Run Behavior\WriteHtmlCacheBehavior [ RunTime:0.000077s ]
INFO: [ view_filter ] --END-- [ RunTime:0.000126s ]
INFO: [ app_end ] --START--
INFO: Run Behavior\ShowPageTraceBehavior [ RunTime:0.000066s ]
INFO: [ app_end ] --END-- [ RunTime:0.000126s ]

[ 2017-05-31T16:36:59+08:00 ] 127.0.0.1 /user.php/data/data/instrumentid/1.html
INFO: [ app_init ] --START--
INFO: Run Behavior\BuildLiteBehavior [ RunTime:0.000019s ]
INFO: [ app_init ] --END-- [ RunTime:0.000134s ]
INFO: [ app_begin ] --START--
INFO: Run Behavior\ReadHtmlCacheBehavior [ RunTime:0.000042s ]
INFO: [ app_begin ] --END-- [ RunTime:0.000079s ]
SQL: SHOW COLUMNS FROM `data` [ RunTime:0.0005s ]
SQL: SELECT `datatime`,`data` FROM `data` WHERE ( instrumentid='1' ) ORDER BY datatime desc LIMIT 30   [ RunTime:0.0003s ]
SQL: SHOW COLUMNS FROM `instrument` [ RunTime:0.0005s ]
SQL: SELECT `instrumentinfo`,`cameraid`,`instrumentid` FROM `instrument` WHERE ( instrumentid='1' ) LIMIT 1   [ RunTime:0.0001s ]
SQL: SHOW COLUMNS FROM `camera` [ RunTime:0.0005s ]
SQL: SELECT `cameraname` FROM `camera` WHERE ( cameraid='1' ) LIMIT 1   [ RunTime:0.0001s ]
SQL: SELECT `cameraname`,`cameraid` FROM `camera` WHERE ( userid='clever' )  [ RunTime:0.0001s ]
INFO: [ view_parse ] --START--
INFO: [ template_filter ] --START--
INFO: Run Behavior\ContentReplaceBehavior [ RunTime:0.000078s ]
INFO: [ template_filter ] --END-- [ RunTime:0.000125s ]
INFO: Run Behavior\ParseTemplateBehavior [ RunTime:0.008192s ]
INFO: [ view_parse ] --END-- [ RunTime:0.008239s ]
INFO: [ view_filter ] --START--
INFO: Run Behavior\WriteHtmlCacheBehavior [ RunTime:0.000045s ]
INFO: [ view_filter ] --END-- [ RunTime:0.000074s ]
INFO: [ app_end ] --START--
INFO: Run Behavior\ShowPageTraceBehavior [ RunTime:0.000041s ]
INFO: [ app_end ] --END-- [ RunTime:0.000074s ]

