[ 2016-10-14T17:42:29+08:00 ] 127.0.0.1 /
INFO: [ app_init ] --START--
INFO: Run Behavior\BuildLiteBehavior [ RunTime:0.000029s ]
INFO: [ app_init ] --END-- [ RunTime:0.032619s ]
INFO: [ app_begin ] --START--
INFO: Run Behavior\ReadHtmlCacheBehavior [ RunTime:0.018306s ]
INFO: [ app_begin ] --END-- [ RunTime:0.018452s ]
INFO: [ view_parse ] --START--
INFO: [ template_filter ] --START--
INFO: Run Behavior\ContentReplaceBehavior [ RunTime:0.024565s ]
INFO: [ template_filter ] --END-- [ RunTime:0.024699s ]
INFO: Run Behavior\ParseTemplateBehavior [ RunTime:0.102703s ]
INFO: [ view_parse ] --END-- [ RunTime:0.102827s ]
INFO: [ view_filter ] --START--
INFO: Run Behavior\WriteHtmlCacheBehavior [ RunTime:0.015456s ]
INFO: [ view_filter ] --END-- [ RunTime:0.015537s ]
INFO: [ app_end ] --START--
INFO: Run Behavior\ShowPageTraceBehavior [ RunTime:0.010311s ]
INFO: [ app_end ] --END-- [ RunTime:0.010577s ]

[ 2016-10-14T18:59:12+08:00 ] 127.0.0.1 /
INFO: [ app_init ] --START--
INFO: Run Behavior\BuildLiteBehavior [ RunTime:0.000025s ]
INFO: [ app_init ] --END-- [ RunTime:0.059103s ]
INFO: [ app_begin ] --START--
INFO: Run Behavior\ReadHtmlCacheBehavior [ RunTime:0.016484s ]
INFO: [ app_begin ] --END-- [ RunTime:0.016714s ]
INFO: [ view_parse ] --START--
INFO: [ template_filter ] --START--
INFO: Run Behavior\ContentReplaceBehavior [ RunTime:0.030804s ]
INFO: [ template_filter ] --END-- [ RunTime:0.030942s ]
INFO: Run Behavior\ParseTemplateBehavior [ RunTime:0.126081s ]
INFO: [ view_parse ] --END-- [ RunTime:0.126251s ]
INFO: [ view_filter ] --START--
INFO: Run Behavior\WriteHtmlCacheBehavior [ RunTime:0.015277s ]
INFO: [ view_filter ] --END-- [ RunTime:0.015456s ]
INFO: [ app_end ] --START--
INFO: Run Behavior\ShowPageTraceBehavior [ RunTime:0.066100s ]
INFO: [ app_end ] --END-- [ RunTime:0.066227s ]

