[ 2017-05-10T16:39:37+08:00 ] 127.0.0.1 /
INFO: [ app_init ] --START--
INFO: Run Behavior\BuildLiteBehavior [ RunTime:0.000023s ]
INFO: [ app_init ] --END-- [ RunTime:0.000964s ]
INFO: [ app_begin ] --START--
INFO: Run Behavior\ReadHtmlCacheBehavior [ RunTime:0.001138s ]
INFO: [ app_begin ] --END-- [ RunTime:0.001215s ]
SQL: SHOW COLUMNS FROM `user` [ RunTime:0.0009s ]
SQL: SELECT * FROM `user` WHERE ( username='clever' )  [ RunTime:0.0002s ]
INFO: [ app_end ] --START--
INFO: Run Behavior\ShowPageTraceBehavior [ RunTime:0.001177s ]
INFO: [ app_end ] --END-- [ RunTime:0.001227s ]

[ 2017-05-10T17:01:56+08:00 ] 127.0.0.1 /
INFO: [ app_init ] --START--
INFO: Run Behavior\BuildLiteBehavior [ RunTime:0.000012s ]
INFO: [ app_init ] --END-- [ RunTime:0.000088s ]
INFO: [ app_begin ] --START--
INFO: Run Behavior\ReadHtmlCacheBehavior [ RunTime:0.000038s ]
INFO: [ app_begin ] --END-- [ RunTime:0.000074s ]
SQL: SHOW COLUMNS FROM `user` [ RunTime:0.0005s ]
SQL: SELECT * FROM `user` WHERE ( username='clever' )  [ RunTime:0.0001s ]
INFO: [ app_end ] --START--
INFO: Run Behavior\ShowPageTraceBehavior [ RunTime:0.000057s ]
INFO: [ app_end ] --END-- [ RunTime:0.000095s ]

[ 2017-05-10T17:02:22+08:00 ] 127.0.0.1 /
INFO: [ app_init ] --START--
INFO: Run Behavior\BuildLiteBehavior [ RunTime:0.000017s ]
INFO: [ app_init ] --END-- [ RunTime:0.000126s ]
INFO: [ app_begin ] --START--
INFO: Run Behavior\ReadHtmlCacheBehavior [ RunTime:0.000062s ]
INFO: [ app_begin ] --END-- [ RunTime:0.000122s ]
SQL: SHOW COLUMNS FROM `user` [ RunTime:0.0006s ]
SQL: SELECT * FROM `user` WHERE ( username='clever' )  [ RunTime:0.0001s ]
INFO: [ app_end ] --START--
INFO: Run Behavior\ShowPageTraceBehavior [ RunTime:0.000078s ]
INFO: [ app_end ] --END-- [ RunTime:0.000140s ]

[ 2017-05-10T17:03:07+08:00 ] 127.0.0.1 /
INFO: [ app_init ] --START--
INFO: Run Behavior\BuildLiteBehavior [ RunTime:0.000011s ]
INFO: [ app_init ] --END-- [ RunTime:0.000082s ]
INFO: [ app_begin ] --START--
INFO: Run Behavior\ReadHtmlCacheBehavior [ RunTime:0.000034s ]
INFO: [ app_begin ] --END-- [ RunTime:0.000066s ]
SQL: SHOW COLUMNS FROM `user` [ RunTime:0.0005s ]
SQL: SELECT * FROM `user` WHERE ( username='clever' )  [ RunTime:0.0004s ]
INFO: [ app_end ] --START--
INFO: Run Behavior\ShowPageTraceBehavior [ RunTime:0.000212s ]
INFO: [ app_end ] --END-- [ RunTime:0.000299s ]

[ 2017-05-10T17:03:46+08:00 ] 127.0.0.1 /
INFO: [ app_init ] --START--
INFO: Run Behavior\BuildLiteBehavior [ RunTime:0.000018s ]
INFO: [ app_init ] --END-- [ RunTime:0.000133s ]
INFO: [ app_begin ] --START--
INFO: Run Behavior\ReadHtmlCacheBehavior [ RunTime:0.000063s ]
INFO: [ app_begin ] --END-- [ RunTime:0.000124s ]
SQL: SHOW COLUMNS FROM `user` [ RunTime:0.0005s ]
SQL: SELECT * FROM `user` WHERE ( username='clever' )  [ RunTime:0.0001s ]
INFO: [ app_end ] --START--
INFO: Run Behavior\ShowPageTraceBehavior [ RunTime:0.000067s ]
INFO: [ app_end ] --END-- [ RunTime:0.000115s ]

[ 2017-05-10T17:03:54+08:00 ] 127.0.0.1 /
INFO: [ app_init ] --START--
INFO: Run Behavior\BuildLiteBehavior [ RunTime:0.000012s ]
INFO: [ app_init ] --END-- [ RunTime:0.000086s ]
INFO: [ app_begin ] --START--
INFO: Run Behavior\ReadHtmlCacheBehavior [ RunTime:0.000034s ]
INFO: [ app_begin ] --END-- [ RunTime:0.000067s ]
SQL: SHOW COLUMNS FROM `user` [ RunTime:0.0005s ]
SQL: SELECT * FROM `user` WHERE ( username='clever' )  [ RunTime:0.0001s ]
INFO: [ app_end ] --START--
INFO: Run Behavior\ShowPageTraceBehavior [ RunTime:0.000074s ]
INFO: [ app_end ] --END-- [ RunTime:0.000122s ]

[ 2017-05-10T17:04:40+08:00 ] 127.0.0.1 /
INFO: [ app_init ] --START--
INFO: Run Behavior\BuildLiteBehavior [ RunTime:0.000012s ]
INFO: [ app_init ] --END-- [ RunTime:0.000087s ]
INFO: [ app_begin ] --START--
INFO: Run Behavior\ReadHtmlCacheBehavior [ RunTime:0.000037s ]
INFO: [ app_begin ] --END-- [ RunTime:0.000071s ]
SQL: SHOW COLUMNS FROM `user` [ RunTime:0.0005s ]
SQL: SELECT * FROM `user` WHERE ( username='clever' )  [ RunTime:0.0001s ]
INFO: [ app_end ] --START--
INFO: Run Behavior\ShowPageTraceBehavior [ RunTime:0.000063s ]
INFO: [ app_end ] --END-- [ RunTime:0.000099s ]

[ 2017-05-10T17:04:53+08:00 ] 127.0.0.1 /
INFO: [ app_init ] --START--
INFO: Run Behavior\BuildLiteBehavior [ RunTime:0.000012s ]
INFO: [ app_init ] --END-- [ RunTime:0.000085s ]
INFO: [ app_begin ] --START--
INFO: Run Behavior\ReadHtmlCacheBehavior [ RunTime:0.000035s ]
INFO: [ app_begin ] --END-- [ RunTime:0.000069s ]
SQL: SHOW COLUMNS FROM `user` [ RunTime:0.0005s ]
NOTIC: [8] Use of undefined constant parse - assumed 'parse' /home/woody/桌面/data.test/ThinkPHP/Library/Think/Model.class.php 第 1798 行.
SQL: SELECT * FROM `user` WHERE ( username='clever' )  [ RunTime:0.0001s ]
INFO: [ app_end ] --START--
INFO: Run Behavior\ShowPageTraceBehavior [ RunTime:0.000063s ]
INFO: [ app_end ] --END-- [ RunTime:0.000101s ]

[ 2017-05-10T17:04:58+08:00 ] 127.0.0.1 /
INFO: [ app_init ] --START--
INFO: Run Behavior\BuildLiteBehavior [ RunTime:0.000011s ]
INFO: [ app_init ] --END-- [ RunTime:0.000083s ]
INFO: [ app_begin ] --START--
INFO: Run Behavior\ReadHtmlCacheBehavior [ RunTime:0.000036s ]
INFO: [ app_begin ] --END-- [ RunTime:0.000069s ]
SQL: SHOW COLUMNS FROM `user` [ RunTime:0.0005s ]
SQL: SELECT * FROM `user` WHERE ( username='clever' )  [ RunTime:0.0001s ]
INFO: [ app_end ] --START--
INFO: Run Behavior\ShowPageTraceBehavior [ RunTime:0.000089s ]
INFO: [ app_end ] --END-- [ RunTime:0.000149s ]

