[ 2016-10-15T06:37:36+08:00 ] 101.226.64.174 /api.php/home/index/index/username/clever
INFO: [ app_init ] --START--
INFO: Run Behavior\BuildLiteBehavior [ RunTime:0.000013s ]
INFO: [ app_init ] --END-- [ RunTime:0.000079s ]
INFO: [ app_begin ] --START--
INFO: Run Behavior\ReadHtmlCacheBehavior [ RunTime:0.000027s ]
INFO: [ app_begin ] --END-- [ RunTime:0.000068s ]
NOTIC: [8] Undefined index: username /var/www/wwwroot/data.jiagengxueyuan.cn/Android/Home/Controller/IndexController.class.php 第 7 行.
SQL: SHOW COLUMNS FROM `camera` [ RunTime:0.0007s ]
SQL: SELECT `cameraid`,`cameraname`,`gps` FROM `camera` WHERE ( userid='' )  [ RunTime:0.0001s ]
INFO: [ app_end ] --START--
INFO: Run Behavior\ShowPageTraceBehavior [ RunTime:0.000060s ]
INFO: [ app_end ] --END-- [ RunTime:0.000117s ]

[ 2016-10-15T06:40:40+08:00 ] 101.226.125.16 /api.php/home/index/index/username/clever
INFO: [ app_init ] --START--
INFO: Run Behavior\BuildLiteBehavior [ RunTime:0.000022s ]
INFO: [ app_init ] --END-- [ RunTime:0.000082s ]
INFO: [ app_begin ] --START--
INFO: Run Behavior\ReadHtmlCacheBehavior [ RunTime:0.000036s ]
INFO: [ app_begin ] --END-- [ RunTime:0.000062s ]
NOTIC: [8] Undefined index: username /var/www/wwwroot/data.jiagengxueyuan.cn/Android/Home/Controller/IndexController.class.php 第 7 行.
SQL: SHOW COLUMNS FROM `camera` [ RunTime:0.0004s ]
SQL: SELECT `cameraid`,`cameraname`,`gps` FROM `camera` WHERE ( userid='' )  [ RunTime:0.0000s ]
INFO: [ app_end ] --START--
INFO: Run Behavior\ShowPageTraceBehavior [ RunTime:0.000042s ]
INFO: [ app_end ] --END-- [ RunTime:0.000069s ]

[ 2016-10-15T17:37:01+08:00 ] 127.0.0.1 /api.php
INFO: [ app_init ] --START--
INFO: Run Behavior\BuildLiteBehavior [ RunTime:0.000020s ]
INFO: [ app_init ] --END-- [ RunTime:0.032263s ]
INFO: [ app_begin ] --START--
INFO: Run Behavior\ReadHtmlCacheBehavior [ RunTime:0.016107s ]
INFO: [ app_begin ] --END-- [ RunTime:0.016225s ]
NOTIC: [8] Undefined index: username D:\desktop\App\data.test\Android\Home\Controller\IndexController.class.php 第 7 行.
SQL: SHOW COLUMNS FROM `camera` [ RunTime:0.0211s ]
ERR: 1054:Unknown column 'gps' in 'field list'
 [ SQL语句 ] : SELECT `cameraid`,`cameraname`,`gps` FROM `camera` WHERE ( userid='' ) 
ERR: 1054:Unknown column 'gps' in 'field list'
 [ SQL语句 ] : SELECT `cameraid`,`cameraname`,`gps` FROM `camera` WHERE ( userid='' ) 

[ 2016-10-15T19:41:12+08:00 ] 127.0.0.1 /api.php
INFO: [ app_init ] --START--
INFO: Run Behavior\BuildLiteBehavior [ RunTime:0.000016s ]
INFO: [ app_init ] --END-- [ RunTime:0.000445s ]
INFO: [ app_begin ] --START--
INFO: Run Behavior\ReadHtmlCacheBehavior [ RunTime:0.000547s ]
INFO: [ app_begin ] --END-- [ RunTime:0.000612s ]
NOTIC: [8] Undefined index: username D:\desktop\App\data.test\Android\Home\Controller\IndexController.class.php 第 7 行.
SQL: SHOW COLUMNS FROM `camera` [ RunTime:0.0246s ]
ERR: 1054:Unknown column 'gps' in 'field list'
 [ SQL语句 ] : SELECT `cameraid`,`cameraname`,`gps` FROM `camera` WHERE ( userid='' ) 
ERR: 1054:Unknown column 'gps' in 'field list'
 [ SQL语句 ] : SELECT `cameraid`,`cameraname`,`gps` FROM `camera` WHERE ( userid='' ) 

[ 2016-10-15T19:46:42+08:00 ] 127.0.0.1 /api.php
INFO: [ app_init ] --START--
INFO: Run Behavior\BuildLiteBehavior [ RunTime:0.000044s ]
INFO: [ app_init ] --END-- [ RunTime:0.000875s ]
INFO: [ app_begin ] --START--
INFO: Run Behavior\ReadHtmlCacheBehavior [ RunTime:0.000956s ]
INFO: [ app_begin ] --END-- [ RunTime:0.001029s ]
NOTIC: [8] Undefined index: username D:\desktop\App\data.test\Android\Home\Controller\IndexController.class.php 第 7 行.
SQL: SHOW COLUMNS FROM `camera` [ RunTime:0.0032s ]
SQL: SELECT `cameraid`,`cameraname`,`gps` FROM `camera` WHERE ( userid='' )  [ RunTime:0.0533s ]
INFO: [ app_end ] --START--
INFO: Run Behavior\ShowPageTraceBehavior [ RunTime:0.001068s ]
INFO: [ app_end ] --END-- [ RunTime:0.001125s ]

[ 2016-10-15T19:50:48+08:00 ] 127.0.0.1 /api.php/home/index/index
INFO: [ app_init ] --START--
INFO: Run Behavior\BuildLiteBehavior [ RunTime:0.000022s ]
INFO: [ app_init ] --END-- [ RunTime:0.000787s ]
INFO: [ app_begin ] --START--
INFO: Run Behavior\ReadHtmlCacheBehavior [ RunTime:0.001002s ]
INFO: [ app_begin ] --END-- [ RunTime:0.001073s ]
NOTIC: [8] Undefined index: username D:\desktop\App\data.test\Android\Home\Controller\IndexController.class.php 第 7 行.
SQL: SHOW COLUMNS FROM `camera` [ RunTime:0.0033s ]
SQL: SELECT `cameraid`,`cameraname`,`gps` FROM `camera` WHERE ( userid='' )  [ RunTime:0.0004s ]
INFO: [ app_end ] --START--
INFO: Run Behavior\ShowPageTraceBehavior [ RunTime:0.001052s ]
INFO: [ app_end ] --END-- [ RunTime:0.001114s ]

[ 2016-10-15T19:52:15+08:00 ] 127.0.0.1 /api.php/home/camera/camera?cameraid=1
INFO: [ app_init ] --START--
INFO: Run Behavior\BuildLiteBehavior [ RunTime:0.000024s ]
INFO: [ app_init ] --END-- [ RunTime:0.000855s ]
INFO: [ app_begin ] --START--
INFO: Run Behavior\ReadHtmlCacheBehavior [ RunTime:0.001538s ]
INFO: [ app_begin ] --END-- [ RunTime:0.001688s ]
NOTIC: [8] Undefined index: cameraid D:\desktop\App\data.test\Android\Home\Controller\CameraController.class.php 第 7 行.
SQL: SHOW COLUMNS FROM `camera` [ RunTime:0.0049s ]
SQL: SELECT `cameraname`,`status`,`time` FROM `camera` WHERE ( cameraid='1' ) LIMIT 1   [ RunTime:0.0085s ]
NOTIC: [8] Undefined variable: cemera D:\desktop\App\data.test\Android\Home\Controller\CameraController.class.php 第 12 行.
INFO: [ app_end ] --START--
INFO: Run Behavior\ShowPageTraceBehavior [ RunTime:0.001124s ]
INFO: [ app_end ] --END-- [ RunTime:0.001204s ]

[ 2016-10-15T19:52:37+08:00 ] 127.0.0.1 /api.php/home/camera/camera?cameraid=1
INFO: [ app_init ] --START--
INFO: Run Behavior\BuildLiteBehavior [ RunTime:0.000018s ]
INFO: [ app_init ] --END-- [ RunTime:0.000569s ]
INFO: [ app_begin ] --START--
INFO: Run Behavior\ReadHtmlCacheBehavior [ RunTime:0.000944s ]
INFO: [ app_begin ] --END-- [ RunTime:0.001014s ]
NOTIC: [8] Undefined index: cameraid D:\desktop\App\data.test\Android\Home\Controller\CameraController.class.php 第 7 行.
SQL: SHOW COLUMNS FROM `camera` [ RunTime:0.0037s ]
SQL: SELECT `cameraname`,`status`,`time` FROM `camera` WHERE ( cameraid='1' ) LIMIT 1   [ RunTime:0.0005s ]
NOTIC: [8] Undefined variable: cemera D:\desktop\App\data.test\Android\Home\Controller\CameraController.class.php 第 12 行.
INFO: [ app_end ] --START--
INFO: Run Behavior\ShowPageTraceBehavior [ RunTime:0.001722s ]
INFO: [ app_end ] --END-- [ RunTime:0.001833s ]

[ 2016-10-15T19:52:56+08:00 ] 127.0.0.1 /api.php/home/camera/camera?cameraid=1
INFO: [ app_init ] --START--
INFO: Run Behavior\BuildLiteBehavior [ RunTime:0.000017s ]
INFO: [ app_init ] --END-- [ RunTime:0.000569s ]
INFO: [ app_begin ] --START--
INFO: Run Behavior\ReadHtmlCacheBehavior [ RunTime:0.000925s ]
INFO: [ app_begin ] --END-- [ RunTime:0.001007s ]
NOTIC: [8] Undefined index: cameraid D:\desktop\App\data.test\Android\Home\Controller\CameraController.class.php 第 7 行.
SQL: SHOW COLUMNS FROM `camera` [ RunTime:0.0035s ]
SQL: SELECT `cameraname`,`status`,`time` FROM `camera` WHERE ( cameraid='1' ) LIMIT 1   [ RunTime:0.0003s ]
NOTIC: [8] Undefined variable: cemera D:\desktop\App\data.test\Android\Home\Controller\CameraController.class.php 第 12 行.
INFO: [ app_end ] --START--
INFO: Run Behavior\ShowPageTraceBehavior [ RunTime:0.001522s ]
INFO: [ app_end ] --END-- [ RunTime:0.001589s ]

[ 2016-10-15T19:53:21+08:00 ] 127.0.0.1 /api.php/home/camera/camera?cameraid=1
INFO: [ app_init ] --START--
INFO: Run Behavior\BuildLiteBehavior [ RunTime:0.000017s ]
INFO: [ app_init ] --END-- [ RunTime:0.000751s ]
INFO: [ app_begin ] --START--
INFO: Run Behavior\ReadHtmlCacheBehavior [ RunTime:0.000929s ]
INFO: [ app_begin ] --END-- [ RunTime:0.000992s ]
NOTIC: [8] Undefined index: cameraid D:\desktop\App\data.test\Android\Home\Controller\CameraController.class.php 第 7 行.
SQL: SHOW COLUMNS FROM `camera` [ RunTime:0.0030s ]
SQL: SELECT `cameraname`,`status`,`time` FROM `camera` WHERE ( cameraid='1' ) LIMIT 1   [ RunTime:0.0003s ]
NOTIC: [8] Undefined variable: cemera D:\desktop\App\data.test\Android\Home\Controller\CameraController.class.php 第 12 行.
INFO: [ app_end ] --START--
INFO: Run Behavior\ShowPageTraceBehavior [ RunTime:0.001105s ]
INFO: [ app_end ] --END-- [ RunTime:0.001173s ]

[ 2016-10-15T20:04:02+08:00 ] 127.0.0.1 /api.php/home/camera/camera?cameraid=1
INFO: [ app_init ] --START--
INFO: Run Behavior\BuildLiteBehavior [ RunTime:0.000017s ]
INFO: [ app_init ] --END-- [ RunTime:0.000536s ]
INFO: [ app_begin ] --START--
INFO: Run Behavior\ReadHtmlCacheBehavior [ RunTime:0.000904s ]
INFO: [ app_begin ] --END-- [ RunTime:0.000979s ]
NOTIC: [8] Undefined index: cameraid D:\desktop\App\data.test\Android\Home\Controller\CameraController.class.php 第 7 行.
SQL: SHOW COLUMNS FROM `camera` [ RunTime:0.0031s ]
SQL: SELECT `cameraname`,`status`,`time` FROM `camera` WHERE ( cameraid='1' ) LIMIT 1   [ RunTime:0.0004s ]
NOTIC: [8] Undefined variable: cemera D:\desktop\App\data.test\Android\Home\Controller\CameraController.class.php 第 13 行.
INFO: [ app_end ] --START--
INFO: Run Behavior\ShowPageTraceBehavior [ RunTime:0.001314s ]
INFO: [ app_end ] --END-- [ RunTime:0.001413s ]

[ 2016-10-15T20:04:36+08:00 ] 127.0.0.1 /api.php/home/camera/camera?cameraid=1
INFO: [ app_init ] --START--
INFO: Run Behavior\BuildLiteBehavior [ RunTime:0.000023s ]
INFO: [ app_init ] --END-- [ RunTime:0.000748s ]
INFO: [ app_begin ] --START--
INFO: Run Behavior\ReadHtmlCacheBehavior [ RunTime:0.000974s ]
INFO: [ app_begin ] --END-- [ RunTime:0.001059s ]
NOTIC: [8] Undefined index: cameraid D:\desktop\App\data.test\Android\Home\Controller\CameraController.class.php 第 7 行.
SQL: SHOW COLUMNS FROM `camera` [ RunTime:0.0044s ]
SQL: SELECT `cameraname`,`status`,`time` FROM `camera` WHERE ( cameraid='1' ) LIMIT 1   [ RunTime:0.0003s ]
INFO: [ app_end ] --START--
INFO: Run Behavior\ShowPageTraceBehavior [ RunTime:0.001093s ]
INFO: [ app_end ] --END-- [ RunTime:0.001157s ]

[ 2016-10-15T20:04:44+08:00 ] 127.0.0.1 /api.php/home/camera/camera?cameraid=1
INFO: [ app_init ] --START--
INFO: Run Behavior\BuildLiteBehavior [ RunTime:0.000017s ]
INFO: [ app_init ] --END-- [ RunTime:0.000518s ]
INFO: [ app_begin ] --START--
INFO: Run Behavior\ReadHtmlCacheBehavior [ RunTime:0.001153s ]
INFO: [ app_begin ] --END-- [ RunTime:0.001235s ]
NOTIC: [8] Undefined index: cameraid D:\desktop\App\data.test\Android\Home\Controller\CameraController.class.php 第 7 行.
SQL: SHOW COLUMNS FROM `camera` [ RunTime:0.0034s ]
SQL: SELECT `cameraname`,`status`,`time` FROM `camera` WHERE ( cameraid='1' ) LIMIT 1   [ RunTime:0.0004s ]
INFO: [ app_end ] --START--
INFO: Run Behavior\ShowPageTraceBehavior [ RunTime:0.001433s ]
INFO: [ app_end ] --END-- [ RunTime:0.001504s ]

[ 2016-10-15T20:32:08+08:00 ] 127.0.0.1 /api.php/home/camera/camera?cameraid=1
INFO: [ app_init ] --START--
INFO: Run Behavior\BuildLiteBehavior [ RunTime:0.000015s ]
INFO: [ app_init ] --END-- [ RunTime:0.000540s ]
INFO: [ app_begin ] --START--
INFO: Run Behavior\ReadHtmlCacheBehavior [ RunTime:0.000834s ]
INFO: [ app_begin ] --END-- [ RunTime:0.000909s ]
NOTIC: [8] Undefined index: cameraid D:\desktop\App\data.test\Android\Home\Controller\CameraController.class.php 第 7 行.
SQL: SHOW COLUMNS FROM `camera` [ RunTime:0.0033s ]
SQL: SELECT `cameraname`,`status`,`time` FROM `camera` WHERE ( cameraid='1' ) LIMIT 1   [ RunTime:0.0003s ]
SQL: SHOW COLUMNS FROM `instrument` [ RunTime:0.0051s ]
ERR: 1054:Unknown column 'time' in 'field list'
 [ SQL语句 ] : SELECT `instrumentid`,`unit`,`time` FROM `instrument` WHERE ( cameraid='1' ) LIMIT 1  
ERR: 1054:Unknown column 'time' in 'field list'
 [ SQL语句 ] : SELECT `instrumentid`,`unit`,`time` FROM `instrument` WHERE ( cameraid='1' ) LIMIT 1  

[ 2016-10-15T20:33:50+08:00 ] 127.0.0.1 /api.php/home/camera/camera?cameraid=1
INFO: [ app_init ] --START--
INFO: Run Behavior\BuildLiteBehavior [ RunTime:0.000028s ]
INFO: [ app_init ] --END-- [ RunTime:0.000948s ]
INFO: [ app_begin ] --START--
INFO: Run Behavior\ReadHtmlCacheBehavior [ RunTime:0.001312s ]
INFO: [ app_begin ] --END-- [ RunTime:0.001430s ]
NOTIC: [8] Undefined index: cameraid D:\desktop\App\data.test\Android\Home\Controller\CameraController.class.php 第 7 行.
SQL: SHOW COLUMNS FROM `camera` [ RunTime:0.0045s ]
SQL: SELECT `cameraname`,`status`,`time` FROM `camera` WHERE ( cameraid='1' ) LIMIT 1   [ RunTime:0.0003s ]
SQL: SHOW COLUMNS FROM `instrument` [ RunTime:0.0049s ]
SQL: SELECT `instrumentid`,`instrumentinfo`,`unit` FROM `instrument` WHERE ( cameraid='1' )  [ RunTime:0.0006s ]
INFO: [ app_end ] --START--
INFO: Run Behavior\ShowPageTraceBehavior [ RunTime:0.001701s ]
INFO: [ app_end ] --END-- [ RunTime:0.001804s ]

[ 2016-10-15T20:35:04+08:00 ] 127.0.0.1 /api.php/home/camera/camera?cameraid=1
INFO: [ app_init ] --START--
INFO: Run Behavior\BuildLiteBehavior [ RunTime:0.000017s ]
INFO: [ app_init ] --END-- [ RunTime:0.000545s ]
INFO: [ app_begin ] --START--
INFO: Run Behavior\ReadHtmlCacheBehavior [ RunTime:0.000787s ]
INFO: [ app_begin ] --END-- [ RunTime:0.000856s ]
NOTIC: [8] Undefined index: cameraid D:\desktop\App\data.test\Android\Home\Controller\CameraController.class.php 第 7 行.
SQL: SHOW COLUMNS FROM `camera` [ RunTime:0.0044s ]
SQL: SELECT `cameraname`,`status`,`time` FROM `camera` WHERE ( cameraid='1' ) LIMIT 1   [ RunTime:0.0004s ]
SQL: SHOW COLUMNS FROM `instrument` [ RunTime:0.0033s ]
SQL: SELECT `instrumentid`,`instrumentinfo`,`unit` FROM `instrument` WHERE ( cameraid='1' )  [ RunTime:0.0004s ]
NOTIC: [8] Array to string conversion D:\desktop\App\data.test\Android\Home\Controller\CameraController.class.php 第 13 行.
NOTIC: [8] Undefined variable: Array D:\desktop\App\data.test\Android\Home\Controller\CameraController.class.php 第 13 行.
INFO: [ app_end ] --START--
INFO: Run Behavior\ShowPageTraceBehavior [ RunTime:0.002329s ]
INFO: [ app_end ] --END-- [ RunTime:0.002535s ]

[ 2016-10-15T20:35:12+08:00 ] 127.0.0.1 /api.php/home/camera/camera?cameraid=1
INFO: [ app_init ] --START--
INFO: Run Behavior\BuildLiteBehavior [ RunTime:0.000018s ]
INFO: [ app_init ] --END-- [ RunTime:0.000580s ]
INFO: [ app_begin ] --START--
INFO: Run Behavior\ReadHtmlCacheBehavior [ RunTime:0.000804s ]
INFO: [ app_begin ] --END-- [ RunTime:0.000870s ]
NOTIC: [8] Undefined index: cameraid D:\desktop\App\data.test\Android\Home\Controller\CameraController.class.php 第 7 行.
SQL: SHOW COLUMNS FROM `camera` [ RunTime:0.0036s ]
SQL: SELECT `cameraname`,`status`,`time` FROM `camera` WHERE ( cameraid='1' ) LIMIT 1   [ RunTime:0.0007s ]
SQL: SHOW COLUMNS FROM `instrument` [ RunTime:0.0048s ]
SQL: SELECT `instrumentid`,`instrumentinfo`,`unit` FROM `instrument` WHERE ( cameraid='1' )  [ RunTime:0.0004s ]
INFO: [ app_end ] --START--
INFO: Run Behavior\ShowPageTraceBehavior [ RunTime:0.000964s ]
INFO: [ app_end ] --END-- [ RunTime:0.001022s ]

[ 2016-10-15T20:35:35+08:00 ] 127.0.0.1 /api.php/home/camera/camera?cameraid=1
INFO: [ app_init ] --START--
INFO: Run Behavior\BuildLiteBehavior [ RunTime:0.000025s ]
INFO: [ app_init ] --END-- [ RunTime:0.000799s ]
INFO: [ app_begin ] --START--
INFO: Run Behavior\ReadHtmlCacheBehavior [ RunTime:0.000894s ]
INFO: [ app_begin ] --END-- [ RunTime:0.000976s ]
NOTIC: [8] Undefined index: cameraid D:\desktop\App\data.test\Android\Home\Controller\CameraController.class.php 第 7 行.
SQL: SHOW COLUMNS FROM `camera` [ RunTime:0.0041s ]
SQL: SELECT `cameraname`,`status`,`time` FROM `camera` WHERE ( cameraid='1' ) LIMIT 1   [ RunTime:0.0003s ]
SQL: SHOW COLUMNS FROM `instrument` [ RunTime:0.0038s ]
SQL: SELECT `instrumentid`,`instrumentinfo`,`unit` FROM `instrument` WHERE ( cameraid='1' )  [ RunTime:0.0004s ]
INFO: [ app_end ] --START--
INFO: Run Behavior\ShowPageTraceBehavior [ RunTime:0.001062s ]
INFO: [ app_end ] --END-- [ RunTime:0.001127s ]

[ 2016-10-15T20:35:58+08:00 ] 127.0.0.1 /api.php/home/camera/camera?cameraid=1
INFO: [ app_init ] --START--
INFO: Run Behavior\BuildLiteBehavior [ RunTime:0.000017s ]
INFO: [ app_init ] --END-- [ RunTime:0.000552s ]
INFO: [ app_begin ] --START--
INFO: Run Behavior\ReadHtmlCacheBehavior [ RunTime:0.001028s ]
INFO: [ app_begin ] --END-- [ RunTime:0.001120s ]
NOTIC: [8] Undefined index: cameraid D:\desktop\App\data.test\Android\Home\Controller\CameraController.class.php 第 7 行.
SQL: SHOW COLUMNS FROM `camera` [ RunTime:0.0029s ]
SQL: SELECT `cameraname`,`status`,`time` FROM `camera` WHERE ( cameraid='1' ) LIMIT 1   [ RunTime:0.0003s ]
SQL: SHOW COLUMNS FROM `instrument` [ RunTime:0.0030s ]
SQL: SELECT `instrumentid`,`instrumentinfo`,`unit` FROM `instrument` WHERE ( cameraid='1' )  [ RunTime:0.0004s ]
INFO: [ app_end ] --START--
INFO: Run Behavior\ShowPageTraceBehavior [ RunTime:0.001004s ]
INFO: [ app_end ] --END-- [ RunTime:0.001065s ]

[ 2016-10-15T20:37:06+08:00 ] 127.0.0.1 /api.php/home/camera/camera?cameraid=1
INFO: [ app_init ] --START--
INFO: Run Behavior\BuildLiteBehavior [ RunTime:0.000019s ]
INFO: [ app_init ] --END-- [ RunTime:0.000591s ]
INFO: [ app_begin ] --START--
INFO: Run Behavior\ReadHtmlCacheBehavior [ RunTime:0.000919s ]
INFO: [ app_begin ] --END-- [ RunTime:0.000991s ]
NOTIC: [8] Undefined index: cameraid D:\desktop\App\data.test\Android\Home\Controller\CameraController.class.php 第 7 行.
SQL: SHOW COLUMNS FROM `camera` [ RunTime:0.0038s ]
SQL: SELECT `cameraname`,`status`,`time` FROM `camera` WHERE ( cameraid='1' ) LIMIT 1   [ RunTime:0.0004s ]
SQL: SHOW COLUMNS FROM `instrument` [ RunTime:0.0042s ]
SQL: SELECT `instrumentid`,`instrumentinfo`,`unit` FROM `instrument` WHERE ( cameraid='1' )  [ RunTime:0.0005s ]
INFO: [ app_end ] --START--
INFO: Run Behavior\ShowPageTraceBehavior [ RunTime:0.001018s ]
INFO: [ app_end ] --END-- [ RunTime:0.001081s ]

[ 2016-10-15T20:51:36+08:00 ] 127.0.0.1 /api.php/home/camera/camera?cameraid=1
INFO: [ app_init ] --START--
INFO: Run Behavior\BuildLiteBehavior [ RunTime:0.000017s ]
INFO: [ app_init ] --END-- [ RunTime:0.000529s ]
INFO: [ app_begin ] --START--
INFO: Run Behavior\ReadHtmlCacheBehavior [ RunTime:0.000984s ]
INFO: [ app_begin ] --END-- [ RunTime:0.001081s ]
NOTIC: [8] Undefined index: cameraid D:\desktop\App\data.test\Android\Home\Controller\CameraController.class.php 第 7 行.
SQL: SHOW COLUMNS FROM `camera` [ RunTime:0.0031s ]
SQL: SELECT `cameraname`,`status`,`time` FROM `camera` WHERE ( cameraid='1' ) LIMIT 1   [ RunTime:0.0003s ]
SQL: SHOW COLUMNS FROM `instrument` [ RunTime:0.0037s ]
SQL: SELECT `instrumentid`,`instrumentinfo`,`unit` FROM `instrument` WHERE ( cameraid='1' )  [ RunTime:0.0005s ]
INFO: [ app_end ] --START--
INFO: Run Behavior\ShowPageTraceBehavior [ RunTime:0.001013s ]
INFO: [ app_end ] --END-- [ RunTime:0.001078s ]

[ 2016-10-15T20:51:51+08:00 ] 127.0.0.1 /api.php/home/camera/camera?cameraid=1
INFO: [ app_init ] --START--
INFO: Run Behavior\BuildLiteBehavior [ RunTime:0.000017s ]
INFO: [ app_init ] --END-- [ RunTime:0.000523s ]
INFO: [ app_begin ] --START--
INFO: Run Behavior\ReadHtmlCacheBehavior [ RunTime:0.000900s ]
INFO: [ app_begin ] --END-- [ RunTime:0.000982s ]
NOTIC: [8] Undefined index: cameraid D:\desktop\App\data.test\Android\Home\Controller\CameraController.class.php 第 7 行.
SQL: SHOW COLUMNS FROM `camera` [ RunTime:0.0046s ]
SQL: SELECT `cameraname`,`status`,`time` FROM `camera` WHERE ( cameraid='1' ) LIMIT 1   [ RunTime:0.0004s ]
SQL: SHOW COLUMNS FROM `instrument` [ RunTime:0.0030s ]
SQL: SELECT `instrumentid`,`instrumentinfo`,`unit` FROM `instrument` WHERE ( cameraid='1' )  [ RunTime:0.0004s ]
INFO: [ app_end ] --START--
INFO: Run Behavior\ShowPageTraceBehavior [ RunTime:0.000969s ]
INFO: [ app_end ] --END-- [ RunTime:0.001036s ]

[ 2016-10-15T20:55:04+08:00 ] 127.0.0.1 /api.php/home/camera/camera?cameraid=1
INFO: [ app_init ] --START--
INFO: Run Behavior\BuildLiteBehavior [ RunTime:0.000017s ]
INFO: [ app_init ] --END-- [ RunTime:0.000533s ]
INFO: [ app_begin ] --START--
INFO: Run Behavior\ReadHtmlCacheBehavior [ RunTime:0.000842s ]
INFO: [ app_begin ] --END-- [ RunTime:0.000915s ]
NOTIC: [8] Undefined index: cameraid D:\desktop\App\data.test\Android\Home\Controller\CameraController.class.php 第 7 行.
SQL: SHOW COLUMNS FROM `camera` [ RunTime:0.0029s ]
SQL: SELECT `cameraname`,`status`,`time` FROM `camera` WHERE ( cameraid='1' ) LIMIT 1   [ RunTime:0.0004s ]
SQL: SHOW COLUMNS FROM `instrument` [ RunTime:0.0041s ]
SQL: SELECT `instrumentid`,`instrumentinfo`,`unit` FROM `instrument` WHERE ( cameraid='1' )  [ RunTime:0.0004s ]
INFO: [ app_end ] --START--
INFO: Run Behavior\ShowPageTraceBehavior [ RunTime:0.001054s ]
INFO: [ app_end ] --END-- [ RunTime:0.001131s ]

[ 2016-10-15T20:55:21+08:00 ] 127.0.0.1 /api.php/home/camera/camera?cameraid=1
INFO: [ app_init ] --START--
INFO: Run Behavior\BuildLiteBehavior [ RunTime:0.000016s ]
INFO: [ app_init ] --END-- [ RunTime:0.000515s ]
INFO: [ app_begin ] --START--
INFO: Run Behavior\ReadHtmlCacheBehavior [ RunTime:0.000766s ]
INFO: [ app_begin ] --END-- [ RunTime:0.000848s ]
NOTIC: [8] Undefined index: cameraid D:\desktop\App\data.test\Android\Home\Controller\CameraController.class.php 第 7 行.
SQL: SHOW COLUMNS FROM `camera` [ RunTime:0.0030s ]
SQL: SELECT `cameraname`,`status`,`time` FROM `camera` WHERE ( cameraid='1' ) LIMIT 1   [ RunTime:0.0003s ]
SQL: SHOW COLUMNS FROM `instrument` [ RunTime:0.0043s ]
SQL: SELECT `instrumentid`,`instrumentinfo`,`unit` FROM `instrument` WHERE ( cameraid='1' )  [ RunTime:0.0004s ]
INFO: [ app_end ] --START--
INFO: Run Behavior\ShowPageTraceBehavior [ RunTime:0.000964s ]
INFO: [ app_end ] --END-- [ RunTime:0.001036s ]

[ 2016-10-15T20:58:32+08:00 ] 127.0.0.1 /api.php/home/camera/camera?cameraid=1
INFO: [ app_init ] --START--
INFO: Run Behavior\BuildLiteBehavior [ RunTime:0.000018s ]
INFO: [ app_init ] --END-- [ RunTime:0.000535s ]
INFO: [ app_begin ] --START--
INFO: Run Behavior\ReadHtmlCacheBehavior [ RunTime:0.001897s ]
INFO: [ app_begin ] --END-- [ RunTime:0.002215s ]
NOTIC: [8] Undefined index: cameraid D:\desktop\App\data.test\Android\Home\Controller\CameraController.class.php 第 7 行.
SQL: SHOW COLUMNS FROM `camera` [ RunTime:0.0045s ]
SQL: SELECT `cameraname`,`status`,`time` FROM `camera` WHERE ( cameraid='1' ) LIMIT 1   [ RunTime:0.0005s ]
SQL: SHOW COLUMNS FROM `instrument` [ RunTime:0.0036s ]
SQL: SELECT `instrumentid`,`instrumentinfo`,`unit` FROM `instrument` WHERE ( cameraid='1' )  [ RunTime:0.0004s ]
INFO: [ app_end ] --START--
INFO: Run Behavior\ShowPageTraceBehavior [ RunTime:0.000892s ]
INFO: [ app_end ] --END-- [ RunTime:0.000952s ]

[ 2016-10-15T20:59:44+08:00 ] 127.0.0.1 /api.php/home/camera/camera?cameraid=1
INFO: [ app_init ] --START--
INFO: Run Behavior\BuildLiteBehavior [ RunTime:0.000026s ]
INFO: [ app_init ] --END-- [ RunTime:0.000816s ]
INFO: [ app_begin ] --START--
INFO: Run Behavior\ReadHtmlCacheBehavior [ RunTime:0.001461s ]
INFO: [ app_begin ] --END-- [ RunTime:0.001578s ]
NOTIC: [8] Undefined index: cameraid D:\desktop\App\data.test\Android\Home\Controller\CameraController.class.php 第 7 行.
SQL: SHOW COLUMNS FROM `camera` [ RunTime:0.0042s ]
SQL: SELECT `cameraname`,`status`,`time` FROM `camera` WHERE ( cameraid='1' ) LIMIT 1   [ RunTime:0.0005s ]
SQL: SHOW COLUMNS FROM `instrument` [ RunTime:0.0047s ]
SQL: SELECT `instrumentid`,`instrumentinfo`,`unit` FROM `instrument` WHERE ( cameraid='1' )  [ RunTime:0.0005s ]
NOTIC: [8] Array to string conversion D:\desktop\App\data.test\Android\Home\Controller\CameraController.class.php 第 17 行.
NOTIC: [8] Array to string conversion D:\desktop\App\data.test\Android\Home\Controller\CameraController.class.php 第 17 行.
NOTIC: [8] Array to string conversion D:\desktop\App\data.test\Android\Home\Controller\CameraController.class.php 第 17 行.
NOTIC: [8] Array to string conversion D:\desktop\App\data.test\Android\Home\Controller\CameraController.class.php 第 17 行.
INFO: [ app_end ] --START--
INFO: Run Behavior\ShowPageTraceBehavior [ RunTime:0.001611s ]
INFO: [ app_end ] --END-- [ RunTime:0.001698s ]

[ 2016-10-15T20:59:55+08:00 ] 127.0.0.1 /api.php/home/camera/camera?cameraid=1
INFO: [ app_init ] --START--
INFO: Run Behavior\BuildLiteBehavior [ RunTime:0.000018s ]
INFO: [ app_init ] --END-- [ RunTime:0.000551s ]
INFO: [ app_begin ] --START--
INFO: Run Behavior\ReadHtmlCacheBehavior [ RunTime:0.001194s ]
INFO: [ app_begin ] --END-- [ RunTime:0.001306s ]

[ 2016-10-15T21:00:03+08:00 ] 127.0.0.1 /api.php/home/camera/camera?cameraid=1
INFO: [ app_init ] --START--
INFO: Run Behavior\BuildLiteBehavior [ RunTime:0.000024s ]
INFO: [ app_init ] --END-- [ RunTime:0.000794s ]
INFO: [ app_begin ] --START--
INFO: Run Behavior\ReadHtmlCacheBehavior [ RunTime:0.000960s ]
INFO: [ app_begin ] --END-- [ RunTime:0.001047s ]
NOTIC: [8] Undefined index: cameraid D:\desktop\App\data.test\Android\Home\Controller\CameraController.class.php 第 7 行.
SQL: SHOW COLUMNS FROM `camera` [ RunTime:0.0032s ]
SQL: SELECT `cameraname`,`status`,`time` FROM `camera` WHERE ( cameraid='1' ) LIMIT 1   [ RunTime:0.0003s ]
SQL: SHOW COLUMNS FROM `instrument` [ RunTime:0.0031s ]
SQL: SELECT `instrumentid`,`instrumentinfo`,`unit` FROM `instrument` WHERE ( cameraid='1' )  [ RunTime:0.0004s ]
INFO: [ app_end ] --START--
INFO: Run Behavior\ShowPageTraceBehavior [ RunTime:0.000936s ]
INFO: [ app_end ] --END-- [ RunTime:0.001011s ]

[ 2016-10-15T21:11:50+08:00 ] 127.0.0.1 /api.php/home/camera/camera?cameraid=1
INFO: [ app_init ] --START--
INFO: Run Behavior\BuildLiteBehavior [ RunTime:0.000016s ]
INFO: [ app_init ] --END-- [ RunTime:0.000531s ]
INFO: [ app_begin ] --START--
INFO: Run Behavior\ReadHtmlCacheBehavior [ RunTime:0.000927s ]
INFO: [ app_begin ] --END-- [ RunTime:0.000998s ]
NOTIC: [8] Undefined index: cameraid D:\desktop\App\data.test\Android\Home\Controller\CameraController.class.php 第 7 行.
SQL: SHOW COLUMNS FROM `camera` [ RunTime:0.0058s ]
SQL: SELECT `cameraname`,`status`,`time` FROM `camera` WHERE ( cameraid='1' ) LIMIT 1   [ RunTime:0.0004s ]
SQL: SHOW COLUMNS FROM `instrument` [ RunTime:0.0037s ]
SQL: SELECT `instrumentid`,`instrumentinfo`,`unit` FROM `instrument` WHERE ( cameraid='1' )  [ RunTime:0.0005s ]
INFO: [ app_end ] --START--
INFO: Run Behavior\ShowPageTraceBehavior [ RunTime:0.001027s ]
INFO: [ app_end ] --END-- [ RunTime:0.001106s ]

[ 2016-10-15T21:12:03+08:00 ] 127.0.0.1 /api.php/home/camera/camera?cameraid=1
INFO: [ app_init ] --START--
INFO: Run Behavior\BuildLiteBehavior [ RunTime:0.000017s ]
INFO: [ app_init ] --END-- [ RunTime:0.000547s ]
INFO: [ app_begin ] --START--
INFO: Run Behavior\ReadHtmlCacheBehavior [ RunTime:0.000749s ]
INFO: [ app_begin ] --END-- [ RunTime:0.000814s ]
NOTIC: [8] Undefined index: cameraid D:\desktop\App\data.test\Android\Home\Controller\CameraController.class.php 第 7 行.
SQL: SHOW COLUMNS FROM `camera` [ RunTime:0.0031s ]
SQL: SELECT `cameraname`,`status`,`time` FROM `camera` WHERE ( cameraid='1' ) LIMIT 1   [ RunTime:0.0003s ]
SQL: SHOW COLUMNS FROM `instrument` [ RunTime:0.0030s ]
SQL: SELECT `instrumentid`,`instrumentinfo`,`unit` FROM `instrument` WHERE ( cameraid='1' )  [ RunTime:0.0003s ]
INFO: [ app_end ] --START--
INFO: Run Behavior\ShowPageTraceBehavior [ RunTime:0.000879s ]
INFO: [ app_end ] --END-- [ RunTime:0.000937s ]

[ 2016-10-15T21:12:13+08:00 ] 127.0.0.1 /api.php/home/camera/camera?cameraid=1
INFO: [ app_init ] --START--
INFO: Run Behavior\BuildLiteBehavior [ RunTime:0.000017s ]
INFO: [ app_init ] --END-- [ RunTime:0.000530s ]
INFO: [ app_begin ] --START--
INFO: Run Behavior\ReadHtmlCacheBehavior [ RunTime:0.000770s ]
INFO: [ app_begin ] --END-- [ RunTime:0.000839s ]
NOTIC: [8] Undefined index: cameraid D:\desktop\App\data.test\Android\Home\Controller\CameraController.class.php 第 7 行.
SQL: SHOW COLUMNS FROM `camera` [ RunTime:0.0033s ]
SQL: SELECT `cameraname`,`status`,`time` FROM `camera` WHERE ( cameraid='1' ) LIMIT 1   [ RunTime:0.0003s ]
SQL: SHOW COLUMNS FROM `instrument` [ RunTime:0.0032s ]
SQL: SELECT `instrumentid`,`instrumentinfo`,`unit` FROM `instrument` WHERE ( cameraid='1' )  [ RunTime:0.0012s ]
INFO: [ app_end ] --START--
INFO: Run Behavior\ShowPageTraceBehavior [ RunTime:0.000963s ]
INFO: [ app_end ] --END-- [ RunTime:0.001052s ]

[ 2016-10-15T21:12:36+08:00 ] 127.0.0.1 /api.php/home/camera/camera?cameraid=1
INFO: [ app_init ] --START--
INFO: Run Behavior\BuildLiteBehavior [ RunTime:0.000017s ]
INFO: [ app_init ] --END-- [ RunTime:0.000520s ]
INFO: [ app_begin ] --START--
INFO: Run Behavior\ReadHtmlCacheBehavior [ RunTime:0.000796s ]
INFO: [ app_begin ] --END-- [ RunTime:0.000870s ]
NOTIC: [8] Undefined index: cameraid D:\desktop\App\data.test\Android\Home\Controller\CameraController.class.php 第 7 行.
SQL: SHOW COLUMNS FROM `camera` [ RunTime:0.0030s ]
SQL: SELECT `cameraname`,`status`,`time` FROM `camera` WHERE ( cameraid='1' ) LIMIT 1   [ RunTime:0.0003s ]
SQL: SHOW COLUMNS FROM `instrument` [ RunTime:0.0030s ]
SQL: SELECT `instrumentid`,`instrumentinfo`,`unit` FROM `instrument` WHERE ( cameraid='1' )  [ RunTime:0.0004s ]
INFO: [ app_end ] --START--
INFO: Run Behavior\ShowPageTraceBehavior [ RunTime:0.001117s ]
INFO: [ app_end ] --END-- [ RunTime:0.001186s ]

[ 2016-10-15T21:12:59+08:00 ] 127.0.0.1 /api.php/home/camera/camera?cameraid=1
INFO: [ app_init ] --START--
INFO: Run Behavior\BuildLiteBehavior [ RunTime:0.000017s ]
INFO: [ app_init ] --END-- [ RunTime:0.000527s ]
INFO: [ app_begin ] --START--
INFO: Run Behavior\ReadHtmlCacheBehavior [ RunTime:0.000746s ]
INFO: [ app_begin ] --END-- [ RunTime:0.000812s ]
NOTIC: [8] Undefined index: cameraid D:\desktop\App\data.test\Android\Home\Controller\CameraController.class.php 第 7 行.
SQL: SHOW COLUMNS FROM `camera` [ RunTime:0.0068s ]
SQL: SELECT `cameraname`,`status`,`time` FROM `camera` WHERE ( cameraid='1' ) LIMIT 1   [ RunTime:0.0004s ]
SQL: SHOW COLUMNS FROM `instrument` [ RunTime:0.0041s ]
SQL: SELECT `instrumentid`,`instrumentinfo`,`unit` FROM `instrument` WHERE ( cameraid='1' )  [ RunTime:0.0004s ]
INFO: [ app_end ] --START--
INFO: Run Behavior\ShowPageTraceBehavior [ RunTime:0.000885s ]
INFO: [ app_end ] --END-- [ RunTime:0.000957s ]

[ 2016-10-15T21:13:08+08:00 ] 127.0.0.1 /api.php/home/camera/camera?cameraid=1
INFO: [ app_init ] --START--
INFO: Run Behavior\BuildLiteBehavior [ RunTime:0.000027s ]
INFO: [ app_init ] --END-- [ RunTime:0.000798s ]
INFO: [ app_begin ] --START--
INFO: Run Behavior\ReadHtmlCacheBehavior [ RunTime:0.001164s ]
INFO: [ app_begin ] --END-- [ RunTime:0.001276s ]
NOTIC: [8] Undefined index: cameraid D:\desktop\App\data.test\Android\Home\Controller\CameraController.class.php 第 7 行.
SQL: SHOW COLUMNS FROM `camera` [ RunTime:0.0056s ]
SQL: SELECT `cameraname`,`status`,`time` FROM `camera` WHERE ( cameraid='1' ) LIMIT 1   [ RunTime:0.0004s ]
SQL: SHOW COLUMNS FROM `instrument` [ RunTime:0.0046s ]
SQL: SELECT `instrumentid`,`instrumentinfo`,`unit` FROM `instrument` WHERE ( cameraid='1' )  [ RunTime:0.0005s ]
INFO: [ app_end ] --START--
INFO: Run Behavior\ShowPageTraceBehavior [ RunTime:0.001316s ]
INFO: [ app_end ] --END-- [ RunTime:0.001423s ]

[ 2016-10-15T21:15:45+08:00 ] 127.0.0.1 /api.php/home/camera/camera?cameraid=1
INFO: [ app_init ] --START--
INFO: Run Behavior\BuildLiteBehavior [ RunTime:0.000017s ]
INFO: [ app_init ] --END-- [ RunTime:0.000541s ]
INFO: [ app_begin ] --START--
INFO: Run Behavior\ReadHtmlCacheBehavior [ RunTime:0.000824s ]
INFO: [ app_begin ] --END-- [ RunTime:0.000894s ]

[ 2016-10-15T21:15:54+08:00 ] 127.0.0.1 /api.php/home/camera/camera?cameraid=1
INFO: [ app_init ] --START--
INFO: Run Behavior\BuildLiteBehavior [ RunTime:0.000017s ]
INFO: [ app_init ] --END-- [ RunTime:0.000535s ]
INFO: [ app_begin ] --START--
INFO: Run Behavior\ReadHtmlCacheBehavior [ RunTime:0.000768s ]
INFO: [ app_begin ] --END-- [ RunTime:0.000844s ]
NOTIC: [8] Undefined index: cameraid D:\desktop\App\data.test\Android\Home\Controller\CameraController.class.php 第 7 行.
SQL: SHOW COLUMNS FROM `camera` [ RunTime:0.0035s ]
SQL: SELECT `cameraname`,`status`,`time` FROM `camera` WHERE ( cameraid='1' ) LIMIT 1   [ RunTime:0.0004s ]
SQL: SHOW COLUMNS FROM `instrument` [ RunTime:0.0039s ]
SQL: SELECT `instrumentid`,`instrumentinfo`,`unit` FROM `instrument` WHERE ( cameraid='1' )  [ RunTime:0.0005s ]
INFO: [ app_end ] --START--
INFO: Run Behavior\ShowPageTraceBehavior [ RunTime:0.000879s ]
INFO: [ app_end ] --END-- [ RunTime:0.000941s ]

[ 2016-10-15T21:17:39+08:00 ] 127.0.0.1 /api.php/home/camera/camera?cameraid=1
INFO: [ app_init ] --START--
INFO: Run Behavior\BuildLiteBehavior [ RunTime:0.000017s ]
INFO: [ app_init ] --END-- [ RunTime:0.000535s ]
INFO: [ app_begin ] --START--
INFO: Run Behavior\ReadHtmlCacheBehavior [ RunTime:0.000791s ]
INFO: [ app_begin ] --END-- [ RunTime:0.000859s ]
NOTIC: [8] Undefined index: cameraid D:\desktop\App\data.test\Android\Home\Controller\CameraController.class.php 第 7 行.
SQL: SHOW COLUMNS FROM `camera` [ RunTime:0.0033s ]
SQL: SELECT `cameraname`,`status`,`time` FROM `camera` WHERE ( cameraid='1' ) LIMIT 1   [ RunTime:0.0003s ]
SQL: SHOW COLUMNS FROM `instrument` [ RunTime:0.0051s ]
SQL: SELECT `instrumentid`,`instrumentinfo`,`unit` FROM `instrument` WHERE ( cameraid='1' )  [ RunTime:0.0005s ]
INFO: [ app_end ] --START--
INFO: Run Behavior\ShowPageTraceBehavior [ RunTime:0.001440s ]
INFO: [ app_end ] --END-- [ RunTime:0.001550s ]

[ 2016-10-15T21:21:33+08:00 ] 127.0.0.1 /api.php/home/camera/camera?cameraid=1
INFO: [ app_init ] --START--
INFO: Run Behavior\BuildLiteBehavior [ RunTime:0.000017s ]
INFO: [ app_init ] --END-- [ RunTime:0.000525s ]
INFO: [ app_begin ] --START--
INFO: Run Behavior\ReadHtmlCacheBehavior [ RunTime:0.000800s ]
INFO: [ app_begin ] --END-- [ RunTime:0.000866s ]
NOTIC: [8] Undefined index: cameraid D:\desktop\App\data.test\Android\Home\Controller\CameraController.class.php 第 7 行.
SQL: SHOW COLUMNS FROM `camera` [ RunTime:0.0031s ]
SQL: SELECT `cameraname`,`status`,`time` FROM `camera` WHERE ( cameraid='1' ) LIMIT 1   [ RunTime:0.0003s ]
SQL: SHOW COLUMNS FROM `instrument` [ RunTime:0.0030s ]
SQL: SELECT `instrumentid`,`instrumentinfo`,`unit` FROM `instrument` WHERE ( cameraid='1' )  [ RunTime:0.0004s ]
INFO: [ app_end ] --START--
INFO: Run Behavior\ShowPageTraceBehavior [ RunTime:0.000886s ]
INFO: [ app_end ] --END-- [ RunTime:0.000947s ]

[ 2016-10-15T21:21:43+08:00 ] 127.0.0.1 /api.php/home/camera/camera?cameraid=1
INFO: [ app_init ] --START--
INFO: Run Behavior\BuildLiteBehavior [ RunTime:0.000029s ]
INFO: [ app_init ] --END-- [ RunTime:0.000859s ]
INFO: [ app_begin ] --START--
INFO: Run Behavior\ReadHtmlCacheBehavior [ RunTime:0.000803s ]
INFO: [ app_begin ] --END-- [ RunTime:0.000878s ]
NOTIC: [8] Undefined index: cameraid D:\desktop\App\data.test\Android\Home\Controller\CameraController.class.php 第 7 行.
SQL: SHOW COLUMNS FROM `camera` [ RunTime:0.0042s ]
SQL: SELECT `cameraname`,`status`,`time` FROM `camera` WHERE ( cameraid='1' ) LIMIT 1   [ RunTime:0.0004s ]
SQL: SHOW COLUMNS FROM `instrument` [ RunTime:0.0047s ]
SQL: SELECT `instrumentid`,`instrumentinfo`,`unit` FROM `instrument` WHERE ( cameraid='1' )  [ RunTime:0.0005s ]
INFO: [ app_end ] --START--
INFO: Run Behavior\ShowPageTraceBehavior [ RunTime:0.001254s ]
INFO: [ app_end ] --END-- [ RunTime:0.001340s ]

[ 2016-10-15T21:22:23+08:00 ] 127.0.0.1 /api.php/home/camera/camera?cameraid=1
INFO: [ app_init ] --START--
INFO: Run Behavior\BuildLiteBehavior [ RunTime:0.000016s ]
INFO: [ app_init ] --END-- [ RunTime:0.000520s ]
INFO: [ app_begin ] --START--
INFO: Run Behavior\ReadHtmlCacheBehavior [ RunTime:0.000755s ]
INFO: [ app_begin ] --END-- [ RunTime:0.000820s ]
NOTIC: [8] Undefined index: cameraid D:\desktop\App\data.test\Android\Home\Controller\CameraController.class.php 第 7 行.
SQL: SHOW COLUMNS FROM `camera` [ RunTime:0.0031s ]
SQL: SELECT `cameraname`,`status`,`time` FROM `camera` WHERE ( cameraid='1' ) LIMIT 1   [ RunTime:0.0003s ]
SQL: SHOW COLUMNS FROM `instrument` [ RunTime:0.0039s ]
SQL: SELECT `instrumentid`,`instrumentinfo`,`unit` FROM `instrument` WHERE ( cameraid='1' )  [ RunTime:0.0005s ]
INFO: [ app_end ] --START--
INFO: Run Behavior\ShowPageTraceBehavior [ RunTime:0.001298s ]
INFO: [ app_end ] --END-- [ RunTime:0.001410s ]

[ 2016-10-15T21:22:52+08:00 ] 127.0.0.1 /api.php/home/camera/camera?cameraid=1
INFO: [ app_init ] --START--
INFO: Run Behavior\BuildLiteBehavior [ RunTime:0.000017s ]
INFO: [ app_init ] --END-- [ RunTime:0.000525s ]
INFO: [ app_begin ] --START--
INFO: Run Behavior\ReadHtmlCacheBehavior [ RunTime:0.000747s ]
INFO: [ app_begin ] --END-- [ RunTime:0.000812s ]
NOTIC: [8] Undefined index: cameraid D:\desktop\App\data.test\Android\Home\Controller\CameraController.class.php 第 7 行.
SQL: SHOW COLUMNS FROM `camera` [ RunTime:0.0079s ]
SQL: SELECT `cameraname`,`status`,`time` FROM `camera` WHERE ( cameraid='1' ) LIMIT 1   [ RunTime:0.0004s ]
SQL: SHOW COLUMNS FROM `instrument` [ RunTime:0.0039s ]
SQL: SELECT `instrumentid`,`instrumentinfo`,`unit` FROM `instrument` WHERE ( cameraid='1' )  [ RunTime:0.0004s ]
INFO: [ app_end ] --START--
INFO: Run Behavior\ShowPageTraceBehavior [ RunTime:0.000881s ]
INFO: [ app_end ] --END-- [ RunTime:0.000941s ]

[ 2016-10-15T21:23:12+08:00 ] 127.0.0.1 /api.php/home/camera/camera?cameraid=1
INFO: [ app_init ] --START--
INFO: Run Behavior\BuildLiteBehavior [ RunTime:0.000023s ]
INFO: [ app_init ] --END-- [ RunTime:0.000585s ]
INFO: [ app_begin ] --START--
INFO: Run Behavior\ReadHtmlCacheBehavior [ RunTime:0.000749s ]
INFO: [ app_begin ] --END-- [ RunTime:0.000816s ]
NOTIC: [8] Undefined index: cameraid D:\desktop\App\data.test\Android\Home\Controller\CameraController.class.php 第 7 行.
SQL: SHOW COLUMNS FROM `camera` [ RunTime:0.0031s ]
SQL: SELECT `cameraname`,`status`,`time` FROM `camera` WHERE ( cameraid='1' ) LIMIT 1   [ RunTime:0.0006s ]
SQL: SHOW COLUMNS FROM `instrument` [ RunTime:0.0046s ]
SQL: SELECT `instrumentid`,`instrumentinfo`,`unit` FROM `instrument` WHERE ( cameraid='1' )  [ RunTime:0.0005s ]
INFO: [ app_end ] --START--
INFO: Run Behavior\ShowPageTraceBehavior [ RunTime:0.001248s ]
INFO: [ app_end ] --END-- [ RunTime:0.001324s ]

[ 2016-10-15T21:23:54+08:00 ] 127.0.0.1 /api.php/home/camera/camera?cameraid=1
INFO: [ app_init ] --START--
INFO: Run Behavior\BuildLiteBehavior [ RunTime:0.000018s ]
INFO: [ app_init ] --END-- [ RunTime:0.000525s ]
INFO: [ app_begin ] --START--
INFO: Run Behavior\ReadHtmlCacheBehavior [ RunTime:0.000819s ]
INFO: [ app_begin ] --END-- [ RunTime:0.000886s ]
NOTIC: [8] Undefined index: cameraid D:\desktop\App\data.test\Android\Home\Controller\CameraController.class.php 第 7 行.
SQL: SHOW COLUMNS FROM `camera` [ RunTime:0.0029s ]
SQL: SELECT `cameraname`,`status`,`time` FROM `camera` WHERE ( cameraid='1' ) LIMIT 1   [ RunTime:0.0003s ]
SQL: SHOW COLUMNS FROM `instrument` [ RunTime:0.0033s ]
SQL: SELECT `instrumentid`,`instrumentinfo`,`unit` FROM `instrument` WHERE ( cameraid='1' )  [ RunTime:0.0004s ]
INFO: [ app_end ] --START--
INFO: Run Behavior\ShowPageTraceBehavior [ RunTime:0.001489s ]
INFO: [ app_end ] --END-- [ RunTime:0.001594s ]

[ 2016-10-15T21:24:05+08:00 ] 127.0.0.1 /api.php/home/camera/camera?cameraid=1
INFO: [ app_init ] --START--
INFO: Run Behavior\BuildLiteBehavior [ RunTime:0.000022s ]
INFO: [ app_init ] --END-- [ RunTime:0.000598s ]
INFO: [ app_begin ] --START--
INFO: Run Behavior\ReadHtmlCacheBehavior [ RunTime:0.000759s ]
INFO: [ app_begin ] --END-- [ RunTime:0.000824s ]
NOTIC: [8] Undefined index: cameraid D:\desktop\App\data.test\Android\Home\Controller\CameraController.class.php 第 7 行.
SQL: SHOW COLUMNS FROM `camera` [ RunTime:0.0029s ]
SQL: SELECT `cameraname`,`status`,`time` FROM `camera` WHERE ( cameraid='1' ) LIMIT 1   [ RunTime:0.0003s ]
SQL: SHOW COLUMNS FROM `instrument` [ RunTime:0.0032s ]
SQL: SELECT `instrumentid`,`instrumentinfo`,`unit` FROM `instrument` WHERE ( cameraid='1' )  [ RunTime:0.0006s ]
INFO: [ app_end ] --START--
INFO: Run Behavior\ShowPageTraceBehavior [ RunTime:0.001357s ]
INFO: [ app_end ] --END-- [ RunTime:0.001472s ]

[ 2016-10-15T21:25:53+08:00 ] 127.0.0.1 /api.php/home/camera/camera?cameraid=1
INFO: [ app_init ] --START--
INFO: Run Behavior\BuildLiteBehavior [ RunTime:0.000025s ]
INFO: [ app_init ] --END-- [ RunTime:0.000600s ]
INFO: [ app_begin ] --START--
INFO: Run Behavior\ReadHtmlCacheBehavior [ RunTime:0.001082s ]
INFO: [ app_begin ] --END-- [ RunTime:0.001182s ]
NOTIC: [8] Undefined index: cameraid D:\desktop\App\data.test\Android\Home\Controller\CameraController.class.php 第 7 行.
SQL: SHOW COLUMNS FROM `camera` [ RunTime:0.0052s ]
SQL: SELECT `cameraname`,`status`,`time` FROM `camera` WHERE ( cameraid='1' ) LIMIT 1   [ RunTime:0.0004s ]
SQL: SHOW COLUMNS FROM `instrument` [ RunTime:0.0042s ]
SQL: SELECT `instrumentid`,`instrumentinfo`,`unit` FROM `instrument` WHERE ( cameraid='1' )  [ RunTime:0.0005s ]
SQL: SHOW COLUMNS FROM `data` [ RunTime:0.0029s ]
SQL: SELECT `datatime`,`data` FROM `data` WHERE ( instrumentid='1' ) LIMIT 15   [ RunTime:0.0004s ]
SQL: SELECT `datatime`,`data` FROM `data` WHERE ( instrumentid='5' ) LIMIT 15   [ RunTime:0.0003s ]
SQL: SELECT `datatime`,`data` FROM `data` WHERE ( instrumentid='9' ) LIMIT 15   [ RunTime:0.0003s ]
SQL: SELECT `datatime`,`data` FROM `data` WHERE ( instrumentid='13' ) LIMIT 15   [ RunTime:0.0003s ]
INFO: [ app_end ] --START--
INFO: Run Behavior\ShowPageTraceBehavior [ RunTime:0.000889s ]
INFO: [ app_end ] --END-- [ RunTime:0.000952s ]

[ 2016-10-15T21:29:28+08:00 ] 127.0.0.1 /api.php/home/camera/camera?cameraid=1
INFO: [ app_init ] --START--
INFO: Run Behavior\BuildLiteBehavior [ RunTime:0.000017s ]
INFO: [ app_init ] --END-- [ RunTime:0.000524s ]
INFO: [ app_begin ] --START--
INFO: Run Behavior\ReadHtmlCacheBehavior [ RunTime:0.000832s ]
INFO: [ app_begin ] --END-- [ RunTime:0.000901s ]
NOTIC: [8] Undefined index: cameraid D:\desktop\App\data.test\Android\Home\Controller\CameraController.class.php 第 7 行.
SQL: SHOW COLUMNS FROM `camera` [ RunTime:0.0037s ]
SQL: SELECT `cameraname`,`status`,`time` FROM `camera` WHERE ( cameraid='1' ) LIMIT 1   [ RunTime:0.0004s ]
SQL: SHOW COLUMNS FROM `instrument` [ RunTime:0.0043s ]
SQL: SELECT `instrumentid`,`instrumentinfo`,`unit` FROM `instrument` WHERE ( cameraid='1' )  [ RunTime:0.0006s ]
SQL: SHOW COLUMNS FROM `data` [ RunTime:0.0035s ]
SQL: SELECT `datatime`,`data` FROM `data` WHERE ( instrumentid='1' ) LIMIT 15   [ RunTime:0.0004s ]
SQL: SELECT `datatime`,`data` FROM `data` WHERE ( instrumentid='5' ) LIMIT 15   [ RunTime:0.0003s ]
SQL: SELECT `datatime`,`data` FROM `data` WHERE ( instrumentid='9' ) LIMIT 15   [ RunTime:0.0003s ]
SQL: SELECT `datatime`,`data` FROM `data` WHERE ( instrumentid='13' ) LIMIT 15   [ RunTime:0.0003s ]
INFO: [ app_end ] --START--
INFO: Run Behavior\ShowPageTraceBehavior [ RunTime:0.000904s ]
INFO: [ app_end ] --END-- [ RunTime:0.000966s ]

[ 2016-10-15T21:30:48+08:00 ] 127.0.0.1 /api.php/home/camera/camera?cameraid=1
INFO: [ app_init ] --START--
INFO: Run Behavior\BuildLiteBehavior [ RunTime:0.000018s ]
INFO: [ app_init ] --END-- [ RunTime:0.000642s ]
INFO: [ app_begin ] --START--
INFO: Run Behavior\ReadHtmlCacheBehavior [ RunTime:0.000760s ]
INFO: [ app_begin ] --END-- [ RunTime:0.000827s ]
NOTIC: [8] Undefined index: cameraid D:\desktop\App\data.test\Android\Home\Controller\CameraController.class.php 第 7 行.
SQL: SHOW COLUMNS FROM `camera` [ RunTime:0.0058s ]
SQL: SELECT `cameraname`,`status`,`time` FROM `camera` WHERE ( cameraid='1' ) LIMIT 1   [ RunTime:0.0004s ]
SQL: SHOW COLUMNS FROM `instrument` [ RunTime:0.0032s ]
SQL: SELECT `instrumentid`,`instrumentinfo`,`unit` FROM `instrument` WHERE ( cameraid='1' )  [ RunTime:0.0004s ]
SQL: SHOW COLUMNS FROM `data` [ RunTime:0.0028s ]
SQL: SELECT `datatime`,`data` FROM `data` WHERE ( instrumentid='1' ) LIMIT 15   [ RunTime:0.0005s ]
SQL: SELECT `datatime`,`data` FROM `data` WHERE ( instrumentid='5' ) LIMIT 15   [ RunTime:0.0003s ]
SQL: SELECT `datatime`,`data` FROM `data` WHERE ( instrumentid='9' ) LIMIT 15   [ RunTime:0.0003s ]
SQL: SELECT `datatime`,`data` FROM `data` WHERE ( instrumentid='13' ) LIMIT 15   [ RunTime:0.0003s ]
INFO: [ app_end ] --START--
INFO: Run Behavior\ShowPageTraceBehavior [ RunTime:0.000867s ]
INFO: [ app_end ] --END-- [ RunTime:0.000929s ]

[ 2016-10-15T21:31:11+08:00 ] 127.0.0.1 /api.php/home/camera/camera?cameraid=1
INFO: [ app_init ] --START--
INFO: Run Behavior\BuildLiteBehavior [ RunTime:0.000023s ]
INFO: [ app_init ] --END-- [ RunTime:0.000596s ]
INFO: [ app_begin ] --START--
INFO: Run Behavior\ReadHtmlCacheBehavior [ RunTime:0.001108s ]
INFO: [ app_begin ] --END-- [ RunTime:0.001205s ]
NOTIC: [8] Undefined index: cameraid D:\desktop\App\data.test\Android\Home\Controller\CameraController.class.php 第 7 行.
SQL: SHOW COLUMNS FROM `camera` [ RunTime:0.0032s ]
SQL: SELECT `cameraname`,`status`,`time` FROM `camera` WHERE ( cameraid='1' ) LIMIT 1   [ RunTime:0.0003s ]
SQL: SHOW COLUMNS FROM `instrument` [ RunTime:0.0030s ]
SQL: SELECT `instrumentid`,`instrumentinfo`,`unit` FROM `instrument` WHERE ( cameraid='1' )  [ RunTime:0.0004s ]
SQL: SHOW COLUMNS FROM `data` [ RunTime:0.0029s ]
SQL: SELECT `datatime`,`data` FROM `data` WHERE ( instrumentid='1' ) LIMIT 15   [ RunTime:0.0004s ]
SQL: SELECT `datatime`,`data` FROM `data` WHERE ( instrumentid='5' ) LIMIT 15   [ RunTime:0.0003s ]
SQL: SELECT `datatime`,`data` FROM `data` WHERE ( instrumentid='9' ) LIMIT 15   [ RunTime:0.0003s ]
SQL: SELECT `datatime`,`data` FROM `data` WHERE ( instrumentid='13' ) LIMIT 15   [ RunTime:0.0004s ]
INFO: [ app_end ] --START--
INFO: Run Behavior\ShowPageTraceBehavior [ RunTime:0.001110s ]
INFO: [ app_end ] --END-- [ RunTime:0.001195s ]

