[ 2016-10-17T10:30:17+08:00 ] 127.0.0.1 /api.php/home/camera/camera?cameraid=1
INFO: [ app_init ] --START--
INFO: Run Behavior\BuildLiteBehavior [ RunTime:0.000019s ]
INFO: [ app_init ] --END-- [ RunTime:0.088153s ]
INFO: [ app_begin ] --START--
INFO: Run Behavior\ReadHtmlCacheBehavior [ RunTime:0.014957s ]
INFO: [ app_begin ] --END-- [ RunTime:0.015380s ]
NOTIC: [8] Undefined index: cameraid D:\desktop\App\data.test\Android\Home\Controller\CameraController.class.php 第 6 行.
SQL: SHOW COLUMNS FROM `camera` [ RunTime:0.0202s ]
SQL: SELECT `cameraname`,`status`,`time` FROM `camera` WHERE ( cameraid='1' ) LIMIT 1   [ RunTime:0.0085s ]
SQL: SHOW COLUMNS FROM `instrument` [ RunTime:0.0109s ]
SQL: SELECT `instrumentid`,`instrumentinfo`,`unit` FROM `instrument` WHERE ( cameraid='1' )  [ RunTime:0.0227s ]
SQL: SHOW COLUMNS FROM `data` [ RunTime:0.0191s ]
SQL: SELECT `datatime`,`data` FROM `data` WHERE ( instrumentid='1' ) LIMIT 15   [ RunTime:0.0004s ]
SQL: SELECT `datatime`,`data` FROM `data` WHERE ( instrumentid='5' ) LIMIT 15   [ RunTime:0.0003s ]
SQL: SELECT `datatime`,`data` FROM `data` WHERE ( instrumentid='9' ) LIMIT 15   [ RunTime:0.0003s ]
SQL: SELECT `datatime`,`data` FROM `data` WHERE ( instrumentid='13' ) LIMIT 15   [ RunTime:0.0003s ]
INFO: [ app_end ] --START--
INFO: Run Behavior\ShowPageTraceBehavior [ RunTime:0.051747s ]
INFO: [ app_end ] --END-- [ RunTime:0.051837s ]

[ 2016-10-17T10:31:18+08:00 ] 127.0.0.1 /api.php/home/camera/camera?cameraid=1
INFO: [ app_init ] --START--
INFO: Run Behavior\BuildLiteBehavior [ RunTime:0.000059s ]
INFO: [ app_init ] --END-- [ RunTime:0.000977s ]
INFO: [ app_begin ] --START--
INFO: Run Behavior\ReadHtmlCacheBehavior [ RunTime:0.000575s ]
INFO: [ app_begin ] --END-- [ RunTime:0.000640s ]
NOTIC: [8] Undefined index: cameraid D:\desktop\App\data.test\Android\Home\Controller\CameraController.class.php 第 6 行.
SQL: SHOW COLUMNS FROM `camera` [ RunTime:0.0038s ]
SQL: SELECT `cameraname`,`status`,`time` FROM `camera` WHERE ( cameraid='' ) LIMIT 1   [ RunTime:0.0003s ]
SQL: SHOW COLUMNS FROM `instrument` [ RunTime:0.0033s ]
SQL: SELECT `instrumentid`,`instrumentinfo`,`unit` FROM `instrument` WHERE ( cameraid='' )  [ RunTime:0.0004s ]
INFO: [ app_end ] --START--
INFO: Run Behavior\ShowPageTraceBehavior [ RunTime:0.000652s ]
INFO: [ app_end ] --END-- [ RunTime:0.000716s ]

[ 2016-10-17T15:08:15+08:00 ] 127.0.0.1 /api.php/home/http/connect
INFO: [ app_init ] --START--
INFO: Run Behavior\BuildLiteBehavior [ RunTime:0.000025s ]
INFO: [ app_init ] --END-- [ RunTime:0.000673s ]
INFO: [ app_begin ] --START--
INFO: Run Behavior\ReadHtmlCacheBehavior [ RunTime:0.000855s ]
INFO: [ app_begin ] --END-- [ RunTime:0.000974s ]
INFO: [ app_end ] --START--
INFO: Run Behavior\ShowPageTraceBehavior [ RunTime:0.001602s ]
INFO: [ app_end ] --END-- [ RunTime:0.002029s ]

