[ 2016-10-28T13:14:45+08:00 ] 127.0.0.1 /api.php/home/index/index
INFO: [ app_init ] --START--
INFO: Run Behavior\BuildLiteBehavior [ RunTime:0.000013s ]
INFO: [ app_init ] --END-- [ RunTime:0.000091s ]
INFO: [ app_begin ] --START--
INFO: Run Behavior\ReadHtmlCacheBehavior [ RunTime:0.000056s ]
INFO: [ app_begin ] --END-- [ RunTime:0.000116s ]
NOTIC: [8] Undefined index: username /home/woody/桌面/data.test/Android/Home/Controller/IndexController.class.php 第 7 行.
SQL: SHOW COLUMNS FROM `camera` [ RunTime:0.0005s ]
ERR: 1054:Unknown column '' in 'field list'
 [ SQL语句 ] : SELECT `cameraid`,`cameraname`,``,`longitude`,`latitude` FROM `camera` WHERE ( userid='' ) 
ERR: 1054:Unknown column '' in 'field list'
 [ SQL语句 ] : SELECT `cameraid`,`cameraname`,``,`longitude`,`latitude` FROM `camera` WHERE ( userid='' ) 

[ 2016-10-28T13:14:58+08:00 ] 127.0.0.1 /api.php/home/index/index
INFO: [ app_init ] --START--
INFO: Run Behavior\BuildLiteBehavior [ RunTime:0.000027s ]
INFO: [ app_init ] --END-- [ RunTime:0.000189s ]
INFO: [ app_begin ] --START--
INFO: Run Behavior\ReadHtmlCacheBehavior [ RunTime:0.000041s ]
INFO: [ app_begin ] --END-- [ RunTime:0.000078s ]
SQL: SHOW COLUMNS FROM `camera` [ RunTime:0.0007s ]
ERR: 1054:Unknown column '' in 'field list'
 [ SQL语句 ] : SELECT `cameraid`,`cameraname`,``,`longitude`,`latitude` FROM `camera` WHERE ( userid='clever' ) 
ERR: 1054:Unknown column '' in 'field list'
 [ SQL语句 ] : SELECT `cameraid`,`cameraname`,``,`longitude`,`latitude` FROM `camera` WHERE ( userid='clever' ) 

[ 2016-10-28T13:15:30+08:00 ] 127.0.0.1 /api.php/home/index/index
INFO: [ app_init ] --START--
INFO: Run Behavior\BuildLiteBehavior [ RunTime:0.000020s ]
INFO: [ app_init ] --END-- [ RunTime:0.000146s ]
INFO: [ app_begin ] --START--
INFO: Run Behavior\ReadHtmlCacheBehavior [ RunTime:0.000072s ]
INFO: [ app_begin ] --END-- [ RunTime:0.000135s ]
SQL: SHOW COLUMNS FROM `camera` [ RunTime:0.0012s ]
ERR: 1054:Unknown column '' in 'field list'
 [ SQL语句 ] : SELECT `cameraid`,`cameraname`,``,`longitude`,`latitude` FROM `camera` WHERE ( userid='clever' ) 
ERR: 1054:Unknown column '' in 'field list'
 [ SQL语句 ] : SELECT `cameraid`,`cameraname`,``,`longitude`,`latitude` FROM `camera` WHERE ( userid='clever' ) 

[ 2016-10-28T13:15:58+08:00 ] 127.0.0.1 /api.php/home/index/index
INFO: [ app_init ] --START--
INFO: Run Behavior\BuildLiteBehavior [ RunTime:0.000048s ]
INFO: [ app_init ] --END-- [ RunTime:0.000407s ]
INFO: [ app_begin ] --START--
INFO: Run Behavior\ReadHtmlCacheBehavior [ RunTime:0.000072s ]
INFO: [ app_begin ] --END-- [ RunTime:0.000144s ]
SQL: SHOW COLUMNS FROM `camera` [ RunTime:0.0006s ]
SQL: SELECT `cameraid`,`cameraname`,`longitude`,`latitude` FROM `camera` WHERE ( userid='clever' )  [ RunTime:0.0002s ]
INFO: [ app_end ] --START--
INFO: Run Behavior\ShowPageTraceBehavior [ RunTime:0.000088s ]
INFO: [ app_end ] --END-- [ RunTime:0.000134s ]

[ 2016-10-28T13:16:29+08:00 ] 127.0.0.1 /api.php/home/camera/camera
INFO: [ app_init ] --START--
INFO: Run Behavior\BuildLiteBehavior [ RunTime:0.000022s ]
INFO: [ app_init ] --END-- [ RunTime:0.000292s ]
INFO: [ app_begin ] --START--
INFO: Run Behavior\ReadHtmlCacheBehavior [ RunTime:0.000067s ]
INFO: [ app_begin ] --END-- [ RunTime:0.000131s ]
SQL: SHOW COLUMNS FROM `camera` [ RunTime:0.0006s ]
SQL: SELECT `cameraname`,`status`,`time` FROM `camera` WHERE ( cameraid='1' ) LIMIT 1   [ RunTime:0.0002s ]
SQL: SHOW COLUMNS FROM `instrument` [ RunTime:0.0009s ]
SQL: SELECT `instrumentid`,`instrumentinfo`,`unit` FROM `instrument` WHERE ( cameraid='1' )  [ RunTime:0.0003s ]
SQL: SHOW COLUMNS FROM `data` [ RunTime:0.0006s ]
SQL: SELECT `datatime`,`data` FROM `data` WHERE ( instrumentid='1' ) LIMIT 15   [ RunTime:0.0003s ]
SQL: SELECT `datatime`,`data` FROM `data` WHERE ( instrumentid='5' ) LIMIT 15   [ RunTime:0.0003s ]
SQL: SELECT `datatime`,`data` FROM `data` WHERE ( instrumentid='9' ) LIMIT 15   [ RunTime:0.0002s ]
SQL: SELECT `datatime`,`data` FROM `data` WHERE ( instrumentid='13' ) LIMIT 15   [ RunTime:0.0002s ]
INFO: [ app_end ] --START--
INFO: Run Behavior\ShowPageTraceBehavior [ RunTime:0.000110s ]
INFO: [ app_end ] --END-- [ RunTime:0.000175s ]

[ 2016-10-28T13:16:34+08:00 ] 127.0.0.1 /api.php/home/camera/camera
INFO: [ app_init ] --START--
INFO: Run Behavior\BuildLiteBehavior [ RunTime:0.000011s ]
INFO: [ app_init ] --END-- [ RunTime:0.000091s ]
INFO: [ app_begin ] --START--
INFO: Run Behavior\ReadHtmlCacheBehavior [ RunTime:0.000042s ]
INFO: [ app_begin ] --END-- [ RunTime:0.000081s ]
SQL: SHOW COLUMNS FROM `camera` [ RunTime:0.0007s ]
SQL: SELECT `cameraname`,`status`,`time` FROM `camera` WHERE ( cameraid='2' ) LIMIT 1   [ RunTime:0.0003s ]
SQL: SHOW COLUMNS FROM `instrument` [ RunTime:0.0006s ]
SQL: SELECT `instrumentid`,`instrumentinfo`,`unit` FROM `instrument` WHERE ( cameraid='2' )  [ RunTime:0.0003s ]
SQL: SHOW COLUMNS FROM `data` [ RunTime:0.0004s ]
SQL: SELECT `datatime`,`data` FROM `data` WHERE ( instrumentid='2' ) LIMIT 15   [ RunTime:0.0002s ]
SQL: SELECT `datatime`,`data` FROM `data` WHERE ( instrumentid='6' ) LIMIT 15   [ RunTime:0.0002s ]
SQL: SELECT `datatime`,`data` FROM `data` WHERE ( instrumentid='10' ) LIMIT 15   [ RunTime:0.0002s ]
SQL: SELECT `datatime`,`data` FROM `data` WHERE ( instrumentid='14' ) LIMIT 15   [ RunTime:0.0002s ]
INFO: [ app_end ] --START--
INFO: Run Behavior\ShowPageTraceBehavior [ RunTime:0.000081s ]
INFO: [ app_end ] --END-- [ RunTime:0.000120s ]

[ 2016-10-28T13:16:41+08:00 ] 127.0.0.1 /api.php/home/camera/camera
INFO: [ app_init ] --START--
INFO: Run Behavior\BuildLiteBehavior [ RunTime:0.000059s ]
INFO: [ app_init ] --END-- [ RunTime:0.000417s ]
INFO: [ app_begin ] --START--
INFO: Run Behavior\ReadHtmlCacheBehavior [ RunTime:0.000073s ]
INFO: [ app_begin ] --END-- [ RunTime:0.000145s ]
SQL: SHOW COLUMNS FROM `camera` [ RunTime:0.0008s ]
SQL: SELECT `cameraname`,`status`,`time` FROM `camera` WHERE ( cameraid='3' ) LIMIT 1   [ RunTime:0.0004s ]
SQL: SHOW COLUMNS FROM `instrument` [ RunTime:0.0008s ]
SQL: SELECT `instrumentid`,`instrumentinfo`,`unit` FROM `instrument` WHERE ( cameraid='3' )  [ RunTime:0.0005s ]
SQL: SHOW COLUMNS FROM `data` [ RunTime:0.0007s ]
SQL: SELECT `datatime`,`data` FROM `data` WHERE ( instrumentid='3' ) LIMIT 15   [ RunTime:0.0014s ]
SQL: SELECT `datatime`,`data` FROM `data` WHERE ( instrumentid='7' ) LIMIT 15   [ RunTime:0.0007s ]
SQL: SELECT `datatime`,`data` FROM `data` WHERE ( instrumentid='11' ) LIMIT 15   [ RunTime:0.0002s ]
SQL: SELECT `datatime`,`data` FROM `data` WHERE ( instrumentid='15' ) LIMIT 15   [ RunTime:0.0002s ]
INFO: [ app_end ] --START--
INFO: Run Behavior\ShowPageTraceBehavior [ RunTime:0.000083s ]
INFO: [ app_end ] --END-- [ RunTime:0.000125s ]

[ 2016-10-28T13:22:23+08:00 ] 127.0.0.1 /api.php/home/camera/camera
INFO: [ app_init ] --START--
INFO: Run Behavior\BuildLiteBehavior [ RunTime:0.000068s ]
INFO: [ app_init ] --END-- [ RunTime:0.000464s ]
INFO: [ app_begin ] --START--
INFO: Run Behavior\ReadHtmlCacheBehavior [ RunTime:0.000073s ]
INFO: [ app_begin ] --END-- [ RunTime:0.000145s ]
SQL: SHOW COLUMNS FROM `camera` [ RunTime:0.0007s ]
SQL: SELECT `cameraname`,`status`,`time`,`camerainfo` FROM `camera` WHERE ( cameraid='3' ) LIMIT 1   [ RunTime:0.0003s ]
SQL: SHOW COLUMNS FROM `instrument` [ RunTime:0.0005s ]
SQL: SELECT `instrumentid`,`instrumentinfo`,`unit` FROM `instrument` WHERE ( cameraid='3' )  [ RunTime:0.0001s ]
SQL: SHOW COLUMNS FROM `data` [ RunTime:0.0004s ]
SQL: SELECT `datatime`,`data` FROM `data` WHERE ( instrumentid='3' ) LIMIT 15   [ RunTime:0.0001s ]
SQL: SELECT `datatime`,`data` FROM `data` WHERE ( instrumentid='7' ) LIMIT 15   [ RunTime:0.0001s ]
SQL: SELECT `datatime`,`data` FROM `data` WHERE ( instrumentid='11' ) LIMIT 15   [ RunTime:0.0001s ]
SQL: SELECT `datatime`,`data` FROM `data` WHERE ( instrumentid='15' ) LIMIT 15   [ RunTime:0.0001s ]
INFO: [ app_end ] --START--
INFO: Run Behavior\ShowPageTraceBehavior [ RunTime:0.000072s ]
INFO: [ app_end ] --END-- [ RunTime:0.000108s ]

